New log file opened at Sat Aug 06 19:44:24 CLT 2016 by 95924@DiBadas
Sending msg to client activator-ea2362a4-3af7-4240-8b0d-6be038f5acff: TaskFinished(65,9963,None,true,None)
Sending msg to client activator-ea2362a4-3af7-4240-8b0d-6be038f5acff: TaskStarted(65,9962,Some(AttributeKey[scala.collection.Seq[java.io.File]]("less") in Scope(Build: file:/C:/Users/Nicolas/Documents/ScalaRamo/MarketSimulation/, , Project: ProjectReference(file:/C:/Users/Nicolas/Documents/ScalaRamo/MarketSimulation/,root), Config: web-assets)))
Sending msg to client activator-ea2362a4-3af7-4240-8b0d-6be038f5acff: TaskFinished(65,10028,None,true,None)
Sending msg to client activator-ea2362a4-3af7-4240-8b0d-6be038f5acff: TaskFinished(65,9998,None,true,None)
Sending msg to client activator-ea2362a4-3af7-4240-8b0d-6be038f5acff: TaskStarted(65,9997,Some(AttributeKey[scala.collection.Seq[java.io.File]]("coffeescript") in Scope(Build: file:/C:/Users/Nicolas/Documents/ScalaRamo/MarketSimulation/, , Project: ProjectReference(file:/C:/Users/Nicolas/Documents/ScalaRamo/MarketSimulation/,root), Config: web-assets)))
Sending msg to client activator-ea2362a4-3af7-4240-8b0d-6be038f5acff: TaskFinished(65,9962,Some(AttributeKey[scala.collection.Seq[java.io.File]]("less") in Scope(Build: file:/C:/Users/Nicolas/Documents/ScalaRamo/MarketSimulation/, , Project: ProjectReference(file:/C:/Users/Nicolas/Documents/ScalaRamo/MarketSimulation/,root), Config: web-assets)),true,None)
Sending msg to client activator-ea2362a4-3af7-4240-8b0d-6be038f5acff: TaskFinished(65,9997,Some(AttributeKey[scala.collection.Seq[java.io.File]]("coffeescript") in Scope(Build: file:/C:/Users/Nicolas/Documents/ScalaRamo/MarketSimulation/, , Project: ProjectReference(file:/C:/Users/Nicolas/Documents/ScalaRamo/MarketSimulation/,root), Config: web-assets)),true,None)
Sending msg to client activator-ea2362a4-3af7-4240-8b0d-6be038f5acff: TaskFinished(65,9965,None,true,None)
Sending msg to client activator-ea2362a4-3af7-4240-8b0d-6be038f5acff: TaskStarted(65,9964,Some(AttributeKey[scala.collection.Seq[java.io.File]]("coffeescript") in Scope(Build: file:/C:/Users/Nicolas/Documents/ScalaRamo/MarketSimulation/, , Project: ProjectReference(file:/C:/Users/Nicolas/Documents/ScalaRamo/MarketSimulation/,root), Config: web-assets)))
Sending msg to client activator-ea2362a4-3af7-4240-8b0d-6be038f5acff: TaskFinished(65,9964,Some(AttributeKey[scala.collection.Seq[java.io.File]]("coffeescript") in Scope(Build: file:/C:/Users/Nicolas/Documents/ScalaRamo/MarketSimulation/, , Project: ProjectReference(file:/C:/Users/Nicolas/Documents/ScalaRamo/MarketSimulation/,root), Config: web-assets)),true,None)
Sending msg to client activator-ea2362a4-3af7-4240-8b0d-6be038f5acff: TaskStarted(65,9954,None)
Sending msg to client activator-ea2362a4-3af7-4240-8b0d-6be038f5acff: TaskFinished(65,9954,None,true,None)
Sending msg to client activator-ea2362a4-3af7-4240-8b0d-6be038f5acff: TaskStarted(65,9953,None)
Sending msg to client activator-ea2362a4-3af7-4240-8b0d-6be038f5acff: TaskFinished(65,9953,None,true,None)
Sending msg to client activator-ea2362a4-3af7-4240-8b0d-6be038f5acff: TaskStarted(65,9952,Some(AttributeKey[scala.collection.Seq[java.io.File]]("managedResources") in Scope(Build: file:/C:/Users/Nicolas/Documents/ScalaRamo/MarketSimulation/, , Project: ProjectReference(file:/C:/Users/Nicolas/Documents/ScalaRamo/MarketSimulation/,root), Config: web-assets)))
Sending msg to client activator-ea2362a4-3af7-4240-8b0d-6be038f5acff: TaskFinished(65,9952,Some(AttributeKey[scala.collection.Seq[java.io.File]]("managedResources") in Scope(Build: file:/C:/Users/Nicolas/Documents/ScalaRamo/MarketSimulation/, , Project: ProjectReference(file:/C:/Users/Nicolas/Documents/ScalaRamo/MarketSimulation/,root), Config: web-assets)),true,None)
Sending msg to client activator-ea2362a4-3af7-4240-8b0d-6be038f5acff: TaskStarted(65,9951,Some(AttributeKey[scala.collection.Seq[java.io.File]]("resources") in Scope(Build: file:/C:/Users/Nicolas/Documents/ScalaRamo/MarketSimulation/, , Project: ProjectReference(file:/C:/Users/Nicolas/Documents/ScalaRamo/MarketSimulation/,root), Config: web-assets)))
Sending msg to client activator-ea2362a4-3af7-4240-8b0d-6be038f5acff: TaskFinished(65,9951,Some(AttributeKey[scala.collection.Seq[java.io.File]]("resources") in Scope(Build: file:/C:/Users/Nicolas/Documents/ScalaRamo/MarketSimulation/, , Project: ProjectReference(file:/C:/Users/Nicolas/Documents/ScalaRamo/MarketSimulation/,root), Config: web-assets)),true,None)
Sending msg to client activator-ea2362a4-3af7-4240-8b0d-6be038f5acff: TaskStarted(65,9950,Some(AttributeKey[scala.collection.Seq[scala.Tuple2[java.io.File,java.lang.String]]]("mappings") in Scope(Build: file:/C:/Users/Nicolas/Documents/ScalaRamo/MarketSimulation/, , Project: ProjectReference(file:/C:/Users/Nicolas/Documents/ScalaRamo/MarketSimulation/,root), Config: web-assets, Task: AttributeKey[scala.collection.Seq[java.io.File]]("resources"))))
Sending msg to client activator-ea2362a4-3af7-4240-8b0d-6be038f5acff: TaskFinished(65,9950,Some(AttributeKey[scala.collection.Seq[scala.Tuple2[java.io.File,java.lang.String]]]("mappings") in Scope(Build: file:/C:/Users/Nicolas/Documents/ScalaRamo/MarketSimulation/, , Project: ProjectReference(file:/C:/Users/Nicolas/Documents/ScalaRamo/MarketSimulation/,root), Config: web-assets, Task: AttributeKey[scala.collection.Seq[java.io.File]]("resources"))),true,None)
Sending msg to client activator-ea2362a4-3af7-4240-8b0d-6be038f5acff: TaskStarted(65,9949,Some(AttributeKey[scala.collection.Seq[scala.Tuple2[java.io.File,java.lang.String]]]("mappings") in Scope(Build: file:/C:/Users/Nicolas/Documents/ScalaRamo/MarketSimulation/, , Project: ProjectReference(file:/C:/Users/Nicolas/Documents/ScalaRamo/MarketSimulation/,root), Config: web-assets)))
Sending msg to client activator-ea2362a4-3af7-4240-8b0d-6be038f5acff: TaskFinished(65,9949,Some(AttributeKey[scala.collection.Seq[scala.Tuple2[java.io.File,java.lang.String]]]("mappings") in Scope(Build: file:/C:/Users/Nicolas/Documents/ScalaRamo/MarketSimulation/, , Project: ProjectReference(file:/C:/Users/Nicolas/Documents/ScalaRamo/MarketSimulation/,root), Config: web-assets)),true,None)
Sending msg to client activator-ea2362a4-3af7-4240-8b0d-6be038f5acff: TaskStarted(65,9948,Some(AttributeKey[scala.collection.Seq[scala.Tuple2[java.io.File,java.lang.String]]]("mappings") in Scope(Build: file:/C:/Users/Nicolas/Documents/ScalaRamo/MarketSimulation/, , Project: ProjectReference(file:/C:/Users/Nicolas/Documents/ScalaRamo/MarketSimulation/,root), Config: web-assets)))
Sending msg to client activator-ea2362a4-3af7-4240-8b0d-6be038f5acff: TaskFinished(65,9948,Some(AttributeKey[scala.collection.Seq[scala.Tuple2[java.io.File,java.lang.String]]]("mappings") in Scope(Build: file:/C:/Users/Nicolas/Documents/ScalaRamo/MarketSimulation/, , Project: ProjectReference(file:/C:/Users/Nicolas/Documents/ScalaRamo/MarketSimulation/,root), Config: web-assets)),true,None)
Sending msg to client activator-ea2362a4-3af7-4240-8b0d-6be038f5acff: TaskStarted(65,9947,Some(AttributeKey[scala.collection.Seq[scala.Tuple2[java.io.File,java.lang.String]]]("mappings") in Scope(Build: file:/C:/Users/Nicolas/Documents/ScalaRamo/MarketSimulation/, , Project: ProjectReference(file:/C:/Users/Nicolas/Documents/ScalaRamo/MarketSimulation/,root), Config: web-assets)))
Sending msg to client activator-ea2362a4-3af7-4240-8b0d-6be038f5acff: TaskFinished(65,9947,Some(AttributeKey[scala.collection.Seq[scala.Tuple2[java.io.File,java.lang.String]]]("mappings") in Scope(Build: file:/C:/Users/Nicolas/Documents/ScalaRamo/MarketSimulation/, , Project: ProjectReference(file:/C:/Users/Nicolas/Documents/ScalaRamo/MarketSimulation/,root), Config: web-assets)),true,None)
Sending msg to client activator-ea2362a4-3af7-4240-8b0d-6be038f5acff: TaskStarted(65,9946,Some(AttributeKey[scala.collection.Seq[scala.Tuple2[java.io.File,java.lang.String]]]("webExportedMappings") in Scope(Build: file:/C:/Users/Nicolas/Documents/ScalaRamo/MarketSimulation/, , Project: ProjectReference(file:/C:/Users/Nicolas/Documents/ScalaRamo/MarketSimulation/,root), Config: web-assets)))
Sending msg to client activator-ea2362a4-3af7-4240-8b0d-6be038f5acff: TaskStarted(65,10003,Some(AttributeKey[java.io.File]("assets") in Scope(Build: file:/C:/Users/Nicolas/Documents/ScalaRamo/MarketSimulation/, , Project: ProjectReference(file:/C:/Users/Nicolas/Documents/ScalaRamo/MarketSimulation/,root), Config: web-assets)))
Sending msg to client activator-ea2362a4-3af7-4240-8b0d-6be038f5acff: TaskFinished(65,9946,Some(AttributeKey[scala.collection.Seq[scala.Tuple2[java.io.File,java.lang.String]]]("webExportedMappings") in Scope(Build: file:/C:/Users/Nicolas/Documents/ScalaRamo/MarketSimulation/, , Project: ProjectReference(file:/C:/Users/Nicolas/Documents/ScalaRamo/MarketSimulation/,root), Config: web-assets)),true,None)
Sending msg to client activator-ea2362a4-3af7-4240-8b0d-6be038f5acff: TaskStarted(65,9945,Some(AttributeKey[java.io.File]("webExportedDirectory") in Scope(Build: file:/C:/Users/Nicolas/Documents/ScalaRamo/MarketSimulation/, , Project: ProjectReference(file:/C:/Users/Nicolas/Documents/ScalaRamo/MarketSimulation/,root), Config: web-assets)))
Sending msg to client activator-ea2362a4-3af7-4240-8b0d-6be038f5acff: TaskFinished(65,10003,Some(AttributeKey[java.io.File]("assets") in Scope(Build: file:/C:/Users/Nicolas/Documents/ScalaRamo/MarketSimulation/, , Project: ProjectReference(file:/C:/Users/Nicolas/Documents/ScalaRamo/MarketSimulation/,root), Config: web-assets)),true,None)
Sending msg to client activator-ea2362a4-3af7-4240-8b0d-6be038f5acff: TaskStarted(65,10002,None)
Sending msg to client activator-ea2362a4-3af7-4240-8b0d-6be038f5acff: TaskFinished(65,9945,Some(AttributeKey[java.io.File]("webExportedDirectory") in Scope(Build: file:/C:/Users/Nicolas/Documents/ScalaRamo/MarketSimulation/, , Project: ProjectReference(file:/C:/Users/Nicolas/Documents/ScalaRamo/MarketSimulation/,root), Config: web-assets)),true,None)
Sending msg to client activator-ea2362a4-3af7-4240-8b0d-6be038f5acff: TaskStarted(65,9944,Some(AttributeKey[scala.collection.Seq[sbt.Attributed[java.io.File]]]("exportedProducts") in Scope(Build: file:/C:/Users/Nicolas/Documents/ScalaRamo/MarketSimulation/, , Project: ProjectReference(file:/C:/Users/Nicolas/Documents/ScalaRamo/MarketSimulation/,root), Config: web-assets)))
Sending msg to client activator-ea2362a4-3af7-4240-8b0d-6be038f5acff: TaskFinished(65,10002,None,true,None)
Sending msg to client activator-ea2362a4-3af7-4240-8b0d-6be038f5acff: TaskStarted(65,10001,Some(AttributeKey[sbt.inc.Analysis]("playAssetsWithCompilation") in Scope(Build: file:/C:/Users/Nicolas/Documents/ScalaRamo/MarketSimulation/, , Project: ProjectReference(file:/C:/Users/Nicolas/Documents/ScalaRamo/MarketSimulation/,root))))
Sending msg to client activator-ea2362a4-3af7-4240-8b0d-6be038f5acff: TaskFinished(65,9944,Some(AttributeKey[scala.collection.Seq[sbt.Attributed[java.io.File]]]("exportedProducts") in Scope(Build: file:/C:/Users/Nicolas/Documents/ScalaRamo/MarketSimulation/, , Project: ProjectReference(file:/C:/Users/Nicolas/Documents/ScalaRamo/MarketSimulation/,root), Config: web-assets)),true,None)
Sending msg to client activator-ea2362a4-3af7-4240-8b0d-6be038f5acff: TaskFinished(65,9940,None,true,None)
Sending msg to client activator-ea2362a4-3af7-4240-8b0d-6be038f5acff: TaskStarted(65,9939,None)
Sending msg to client activator-ea2362a4-3af7-4240-8b0d-6be038f5acff: TaskFinished(65,10001,Some(AttributeKey[sbt.inc.Analysis]("playAssetsWithCompilation") in Scope(Build: file:/C:/Users/Nicolas/Documents/ScalaRamo/MarketSimulation/, , Project: ProjectReference(file:/C:/Users/Nicolas/Documents/ScalaRamo/MarketSimulation/,root))),true,None)
Sending msg to client activator-ea2362a4-3af7-4240-8b0d-6be038f5acff: TaskStarted(65,10000,None)
Sending msg to client activator-ea2362a4-3af7-4240-8b0d-6be038f5acff: TaskFinished(65,9939,None,true,None)
Sending msg to client activator-ea2362a4-3af7-4240-8b0d-6be038f5acff: TaskStarted(65,9934,Some(AttributeKey[scala.collection.Seq[sbt.Attributed[java.io.File]]]("exportedProducts") in Scope(Build: file:/C:/Users/Nicolas/Documents/ScalaRamo/MarketSimulation/, , Project: ProjectReference(file:/C:/Users/Nicolas/Documents/ScalaRamo/MarketSimulation/,root), Config: compile)))
Sending msg to client activator-ea2362a4-3af7-4240-8b0d-6be038f5acff: TaskFinished(65,10000,None,true,None)
Sending msg to client activator-ea2362a4-3af7-4240-8b0d-6be038f5acff: TaskFinished(65,9923,None,true,None)
Sending msg to client activator-ea2362a4-3af7-4240-8b0d-6be038f5acff: TaskStarted(65,9922,None)
Sending msg to client activator-ea2362a4-3af7-4240-8b0d-6be038f5acff: TaskFinished(65,9934,Some(AttributeKey[scala.collection.Seq[sbt.Attributed[java.io.File]]]("exportedProducts") in Scope(Build: file:/C:/Users/Nicolas/Documents/ScalaRamo/MarketSimulation/, , Project: ProjectReference(file:/C:/Users/Nicolas/Documents/ScalaRamo/MarketSimulation/,root), Config: compile)),true,None)
Sending msg to client activator-ea2362a4-3af7-4240-8b0d-6be038f5acff: TaskStarted(65,9933,None)
Sending msg to client activator-ea2362a4-3af7-4240-8b0d-6be038f5acff: TaskFinished(65,9922,None,true,None)
Sending msg to client activator-ea2362a4-3af7-4240-8b0d-6be038f5acff: TaskFinished(65,9897,Some(AttributeKey[scala.collection.Seq[sbt.inc.Analysis]]("playCompileEverything") in Scope(Build: file:/C:/Users/Nicolas/Documents/ScalaRamo/MarketSimulation/, , Project: ProjectReference(file:/C:/Users/Nicolas/Documents/ScalaRamo/MarketSimulation/,root))),true,None)
Sending msg to client activator-ea2362a4-3af7-4240-8b0d-6be038f5acff: TaskStarted(65,9896,Some(AttributeKey[sbt.inc.Analysis]("playReload") in Scope(Build: file:/C:/Users/Nicolas/Documents/ScalaRamo/MarketSimulation/, , Project: ProjectReference(file:/C:/Users/Nicolas/Documents/ScalaRamo/MarketSimulation/,root))))
Sending msg to client activator-ea2362a4-3af7-4240-8b0d-6be038f5acff: TaskFinished(65,9933,None,true,None)
Sending msg to client activator-ea2362a4-3af7-4240-8b0d-6be038f5acff: TaskStarted(65,9932,None)
Sending msg to client activator-ea2362a4-3af7-4240-8b0d-6be038f5acff: TaskFinished(65,9896,Some(AttributeKey[sbt.inc.Analysis]("playReload") in Scope(Build: file:/C:/Users/Nicolas/Documents/ScalaRamo/MarketSimulation/, , Project: ProjectReference(file:/C:/Users/Nicolas/Documents/ScalaRamo/MarketSimulation/,root))),true,None)
Sending msg to client activator-ea2362a4-3af7-4240-8b0d-6be038f5acff: TaskStarted(65,9895,None)
Sending msg to client activator-ea2362a4-3af7-4240-8b0d-6be038f5acff: TaskFinished(65,9932,None,true,None)
Sending msg to client activator-ea2362a4-3af7-4240-8b0d-6be038f5acff: TaskFinished(65,9892,None,true,None)
Sending msg to client activator-ea2362a4-3af7-4240-8b0d-6be038f5acff: TaskStarted(65,9890,Some(AttributeKey[scala.collection.Seq[sbt.Attributed[java.io.File]]]("internalDependencyClasspath") in Scope(Build: file:/C:/Users/Nicolas/Documents/ScalaRamo/MarketSimulation/, , Project: ProjectReference(file:/C:/Users/Nicolas/Documents/ScalaRamo/MarketSimulation/,root), Config: runtime)))
Sending msg to client activator-ea2362a4-3af7-4240-8b0d-6be038f5acff: TaskFinished(65,9895,None,true,None)
Sending msg to client activator-ea2362a4-3af7-4240-8b0d-6be038f5acff: TaskFinished(65,9890,Some(AttributeKey[scala.collection.Seq[sbt.Attributed[java.io.File]]]("internalDependencyClasspath") in Scope(Build: file:/C:/Users/Nicolas/Documents/ScalaRamo/MarketSimulation/, , Project: ProjectReference(file:/C:/Users/Nicolas/Documents/ScalaRamo/MarketSimulation/,root), Config: runtime)),true,None)
Sending msg to client activator-ea2362a4-3af7-4240-8b0d-6be038f5acff: TaskStarted(65,9785,Some(AttributeKey[scala.collection.Seq[sbt.Attributed[java.io.File]]]("playReloaderClasspath") in Scope(Build: file:/C:/Users/Nicolas/Documents/ScalaRamo/MarketSimulation/, , Project: ProjectReference(file:/C:/Users/Nicolas/Documents/ScalaRamo/MarketSimulation/,root))))
Sending msg to client activator-ea2362a4-3af7-4240-8b0d-6be038f5acff: TaskFinished(65,9785,Some(AttributeKey[scala.collection.Seq[sbt.Attributed[java.io.File]]]("playReloaderClasspath") in Scope(Build: file:/C:/Users/Nicolas/Documents/ScalaRamo/MarketSimulation/, , Project: ProjectReference(file:/C:/Users/Nicolas/Documents/ScalaRamo/MarketSimulation/,root))),true,None)
Sending msg to client activator-ea2362a4-3af7-4240-8b0d-6be038f5acff: TaskStarted(65,9784,Some(AttributeKey[scala.collection.Seq[sbt.Attributed[java.io.File]]]("playReloaderClasspath") in Scope(Build: file:/C:/Users/Nicolas/Documents/ScalaRamo/MarketSimulation/, , Project: ProjectReference(file:/C:/Users/Nicolas/Documents/ScalaRamo/MarketSimulation/,root))))
Sending msg to client activator-ea2362a4-3af7-4240-8b0d-6be038f5acff: TaskFinished(65,9784,Some(AttributeKey[scala.collection.Seq[sbt.Attributed[java.io.File]]]("playReloaderClasspath") in Scope(Build: file:/C:/Users/Nicolas/Documents/ScalaRamo/MarketSimulation/, , Project: ProjectReference(file:/C:/Users/Nicolas/Documents/ScalaRamo/MarketSimulation/,root))),true,None)
Sending msg to client activator-ea2362a4-3af7-4240-8b0d-6be038f5acff: TaskStarted(65,9783,None)
Sending msg to client activator-ea2362a4-3af7-4240-8b0d-6be038f5acff: TaskFinished(65,9783,None,true,None)
Sending msg to client activator-ea2362a4-3af7-4240-8b0d-6be038f5acff: TaskStarted(65,9781,Some(AttributeKey[play.runsupport.Reloader$CompileResult]("playForkReload") in Scope(Build: file:/C:/Users/Nicolas/Documents/ScalaRamo/MarketSimulation/, , Project: ProjectReference(file:/C:/Users/Nicolas/Documents/ScalaRamo/MarketSimulation/,root))))
Sending msg to client activator-ea2362a4-3af7-4240-8b0d-6be038f5acff: TaskFinished(65,9781,Some(AttributeKey[play.runsupport.Reloader$CompileResult]("playForkReload") in Scope(Build: file:/C:/Users/Nicolas/Documents/ScalaRamo/MarketSimulation/, , Project: ProjectReference(file:/C:/Users/Nicolas/Documents/ScalaRamo/MarketSimulation/,root))),true,None)
Sending msg to client activator-ea2362a4-3af7-4240-8b0d-6be038f5acff: TaskStarted(65,9780,None)
Sending msg to client activator-ea2362a4-3af7-4240-8b0d-6be038f5acff: TaskFinished(65,9780,None,true,None)
Sending msg to client activator-ea2362a4-3af7-4240-8b0d-6be038f5acff: TaskStarted(65,9779,None)
Sending msg to client activator-ea2362a4-3af7-4240-8b0d-6be038f5acff: TaskFinished(65,9779,None,true,None)
Sending msg to client activator-ea2362a4-3af7-4240-8b0d-6be038f5acff: DetachedLogEvent(LogMessage(debug,cancel strategy finish enabled=false lastCommand=Some(LastCommand(CommandExecutionWork(ExecutionId(65),{file:/C:/Users/Nicolas/Documents/ScalaRamo/MarketSimulation/}root/*:playForkReload,Set(LiveClient(play-fork-run 531fdd32-fa96-4f93-a9ed-88743ad7c999)),sbt.server.WorkCancellationStatus$$anon$1@6eff24b0)))))
Sending msg to client activator-ea2362a4-3af7-4240-8b0d-6be038f5acff: DetachedLogEvent(LogSuccess(Total time: 1 s, completed 06-08-2016 19:44:24))
Sending msg to client activator-ea2362a4-3af7-4240-8b0d-6be038f5acff: DetachedLogEvent(LogMessage(debug,> server-post-command-cleanup))
Sending msg to client activator-ea2362a4-3af7-4240-8b0d-6be038f5acff: ExecutionSuccess(65)
Sending msg to client activator-ea2362a4-3af7-4240-8b0d-6be038f5acff: DetachedLogEvent(LogMessage(debug,> server-handle-next-server-request))
Sending msg to client activator-ea2362a4-3af7-4240-8b0d-6be038f5acff: BackgroundJobLogEvent(7,LogMessage(info,play.api.Play - Application started (Dev)))
