New log file opened at Thu Aug 04 02:02:29 CLT 2016 by 50880@DiBadas
Sending msg to client play-fork-run-460a61f0-cc45-46b8-927f-1d9a4f600ad5: DetachedLogEvent(LogMessage(debug,sbt server socket logs are in: C:\Users\Nicolas\Documents\ScalaRamo\MarketSimulation\.sbtserver\connections\master.log))
Sending msg to client play-fork-run-460a61f0-cc45-46b8-927f-1d9a4f600ad5: DetachedLogEvent(LogMessage(debug,sbt general server logs are in: C:\Users\Nicolas\Documents\ScalaRamo\MarketSimulation\.sbtserver\master.log))
Sending msg to client play-fork-run-460a61f0-cc45-46b8-927f-1d9a4f600ad5: DetachedLogEvent(LogMessage(debug,sbt client logs are in: C:\Users\Nicolas\Documents\ScalaRamo\MarketSimulation\.sbtserver\connections\play-fork-run-460a61f0-cc45-46b8-927f-1d9a4f600ad5.log))
Reading next message from client.
Got request: DaemonRequest(true)
Reading next message from client.
Sending msg to client play-fork-run-460a61f0-cc45-46b8-927f-1d9a4f600ad5: (3,ReceivedResponse())
Got request: ListenToEvents()
Reading next message from client.
Sending msg to client play-fork-run-460a61f0-cc45-46b8-927f-1d9a4f600ad5: ExecutionWaiting(29,test,ClientInfo(f23dfd46-32f1-4c76-9be1-37dbc5256b48,activator,Activator,3,Vector()))
Sending msg to client play-fork-run-460a61f0-cc45-46b8-927f-1d9a4f600ad5: ExecutionStarting(29)
Sending msg to client play-fork-run-460a61f0-cc45-46b8-927f-1d9a4f600ad5: TaskStarted(29,3261,Some(AttributeKey[sbt.Tests$Output]("executeTests") in Scope(Build: file:/C:/Users/Nicolas/Documents/ScalaRamo/MarketSimulation/, , Project: ProjectReference(file:/C:/Users/Nicolas/Documents/ScalaRamo/MarketSimulation/,root), Config: test)))
Sending msg to client play-fork-run-460a61f0-cc45-46b8-927f-1d9a4f600ad5: TaskStarted(29,3578,None)
Sending msg to client play-fork-run-460a61f0-cc45-46b8-927f-1d9a4f600ad5: TaskStarted(29,3579,None)
Sending msg to client play-fork-run-460a61f0-cc45-46b8-927f-1d9a4f600ad5: BackgroundJobStarted(28,BackgroundJobInfo(3,backgroundRun,AttributeKey[sbt.BackgroundJobHandle]("backgroundRun") in Scope(Build: file:/C:/Users/Nicolas/Documents/ScalaRamo/MarketSimulation/, , Project: ProjectReference(file:/C:/Users/Nicolas/Documents/ScalaRamo/MarketSimulation/,root), Config: compile)))
Sending msg to client play-fork-run-460a61f0-cc45-46b8-927f-1d9a4f600ad5: BackgroundJobStarted(17,BackgroundJobInfo(2,backgroundRun,AttributeKey[sbt.BackgroundJobHandle]("backgroundRun") in Scope(Build: file:/C:/Users/Nicolas/Documents/ScalaRamo/MarketSimulation/, , Project: ProjectReference(file:/C:/Users/Nicolas/Documents/ScalaRamo/MarketSimulation/,root), Config: compile)))
Sending msg to client play-fork-run-460a61f0-cc45-46b8-927f-1d9a4f600ad5: (4,ReceivedResponse())
Got request: KeyLookupRequest(root/playForkConfig)
Reading next message from client.
Sending msg to client play-fork-run-460a61f0-cc45-46b8-927f-1d9a4f600ad5: (5,KeyLookupResponse(root/playForkConfig,Vector(AttributeKey[play.forkrun.protocol.ForkConfig]("playForkConfig") in Scope(Build: file:/C:/Users/Nicolas/Documents/ScalaRamo/MarketSimulation/, , Project: ProjectReference(file:/C:/Users/Nicolas/Documents/ScalaRamo/MarketSimulation/,root)))))
Got request: ListenToValue(AttributeKey[play.forkrun.protocol.ForkConfig]("playForkConfig") in Scope(Build: file:/C:/Users/Nicolas/Documents/ScalaRamo/MarketSimulation/, , Project: ProjectReference(file:/C:/Users/Nicolas/Documents/ScalaRamo/MarketSimulation/,root)))
Reading next message from client.
Sending msg to client play-fork-run-460a61f0-cc45-46b8-927f-1d9a4f600ad5: (6,ReceivedResponse())
Got request: KeyExecutionRequest(AttributeKey[play.forkrun.protocol.ForkConfig]("playForkConfig") in Scope(Build: file:/C:/Users/Nicolas/Documents/ScalaRamo/MarketSimulation/, , Project: ProjectReference(file:/C:/Users/Nicolas/Documents/ScalaRamo/MarketSimulation/,root)))
Reading next message from client.
Sending msg to client play-fork-run-460a61f0-cc45-46b8-927f-1d9a4f600ad5: (7,ExecutionRequestReceived(30))
Sending msg to client play-fork-run-460a61f0-cc45-46b8-927f-1d9a4f600ad5: ExecutionWaiting(30,{file:/C:/Users/Nicolas/Documents/ScalaRamo/MarketSimulation/}root/*:playForkConfig,ClientInfo(460a61f0-cc45-46b8-927f-1d9a4f600ad5,play-fork-run,Play Fork Run,1,Vector()))
Sending msg to client play-fork-run-460a61f0-cc45-46b8-927f-1d9a4f600ad5: BackgroundJobLogEvent(2,LogMessage(info,JVM exiting, shutting down Play fork run ...))
Sending msg to client play-fork-run-460a61f0-cc45-46b8-927f-1d9a4f600ad5: BackgroundJobLogEvent(2,LogMessage(info,Play fork run already stopped ...))
Sending msg to client play-fork-run-460a61f0-cc45-46b8-927f-1d9a4f600ad5: BackgroundJobLogEvent(2,LogMessage(info,Forked Play process exited with status: 0))
Sending msg to client play-fork-run-460a61f0-cc45-46b8-927f-1d9a4f600ad5: BackgroundJobFinished(17,2)
Sending msg to client play-fork-run-460a61f0-cc45-46b8-927f-1d9a4f600ad5: TaskLogEvent(3579,LogMessage(info,Read from stdout: - should send 404 on a bad request))
Sending msg to client play-fork-run-460a61f0-cc45-46b8-927f-1d9a4f600ad5: TaskLogEvent(3579,LogMessage(info,- should send 404 on a bad request))
Sending msg to client play-fork-run-460a61f0-cc45-46b8-927f-1d9a4f600ad5: BackgroundJobLogEvent(3,LogMessage(info,- should send 404 on a bad request))
Sending msg to client play-fork-run-460a61f0-cc45-46b8-927f-1d9a4f600ad5: TaskLogEvent(3579,LogMessage(debug,    Produced 0 nested tasks and 1 events.))
Sending msg to client play-fork-run-460a61f0-cc45-46b8-927f-1d9a4f600ad5: TaskEvent(3579,LazyValue(TestGroupStarted(ApplicationSpec),sbt.protocol.TestGroupStar$$$$a1c43a69e6d69fc565aebe15e13b1a1$$$$tedPickler1$2$@5434e904))
Sending msg to client play-fork-run-460a61f0-cc45-46b8-927f-1d9a4f600ad5: TaskEvent(3579,LazyValue(TestEvent(Routes should send 404 on a bad request,None,passed,None,3404),sbt.protocol.TestEvent$SbtProtocolTestEventPickler1$2$@4fb83974))
Sending msg to client play-fork-run-460a61f0-cc45-46b8-927f-1d9a4f600ad5: TaskEvent(3579,LazyValue(TestGroupFinished(ApplicationSpec,passed,None),sbt.protocol.TestGroupFini$$$$c8161fda9fde24be4dd9f5afdb23f2e6$$$$hedPickler1$2$@1dc354c4))
Sending msg to client play-fork-run-460a61f0-cc45-46b8-927f-1d9a4f600ad5: TaskLogEvent(3579,LogMessage(debug,Runner for com.novocode.junit.JUnitFramework produced 0 initial tasks for 0 tests.))
Sending msg to client play-fork-run-460a61f0-cc45-46b8-927f-1d9a4f600ad5: TaskFinished(29,3579,None,true,None)
Sending msg to client play-fork-run-460a61f0-cc45-46b8-927f-1d9a4f600ad5: TaskFinished(29,3578,None,true,None)
Sending msg to client play-fork-run-460a61f0-cc45-46b8-927f-1d9a4f600ad5: TaskStarted(29,3577,None)
Sending msg to client play-fork-run-460a61f0-cc45-46b8-927f-1d9a4f600ad5: TaskStarted(29,3581,None)
Sending msg to client play-fork-run-460a61f0-cc45-46b8-927f-1d9a4f600ad5: TaskFinished(29,3581,None,true,None)
Sending msg to client play-fork-run-460a61f0-cc45-46b8-927f-1d9a4f600ad5: TaskStarted(29,3580,None)
Sending msg to client play-fork-run-460a61f0-cc45-46b8-927f-1d9a4f600ad5: TaskFinished(29,3580,None,true,None)
Sending msg to client play-fork-run-460a61f0-cc45-46b8-927f-1d9a4f600ad5: TaskFinished(29,3577,None,true,None)
Sending msg to client play-fork-run-460a61f0-cc45-46b8-927f-1d9a4f600ad5: TaskStarted(29,3576,None)
Sending msg to client play-fork-run-460a61f0-cc45-46b8-927f-1d9a4f600ad5: TaskStarted(29,3582,None)
Sending msg to client play-fork-run-460a61f0-cc45-46b8-927f-1d9a4f600ad5: TaskFinished(29,3582,None,true,None)
Sending msg to client play-fork-run-460a61f0-cc45-46b8-927f-1d9a4f600ad5: TaskFinished(29,3576,None,true,None)
Sending msg to client play-fork-run-460a61f0-cc45-46b8-927f-1d9a4f600ad5: TaskStarted(29,3575,None)
Sending msg to client play-fork-run-460a61f0-cc45-46b8-927f-1d9a4f600ad5: TaskFinished(29,3575,None,true,None)
Sending msg to client play-fork-run-460a61f0-cc45-46b8-927f-1d9a4f600ad5: TaskStarted(29,3574,None)
Sending msg to client play-fork-run-460a61f0-cc45-46b8-927f-1d9a4f600ad5: TaskFinished(29,3574,None,true,None)
Sending msg to client play-fork-run-460a61f0-cc45-46b8-927f-1d9a4f600ad5: TaskFinished(29,3261,Some(AttributeKey[sbt.Tests$Output]("executeTests") in Scope(Build: file:/C:/Users/Nicolas/Documents/ScalaRamo/MarketSimulation/, , Project: ProjectReference(file:/C:/Users/Nicolas/Documents/ScalaRamo/MarketSimulation/,root), Config: test)),true,None)
Sending msg to client play-fork-run-460a61f0-cc45-46b8-927f-1d9a4f600ad5: TaskStarted(29,3120,Some(AttributeKey[sbt.Tests$Output]("executeTests") in Scope(Build: file:/C:/Users/Nicolas/Documents/ScalaRamo/MarketSimulation/, , Project: ProjectReference(file:/C:/Users/Nicolas/Documents/ScalaRamo/MarketSimulation/,root), Config: test)))
Sending msg to client play-fork-run-460a61f0-cc45-46b8-927f-1d9a4f600ad5: TaskFinished(29,3120,Some(AttributeKey[sbt.Tests$Output]("executeTests") in Scope(Build: file:/C:/Users/Nicolas/Documents/ScalaRamo/MarketSimulation/, , Project: ProjectReference(file:/C:/Users/Nicolas/Documents/ScalaRamo/MarketSimulation/,root), Config: test)),true,None)
Sending msg to client play-fork-run-460a61f0-cc45-46b8-927f-1d9a4f600ad5: TaskStarted(29,3119,Some(AttributeKey[void]("test") in Scope(Build: file:/C:/Users/Nicolas/Documents/ScalaRamo/MarketSimulation/, , Project: ProjectReference(file:/C:/Users/Nicolas/Documents/ScalaRamo/MarketSimulation/,root), Config: test)))
Sending msg to client play-fork-run-460a61f0-cc45-46b8-927f-1d9a4f600ad5: TaskLogEvent(3119,LogMessage(info,Read from stdout: ScalaTest))
Sending msg to client play-fork-run-460a61f0-cc45-46b8-927f-1d9a4f600ad5: TaskLogEvent(3119,LogMessage(info,ScalaTest))
Sending msg to client play-fork-run-460a61f0-cc45-46b8-927f-1d9a4f600ad5: TaskLogEvent(3119,LogMessage(info,Read from stdout: Run completed in 4 seconds, 558 milliseconds.))
Sending msg to client play-fork-run-460a61f0-cc45-46b8-927f-1d9a4f600ad5: TaskLogEvent(3119,LogMessage(info,Read from stdout: Total number of tests run: 1))
Sending msg to client play-fork-run-460a61f0-cc45-46b8-927f-1d9a4f600ad5: TaskLogEvent(3119,LogMessage(info,Read from stdout: Suites: completed 1, aborted 0))
Sending msg to client play-fork-run-460a61f0-cc45-46b8-927f-1d9a4f600ad5: TaskLogEvent(3119,LogMessage(info,Read from stdout: Tests: succeeded 1, failed 0, canceled 0, ignored 0, pending 0))
Sending msg to client play-fork-run-460a61f0-cc45-46b8-927f-1d9a4f600ad5: TaskLogEvent(3119,LogMessage(info,Read from stdout: All tests passed.))
Sending msg to client play-fork-run-460a61f0-cc45-46b8-927f-1d9a4f600ad5: TaskLogEvent(3119,LogMessage(info,Run completed in 4 seconds, 558 milliseconds.
Total number of tests run: 1
Suites: completed 1, aborted 0
Tests: succeeded 1, failed 0, canceled 0, ignored 0, pending 0
All tests passed.))
Sending msg to client play-fork-run-460a61f0-cc45-46b8-927f-1d9a4f600ad5: TaskLogEvent(3119,LogMessage(debug,Summary for JUnit not available.))
Sending msg to client play-fork-run-460a61f0-cc45-46b8-927f-1d9a4f600ad5: TaskLogEvent(3119,LogMessage(info,Read from stdout: Passed: Total 1, Failed 0, Errors 0, Passed 1))
Sending msg to client play-fork-run-460a61f0-cc45-46b8-927f-1d9a4f600ad5: TaskLogEvent(3119,LogMessage(info,Passed: Total 1, Failed 0, Errors 0, Passed 1))
Sending msg to client play-fork-run-460a61f0-cc45-46b8-927f-1d9a4f600ad5: TaskLogEvent(3119,LogMessage(debug,Passed tests:))
Sending msg to client play-fork-run-460a61f0-cc45-46b8-927f-1d9a4f600ad5: TaskLogEvent(3119,LogMessage(debug,	ApplicationSpec))
Sending msg to client play-fork-run-460a61f0-cc45-46b8-927f-1d9a4f600ad5: TaskFinished(29,3119,Some(AttributeKey[void]("test") in Scope(Build: file:/C:/Users/Nicolas/Documents/ScalaRamo/MarketSimulation/, , Project: ProjectReference(file:/C:/Users/Nicolas/Documents/ScalaRamo/MarketSimulation/,root), Config: test)),true,None)
Sending msg to client play-fork-run-460a61f0-cc45-46b8-927f-1d9a4f600ad5: TaskStarted(29,3118,None)
Sending msg to client play-fork-run-460a61f0-cc45-46b8-927f-1d9a4f600ad5: TaskFinished(29,3118,None,true,None)
Sending msg to client play-fork-run-460a61f0-cc45-46b8-927f-1d9a4f600ad5: TaskStarted(29,3117,None)
Sending msg to client play-fork-run-460a61f0-cc45-46b8-927f-1d9a4f600ad5: TaskFinished(29,3117,None,true,None)
Sending msg to client play-fork-run-460a61f0-cc45-46b8-927f-1d9a4f600ad5: BackgroundJobLogEvent(3,LogMessage(info,ScalaTest))
Sending msg to client play-fork-run-460a61f0-cc45-46b8-927f-1d9a4f600ad5: BackgroundJobLogEvent(3,LogMessage(info,Run completed in 4 seconds, 558 milliseconds.))
Sending msg to client play-fork-run-460a61f0-cc45-46b8-927f-1d9a4f600ad5: BackgroundJobLogEvent(3,LogMessage(info,Total number of tests run: 1))
Sending msg to client play-fork-run-460a61f0-cc45-46b8-927f-1d9a4f600ad5: BackgroundJobLogEvent(3,LogMessage(info,Suites: completed 1, aborted 0))
Sending msg to client play-fork-run-460a61f0-cc45-46b8-927f-1d9a4f600ad5: BackgroundJobLogEvent(3,LogMessage(info,Tests: succeeded 1, failed 0, canceled 0, ignored 0, pending 0))
Sending msg to client play-fork-run-460a61f0-cc45-46b8-927f-1d9a4f600ad5: BackgroundJobLogEvent(3,LogMessage(info,All tests passed.))
Sending msg to client play-fork-run-460a61f0-cc45-46b8-927f-1d9a4f600ad5: BackgroundJobLogEvent(3,LogMessage(info,Passed: Total 1, Failed 0, Errors 0, Passed 1))
Sending msg to client play-fork-run-460a61f0-cc45-46b8-927f-1d9a4f600ad5: DetachedLogEvent(LogMessage(debug,cancel strategy finish enabled=false lastCommand=Some(LastCommand(CommandExecutionWork(ExecutionId(29),test,Set(LiveClient(activator f23dfd46-32f1-4c76-9be1-37dbc5256b48)),sbt.server.WorkCancellationStatus$$anon$1@3df7dee2)))))
Sending msg to client play-fork-run-460a61f0-cc45-46b8-927f-1d9a4f600ad5: DetachedLogEvent(LogSuccess(Total time: 6 s, completed 04-08-2016 2:02:32))
Sending msg to client play-fork-run-460a61f0-cc45-46b8-927f-1d9a4f600ad5: DetachedLogEvent(LogMessage(debug,> server-post-command-cleanup))
Sending msg to client play-fork-run-460a61f0-cc45-46b8-927f-1d9a4f600ad5: ExecutionSuccess(29)
Sending msg to client play-fork-run-460a61f0-cc45-46b8-927f-1d9a4f600ad5: DetachedLogEvent(LogMessage(debug,> server-handle-next-server-request))
Sending msg to client play-fork-run-460a61f0-cc45-46b8-927f-1d9a4f600ad5: ExecutionStarting(30)
Sending msg to client play-fork-run-460a61f0-cc45-46b8-927f-1d9a4f600ad5: DetachedLogEvent(LogMessage(debug,> {file:/C:/Users/Nicolas/Documents/ScalaRamo/MarketSimulation/}root/*:playForkConfig))
Sending msg to client play-fork-run-460a61f0-cc45-46b8-927f-1d9a4f600ad5: DetachedLogEvent(LogMessage(debug,Evaluating tasks: *:playForkConfig))
Sending msg to client play-fork-run-460a61f0-cc45-46b8-927f-1d9a4f600ad5: DetachedLogEvent(LogMessage(debug,Running task... Cancel: sbt.server.ServerTaskCancellation@2685018d, check cycles: false))
Sending msg to client play-fork-run-460a61f0-cc45-46b8-927f-1d9a4f600ad5: DetachedLogEvent(LogMessage(debug,cancel strategy start enabled=true lastCommand=Some(LastCommand(CommandExecutionWork(ExecutionId(30),{file:/C:/Users/Nicolas/Documents/ScalaRamo/MarketSimulation/}root/*:playForkConfig,Set(LiveClient(play-fork-run 460a61f0-cc45-46b8-927f-1d9a4f600ad5)),sbt.server.WorkCancellationStatus$$anon$1@48684549)))))
Sending msg to client play-fork-run-460a61f0-cc45-46b8-927f-1d9a4f600ad5: TaskStarted(30,3590,None)
Sending msg to client play-fork-run-460a61f0-cc45-46b8-927f-1d9a4f600ad5: TaskStarted(30,3594,None)
Sending msg to client play-fork-run-460a61f0-cc45-46b8-927f-1d9a4f600ad5: TaskStarted(30,3603,Some(AttributeKey[java.lang.String]("updateCacheName") in Scope(Build: file:/C:/Users/Nicolas/Documents/ScalaRamo/MarketSimulation/, , Project: ProjectReference(file:/C:/Users/Nicolas/Documents/ScalaRamo/MarketSimulation/,root))))
Sending msg to client play-fork-run-460a61f0-cc45-46b8-927f-1d9a4f600ad5: TaskStarted(30,3605,None)
Sending msg to client play-fork-run-460a61f0-cc45-46b8-927f-1d9a4f600ad5: TaskStarted(30,3606,None)
Sending msg to client play-fork-run-460a61f0-cc45-46b8-927f-1d9a4f600ad5: TaskStarted(30,3608,None)
Sending msg to client play-fork-run-460a61f0-cc45-46b8-927f-1d9a4f600ad5: TaskStarted(30,3609,None)
Sending msg to client play-fork-run-460a61f0-cc45-46b8-927f-1d9a4f600ad5: TaskStarted(30,3612,Some(AttributeKey[boolean]("skip") in Scope(Global)))
Sending msg to client play-fork-run-460a61f0-cc45-46b8-927f-1d9a4f600ad5: TaskStarted(30,3621,Some(AttributeKey[scala.collection.Seq[sbt.Resolver]]("externalResolvers") in Scope(Build: file:/C:/Users/Nicolas/Documents/ScalaRamo/MarketSimulation/, , Project: ProjectReference(file:/C:/Users/Nicolas/Documents/ScalaRamo/MarketSimulation/,root))))
Sending msg to client play-fork-run-460a61f0-cc45-46b8-927f-1d9a4f600ad5: TaskStarted(30,3622,Some(AttributeKey[scala.Option[scala.collection.Seq[sbt.Resolver]]]("bootResolvers") in Scope(Build: file:/C:/Users/Nicolas/Documents/ScalaRamo/MarketSimulation/, , Project: ProjectReference(file:/C:/Users/Nicolas/Documents/ScalaRamo/MarketSimulation/,root))))
Sending msg to client play-fork-run-460a61f0-cc45-46b8-927f-1d9a4f600ad5: TaskStarted(30,3624,Some(AttributeKey[scala.collection.Seq[sbt.Credentials]]("credentials") in Scope(Global)))
Sending msg to client play-fork-run-460a61f0-cc45-46b8-927f-1d9a4f600ad5: TaskStarted(30,3631,None)
Sending msg to client play-fork-run-460a61f0-cc45-46b8-927f-1d9a4f600ad5: TaskStarted(30,3633,Some(AttributeKey[scala.Option[java.lang.String]]("mainClass") in Scope(Build: file:/C:/Users/Nicolas/Documents/ScalaRamo/MarketSimulation/, , Project: ProjectReference(file:/C:/Users/Nicolas/Documents/ScalaRamo/MarketSimulation/,root), Config: compile, Task: AttributeKey[void]("run"))))
Sending msg to client play-fork-run-460a61f0-cc45-46b8-927f-1d9a4f600ad5: TaskStarted(30,3635,Some(AttributeKey[scala.Tuple2[java.lang.String,java.io.File]]("playPrefixAndAssets") in Scope(Build: file:/C:/Users/Nicolas/Documents/ScalaRamo/MarketSimulation/, , Project: ProjectReference(file:/C:/Users/Nicolas/Documents/ScalaRamo/MarketSimulation/,root))))
Sending msg to client play-fork-run-460a61f0-cc45-46b8-927f-1d9a4f600ad5: TaskStarted(30,3638,Some(AttributeKey[scala.collection.Seq[java.lang.String]]("javaOptions") in Scope(Global)))
Sending msg to client play-fork-run-460a61f0-cc45-46b8-927f-1d9a4f600ad5: TaskStarted(30,3639,None)
Sending msg to client play-fork-run-460a61f0-cc45-46b8-927f-1d9a4f600ad5: TaskStarted(30,3641,None)
Sending msg to client play-fork-run-460a61f0-cc45-46b8-927f-1d9a4f600ad5: TaskFinished(30,3594,None,true,None)
Sending msg to client play-fork-run-460a61f0-cc45-46b8-927f-1d9a4f600ad5: TaskStarted(30,3593,Some(AttributeKey[sbt.BuildStructure]("buildStructure") in Scope(Global)))
Sending msg to client play-fork-run-460a61f0-cc45-46b8-927f-1d9a4f600ad5: TaskStarted(30,3610,Some(AttributeKey[java.io.File]("dependencyCacheDirectory") in Scope(Build: file:/C:/Users/Nicolas/Documents/ScalaRamo/MarketSimulation/, , Project: ProjectReference(file:/C:/Users/Nicolas/Documents/ScalaRamo/MarketSimulation/,root))))
Sending msg to client play-fork-run-460a61f0-cc45-46b8-927f-1d9a4f600ad5: TaskFinished(30,3590,None,true,None)
Sending msg to client play-fork-run-460a61f0-cc45-46b8-927f-1d9a4f600ad5: TaskStarted(30,3589,None)
Sending msg to client play-fork-run-460a61f0-cc45-46b8-927f-1d9a4f600ad5: TaskStarted(30,3596,None)
Sending msg to client play-fork-run-460a61f0-cc45-46b8-927f-1d9a4f600ad5: TaskStarted(30,3602,None)
Sending msg to client play-fork-run-460a61f0-cc45-46b8-927f-1d9a4f600ad5: TaskStarted(30,3611,None)
Sending msg to client play-fork-run-460a61f0-cc45-46b8-927f-1d9a4f600ad5: TaskStarted(30,3615,None)
Sending msg to client play-fork-run-460a61f0-cc45-46b8-927f-1d9a4f600ad5: TaskStarted(30,3620,None)
Sending msg to client play-fork-run-460a61f0-cc45-46b8-927f-1d9a4f600ad5: TaskStarted(30,3623,None)
Sending msg to client play-fork-run-460a61f0-cc45-46b8-927f-1d9a4f600ad5: TaskStarted(30,3632,None)
Sending msg to client play-fork-run-460a61f0-cc45-46b8-927f-1d9a4f600ad5: TaskFinished(30,3605,None,true,None)
Sending msg to client play-fork-run-460a61f0-cc45-46b8-927f-1d9a4f600ad5: TaskFinished(30,3603,Some(AttributeKey[java.lang.String]("updateCacheName") in Scope(Build: file:/C:/Users/Nicolas/Documents/ScalaRamo/MarketSimulation/, , Project: ProjectReference(file:/C:/Users/Nicolas/Documents/ScalaRamo/MarketSimulation/,root))),true,None)
Sending msg to client play-fork-run-460a61f0-cc45-46b8-927f-1d9a4f600ad5: TaskFinished(30,3606,None,true,None)
Sending msg to client play-fork-run-460a61f0-cc45-46b8-927f-1d9a4f600ad5: TaskStarted(30,3604,Some(AttributeKey[scala.collection.Seq[sbt.UpdateReport]]("transitiveUpdate") in Scope(Build: file:/C:/Users/Nicolas/Documents/ScalaRamo/MarketSimulation/, , Project: ProjectReference(file:/C:/Users/Nicolas/Documents/ScalaRamo/MarketSimulation/,root))))
Sending msg to client play-fork-run-460a61f0-cc45-46b8-927f-1d9a4f600ad5: TaskFinished(30,3608,None,true,None)
Sending msg to client play-fork-run-460a61f0-cc45-46b8-927f-1d9a4f600ad5: TaskFinished(30,3609,None,true,None)
Sending msg to client play-fork-run-460a61f0-cc45-46b8-927f-1d9a4f600ad5: TaskFinished(30,3612,Some(AttributeKey[boolean]("skip") in Scope(Global)),true,None)
Sending msg to client play-fork-run-460a61f0-cc45-46b8-927f-1d9a4f600ad5: TaskFinished(30,3621,Some(AttributeKey[scala.collection.Seq[sbt.Resolver]]("externalResolvers") in Scope(Build: file:/C:/Users/Nicolas/Documents/ScalaRamo/MarketSimulation/, , Project: ProjectReference(file:/C:/Users/Nicolas/Documents/ScalaRamo/MarketSimulation/,root))),true,None)
Sending msg to client play-fork-run-460a61f0-cc45-46b8-927f-1d9a4f600ad5: TaskFinished(30,3622,Some(AttributeKey[scala.Option[scala.collection.Seq[sbt.Resolver]]]("bootResolvers") in Scope(Build: file:/C:/Users/Nicolas/Documents/ScalaRamo/MarketSimulation/, , Project: ProjectReference(file:/C:/Users/Nicolas/Documents/ScalaRamo/MarketSimulation/,root))),true,None)
Sending msg to client play-fork-run-460a61f0-cc45-46b8-927f-1d9a4f600ad5: TaskFinished(30,3624,Some(AttributeKey[scala.collection.Seq[sbt.Credentials]]("credentials") in Scope(Global)),true,None)
Sending msg to client play-fork-run-460a61f0-cc45-46b8-927f-1d9a4f600ad5: TaskFinished(30,3631,None,true,None)
Sending msg to client play-fork-run-460a61f0-cc45-46b8-927f-1d9a4f600ad5: TaskFinished(30,3633,Some(AttributeKey[scala.Option[java.lang.String]]("mainClass") in Scope(Build: file:/C:/Users/Nicolas/Documents/ScalaRamo/MarketSimulation/, , Project: ProjectReference(file:/C:/Users/Nicolas/Documents/ScalaRamo/MarketSimulation/,root), Config: compile, Task: AttributeKey[void]("run"))),true,None)
Sending msg to client play-fork-run-460a61f0-cc45-46b8-927f-1d9a4f600ad5: TaskFinished(30,3635,Some(AttributeKey[scala.Tuple2[java.lang.String,java.io.File]]("playPrefixAndAssets") in Scope(Build: file:/C:/Users/Nicolas/Documents/ScalaRamo/MarketSimulation/, , Project: ProjectReference(file:/C:/Users/Nicolas/Documents/ScalaRamo/MarketSimulation/,root))),true,None)
Sending msg to client play-fork-run-460a61f0-cc45-46b8-927f-1d9a4f600ad5: TaskStarted(30,3634,Some(AttributeKey[scala.collection.Seq[scala.Tuple2[java.lang.String,java.io.File]]]("playAllAssets") in Scope(Build: file:/C:/Users/Nicolas/Documents/ScalaRamo/MarketSimulation/, , Project: ProjectReference(file:/C:/Users/Nicolas/Documents/ScalaRamo/MarketSimulation/,root))))
Sending msg to client play-fork-run-460a61f0-cc45-46b8-927f-1d9a4f600ad5: TaskFinished(30,3638,Some(AttributeKey[scala.collection.Seq[java.lang.String]]("javaOptions") in Scope(Global)),true,None)
Sending msg to client play-fork-run-460a61f0-cc45-46b8-927f-1d9a4f600ad5: TaskFinished(30,3639,None,true,None)
Sending msg to client play-fork-run-460a61f0-cc45-46b8-927f-1d9a4f600ad5: TaskStarted(30,3637,Some(AttributeKey[scala.collection.Seq[java.lang.String]]("javaOptions") in Scope(Build: file:/C:/Users/Nicolas/Documents/ScalaRamo/MarketSimulation/, )))
Sending msg to client play-fork-run-460a61f0-cc45-46b8-927f-1d9a4f600ad5: TaskFinished(30,3641,None,true,None)
Sending msg to client play-fork-run-460a61f0-cc45-46b8-927f-1d9a4f600ad5: TaskFinished(30,3593,Some(AttributeKey[sbt.BuildStructure]("buildStructure") in Scope(Global)),true,None)
Sending msg to client play-fork-run-460a61f0-cc45-46b8-927f-1d9a4f600ad5: TaskStarted(30,3592,Some(AttributeKey[sbt.Settings[sbt.Scope]]("settingsData") in Scope(Global)))
Sending msg to client play-fork-run-460a61f0-cc45-46b8-927f-1d9a4f600ad5: TaskFinished(30,3589,None,true,None)
Sending msg to client play-fork-run-460a61f0-cc45-46b8-927f-1d9a4f600ad5: TaskFinished(30,3610,Some(AttributeKey[java.io.File]("dependencyCacheDirectory") in Scope(Build: file:/C:/Users/Nicolas/Documents/ScalaRamo/MarketSimulation/, , Project: ProjectReference(file:/C:/Users/Nicolas/Documents/ScalaRamo/MarketSimulation/,root))),true,None)
Sending msg to client play-fork-run-460a61f0-cc45-46b8-927f-1d9a4f600ad5: TaskFinished(30,3596,None,true,None)
Sending msg to client play-fork-run-460a61f0-cc45-46b8-927f-1d9a4f600ad5: TaskFinished(30,3602,None,true,None)
Sending msg to client play-fork-run-460a61f0-cc45-46b8-927f-1d9a4f600ad5: TaskStarted(30,3601,Some(AttributeKey[scala.collection.immutable.Map[sbt.ModuleID,sbt.SourcePosition]]("dependencyPositions") in Scope(Build: file:/C:/Users/Nicolas/Documents/ScalaRamo/MarketSimulation/, , Project: ProjectReference(file:/C:/Users/Nicolas/Documents/ScalaRamo/MarketSimulation/,root))))
Sending msg to client play-fork-run-460a61f0-cc45-46b8-927f-1d9a4f600ad5: TaskFinished(30,3611,None,true,None)
Sending msg to client play-fork-run-460a61f0-cc45-46b8-927f-1d9a4f600ad5: TaskFinished(30,3615,None,true,None)
Sending msg to client play-fork-run-460a61f0-cc45-46b8-927f-1d9a4f600ad5: TaskFinished(30,3620,None,true,None)
Sending msg to client play-fork-run-460a61f0-cc45-46b8-927f-1d9a4f600ad5: TaskFinished(30,3623,None,true,None)
Sending msg to client play-fork-run-460a61f0-cc45-46b8-927f-1d9a4f600ad5: TaskFinished(30,3632,None,true,None)
Sending msg to client play-fork-run-460a61f0-cc45-46b8-927f-1d9a4f600ad5: TaskFinished(30,3604,Some(AttributeKey[scala.collection.Seq[sbt.UpdateReport]]("transitiveUpdate") in Scope(Build: file:/C:/Users/Nicolas/Documents/ScalaRamo/MarketSimulation/, , Project: ProjectReference(file:/C:/Users/Nicolas/Documents/ScalaRamo/MarketSimulation/,root))),true,None)
Sending msg to client play-fork-run-460a61f0-cc45-46b8-927f-1d9a4f600ad5: TaskFinished(30,3634,Some(AttributeKey[scala.collection.Seq[scala.Tuple2[java.lang.String,java.io.File]]]("playAllAssets") in Scope(Build: file:/C:/Users/Nicolas/Documents/ScalaRamo/MarketSimulation/, , Project: ProjectReference(file:/C:/Users/Nicolas/Documents/ScalaRamo/MarketSimulation/,root))),true,None)
Sending msg to client play-fork-run-460a61f0-cc45-46b8-927f-1d9a4f600ad5: TaskFinished(30,3637,Some(AttributeKey[scala.collection.Seq[java.lang.String]]("javaOptions") in Scope(Build: file:/C:/Users/Nicolas/Documents/ScalaRamo/MarketSimulation/, )),true,None)
Sending msg to client play-fork-run-460a61f0-cc45-46b8-927f-1d9a4f600ad5: TaskFinished(30,3592,Some(AttributeKey[sbt.Settings[sbt.Scope]]("settingsData") in Scope(Global)),true,None)
Sending msg to client play-fork-run-460a61f0-cc45-46b8-927f-1d9a4f600ad5: TaskStarted(30,3591,None)
Sending msg to client play-fork-run-460a61f0-cc45-46b8-927f-1d9a4f600ad5: TaskStarted(30,3607,None)
Sending msg to client play-fork-run-460a61f0-cc45-46b8-927f-1d9a4f600ad5: TaskStarted(30,3619,Some(AttributeKey[scala.collection.immutable.Map[org.apache.ivy.core.module.id.ModuleRevisionId,org.apache.ivy.core.module.descriptor.ModuleDescriptor]]("projectDescriptors") in Scope(Build: file:/C:/Users/Nicolas/Documents/ScalaRamo/MarketSimulation/, , Project: ProjectReference(file:/C:/Users/Nicolas/Documents/ScalaRamo/MarketSimulation/,root))))
Sending msg to client play-fork-run-460a61f0-cc45-46b8-927f-1d9a4f600ad5: TaskStarted(30,3627,Some(AttributeKey[scala.collection.Seq[sbt.ModuleID]]("projectDependencies") in Scope(Build: file:/C:/Users/Nicolas/Documents/ScalaRamo/MarketSimulation/, , Project: ProjectReference(file:/C:/Users/Nicolas/Documents/ScalaRamo/MarketSimulation/,root))))
Sending msg to client play-fork-run-460a61f0-cc45-46b8-927f-1d9a4f600ad5: TaskStarted(30,3640,Some(AttributeKey[scala.collection.Seq[java.io.File]]("playMonitoredFiles") in Scope(Build: file:/C:/Users/Nicolas/Documents/ScalaRamo/MarketSimulation/, , Project: ProjectReference(file:/C:/Users/Nicolas/Documents/ScalaRamo/MarketSimulation/,root))))
Sending msg to client play-fork-run-460a61f0-cc45-46b8-927f-1d9a4f600ad5: TaskStarted(30,3646,None)
Sending msg to client play-fork-run-460a61f0-cc45-46b8-927f-1d9a4f600ad5: TaskStarted(30,3647,None)
Sending msg to client play-fork-run-460a61f0-cc45-46b8-927f-1d9a4f600ad5: TaskStarted(30,3650,None)
Sending msg to client play-fork-run-460a61f0-cc45-46b8-927f-1d9a4f600ad5: TaskStarted(30,3652,None)
Sending msg to client play-fork-run-460a61f0-cc45-46b8-927f-1d9a4f600ad5: TaskStarted(30,3653,None)
Sending msg to client play-fork-run-460a61f0-cc45-46b8-927f-1d9a4f600ad5: TaskStarted(30,3654,None)
Sending msg to client play-fork-run-460a61f0-cc45-46b8-927f-1d9a4f600ad5: TaskStarted(30,3656,None)
Sending msg to client play-fork-run-460a61f0-cc45-46b8-927f-1d9a4f600ad5: TaskFinished(30,3627,Some(AttributeKey[scala.collection.Seq[sbt.ModuleID]]("projectDependencies") in Scope(Build: file:/C:/Users/Nicolas/Documents/ScalaRamo/MarketSimulation/, , Project: ProjectReference(file:/C:/Users/Nicolas/Documents/ScalaRamo/MarketSimulation/,root))),true,None)
Sending msg to client play-fork-run-460a61f0-cc45-46b8-927f-1d9a4f600ad5: TaskStarted(30,3626,Some(AttributeKey[scala.collection.Seq[sbt.ModuleID]]("allDependencies") in Scope(Build: file:/C:/Users/Nicolas/Documents/ScalaRamo/MarketSimulation/, , Project: ProjectReference(file:/C:/Users/Nicolas/Documents/ScalaRamo/MarketSimulation/,root))))
Sending msg to client play-fork-run-460a61f0-cc45-46b8-927f-1d9a4f600ad5: TaskFinished(30,3647,None,true,None)
Sending msg to client play-fork-run-460a61f0-cc45-46b8-927f-1d9a4f600ad5: TaskFinished(30,3650,None,true,None)
Sending msg to client play-fork-run-460a61f0-cc45-46b8-927f-1d9a4f600ad5: TaskStarted(30,3649,None)
Sending msg to client play-fork-run-460a61f0-cc45-46b8-927f-1d9a4f600ad5: TaskFinished(30,3652,None,true,None)
Sending msg to client play-fork-run-460a61f0-cc45-46b8-927f-1d9a4f600ad5: TaskFinished(30,3654,None,true,None)
Sending msg to client play-fork-run-460a61f0-cc45-46b8-927f-1d9a4f600ad5: TaskFinished(30,3607,None,true,None)
Sending msg to client play-fork-run-460a61f0-cc45-46b8-927f-1d9a4f600ad5: TaskStarted(30,3657,None)
Sending msg to client play-fork-run-460a61f0-cc45-46b8-927f-1d9a4f600ad5: TaskFinished(30,3656,None,true,None)
Sending msg to client play-fork-run-460a61f0-cc45-46b8-927f-1d9a4f600ad5: TaskStarted(30,3655,None)
Sending msg to client play-fork-run-460a61f0-cc45-46b8-927f-1d9a4f600ad5: TaskFinished(30,3626,Some(AttributeKey[scala.collection.Seq[sbt.ModuleID]]("allDependencies") in Scope(Build: file:/C:/Users/Nicolas/Documents/ScalaRamo/MarketSimulation/, , Project: ProjectReference(file:/C:/Users/Nicolas/Documents/ScalaRamo/MarketSimulation/,root))),true,None)
Sending msg to client play-fork-run-460a61f0-cc45-46b8-927f-1d9a4f600ad5: TaskStarted(30,3625,Some(AttributeKey[sbt.ModuleSettings]("moduleSettings") in Scope(Build: file:/C:/Users/Nicolas/Documents/ScalaRamo/MarketSimulation/, , Project: ProjectReference(file:/C:/Users/Nicolas/Documents/ScalaRamo/MarketSimulation/,root))))
Sending msg to client play-fork-run-460a61f0-cc45-46b8-927f-1d9a4f600ad5: TaskStarted(30,3658,None)
Sending msg to client play-fork-run-460a61f0-cc45-46b8-927f-1d9a4f600ad5: TaskFinished(30,3653,None,true,None)
Sending msg to client play-fork-run-460a61f0-cc45-46b8-927f-1d9a4f600ad5: TaskStarted(30,3651,Some(AttributeKey[scala.collection.Seq[sbt.Attributed[java.io.File]]]("unmanagedJars") in Scope(Build: file:/C:/Users/Nicolas/Documents/ScalaRamo/MarketSimulation/, , Project: ProjectReference(file:/C:/Users/Nicolas/Documents/ScalaRamo/MarketSimulation/,root), Config: compile)))
Sending msg to client play-fork-run-460a61f0-cc45-46b8-927f-1d9a4f600ad5: TaskFinished(30,3655,None,true,None)
Sending msg to client play-fork-run-460a61f0-cc45-46b8-927f-1d9a4f600ad5: TaskFinished(30,3619,Some(AttributeKey[scala.collection.immutable.Map[org.apache.ivy.core.module.id.ModuleRevisionId,org.apache.ivy.core.module.descriptor.ModuleDescriptor]]("projectDescriptors") in Scope(Build: file:/C:/Users/Nicolas/Documents/ScalaRamo/MarketSimulation/, , Project: ProjectReference(file:/C:/Users/Nicolas/Documents/ScalaRamo/MarketSimulation/,root))),true,None)
Sending msg to client play-fork-run-460a61f0-cc45-46b8-927f-1d9a4f600ad5: TaskStarted(30,3618,Some(AttributeKey[sbt.Resolver]("projectResolver") in Scope(Build: file:/C:/Users/Nicolas/Documents/ScalaRamo/MarketSimulation/, , Project: ProjectReference(file:/C:/Users/Nicolas/Documents/ScalaRamo/MarketSimulation/,root))))
Sending msg to client play-fork-run-460a61f0-cc45-46b8-927f-1d9a4f600ad5: TaskFinished(30,3625,Some(AttributeKey[sbt.ModuleSettings]("moduleSettings") in Scope(Build: file:/C:/Users/Nicolas/Documents/ScalaRamo/MarketSimulation/, , Project: ProjectReference(file:/C:/Users/Nicolas/Documents/ScalaRamo/MarketSimulation/,root))),true,None)
Sending msg to client play-fork-run-460a61f0-cc45-46b8-927f-1d9a4f600ad5: TaskFinished(30,3657,None,true,None)
Sending msg to client play-fork-run-460a61f0-cc45-46b8-927f-1d9a4f600ad5: TaskFinished(30,3640,Some(AttributeKey[scala.collection.Seq[java.io.File]]("playMonitoredFiles") in Scope(Build: file:/C:/Users/Nicolas/Documents/ScalaRamo/MarketSimulation/, , Project: ProjectReference(file:/C:/Users/Nicolas/Documents/ScalaRamo/MarketSimulation/,root))),true,None)
Sending msg to client play-fork-run-460a61f0-cc45-46b8-927f-1d9a4f600ad5: TaskFinished(30,3658,None,true,None)
Sending msg to client play-fork-run-460a61f0-cc45-46b8-927f-1d9a4f600ad5: TaskFinished(30,3649,None,true,None)
Sending msg to client play-fork-run-460a61f0-cc45-46b8-927f-1d9a4f600ad5: TaskFinished(30,3618,Some(AttributeKey[sbt.Resolver]("projectResolver") in Scope(Build: file:/C:/Users/Nicolas/Documents/ScalaRamo/MarketSimulation/, , Project: ProjectReference(file:/C:/Users/Nicolas/Documents/ScalaRamo/MarketSimulation/,root))),true,None)
Sending msg to client play-fork-run-460a61f0-cc45-46b8-927f-1d9a4f600ad5: TaskStarted(30,3617,Some(AttributeKey[scala.collection.Seq[sbt.Resolver]]("fullResolvers") in Scope(Build: file:/C:/Users/Nicolas/Documents/ScalaRamo/MarketSimulation/, , Project: ProjectReference(file:/C:/Users/Nicolas/Documents/ScalaRamo/MarketSimulation/,root))))
Sending msg to client play-fork-run-460a61f0-cc45-46b8-927f-1d9a4f600ad5: TaskFinished(30,3651,Some(AttributeKey[scala.collection.Seq[sbt.Attributed[java.io.File]]]("unmanagedJars") in Scope(Build: file:/C:/Users/Nicolas/Documents/ScalaRamo/MarketSimulation/, , Project: ProjectReference(file:/C:/Users/Nicolas/Documents/ScalaRamo/MarketSimulation/,root), Config: compile)),true,None)
Sending msg to client play-fork-run-460a61f0-cc45-46b8-927f-1d9a4f600ad5: TaskStarted(30,3648,Some(AttributeKey[scala.collection.Seq[sbt.Attributed[java.io.File]]]("unmanagedJars") in Scope(Build: file:/C:/Users/Nicolas/Documents/ScalaRamo/MarketSimulation/, , Project: ProjectReference(file:/C:/Users/Nicolas/Documents/ScalaRamo/MarketSimulation/,root), Config: compile)))
Sending msg to client play-fork-run-460a61f0-cc45-46b8-927f-1d9a4f600ad5: TaskFinished(30,3646,None,true,None)
Sending msg to client play-fork-run-460a61f0-cc45-46b8-927f-1d9a4f600ad5: TaskStarted(30,3645,Some(AttributeKey[scala.collection.Seq[sbt.Attributed[java.io.File]]]("unmanagedJars") in Scope(Build: file:/C:/Users/Nicolas/Documents/ScalaRamo/MarketSimulation/, , Project: ProjectReference(file:/C:/Users/Nicolas/Documents/ScalaRamo/MarketSimulation/,root), Config: runtime)))
Sending msg to client play-fork-run-460a61f0-cc45-46b8-927f-1d9a4f600ad5: TaskFinished(30,3617,Some(AttributeKey[scala.collection.Seq[sbt.Resolver]]("fullResolvers") in Scope(Build: file:/C:/Users/Nicolas/Documents/ScalaRamo/MarketSimulation/, , Project: ProjectReference(file:/C:/Users/Nicolas/Documents/ScalaRamo/MarketSimulation/,root))),true,None)
Sending msg to client play-fork-run-460a61f0-cc45-46b8-927f-1d9a4f600ad5: TaskStarted(30,3616,Some(AttributeKey[sbt.IvyConfiguration]("ivyConfiguration") in Scope(Build: file:/C:/Users/Nicolas/Documents/ScalaRamo/MarketSimulation/, , Project: ProjectReference(file:/C:/Users/Nicolas/Documents/ScalaRamo/MarketSimulation/,root))))
Sending msg to client play-fork-run-460a61f0-cc45-46b8-927f-1d9a4f600ad5: TaskFinished(30,3616,Some(AttributeKey[sbt.IvyConfiguration]("ivyConfiguration") in Scope(Build: file:/C:/Users/Nicolas/Documents/ScalaRamo/MarketSimulation/, , Project: ProjectReference(file:/C:/Users/Nicolas/Documents/ScalaRamo/MarketSimulation/,root))),true,None)
Sending msg to client play-fork-run-460a61f0-cc45-46b8-927f-1d9a4f600ad5: TaskStarted(30,3614,Some(AttributeKey[sbt.IvySbt]("ivySbt") in Scope(Build: file:/C:/Users/Nicolas/Documents/ScalaRamo/MarketSimulation/, , Project: ProjectReference(file:/C:/Users/Nicolas/Documents/ScalaRamo/MarketSimulation/,root))))
Sending msg to client play-fork-run-460a61f0-cc45-46b8-927f-1d9a4f600ad5: TaskFinished(30,3645,Some(AttributeKey[scala.collection.Seq[sbt.Attributed[java.io.File]]]("unmanagedJars") in Scope(Build: file:/C:/Users/Nicolas/Documents/ScalaRamo/MarketSimulation/, , Project: ProjectReference(file:/C:/Users/Nicolas/Documents/ScalaRamo/MarketSimulation/,root), Config: runtime)),true,None)
Sending msg to client play-fork-run-460a61f0-cc45-46b8-927f-1d9a4f600ad5: TaskFinished(30,3648,Some(AttributeKey[scala.collection.Seq[sbt.Attributed[java.io.File]]]("unmanagedJars") in Scope(Build: file:/C:/Users/Nicolas/Documents/ScalaRamo/MarketSimulation/, , Project: ProjectReference(file:/C:/Users/Nicolas/Documents/ScalaRamo/MarketSimulation/,root), Config: compile)),true,None)
Sending msg to client play-fork-run-460a61f0-cc45-46b8-927f-1d9a4f600ad5: TaskStarted(30,3644,None)
Sending msg to client play-fork-run-460a61f0-cc45-46b8-927f-1d9a4f600ad5: TaskFinished(30,3644,None,true,None)
Sending msg to client play-fork-run-460a61f0-cc45-46b8-927f-1d9a4f600ad5: TaskStarted(30,3643,None)
Sending msg to client play-fork-run-460a61f0-cc45-46b8-927f-1d9a4f600ad5: TaskFinished(30,3614,Some(AttributeKey[sbt.IvySbt]("ivySbt") in Scope(Build: file:/C:/Users/Nicolas/Documents/ScalaRamo/MarketSimulation/, , Project: ProjectReference(file:/C:/Users/Nicolas/Documents/ScalaRamo/MarketSimulation/,root))),true,None)
Sending msg to client play-fork-run-460a61f0-cc45-46b8-927f-1d9a4f600ad5: TaskStarted(30,3613,Some(AttributeKey[sbt.IvySbt$Module]("ivyModule") in Scope(Build: file:/C:/Users/Nicolas/Documents/ScalaRamo/MarketSimulation/, , Project: ProjectReference(file:/C:/Users/Nicolas/Documents/ScalaRamo/MarketSimulation/,root))))
Sending msg to client play-fork-run-460a61f0-cc45-46b8-927f-1d9a4f600ad5: TaskFinished(30,3643,None,true,None)
Sending msg to client play-fork-run-460a61f0-cc45-46b8-927f-1d9a4f600ad5: TaskFinished(30,3591,None,true,None)
Sending msg to client play-fork-run-460a61f0-cc45-46b8-927f-1d9a4f600ad5: TaskStarted(30,3588,Some(AttributeKey[scala.collection.Seq[sbt.Attributed[java.io.File]]]("unmanagedClasspath") in Scope(Build: file:/C:/Users/Nicolas/Documents/ScalaRamo/MarketSimulation/, , Project: ProjectReference(file:/C:/Users/Nicolas/Documents/ScalaRamo/MarketSimulation/,root), Config: runtime)))
Sending msg to client play-fork-run-460a61f0-cc45-46b8-927f-1d9a4f600ad5: TaskFinished(30,3613,Some(AttributeKey[sbt.IvySbt$Module]("ivyModule") in Scope(Build: file:/C:/Users/Nicolas/Documents/ScalaRamo/MarketSimulation/, , Project: ProjectReference(file:/C:/Users/Nicolas/Documents/ScalaRamo/MarketSimulation/,root))),true,None)
Sending msg to client play-fork-run-460a61f0-cc45-46b8-927f-1d9a4f600ad5: TaskFinished(30,3588,Some(AttributeKey[scala.collection.Seq[sbt.Attributed[java.io.File]]]("unmanagedClasspath") in Scope(Build: file:/C:/Users/Nicolas/Documents/ScalaRamo/MarketSimulation/, , Project: ProjectReference(file:/C:/Users/Nicolas/Documents/ScalaRamo/MarketSimulation/,root), Config: runtime)),true,None)
Sending msg to client play-fork-run-460a61f0-cc45-46b8-927f-1d9a4f600ad5: TaskFinished(30,3601,Some(AttributeKey[scala.collection.immutable.Map[sbt.ModuleID,sbt.SourcePosition]]("dependencyPositions") in Scope(Build: file:/C:/Users/Nicolas/Documents/ScalaRamo/MarketSimulation/, , Project: ProjectReference(file:/C:/Users/Nicolas/Documents/ScalaRamo/MarketSimulation/,root))),true,None)
Sending msg to client play-fork-run-460a61f0-cc45-46b8-927f-1d9a4f600ad5: TaskStarted(30,3600,Some(AttributeKey[sbt.UnresolvedWarningConfiguration]("unresolvedWarningConfiguration") in Scope(Build: file:/C:/Users/Nicolas/Documents/ScalaRamo/MarketSimulation/, , Project: ProjectReference(file:/C:/Users/Nicolas/Documents/ScalaRamo/MarketSimulation/,root), Task: AttributeKey[sbt.UpdateReport]("update"))))
Sending msg to client play-fork-run-460a61f0-cc45-46b8-927f-1d9a4f600ad5: TaskFinished(30,3600,Some(AttributeKey[sbt.UnresolvedWarningConfiguration]("unresolvedWarningConfiguration") in Scope(Build: file:/C:/Users/Nicolas/Documents/ScalaRamo/MarketSimulation/, , Project: ProjectReference(file:/C:/Users/Nicolas/Documents/ScalaRamo/MarketSimulation/,root), Task: AttributeKey[sbt.UpdateReport]("update"))),true,None)
Sending msg to client play-fork-run-460a61f0-cc45-46b8-927f-1d9a4f600ad5: TaskStarted(30,3599,Some(AttributeKey[sbt.UpdateReport]("update") in Scope(Build: file:/C:/Users/Nicolas/Documents/ScalaRamo/MarketSimulation/, , Project: ProjectReference(file:/C:/Users/Nicolas/Documents/ScalaRamo/MarketSimulation/,root))))
Sending msg to client play-fork-run-460a61f0-cc45-46b8-927f-1d9a4f600ad5: TaskFinished(30,3599,Some(AttributeKey[sbt.UpdateReport]("update") in Scope(Build: file:/C:/Users/Nicolas/Documents/ScalaRamo/MarketSimulation/, , Project: ProjectReference(file:/C:/Users/Nicolas/Documents/ScalaRamo/MarketSimulation/,root))),true,None)
Sending msg to client play-fork-run-460a61f0-cc45-46b8-927f-1d9a4f600ad5: TaskStarted(30,3598,Some(AttributeKey[sbt.UpdateReport]("update") in Scope(Build: file:/C:/Users/Nicolas/Documents/ScalaRamo/MarketSimulation/, , Project: ProjectReference(file:/C:/Users/Nicolas/Documents/ScalaRamo/MarketSimulation/,root))))
Sending msg to client play-fork-run-460a61f0-cc45-46b8-927f-1d9a4f600ad5: TaskFinished(30,3598,Some(AttributeKey[sbt.UpdateReport]("update") in Scope(Build: file:/C:/Users/Nicolas/Documents/ScalaRamo/MarketSimulation/, , Project: ProjectReference(file:/C:/Users/Nicolas/Documents/ScalaRamo/MarketSimulation/,root))),true,None)
Sending msg to client play-fork-run-460a61f0-cc45-46b8-927f-1d9a4f600ad5: TaskStarted(30,3630,Some(AttributeKey[sbt.Configuration]("classpathConfiguration") in Scope(Build: file:/C:/Users/Nicolas/Documents/ScalaRamo/MarketSimulation/, , Project: ProjectReference(file:/C:/Users/Nicolas/Documents/ScalaRamo/MarketSimulation/,root), Config: compile)))
Sending msg to client play-fork-run-460a61f0-cc45-46b8-927f-1d9a4f600ad5: TaskStarted(30,3636,Some(AttributeKey[scala.collection.Seq[sbt.Attributed[java.io.File]]]("managedClasspath") in Scope(Build: file:/C:/Users/Nicolas/Documents/ScalaRamo/MarketSimulation/, , Project: ProjectReference(file:/C:/Users/Nicolas/Documents/ScalaRamo/MarketSimulation/,root), Config: docs)))
Sending msg to client play-fork-run-460a61f0-cc45-46b8-927f-1d9a4f600ad5: TaskFinished(30,3630,Some(AttributeKey[sbt.Configuration]("classpathConfiguration") in Scope(Build: file:/C:/Users/Nicolas/Documents/ScalaRamo/MarketSimulation/, , Project: ProjectReference(file:/C:/Users/Nicolas/Documents/ScalaRamo/MarketSimulation/,root), Config: compile)),true,None)
Sending msg to client play-fork-run-460a61f0-cc45-46b8-927f-1d9a4f600ad5: TaskStarted(30,3629,None)
Sending msg to client play-fork-run-460a61f0-cc45-46b8-927f-1d9a4f600ad5: TaskFinished(30,3636,Some(AttributeKey[scala.collection.Seq[sbt.Attributed[java.io.File]]]("managedClasspath") in Scope(Build: file:/C:/Users/Nicolas/Documents/ScalaRamo/MarketSimulation/, , Project: ProjectReference(file:/C:/Users/Nicolas/Documents/ScalaRamo/MarketSimulation/,root), Config: docs)),true,None)
Sending msg to client play-fork-run-460a61f0-cc45-46b8-927f-1d9a4f600ad5: TaskStarted(30,3642,Some(AttributeKey[scala.Option[java.io.File]]("playDocsJar") in Scope(Build: file:/C:/Users/Nicolas/Documents/ScalaRamo/MarketSimulation/, , Project: ProjectReference(file:/C:/Users/Nicolas/Documents/ScalaRamo/MarketSimulation/,root))))
Sending msg to client play-fork-run-460a61f0-cc45-46b8-927f-1d9a4f600ad5: TaskFinished(30,3629,None,true,None)
Sending msg to client play-fork-run-460a61f0-cc45-46b8-927f-1d9a4f600ad5: TaskStarted(30,3628,Some(AttributeKey[sbt.Configuration]("classpathConfiguration") in Scope(Build: file:/C:/Users/Nicolas/Documents/ScalaRamo/MarketSimulation/, , Project: ProjectReference(file:/C:/Users/Nicolas/Documents/ScalaRamo/MarketSimulation/,root), Config: runtime)))
Sending msg to client play-fork-run-460a61f0-cc45-46b8-927f-1d9a4f600ad5: TaskFinished(30,3642,Some(AttributeKey[scala.Option[java.io.File]]("playDocsJar") in Scope(Build: file:/C:/Users/Nicolas/Documents/ScalaRamo/MarketSimulation/, , Project: ProjectReference(file:/C:/Users/Nicolas/Documents/ScalaRamo/MarketSimulation/,root))),true,None)
Sending msg to client play-fork-run-460a61f0-cc45-46b8-927f-1d9a4f600ad5: TaskFinished(30,3628,Some(AttributeKey[sbt.Configuration]("classpathConfiguration") in Scope(Build: file:/C:/Users/Nicolas/Documents/ScalaRamo/MarketSimulation/, , Project: ProjectReference(file:/C:/Users/Nicolas/Documents/ScalaRamo/MarketSimulation/,root), Config: runtime)),true,None)
Sending msg to client play-fork-run-460a61f0-cc45-46b8-927f-1d9a4f600ad5: TaskStarted(30,3597,None)
Sending msg to client play-fork-run-460a61f0-cc45-46b8-927f-1d9a4f600ad5: TaskFinished(30,3597,None,true,None)
Sending msg to client play-fork-run-460a61f0-cc45-46b8-927f-1d9a4f600ad5: TaskStarted(30,3595,Some(AttributeKey[scala.collection.Seq[sbt.Attributed[java.io.File]]]("managedClasspath") in Scope(Build: file:/C:/Users/Nicolas/Documents/ScalaRamo/MarketSimulation/, , Project: ProjectReference(file:/C:/Users/Nicolas/Documents/ScalaRamo/MarketSimulation/,root), Config: runtime)))
Sending msg to client play-fork-run-460a61f0-cc45-46b8-927f-1d9a4f600ad5: TaskFinished(30,3595,Some(AttributeKey[scala.collection.Seq[sbt.Attributed[java.io.File]]]("managedClasspath") in Scope(Build: file:/C:/Users/Nicolas/Documents/ScalaRamo/MarketSimulation/, , Project: ProjectReference(file:/C:/Users/Nicolas/Documents/ScalaRamo/MarketSimulation/,root), Config: runtime)),true,None)
Sending msg to client play-fork-run-460a61f0-cc45-46b8-927f-1d9a4f600ad5: TaskStarted(30,3587,None)
Sending msg to client play-fork-run-460a61f0-cc45-46b8-927f-1d9a4f600ad5: TaskFinished(30,3587,None,true,None)
Sending msg to client play-fork-run-460a61f0-cc45-46b8-927f-1d9a4f600ad5: TaskStarted(30,3586,Some(AttributeKey[scala.collection.Seq[sbt.Attributed[java.io.File]]]("playDependencyClasspath") in Scope(Build: file:/C:/Users/Nicolas/Documents/ScalaRamo/MarketSimulation/, , Project: ProjectReference(file:/C:/Users/Nicolas/Documents/ScalaRamo/MarketSimulation/,root))))
Sending msg to client play-fork-run-460a61f0-cc45-46b8-927f-1d9a4f600ad5: TaskFinished(30,3586,Some(AttributeKey[scala.collection.Seq[sbt.Attributed[java.io.File]]]("playDependencyClasspath") in Scope(Build: file:/C:/Users/Nicolas/Documents/ScalaRamo/MarketSimulation/, , Project: ProjectReference(file:/C:/Users/Nicolas/Documents/ScalaRamo/MarketSimulation/,root))),true,None)
Sending msg to client play-fork-run-460a61f0-cc45-46b8-927f-1d9a4f600ad5: TaskStarted(30,3585,Some(AttributeKey[play.forkrun.protocol.ForkConfig]("playForkConfig") in Scope(Build: file:/C:/Users/Nicolas/Documents/ScalaRamo/MarketSimulation/, , Project: ProjectReference(file:/C:/Users/Nicolas/Documents/ScalaRamo/MarketSimulation/,root))))
Sending msg to client play-fork-run-460a61f0-cc45-46b8-927f-1d9a4f600ad5: TaskFinished(30,3585,Some(AttributeKey[play.forkrun.protocol.ForkConfig]("playForkConfig") in Scope(Build: file:/C:/Users/Nicolas/Documents/ScalaRamo/MarketSimulation/, , Project: ProjectReference(file:/C:/Users/Nicolas/Documents/ScalaRamo/MarketSimulation/,root))),true,None)
Sending msg to client play-fork-run-460a61f0-cc45-46b8-927f-1d9a4f600ad5: ValueChanged(AttributeKey[play.forkrun.protocol.ForkConfig]("playForkConfig") in Scope(Build: file:/C:/Users/Nicolas/Documents/ScalaRamo/MarketSimulation/, , Project: ProjectReference(file:/C:/Users/Nicolas/Documents/ScalaRamo/MarketSimulation/,root)),TaskSuccess(BuildValue(LazyValue(ForkConfig(C:\Users\Nicolas\Documents\ScalaRamo\MarketSimulation,List(-Djna.nosys=true),List(C:\Users\Nicolas\.ivy2\cache\org.scala-lang\scala-library\jars\scala-library-2.11.7.jar, C:\Users\Nicolas\Desktop\scalparo\activator-dist-1.3.10\repository\com.typesafe.play\twirl-api_2.11\1.1.1\jars\twirl-api_2.11.jar, C:\Users\Nicolas\Desktop\activator-dist-1.3.10\repository\org.apache.commons\commons-lang3\3.4\jars\commons-lang3.jar, C:\Users\Nicolas\.ivy2\cache\org.scala-lang.modules\scala-xml_2.11\bundles\scala-xml_2.11-1.0.1.jar, C:\Users\Nicolas\.ivy2\cache\com.typesafe.play\play-server_2.11\jars\play-server_2.11-2.5.0.jar, C:\Users\Nicolas\.ivy2\cache\com.typesafe.play\play_2.11\jars\play_2.11-2.5.0.jar, C:\Users\Nicolas\.ivy2\cache\com.typesafe.play\build-link\jars\build-link-2.5.0.jar, C:\Users\Nicolas\.ivy2\cache\com.typesafe.play\play-exceptions\jars\play-exceptions-2.5.0.jar, C:\Users\Nicolas\.ivy2\cache\com.typesafe.play\play-iteratees_2.11\jars\play-iteratees_2.11-2.5.0.jar, C:\Users\Nicolas\.ivy2\cache\org.scala-stm\scala-stm_2.11\jars\scala-stm_2.11-0.7.jar, C:\Users\Nicolas\Desktop\activator-dist-1.3.10\repository\com.typesafe\config\1.3.0\bundles\config.jar, C:\Users\Nicolas\.ivy2\cache\com.typesafe.play\play-json_2.11\jars\play-json_2.11-2.5.0.jar, C:\Users\Nicolas\.ivy2\cache\com.typesafe.play\play-functional_2.11\jars\play-functional_2.11-2.5.0.jar, C:\Users\Nicolas\.ivy2\cache\com.typesafe.play\play-datacommons_2.11\jars\play-datacommons_2.11-2.5.0.jar, C:\Users\Nicolas\.ivy2\cache\joda-time\joda-time\jars\joda-time-2.9.2.jar, C:\Users\Nicolas\.ivy2\cache\org.joda\joda-convert\jars\joda-convert-1.8.1.jar, C:\Users\Nicolas\.ivy2\cache\org.scala-lang\scala-reflect\jars\scala-reflect-2.11.7.jar, C:\Users\Nicolas\.ivy2\cache\com.fasterxml.jackson.core\jackson-core\bundles\jackson-core-2.7.1.jar, C:\Users\Nicolas\.ivy2\cache\com.fasterxml.jackson.core\jackson-annotations\bundles\jackson-annotations-2.7.1.jar, C:\Users\Nicolas\.ivy2\cache\com.fasterxml.jackson.core\jackson-databind\bundles\jackson-databind-2.7.1.jar, C:\Users\Nicolas\.ivy2\cache\com.fasterxml.jackson.datatype\jackson-datatype-jdk8\bundles\jackson-datatype-jdk8-2.7.1.jar, C:\Users\Nicolas\.ivy2\cache\com.fasterxml.jackson.datatype\jackson-datatype-jsr310\bundles\jackson-datatype-jsr310-2.7.1.jar, C:\Users\Nicolas\.ivy2\cache\com.typesafe.play\play-netty-utils\jars\play-netty-utils-2.5.0.jar, C:\Users\Nicolas\.ivy2\cache\org.slf4j\slf4j-api\jars\slf4j-api-1.7.16.jar, C:\Users\Nicolas\.ivy2\cache\org.slf4j\jul-to-slf4j\jars\jul-to-slf4j-1.7.16.jar, C:\Users\Nicolas\.ivy2\cache\org.slf4j\jcl-over-slf4j\jars\jcl-over-slf4j-1.7.16.jar, C:\Users\Nicolas\.ivy2\cache\com.typesafe.play\play-streams_2.11\jars\play-streams_2.11-2.5.0.jar, C:\Users\Nicolas\Desktop\scalparo\activator-dist-1.3.10\repository\org.reactivestreams\reactive-streams\1.0.0\jars\reactive-streams.jar, C:\Users\Nicolas\.ivy2\cache\com.typesafe.akka\akka-stream_2.11\jars\akka-stream_2.11-2.4.2.jar, C:\Users\Nicolas\.ivy2\cache\com.typesafe.akka\akka-actor_2.11\jars\akka-actor_2.11-2.4.2.jar, C:\Users\Nicolas\.ivy2\cache\org.scala-lang.modules\scala-java8-compat_2.11\bundles\scala-java8-compat_2.11-0.7.0.jar, C:\Users\Nicolas\.ivy2\cache\com.typesafe\ssl-config-akka_2.11\bundles\ssl-config-akka_2.11-0.1.3.jar, C:\Users\Nicolas\.ivy2\cache\com.typesafe\ssl-config-core_2.11\bundles\ssl-config-core_2.11-0.1.3.jar, C:\Users\Nicolas\.ivy2\cache\org.scala-lang.modules\scala-parser-combinators_2.11\bundles\scala-parser-combinators_2.11-1.0.4.jar, C:\Users\Nicolas\.ivy2\cache\com.typesafe.akka\akka-slf4j_2.11\jars\akka-slf4j_2.11-2.4.2.jar, C:\Users\Nicolas\Desktop\scalparo\activator-dist-1.3.10\repository\commons-codec\commons-codec\1.10\jars\commons-codec.jar, C:\Users\Nicolas\.ivy2\cache\xerces\xercesImpl\jars\xercesImpl-2.11.0.jar, C:\Users\Nicolas\.ivy2\cache\xml-apis\xml-apis\jars\xml-apis-1.4.01.jar, C:\Users\Nicolas\.ivy2\cache\javax.transaction\jta\jars\jta-1.1.jar, C:\Users\Nicolas\Desktop\scalparo\activator-dist-1.3.10\repository\com.google.inject\guice\4.0\jars\guice.jar, C:\Users\Nicolas\Desktop\activator-dist-1.3.10\repository\javax.inject\javax.inject\1\jars\javax.inject.jar, C:\Users\Nicolas\Desktop\activator-dist-1.3.10\repository\aopalliance\aopalliance\1.0\jars\aopalliance.jar, C:\Users\Nicolas\Desktop\scalparo\activator-dist-1.3.10\repository\com.google.inject.extensions\guice-assistedinject\4.0\jars\guice-assistedinject.jar, C:\Users\Nicolas\.ivy2\cache\com.typesafe.play\play-netty-server_2.11\jars\play-netty-server_2.11-2.5.0.jar, C:\Users\Nicolas\.ivy2\cache\com.typesafe.netty\netty-reactive-streams-http\jars\netty-reactive-streams-http-1.0.2.jar, C:\Users\Nicolas\.ivy2\cache\com.typesafe.netty\netty-reactive-streams\jars\netty-reactive-streams-1.0.2.jar, C:\Users\Nicolas\.ivy2\cache\io.netty\netty-transport-native-epoll\jars\netty-transport-native-epoll-4.0.33.Final-linux-x86_64.jar, C:\Users\Nicolas\.ivy2\cache\com.typesafe.play\play-logback_2.11\jars\play-logback_2.11-2.5.0.jar, C:\Users\Nicolas\.ivy2\cache\ch.qos.logback\logback-core\jars\logback-core-1.1.4.jar, C:\Users\Nicolas\.ivy2\cache\ch.qos.logback\logback-classic\jars\logback-classic-1.1.4.jar, C:\Users\Nicolas\.ivy2\cache\com.typesafe.play\play-slick_2.11\jars\play-slick_2.11-1.1.1.jar, C:\Users\Nicolas\.ivy2\cache\com.typesafe.slick\slick_2.11\bundles\slick_2.11-3.1.0.jar, C:\Users\Nicolas\.ivy2\cache\com.typesafe.slick\slick-hikaricp_2.11\bundles\slick-hikaricp_2.11-3.1.0.jar, C:\Users\Nicolas\.ivy2\cache\com.zaxxer\HikariCP-java6\bundles\HikariCP-java6-2.3.7.jar, C:\Users\Nicolas\.ivy2\cache\com.typesafe.play\play-slick-evolutions_2.11\jars\play-slick-evolutions_2.11-1.1.1.jar, C:\Users\Nicolas\.ivy2\cache\com.typesafe.play\play-jdbc-evolutions_2.11\jars\play-jdbc-evolutions_2.11-2.5.0.jar, C:\Users\Nicolas\.ivy2\cache\com.typesafe.play\play-jdbc-api_2.11\jars\play-jdbc-api_2.11-2.5.0.jar, C:\Users\Nicolas\.ivy2\cache\com.h2database\h2\jars\h2-1.4.191.jar, C:\Users\Nicolas\.ivy2\cache\com.typesafe.play\play-cache_2.11\jars\play-cache_2.11-2.5.0.jar, C:\Users\Nicolas\.ivy2\cache\net.sf.ehcache\ehcache-core\jars\ehcache-core-2.6.11.jar, C:\Users\Nicolas\.ivy2\cache\com.typesafe.play\play-ws_2.11\jars\play-ws_2.11-2.5.0.jar, C:\Users\Nicolas\.ivy2\cache\com.google.guava\guava\bundles\guava-19.0.jar, C:\Users\Nicolas\.ivy2\cache\org.asynchttpclient\async-http-client\jars\async-http-client-2.0.0-RC9.jar, C:\Users\Nicolas\.ivy2\cache\io.netty\netty-codec-http\jars\netty-codec-http-4.0.34.Final.jar, C:\Users\Nicolas\.ivy2\cache\io.netty\netty-codec\jars\netty-codec-4.0.34.Final.jar, C:\Users\Nicolas\.ivy2\cache\io.netty\netty-transport\jars\netty-transport-4.0.34.Final.jar, C:\Users\Nicolas\.ivy2\cache\io.netty\netty-buffer\jars\netty-buffer-4.0.34.Final.jar, C:\Users\Nicolas\.ivy2\cache\io.netty\netty-common\jars\netty-common-4.0.34.Final.jar, C:\Users\Nicolas\.ivy2\cache\io.netty\netty-handler\jars\netty-handler-4.0.34.Final.jar, C:\Users\Nicolas\.ivy2\cache\org.asynchttpclient\netty-resolver-dns\jars\netty-resolver-dns-2.0.0-RC9.jar, C:\Users\Nicolas\.ivy2\cache\org.asynchttpclient\netty-resolver\jars\netty-resolver-2.0.0-RC9.jar, C:\Users\Nicolas\.ivy2\cache\org.asynchttpclient\netty-codec-dns\jars\netty-codec-dns-2.0.0-RC9.jar, C:\Users\Nicolas\.ivy2\cache\org.javassist\javassist\bundles\javassist-3.20.0-GA.jar, C:\Users\Nicolas\.ivy2\cache\oauth.signpost\signpost-core\jars\signpost-core-1.2.1.2.jar, C:\Users\Nicolas\.ivy2\cache\oauth.signpost\signpost-commonshttp4\jars\signpost-commonshttp4-1.2.1.2.jar, C:\Users\Nicolas\.ivy2\cache\org.apache.httpcomponents\httpcore\jars\httpcore-4.0.1.jar, C:\Users\Nicolas\.ivy2\cache\org.apache.httpcomponents\httpclient\jars\httpclient-4.0.1.jar, C:\Users\Nicolas\.ivy2\cache\commons-logging\commons-logging\jars\commons-logging-1.1.1.jar),List((public/,C:\Users\Nicolas\Documents\ScalaRamo\MarketSimulation\target\web\public\main)),List(C:\Users\Nicolas\.ivy2\cache\com.typesafe.play\play-omnidoc_2.11\jars\play-omnidoc_2.11-2.5.0.jar, C:\Users\Nicolas\.ivy2\cache\org.scala-lang\scala-library\jars\scala-library-2.11.7.jar, C:\Users\Nicolas\.ivy2\cache\com.typesafe.play\play-docs_2.11\jars\play-docs_2.11-2.5.0.jar, C:\Users\Nicolas\.ivy2\cache\com.typesafe.play\play-netty-server_2.11\jars\play-netty-server_2.11-2.5.0.jar, C:\Users\Nicolas\.ivy2\cache\com.typesafe.play\play-server_2.11\jars\play-server_2.11-2.5.0.jar, C:\Users\Nicolas\.ivy2\cache\com.typesafe.play\play_2.11\jars\play_2.11-2.5.0.jar, C:\Users\Nicolas\.ivy2\cache\com.typesafe.play\build-link\jars\build-link-2.5.0.jar, C:\Users\Nicolas\.ivy2\cache\com.typesafe.play\play-exceptions\jars\play-exceptions-2.5.0.jar, C:\Users\Nicolas\.ivy2\cache\com.typesafe.play\play-iteratees_2.11\jars\play-iteratees_2.11-2.5.0.jar, C:\Users\Nicolas\.ivy2\cache\org.scala-stm\scala-stm_2.11\jars\scala-stm_2.11-0.7.jar, C:\Users\Nicolas\Desktop\activator-dist-1.3.10\repository\com.typesafe\config\1.3.0\bundles\config.jar, C:\Users\Nicolas\.ivy2\cache\com.typesafe.play\play-json_2.11\jars\play-json_2.11-2.5.0.jar, C:\Users\Nicolas\.ivy2\cache\com.typesafe.play\play-functional_2.11\jars\play-functional_2.11-2.5.0.jar, C:\Users\Nicolas\.ivy2\cache\com.typesafe.play\play-datacommons_2.11\jars\play-datacommons_2.11-2.5.0.jar, C:\Users\Nicolas\.ivy2\cache\joda-time\joda-time\jars\joda-time-2.9.2.jar, C:\Users\Nicolas\.ivy2\cache\org.joda\joda-convert\jars\joda-convert-1.8.1.jar, C:\Users\Nicolas\.ivy2\cache\org.scala-lang\scala-reflect\jars\scala-reflect-2.11.7.jar, C:\Users\Nicolas\.ivy2\cache\com.fasterxml.jackson.core\jackson-core\bundles\jackson-core-2.7.1.jar, C:\Users\Nicolas\.ivy2\cache\com.fasterxml.jackson.core\jackson-annotations\bundles\jackson-annotations-2.7.1.jar, C:\Users\Nicolas\.ivy2\cache\com.fasterxml.jackson.core\jackson-databind\bundles\jackson-databind-2.7.1.jar, C:\Users\Nicolas\.ivy2\cache\com.fasterxml.jackson.datatype\jackson-datatype-jdk8\bundles\jackson-datatype-jdk8-2.7.1.jar, C:\Users\Nicolas\.ivy2\cache\com.fasterxml.jackson.datatype\jackson-datatype-jsr310\bundles\jackson-datatype-jsr310-2.7.1.jar, C:\Users\Nicolas\.ivy2\cache\com.typesafe.play\play-netty-utils\jars\play-netty-utils-2.5.0.jar, C:\Users\Nicolas\.ivy2\cache\org.slf4j\slf4j-api\jars\slf4j-api-1.7.16.jar, C:\Users\Nicolas\.ivy2\cache\org.slf4j\jul-to-slf4j\jars\jul-to-slf4j-1.7.16.jar, C:\Users\Nicolas\.ivy2\cache\org.slf4j\jcl-over-slf4j\jars\jcl-over-slf4j-1.7.16.jar, C:\Users\Nicolas\.ivy2\cache\com.typesafe.play\play-streams_2.11\jars\play-streams_2.11-2.5.0.jar, C:\Users\Nicolas\Desktop\scalparo\activator-dist-1.3.10\repository\org.reactivestreams\reactive-streams\1.0.0\jars\reactive-streams.jar, C:\Users\Nicolas\.ivy2\cache\com.typesafe.akka\akka-stream_2.11\jars\akka-stream_2.11-2.4.2.jar, C:\Users\Nicolas\.ivy2\cache\com.typesafe.akka\akka-actor_2.11\jars\akka-actor_2.11-2.4.2.jar, C:\Users\Nicolas\.ivy2\cache\org.scala-lang.modules\scala-java8-compat_2.11\bundles\scala-java8-compat_2.11-0.7.0.jar, C:\Users\Nicolas\.ivy2\cache\com.typesafe\ssl-config-akka_2.11\bundles\ssl-config-akka_2.11-0.1.3.jar, C:\Users\Nicolas\.ivy2\cache\com.typesafe\ssl-config-core_2.11\bundles\ssl-config-core_2.11-0.1.3.jar, C:\Users\Nicolas\.ivy2\cache\org.scala-lang.modules\scala-parser-combinators_2.11\bundles\scala-parser-combinators_2.11-1.0.4.jar, C:\Users\Nicolas\Desktop\scalparo\activator-dist-1.3.10\repository\com.typesafe.play\twirl-api_2.11\1.1.1\jars\twirl-api_2.11.jar, C:\Users\Nicolas\Desktop\activator-dist-1.3.10\repository\org.apache.commons\commons-lang3\3.4\jars\commons-lang3.jar, C:\Users\Nicolas\.ivy2\cache\org.scala-lang.modules\scala-xml_2.11\bundles\scala-xml_2.11-1.0.1.jar, C:\Users\Nicolas\.ivy2\cache\com.typesafe.akka\akka-slf4j_2.11\jars\akka-slf4j_2.11-2.4.2.jar, C:\Users\Nicolas\Desktop\scalparo\activator-dist-1.3.10\repository\commons-codec\commons-codec\1.10\jars\commons-codec.jar, C:\Users\Nicolas\.ivy2\cache\xerces\xercesImpl\jars\xercesImpl-2.11.0.jar, C:\Users\Nicolas\.ivy2\cache\xml-apis\xml-apis\jars\xml-apis-1.4.01.jar, C:\Users\Nicolas\.ivy2\cache\javax.transaction\jta\jars\jta-1.1.jar, C:\Users\Nicolas\Desktop\scalparo\activator-dist-1.3.10\repository\com.google.inject\guice\4.0\jars\guice.jar, C:\Users\Nicolas\Desktop\activator-dist-1.3.10\repository\javax.inject\javax.inject\1\jars\javax.inject.jar, C:\Users\Nicolas\Desktop\activator-dist-1.3.10\repository\aopalliance\aopalliance\1.0\jars\aopalliance.jar, C:\Users\Nicolas\.ivy2\cache\com.google.guava\guava\bundles\guava-16.0.1.jar, C:\Users\Nicolas\Desktop\scalparo\activator-dist-1.3.10\repository\com.google.inject.extensions\guice-assistedinject\4.0\jars\guice-assistedinject.jar, C:\Users\Nicolas\.ivy2\cache\com.typesafe.netty\netty-reactive-streams-http\jars\netty-reactive-streams-http-1.0.2.jar, C:\Users\Nicolas\.ivy2\cache\com.typesafe.netty\netty-reactive-streams\jars\netty-reactive-streams-1.0.2.jar, C:\Users\Nicolas\.ivy2\cache\io.netty\netty-handler\jars\netty-handler-4.0.33.Final.jar, C:\Users\Nicolas\.ivy2\cache\io.netty\netty-buffer\jars\netty-buffer-4.0.33.Final.jar, C:\Users\Nicolas\.ivy2\cache\io.netty\netty-common\jars\netty-common-4.0.33.Final.jar, C:\Users\Nicolas\.ivy2\cache\io.netty\netty-transport\jars\netty-transport-4.0.33.Final.jar, C:\Users\Nicolas\.ivy2\cache\io.netty\netty-codec\jars\netty-codec-4.0.33.Final.jar, C:\Users\Nicolas\.ivy2\cache\io.netty\netty-codec-http\jars\netty-codec-http-4.0.33.Final.jar, C:\Users\Nicolas\.ivy2\cache\io.netty\netty-transport-native-epoll\jars\netty-transport-native-epoll-4.0.33.Final-linux-x86_64.jar, C:\Users\Nicolas\Desktop\scalparo\activator-dist-1.3.10\repository\com.typesafe.play\play-doc_2.11\1.2.2\jars\play-doc_2.11.jar, C:\Users\Nicolas\.ivy2\cache\org.pegdown\pegdown\jars\pegdown-1.4.0.jar, C:\Users\Nicolas\.ivy2\cache\org.parboiled\parboiled-java\bundles\parboiled-java-1.1.5.jar, C:\Users\Nicolas\.ivy2\cache\org.parboiled\parboiled-core\bundles\parboiled-core-1.1.5.jar, C:\Users\Nicolas\.ivy2\cache\org.ow2.asm\asm\jars\asm-4.1.jar, C:\Users\Nicolas\.ivy2\cache\org.ow2.asm\asm-tree\jars\asm-tree-4.1.jar, C:\Users\Nicolas\.ivy2\cache\org.ow2.asm\asm-analysis\jars\asm-analysis-4.1.jar, C:\Users\Nicolas\.ivy2\cache\org.ow2.asm\asm-util\jars\asm-util-4.1.jar, C:\Users\Nicolas\Desktop\activator-dist-1.3.10\repository\commons-io\commons-io\2.4\jars\commons-io.jar),Some(C:\Users\Nicolas\.ivy2\cache\com.typesafe.play\play-omnidoc_2.11\jars\play-omnidoc_2.11-2.5.0.jar),List(),9000,0.0.0.0,DefaultWatchService,List(C:\Users\Nicolas\Documents\ScalaRamo\MarketSimulation\public, C:\Users\Nicolas\Documents\ScalaRamo\MarketSimulation\conf, C:\Users\Nicolas\Documents\ScalaRamo\MarketSimulation\app),C:\Users\Nicolas\Documents\ScalaRamo\MarketSimulation\target,500,root/playForkNotifyStart,root/playForkReload,300000,play.core.server.DevServerStart),scala.pickling.PicklerUnpickler$DelegatingPicklerUnpickler@42152c4d),ForkConfig(C:\Users\Nicolas\Documents\ScalaRamo\MarketSimulation,List(-Djna.nosys=true),List(C:\Users\Nicolas\.ivy2\cache\org.scala-lang\scala-library\jars\scala-library-2.11.7.jar, C:\Users\Nicolas\Desktop\scalparo\activator-dist-1.3.10\repository\com.typesafe.play\twirl-api_2.11\1.1.1\jars\twirl-api_2.11.jar, C:\Users\Nicolas\Desktop\activator-dist-1.3.10\repository\org.apache.commons\commons-lang3\3.4\jars\commons-lang3.jar, C:\Users\Nicolas\.ivy2\cache\org.scala-lang.modules\scala-xml_2.11\bundles\scala-xml_2.11-1.0.1.jar, C:\Users\Nicolas\.ivy2\cache\com.typesafe.play\play-server_2.11\jars\play-server_2.11-2.5.0.jar, C:\Users\Nicolas\.ivy2\cache\com.typesafe.play\play_2.11\jars\play_2.11-2.5.0.jar, C:\Users\Nicolas\.ivy2\cache\com.typesafe.play\build-link\jars\build-link-2.5.0.jar, C:\Users\Nicolas\.ivy2\cache\com.typesafe.play\play-exceptions\jars\play-exceptions-2.5.0.jar, C:\Users\Nicolas\.ivy2\cache\com.typesafe.play\play-iteratees_2.11\jars\play-iteratees_2.11-2.5.0.jar, C:\Users\Nicolas\.ivy2\cache\org.scala-stm\scala-stm_2.11\jars\scala-stm_2.11-0.7.jar, C:\Users\Nicolas\Desktop\activator-dist-1.3.10\repository\com.typesafe\config\1.3.0\bundles\config.jar, C:\Users\Nicolas\.ivy2\cache\com.typesafe.play\play-json_2.11\jars\play-json_2.11-2.5.0.jar, C:\Users\Nicolas\.ivy2\cache\com.typesafe.play\play-functional_2.11\jars\play-functional_2.11-2.5.0.jar, C:\Users\Nicolas\.ivy2\cache\com.typesafe.play\play-datacommons_2.11\jars\play-datacommons_2.11-2.5.0.jar, C:\Users\Nicolas\.ivy2\cache\joda-time\joda-time\jars\joda-time-2.9.2.jar, C:\Users\Nicolas\.ivy2\cache\org.joda\joda-convert\jars\joda-convert-1.8.1.jar, C:\Users\Nicolas\.ivy2\cache\org.scala-lang\scala-reflect\jars\scala-reflect-2.11.7.jar, C:\Users\Nicolas\.ivy2\cache\com.fasterxml.jackson.core\jackson-core\bundles\jackson-core-2.7.1.jar, C:\Users\Nicolas\.ivy2\cache\com.fasterxml.jackson.core\jackson-annotations\bundles\jackson-annotations-2.7.1.jar, C:\Users\Nicolas\.ivy2\cache\com.fasterxml.jackson.core\jackson-databind\bundles\jackson-databind-2.7.1.jar, C:\Users\Nicolas\.ivy2\cache\com.fasterxml.jackson.datatype\jackson-datatype-jdk8\bundles\jackson-datatype-jdk8-2.7.1.jar, C:\Users\Nicolas\.ivy2\cache\com.fasterxml.jackson.datatype\jackson-datatype-jsr310\bundles\jackson-datatype-jsr310-2.7.1.jar, C:\Users\Nicolas\.ivy2\cache\com.typesafe.play\play-netty-utils\jars\play-netty-utils-2.5.0.jar, C:\Users\Nicolas\.ivy2\cache\org.slf4j\slf4j-api\jars\slf4j-api-1.7.16.jar, C:\Users\Nicolas\.ivy2\cache\org.slf4j\jul-to-slf4j\jars\jul-to-slf4j-1.7.16.jar, C:\Users\Nicolas\.ivy2\cache\org.slf4j\jcl-over-slf4j\jars\jcl-over-slf4j-1.7.16.jar, C:\Users\Nicolas\.ivy2\cache\com.typesafe.play\play-streams_2.11\jars\play-streams_2.11-2.5.0.jar, C:\Users\Nicolas\Desktop\scalparo\activator-dist-1.3.10\repository\org.reactivestreams\reactive-streams\1.0.0\jars\reactive-streams.jar, C:\Users\Nicolas\.ivy2\cache\com.typesafe.akka\akka-stream_2.11\jars\akka-stream_2.11-2.4.2.jar, C:\Users\Nicolas\.ivy2\cache\com.typesafe.akka\akka-actor_2.11\jars\akka-actor_2.11-2.4.2.jar, C:\Users\Nicolas\.ivy2\cache\org.scala-lang.modules\scala-java8-compat_2.11\bundles\scala-java8-compat_2.11-0.7.0.jar, C:\Users\Nicolas\.ivy2\cache\com.typesafe\ssl-config-akka_2.11\bundles\ssl-config-akka_2.11-0.1.3.jar, C:\Users\Nicolas\.ivy2\cache\com.typesafe\ssl-config-core_2.11\bundles\ssl-config-core_2.11-0.1.3.jar, C:\Users\Nicolas\.ivy2\cache\org.scala-lang.modules\scala-parser-combinators_2.11\bundles\scala-parser-combinators_2.11-1.0.4.jar, C:\Users\Nicolas\.ivy2\cache\com.typesafe.akka\akka-slf4j_2.11\jars\akka-slf4j_2.11-2.4.2.jar, C:\Users\Nicolas\Desktop\scalparo\activator-dist-1.3.10\repository\commons-codec\commons-codec\1.10\jars\commons-codec.jar, C:\Users\Nicolas\.ivy2\cache\xerces\xercesImpl\jars\xercesImpl-2.11.0.jar, C:\Users\Nicolas\.ivy2\cache\xml-apis\xml-apis\jars\xml-apis-1.4.01.jar, C:\Users\Nicolas\.ivy2\cache\javax.transaction\jta\jars\jta-1.1.jar, C:\Users\Nicolas\Desktop\scalparo\activator-dist-1.3.10\repository\com.google.inject\guice\4.0\jars\guice.jar, C:\Users\Nicolas\Desktop\activator-dist-1.3.10\repository\javax.inject\javax.inject\1\jars\javax.inject.jar, C:\Users\Nicolas\Desktop\activator-dist-1.3.10\repository\aopalliance\aopalliance\1.0\jars\aopalliance.jar, C:\Users\Nicolas\Desktop\scalparo\activator-dist-1.3.10\repository\com.google.inject.extensions\guice-assistedinject\4.0\jars\guice-assistedinject.jar, C:\Users\Nicolas\.ivy2\cache\com.typesafe.play\play-netty-server_2.11\jars\play-netty-server_2.11-2.5.0.jar, C:\Users\Nicolas\.ivy2\cache\com.typesafe.netty\netty-reactive-streams-http\jars\netty-reactive-streams-http-1.0.2.jar, C:\Users\Nicolas\.ivy2\cache\com.typesafe.netty\netty-reactive-streams\jars\netty-reactive-streams-1.0.2.jar, C:\Users\Nicolas\.ivy2\cache\io.netty\netty-transport-native-epoll\jars\netty-transport-native-epoll-4.0.33.Final-linux-x86_64.jar, C:\Users\Nicolas\.ivy2\cache\com.typesafe.play\play-logback_2.11\jars\play-logback_2.11-2.5.0.jar, C:\Users\Nicolas\.ivy2\cache\ch.qos.logback\logback-core\jars\logback-core-1.1.4.jar, C:\Users\Nicolas\.ivy2\cache\ch.qos.logback\logback-classic\jars\logback-classic-1.1.4.jar, C:\Users\Nicolas\.ivy2\cache\com.typesafe.play\play-slick_2.11\jars\play-slick_2.11-1.1.1.jar, C:\Users\Nicolas\.ivy2\cache\com.typesafe.slick\slick_2.11\bundles\slick_2.11-3.1.0.jar, C:\Users\Nicolas\.ivy2\cache\com.typesafe.slick\slick-hikaricp_2.11\bundles\slick-hikaricp_2.11-3.1.0.jar, C:\Users\Nicolas\.ivy2\cache\com.zaxxer\HikariCP-java6\bundles\HikariCP-java6-2.3.7.jar, C:\Users\Nicolas\.ivy2\cache\com.typesafe.play\play-slick-evolutions_2.11\jars\play-slick-evolutions_2.11-1.1.1.jar, C:\Users\Nicolas\.ivy2\cache\com.typesafe.play\play-jdbc-evolutions_2.11\jars\play-jdbc-evolutions_2.11-2.5.0.jar, C:\Users\Nicolas\.ivy2\cache\com.typesafe.play\play-jdbc-api_2.11\jars\play-jdbc-api_2.11-2.5.0.jar, C:\Users\Nicolas\.ivy2\cache\com.h2database\h2\jars\h2-1.4.191.jar, C:\Users\Nicolas\.ivy2\cache\com.typesafe.play\play-cache_2.11\jars\play-cache_2.11-2.5.0.jar, C:\Users\Nicolas\.ivy2\cache\net.sf.ehcache\ehcache-core\jars\ehcache-core-2.6.11.jar, C:\Users\Nicolas\.ivy2\cache\com.typesafe.play\play-ws_2.11\jars\play-ws_2.11-2.5.0.jar, C:\Users\Nicolas\.ivy2\cache\com.google.guava\guava\bundles\guava-19.0.jar, C:\Users\Nicolas\.ivy2\cache\org.asynchttpclient\async-http-client\jars\async-http-client-2.0.0-RC9.jar, C:\Users\Nicolas\.ivy2\cache\io.netty\netty-codec-http\jars\netty-codec-http-4.0.34.Final.jar, C:\Users\Nicolas\.ivy2\cache\io.netty\netty-codec\jars\netty-codec-4.0.34.Final.jar, C:\Users\Nicolas\.ivy2\cache\io.netty\netty-transport\jars\netty-transport-4.0.34.Final.jar, C:\Users\Nicolas\.ivy2\cache\io.netty\netty-buffer\jars\netty-buffer-4.0.34.Final.jar, C:\Users\Nicolas\.ivy2\cache\io.netty\netty-common\jars\netty-common-4.0.34.Final.jar, C:\Users\Nicolas\.ivy2\cache\io.netty\netty-handler\jars\netty-handler-4.0.34.Final.jar, C:\Users\Nicolas\.ivy2\cache\org.asynchttpclient\netty-resolver-dns\jars\netty-resolver-dns-2.0.0-RC9.jar, C:\Users\Nicolas\.ivy2\cache\org.asynchttpclient\netty-resolver\jars\netty-resolver-2.0.0-RC9.jar, C:\Users\Nicolas\.ivy2\cache\org.asynchttpclient\netty-codec-dns\jars\netty-codec-dns-2.0.0-RC9.jar, C:\Users\Nicolas\.ivy2\cache\org.javassist\javassist\bundles\javassist-3.20.0-GA.jar, C:\Users\Nicolas\.ivy2\cache\oauth.signpost\signpost-core\jars\signpost-core-1.2.1.2.jar, C:\Users\Nicolas\.ivy2\cache\oauth.signpost\signpost-commonshttp4\jars\signpost-commonshttp4-1.2.1.2.jar, C:\Users\Nicolas\.ivy2\cache\org.apache.httpcomponents\httpcore\jars\httpcore-4.0.1.jar, C:\Users\Nicolas\.ivy2\cache\org.apache.httpcomponents\httpclient\jars\httpclient-4.0.1.jar, C:\Users\Nicolas\.ivy2\cache\commons-logging\commons-logging\jars\commons-logging-1.1.1.jar),List((public/,C:\Users\Nicolas\Documents\ScalaRamo\MarketSimulation\target\web\public\main)),List(C:\Users\Nicolas\.ivy2\cache\com.typesafe.play\play-omnidoc_2.11\jars\play-omnidoc_2.11-2.5.0.jar, C:\Users\Nicolas\.ivy2\cache\org.scala-lang\scala-library\jars\scala-library-2.11.7.jar, C:\Users\Nicolas\.ivy2\cache\com.typesafe.play\play-docs_2.11\jars\play-docs_2.11-2.5.0.jar, C:\Users\Nicolas\.ivy2\cache\com.typesafe.play\play-netty-server_2.11\jars\play-netty-server_2.11-2.5.0.jar, C:\Users\Nicolas\.ivy2\cache\com.typesafe.play\play-server_2.11\jars\play-server_2.11-2.5.0.jar, C:\Users\Nicolas\.ivy2\cache\com.typesafe.play\play_2.11\jars\play_2.11-2.5.0.jar, C:\Users\Nicolas\.ivy2\cache\com.typesafe.play\build-link\jars\build-link-2.5.0.jar, C:\Users\Nicolas\.ivy2\cache\com.typesafe.play\play-exceptions\jars\play-exceptions-2.5.0.jar, C:\Users\Nicolas\.ivy2\cache\com.typesafe.play\play-iteratees_2.11\jars\play-iteratees_2.11-2.5.0.jar, C:\Users\Nicolas\.ivy2\cache\org.scala-stm\scala-stm_2.11\jars\scala-stm_2.11-0.7.jar, C:\Users\Nicolas\Desktop\activator-dist-1.3.10\repository\com.typesafe\config\1.3.0\bundles\config.jar, C:\Users\Nicolas\.ivy2\cache\com.typesafe.play\play-json_2.11\jars\play-json_2.11-2.5.0.jar, C:\Users\Nicolas\.ivy2\cache\com.typesafe.play\play-functional_2.11\jars\play-functional_2.11-2.5.0.jar, C:\Users\Nicolas\.ivy2\cache\com.typesafe.play\play-datacommons_2.11\jars\play-datacommons_2.11-2.5.0.jar, C:\Users\Nicolas\.ivy2\cache\joda-time\joda-time\jars\joda-time-2.9.2.jar, C:\Users\Nicolas\.ivy2\cache\org.joda\joda-convert\jars\joda-convert-1.8.1.jar, C:\Users\Nicolas\.ivy2\cache\org.scala-lang\scala-reflect\jars\scala-reflect-2.11.7.jar, C:\Users\Nicolas\.ivy2\cache\com.fasterxml.jackson.core\jackson-core\bundles\jackson-core-2.7.1.jar, C:\Users\Nicolas\.ivy2\cache\com.fasterxml.jackson.core\jackson-annotations\bundles\jackson-annotations-2.7.1.jar, C:\Users\Nicolas\.ivy2\cache\com.fasterxml.jackson.core\jackson-databind\bundles\jackson-databind-2.7.1.jar, C:\Users\Nicolas\.ivy2\cache\com.fasterxml.jackson.datatype\jackson-datatype-jdk8\bundles\jackson-datatype-jdk8-2.7.1.jar, C:\Users\Nicolas\.ivy2\cache\com.fasterxml.jackson.datatype\jackson-datatype-jsr310\bundles\jackson-datatype-jsr310-2.7.1.jar, C:\Users\Nicolas\.ivy2\cache\com.typesafe.play\play-netty-utils\jars\play-netty-utils-2.5.0.jar, C:\Users\Nicolas\.ivy2\cache\org.slf4j\slf4j-api\jars\slf4j-api-1.7.16.jar, C:\Users\Nicolas\.ivy2\cache\org.slf4j\jul-to-slf4j\jars\jul-to-slf4j-1.7.16.jar, C:\Users\Nicolas\.ivy2\cache\org.slf4j\jcl-over-slf4j\jars\jcl-over-slf4j-1.7.16.jar, C:\Users\Nicolas\.ivy2\cache\com.typesafe.play\play-streams_2.11\jars\play-streams_2.11-2.5.0.jar, C:\Users\Nicolas\Desktop\scalparo\activator-dist-1.3.10\repository\org.reactivestreams\reactive-streams\1.0.0\jars\reactive-streams.jar, C:\Users\Nicolas\.ivy2\cache\com.typesafe.akka\akka-stream_2.11\jars\akka-stream_2.11-2.4.2.jar, C:\Users\Nicolas\.ivy2\cache\com.typesafe.akka\akka-actor_2.11\jars\akka-actor_2.11-2.4.2.jar, C:\Users\Nicolas\.ivy2\cache\org.scala-lang.modules\scala-java8-compat_2.11\bundles\scala-java8-compat_2.11-0.7.0.jar, C:\Users\Nicolas\.ivy2\cache\com.typesafe\ssl-config-akka_2.11\bundles\ssl-config-akka_2.11-0.1.3.jar, C:\Users\Nicolas\.ivy2\cache\com.typesafe\ssl-config-core_2.11\bundles\ssl-config-core_2.11-0.1.3.jar, C:\Users\Nicolas\.ivy2\cache\org.scala-lang.modules\scala-parser-combinators_2.11\bundles\scala-parser-combinators_2.11-1.0.4.jar, C:\Users\Nicolas\Desktop\scalparo\activator-dist-1.3.10\repository\com.typesafe.play\twirl-api_2.11\1.1.1\jars\twirl-api_2.11.jar, C:\Users\Nicolas\Desktop\activator-dist-1.3.10\repository\org.apache.commons\commons-lang3\3.4\jars\commons-lang3.jar, C:\Users\Nicolas\.ivy2\cache\org.scala-lang.modules\scala-xml_2.11\bundles\scala-xml_2.11-1.0.1.jar, C:\Users\Nicolas\.ivy2\cache\com.typesafe.akka\akka-slf4j_2.11\jars\akka-slf4j_2.11-2.4.2.jar, C:\Users\Nicolas\Desktop\scalparo\activator-dist-1.3.10\repository\commons-codec\commons-codec\1.10\jars\commons-codec.jar, C:\Users\Nicolas\.ivy2\cache\xerces\xercesImpl\jars\xercesImpl-2.11.0.jar, C:\Users\Nicolas\.ivy2\cache\xml-apis\xml-apis\jars\xml-apis-1.4.01.jar, C:\Users\Nicolas\.ivy2\cache\javax.transaction\jta\jars\jta-1.1.jar, C:\Users\Nicolas\Desktop\scalparo\activator-dist-1.3.10\repository\com.google.inject\guice\4.0\jars\guice.jar, C:\Users\Nicolas\Desktop\activator-dist-1.3.10\repository\javax.inject\javax.inject\1\jars\javax.inject.jar, C:\Users\Nicolas\Desktop\activator-dist-1.3.10\repository\aopalliance\aopalliance\1.0\jars\aopalliance.jar, C:\Users\Nicolas\.ivy2\cache\com.google.guava\guava\bundles\guava-16.0.1.jar, C:\Users\Nicolas\Desktop\scalparo\activator-dist-1.3.10\repository\com.google.inject.extensions\guice-assistedinject\4.0\jars\guice-assistedinject.jar, C:\Users\Nicolas\.ivy2\cache\com.typesafe.netty\netty-reactive-streams-http\jars\netty-reactive-streams-http-1.0.2.jar, C:\Users\Nicolas\.ivy2\cache\com.typesafe.netty\netty-reactive-streams\jars\netty-reactive-streams-1.0.2.jar, C:\Users\Nicolas\.ivy2\cache\io.netty\netty-handler\jars\netty-handler-4.0.33.Final.jar, C:\Users\Nicolas\.ivy2\cache\io.netty\netty-buffer\jars\netty-buffer-4.0.33.Final.jar, C:\Users\Nicolas\.ivy2\cache\io.netty\netty-common\jars\netty-common-4.0.33.Final.jar, C:\Users\Nicolas\.ivy2\cache\io.netty\netty-transport\jars\netty-transport-4.0.33.Final.jar, C:\Users\Nicolas\.ivy2\cache\io.netty\netty-codec\jars\netty-codec-4.0.33.Final.jar, C:\Users\Nicolas\.ivy2\cache\io.netty\netty-codec-http\jars\netty-codec-http-4.0.33.Final.jar, C:\Users\Nicolas\.ivy2\cache\io.netty\netty-transport-native-epoll\jars\netty-transport-native-epoll-4.0.33.Final-linux-x86_64.jar, C:\Users\Nicolas\Desktop\scalparo\activator-dist-1.3.10\repository\com.typesafe.play\play-doc_2.11\1.2.2\jars\play-doc_2.11.jar, C:\Users\Nicolas\.ivy2\cache\org.pegdown\pegdown\jars\pegdown-1.4.0.jar, C:\Users\Nicolas\.ivy2\cache\org.parboiled\parboiled-java\bundles\parboiled-java-1.1.5.jar, C:\Users\Nicolas\.ivy2\cache\org.parboiled\parboiled-core\bundles\parboiled-core-1.1.5.jar, C:\Users\Nicolas\.ivy2\cache\org.ow2.asm\asm\jars\asm-4.1.jar, C:\Users\Nicolas\.ivy2\cache\org.ow2.asm\asm-tree\jars\asm-tree-4.1.jar, C:\Users\Nicolas\.ivy2\cache\org.ow2.asm\asm-analysis\jars\asm-analysis-4.1.jar, C:\Users\Nicolas\.ivy2\cache\org.ow2.asm\asm-util\jars\asm-util-4.1.jar, C:\Users\Nicolas\Desktop\activator-dist-1.3.10\repository\commons-io\commons-io\2.4\jars\commons-io.jar),Some(C:\Users\Nicolas\.ivy2\cache\com.typesafe.play\play-omnidoc_2.11\jars\play-omnidoc_2.11-2.5.0.jar),List(),9000,0.0.0.0,DefaultWatchService,List(C:\Users\Nicolas\Documents\ScalaRamo\MarketSimulation\public, C:\Users\Nicolas\Documents\ScalaRamo\MarketSimulation\conf, C:\Users\Nicolas\Documents\ScalaRamo\MarketSimulation\app),C:\Users\Nicolas\Documents\ScalaRamo\MarketSimulation\target,500,root/playForkNotifyStart,root/playForkReload,300000,play.core.server.DevServerStart))))
Sending msg to client play-fork-run-460a61f0-cc45-46b8-927f-1d9a4f600ad5: TaskStarted(30,3584,None)
Sending msg to client play-fork-run-460a61f0-cc45-46b8-927f-1d9a4f600ad5: TaskFinished(30,3584,None,true,None)
Sending msg to client play-fork-run-460a61f0-cc45-46b8-927f-1d9a4f600ad5: TaskStarted(30,3583,None)
Sending msg to client play-fork-run-460a61f0-cc45-46b8-927f-1d9a4f600ad5: TaskFinished(30,3583,None,true,None)
Sending msg to client play-fork-run-460a61f0-cc45-46b8-927f-1d9a4f600ad5: DetachedLogEvent(LogMessage(debug,cancel strategy finish enabled=false lastCommand=Some(LastCommand(CommandExecutionWork(ExecutionId(30),{file:/C:/Users/Nicolas/Documents/ScalaRamo/MarketSimulation/}root/*:playForkConfig,Set(LiveClient(play-fork-run 460a61f0-cc45-46b8-927f-1d9a4f600ad5)),sbt.server.WorkCancellationStatus$$anon$1@48684549)))))
Sending msg to client play-fork-run-460a61f0-cc45-46b8-927f-1d9a4f600ad5: DetachedLogEvent(LogSuccess(Total time: 0 s, completed 04-08-2016 2:02:32))
Sending msg to client play-fork-run-460a61f0-cc45-46b8-927f-1d9a4f600ad5: DetachedLogEvent(LogMessage(debug,> server-post-command-cleanup))
Sending msg to client play-fork-run-460a61f0-cc45-46b8-927f-1d9a4f600ad5: ExecutionSuccess(30)
Sending msg to client play-fork-run-460a61f0-cc45-46b8-927f-1d9a4f600ad5: DetachedLogEvent(LogMessage(debug,> server-handle-next-server-request))
Sending msg to client play-fork-run-460a61f0-cc45-46b8-927f-1d9a4f600ad5: BackgroundJobLogEvent(3,LogMessage(info,))
Sending msg to client play-fork-run-460a61f0-cc45-46b8-927f-1d9a4f600ad5: BackgroundJobLogEvent(3,LogMessage(info,--- (Running the application, auto-reloading is enabled) ---))
Sending msg to client play-fork-run-460a61f0-cc45-46b8-927f-1d9a4f600ad5: BackgroundJobLogEvent(3,LogMessage(info,))
Sending msg to client play-fork-run-460a61f0-cc45-46b8-927f-1d9a4f600ad5: BackgroundJobLogEvent(3,LogMessage(info,p.c.s.NettyServer - Listening for HTTP on /0:0:0:0:0:0:0:0:9000))
Sending msg to client play-fork-run-460a61f0-cc45-46b8-927f-1d9a4f600ad5: BackgroundJobLogEvent(3,LogMessage(info,))
Sending msg to client play-fork-run-460a61f0-cc45-46b8-927f-1d9a4f600ad5: BackgroundJobLogEvent(3,LogMessage(info,(Server started, use Ctrl+D to stop and go back to the console...)))
Sending msg to client play-fork-run-460a61f0-cc45-46b8-927f-1d9a4f600ad5: BackgroundJobLogEvent(3,LogMessage(info,))
Got request: ExecutionRequest(root/playForkNotifyStart http://localhost:9000)
Reading next message from client.
Sending msg to client play-fork-run-460a61f0-cc45-46b8-927f-1d9a4f600ad5: (8,ExecutionRequestReceived(31))
Sending msg to client play-fork-run-460a61f0-cc45-46b8-927f-1d9a4f600ad5: ExecutionWaiting(31,root/playForkNotifyStart http://localhost:9000,ClientInfo(460a61f0-cc45-46b8-927f-1d9a4f600ad5,play-fork-run,Play Fork Run,1,Vector()))
Sending msg to client play-fork-run-460a61f0-cc45-46b8-927f-1d9a4f600ad5: ExecutionStarting(31)
Sending msg to client play-fork-run-460a61f0-cc45-46b8-927f-1d9a4f600ad5: DetachedLogEvent(LogMessage(debug,> root/playForkNotifyStart http://localhost:9000))
Sending msg to client play-fork-run-460a61f0-cc45-46b8-927f-1d9a4f600ad5: DetachedLogEvent(LogMessage(debug,Evaluating tasks: *:playForkNotifyStart))
Sending msg to client play-fork-run-460a61f0-cc45-46b8-927f-1d9a4f600ad5: DetachedLogEvent(LogMessage(debug,Running task... Cancel: sbt.server.ServerTaskCancellation@529a4746, check cycles: false))
Sending msg to client play-fork-run-460a61f0-cc45-46b8-927f-1d9a4f600ad5: DetachedLogEvent(LogMessage(debug,cancel strategy start enabled=true lastCommand=Some(LastCommand(CommandExecutionWork(ExecutionId(31),root/playForkNotifyStart http://localhost:9000,Set(LiveClient(play-fork-run 460a61f0-cc45-46b8-927f-1d9a4f600ad5)),sbt.server.WorkCancellationStatus$$anon$1@7b582842)))))
Sending msg to client play-fork-run-460a61f0-cc45-46b8-927f-1d9a4f600ad5: TaskStarted(31,3663,Some(AttributeKey[sbt.SendEventService]("sendEventService") in Scope(Global)))
Sending msg to client play-fork-run-460a61f0-cc45-46b8-927f-1d9a4f600ad5: TaskFinished(31,3663,Some(AttributeKey[sbt.SendEventService]("sendEventService") in Scope(Global)),true,None)
Sending msg to client play-fork-run-460a61f0-cc45-46b8-927f-1d9a4f600ad5: TaskStarted(31,3662,Some(AttributeKey[scala.Function1[java.lang.String,void]]("playForkStarted") in Scope(Build: file:/C:/Users/Nicolas/Documents/ScalaRamo/MarketSimulation/, , Project: ProjectReference(file:/C:/Users/Nicolas/Documents/ScalaRamo/MarketSimulation/,root))))
Sending msg to client play-fork-run-460a61f0-cc45-46b8-927f-1d9a4f600ad5: TaskFinished(31,3662,Some(AttributeKey[scala.Function1[java.lang.String,void]]("playForkStarted") in Scope(Build: file:/C:/Users/Nicolas/Documents/ScalaRamo/MarketSimulation/, , Project: ProjectReference(file:/C:/Users/Nicolas/Documents/ScalaRamo/MarketSimulation/,root))),true,None)
Sending msg to client play-fork-run-460a61f0-cc45-46b8-927f-1d9a4f600ad5: TaskStarted(31,3661,Some(AttributeKey[void]("playForkNotifyStart") in Scope(Build: file:/C:/Users/Nicolas/Documents/ScalaRamo/MarketSimulation/, , Project: ProjectReference(file:/C:/Users/Nicolas/Documents/ScalaRamo/MarketSimulation/,root))))
Sending msg to client play-fork-run-460a61f0-cc45-46b8-927f-1d9a4f600ad5: TaskEvent(3661,LazyValue(PlayServerStarted(http://localhost:9000),play.forkrun.protocol.Serializers$PlayForkrunProtocolPlayServerStartedPickler1$2$@113a7d5d))
Sending msg to client play-fork-run-460a61f0-cc45-46b8-927f-1d9a4f600ad5: TaskFinished(31,3661,Some(AttributeKey[void]("playForkNotifyStart") in Scope(Build: file:/C:/Users/Nicolas/Documents/ScalaRamo/MarketSimulation/, , Project: ProjectReference(file:/C:/Users/Nicolas/Documents/ScalaRamo/MarketSimulation/,root))),true,None)
Sending msg to client play-fork-run-460a61f0-cc45-46b8-927f-1d9a4f600ad5: TaskStarted(31,3660,None)
Sending msg to client play-fork-run-460a61f0-cc45-46b8-927f-1d9a4f600ad5: TaskFinished(31,3660,None,true,None)
Sending msg to client play-fork-run-460a61f0-cc45-46b8-927f-1d9a4f600ad5: TaskStarted(31,3659,None)
Sending msg to client play-fork-run-460a61f0-cc45-46b8-927f-1d9a4f600ad5: TaskFinished(31,3659,None,true,None)
Sending msg to client play-fork-run-460a61f0-cc45-46b8-927f-1d9a4f600ad5: DetachedLogEvent(LogMessage(debug,cancel strategy finish enabled=false lastCommand=Some(LastCommand(CommandExecutionWork(ExecutionId(31),root/playForkNotifyStart http://localhost:9000,Set(LiveClient(play-fork-run 460a61f0-cc45-46b8-927f-1d9a4f600ad5)),sbt.server.WorkCancellationStatus$$anon$1@7b582842)))))
Sending msg to client play-fork-run-460a61f0-cc45-46b8-927f-1d9a4f600ad5: DetachedLogEvent(LogSuccess(Total time: 0 s, completed 04-08-2016 2:02:33))
Sending msg to client play-fork-run-460a61f0-cc45-46b8-927f-1d9a4f600ad5: DetachedLogEvent(LogMessage(debug,> server-post-command-cleanup))
Sending msg to client play-fork-run-460a61f0-cc45-46b8-927f-1d9a4f600ad5: ExecutionSuccess(31)
Sending msg to client play-fork-run-460a61f0-cc45-46b8-927f-1d9a4f600ad5: DetachedLogEvent(LogMessage(debug,> server-handle-next-server-request))
