New log file opened at Wed Aug 10 01:39:11 CLT 2016 by 129152@DiBadas
Sending msg to client play-fork-run-fb10b0ed-3c1c-42d1-bfc4-e051df8f2cc5: DetachedLogEvent(LogMessage(debug,sbt server socket logs are in: C:\Users\Nicolas\Documents\ScalaRamo\Visualisound\.sbtserver\connections\master.log))
Sending msg to client play-fork-run-fb10b0ed-3c1c-42d1-bfc4-e051df8f2cc5: DetachedLogEvent(LogMessage(debug,sbt client logs are in: C:\Users\Nicolas\Documents\ScalaRamo\Visualisound\.sbtserver\connections\play-fork-run-fb10b0ed-3c1c-42d1-bfc4-e051df8f2cc5.log))
Sending msg to client play-fork-run-fb10b0ed-3c1c-42d1-bfc4-e051df8f2cc5: DetachedLogEvent(LogMessage(debug,sbt general server logs are in: C:\Users\Nicolas\Documents\ScalaRamo\Visualisound\.sbtserver\master.log))
Reading next message from client.
Got request: DaemonRequest(true)
Reading next message from client.
Sending msg to client play-fork-run-fb10b0ed-3c1c-42d1-bfc4-e051df8f2cc5: (3,ReceivedResponse())
Got request: ListenToEvents()
Reading next message from client.
Sending msg to client play-fork-run-fb10b0ed-3c1c-42d1-bfc4-e051df8f2cc5: ExecutionWaiting(80,test,ClientInfo(c6b8726e-e167-4c25-a449-bb82e0ea825b,activator,Activator,3,Vector()))
Sending msg to client play-fork-run-fb10b0ed-3c1c-42d1-bfc4-e051df8f2cc5: ExecutionStarting(80)
Sending msg to client play-fork-run-fb10b0ed-3c1c-42d1-bfc4-e051df8f2cc5: TaskStarted(80,12437,None)
Sending msg to client play-fork-run-fb10b0ed-3c1c-42d1-bfc4-e051df8f2cc5: TaskStarted(80,12438,None)
Sending msg to client play-fork-run-fb10b0ed-3c1c-42d1-bfc4-e051df8f2cc5: TaskStarted(80,12121,Some(AttributeKey[sbt.Tests$Output]("executeTests") in Scope(Build: file:/C:/Users/Nicolas/Documents/ScalaRamo/Visualisound/, , Project: ProjectReference(file:/C:/Users/Nicolas/Documents/ScalaRamo/Visualisound/,root), Config: test)))
Sending msg to client play-fork-run-fb10b0ed-3c1c-42d1-bfc4-e051df8f2cc5: BackgroundJobStarted(79,BackgroundJobInfo(9,backgroundRun,AttributeKey[sbt.BackgroundJobHandle]("backgroundRun") in Scope(Build: file:/C:/Users/Nicolas/Documents/ScalaRamo/Visualisound/, , Project: ProjectReference(file:/C:/Users/Nicolas/Documents/ScalaRamo/Visualisound/,root), Config: compile)))
Sending msg to client play-fork-run-fb10b0ed-3c1c-42d1-bfc4-e051df8f2cc5: BackgroundJobStarted(72,BackgroundJobInfo(8,backgroundRun,AttributeKey[sbt.BackgroundJobHandle]("backgroundRun") in Scope(Build: file:/C:/Users/Nicolas/Documents/ScalaRamo/Visualisound/, , Project: ProjectReference(file:/C:/Users/Nicolas/Documents/ScalaRamo/Visualisound/,root), Config: compile)))
Sending msg to client play-fork-run-fb10b0ed-3c1c-42d1-bfc4-e051df8f2cc5: (4,ReceivedResponse())
Got request: KeyLookupRequest(root/playForkConfig)
Reading next message from client.
Sending msg to client play-fork-run-fb10b0ed-3c1c-42d1-bfc4-e051df8f2cc5: (5,KeyLookupResponse(root/playForkConfig,Vector(AttributeKey[play.forkrun.protocol.ForkConfig]("playForkConfig") in Scope(Build: file:/C:/Users/Nicolas/Documents/ScalaRamo/Visualisound/, , Project: ProjectReference(file:/C:/Users/Nicolas/Documents/ScalaRamo/Visualisound/,root)))))
Got request: ListenToValue(AttributeKey[play.forkrun.protocol.ForkConfig]("playForkConfig") in Scope(Build: file:/C:/Users/Nicolas/Documents/ScalaRamo/Visualisound/, , Project: ProjectReference(file:/C:/Users/Nicolas/Documents/ScalaRamo/Visualisound/,root)))
Reading next message from client.
Sending msg to client play-fork-run-fb10b0ed-3c1c-42d1-bfc4-e051df8f2cc5: (6,ReceivedResponse())
Got request: KeyExecutionRequest(AttributeKey[play.forkrun.protocol.ForkConfig]("playForkConfig") in Scope(Build: file:/C:/Users/Nicolas/Documents/ScalaRamo/Visualisound/, , Project: ProjectReference(file:/C:/Users/Nicolas/Documents/ScalaRamo/Visualisound/,root)))
Reading next message from client.
Sending msg to client play-fork-run-fb10b0ed-3c1c-42d1-bfc4-e051df8f2cc5: (7,ExecutionRequestReceived(81))
Sending msg to client play-fork-run-fb10b0ed-3c1c-42d1-bfc4-e051df8f2cc5: ExecutionWaiting(81,{file:/C:/Users/Nicolas/Documents/ScalaRamo/Visualisound/}root/*:playForkConfig,ClientInfo(fb10b0ed-3c1c-42d1-bfc4-e051df8f2cc5,play-fork-run,Play Fork Run,1,Vector()))
Sending msg to client play-fork-run-fb10b0ed-3c1c-42d1-bfc4-e051df8f2cc5: TaskLogEvent(12438,LogMessage(info,Read from stdout: - should send 404 on a bad request))
Sending msg to client play-fork-run-fb10b0ed-3c1c-42d1-bfc4-e051df8f2cc5: TaskLogEvent(12438,LogMessage(info,- should send 404 on a bad request))
Sending msg to client play-fork-run-fb10b0ed-3c1c-42d1-bfc4-e051df8f2cc5: BackgroundJobLogEvent(9,LogMessage(info,- should send 404 on a bad request))
Sending msg to client play-fork-run-fb10b0ed-3c1c-42d1-bfc4-e051df8f2cc5: TaskLogEvent(12438,LogMessage(debug,    Produced 0 nested tasks and 1 events.))
Sending msg to client play-fork-run-fb10b0ed-3c1c-42d1-bfc4-e051df8f2cc5: TaskEvent(12438,LazyValue(TestGroupStarted(ApplicationSpec),sbt.protocol.TestGroupStar$$$$a1c43a69e6d69fc565aebe15e13b1a1$$$$tedPickler1$2$@4f5c158d))
Sending msg to client play-fork-run-fb10b0ed-3c1c-42d1-bfc4-e051df8f2cc5: TaskEvent(12438,LazyValue(TestEvent(Routes should send 404 on a bad request,None,passed,None,3510),sbt.protocol.TestEvent$SbtProtocolTestEventPickler1$2$@5491ff11))
Sending msg to client play-fork-run-fb10b0ed-3c1c-42d1-bfc4-e051df8f2cc5: TaskEvent(12438,LazyValue(TestGroupFinished(ApplicationSpec,passed,None),sbt.protocol.TestGroupFini$$$$c8161fda9fde24be4dd9f5afdb23f2e6$$$$hedPickler1$2$@484caee9))
Sending msg to client play-fork-run-fb10b0ed-3c1c-42d1-bfc4-e051df8f2cc5: TaskLogEvent(12438,LogMessage(debug,Runner for com.novocode.junit.JUnitFramework produced 0 initial tasks for 0 tests.))
Sending msg to client play-fork-run-fb10b0ed-3c1c-42d1-bfc4-e051df8f2cc5: TaskFinished(80,12438,None,true,None)
Sending msg to client play-fork-run-fb10b0ed-3c1c-42d1-bfc4-e051df8f2cc5: TaskFinished(80,12437,None,true,None)
Sending msg to client play-fork-run-fb10b0ed-3c1c-42d1-bfc4-e051df8f2cc5: TaskStarted(80,12436,None)
Sending msg to client play-fork-run-fb10b0ed-3c1c-42d1-bfc4-e051df8f2cc5: TaskStarted(80,12440,None)
Sending msg to client play-fork-run-fb10b0ed-3c1c-42d1-bfc4-e051df8f2cc5: TaskFinished(80,12440,None,true,None)
Sending msg to client play-fork-run-fb10b0ed-3c1c-42d1-bfc4-e051df8f2cc5: TaskStarted(80,12439,None)
Sending msg to client play-fork-run-fb10b0ed-3c1c-42d1-bfc4-e051df8f2cc5: TaskFinished(80,12439,None,true,None)
Sending msg to client play-fork-run-fb10b0ed-3c1c-42d1-bfc4-e051df8f2cc5: TaskFinished(80,12436,None,true,None)
Sending msg to client play-fork-run-fb10b0ed-3c1c-42d1-bfc4-e051df8f2cc5: TaskStarted(80,12435,None)
Sending msg to client play-fork-run-fb10b0ed-3c1c-42d1-bfc4-e051df8f2cc5: TaskStarted(80,12441,None)
Sending msg to client play-fork-run-fb10b0ed-3c1c-42d1-bfc4-e051df8f2cc5: TaskFinished(80,12441,None,true,None)
Sending msg to client play-fork-run-fb10b0ed-3c1c-42d1-bfc4-e051df8f2cc5: TaskFinished(80,12435,None,true,None)
Sending msg to client play-fork-run-fb10b0ed-3c1c-42d1-bfc4-e051df8f2cc5: TaskStarted(80,12434,None)
Sending msg to client play-fork-run-fb10b0ed-3c1c-42d1-bfc4-e051df8f2cc5: TaskFinished(80,12434,None,true,None)
Sending msg to client play-fork-run-fb10b0ed-3c1c-42d1-bfc4-e051df8f2cc5: TaskStarted(80,12433,None)
Sending msg to client play-fork-run-fb10b0ed-3c1c-42d1-bfc4-e051df8f2cc5: TaskFinished(80,12433,None,true,None)
Sending msg to client play-fork-run-fb10b0ed-3c1c-42d1-bfc4-e051df8f2cc5: TaskFinished(80,12121,Some(AttributeKey[sbt.Tests$Output]("executeTests") in Scope(Build: file:/C:/Users/Nicolas/Documents/ScalaRamo/Visualisound/, , Project: ProjectReference(file:/C:/Users/Nicolas/Documents/ScalaRamo/Visualisound/,root), Config: test)),true,None)
Sending msg to client play-fork-run-fb10b0ed-3c1c-42d1-bfc4-e051df8f2cc5: TaskStarted(80,11982,Some(AttributeKey[sbt.Tests$Output]("executeTests") in Scope(Build: file:/C:/Users/Nicolas/Documents/ScalaRamo/Visualisound/, , Project: ProjectReference(file:/C:/Users/Nicolas/Documents/ScalaRamo/Visualisound/,root), Config: test)))
Sending msg to client play-fork-run-fb10b0ed-3c1c-42d1-bfc4-e051df8f2cc5: TaskFinished(80,11982,Some(AttributeKey[sbt.Tests$Output]("executeTests") in Scope(Build: file:/C:/Users/Nicolas/Documents/ScalaRamo/Visualisound/, , Project: ProjectReference(file:/C:/Users/Nicolas/Documents/ScalaRamo/Visualisound/,root), Config: test)),true,None)
Sending msg to client play-fork-run-fb10b0ed-3c1c-42d1-bfc4-e051df8f2cc5: TaskStarted(80,11978,Some(AttributeKey[void]("test") in Scope(Build: file:/C:/Users/Nicolas/Documents/ScalaRamo/Visualisound/, , Project: ProjectReference(file:/C:/Users/Nicolas/Documents/ScalaRamo/Visualisound/,root), Config: test)))
Sending msg to client play-fork-run-fb10b0ed-3c1c-42d1-bfc4-e051df8f2cc5: TaskLogEvent(11978,LogMessage(info,Read from stdout: ScalaTest))
Sending msg to client play-fork-run-fb10b0ed-3c1c-42d1-bfc4-e051df8f2cc5: TaskLogEvent(11978,LogMessage(info,ScalaTest))
Sending msg to client play-fork-run-fb10b0ed-3c1c-42d1-bfc4-e051df8f2cc5: TaskLogEvent(11978,LogMessage(info,Read from stdout: Run completed in 4 seconds, 710 milliseconds.))
Sending msg to client play-fork-run-fb10b0ed-3c1c-42d1-bfc4-e051df8f2cc5: TaskLogEvent(11978,LogMessage(info,Read from stdout: Total number of tests run: 1))
Sending msg to client play-fork-run-fb10b0ed-3c1c-42d1-bfc4-e051df8f2cc5: TaskLogEvent(11978,LogMessage(info,Read from stdout: Suites: completed 1, aborted 0))
Sending msg to client play-fork-run-fb10b0ed-3c1c-42d1-bfc4-e051df8f2cc5: TaskLogEvent(11978,LogMessage(info,Read from stdout: Tests: succeeded 1, failed 0, canceled 0, ignored 0, pending 0))
Sending msg to client play-fork-run-fb10b0ed-3c1c-42d1-bfc4-e051df8f2cc5: TaskLogEvent(11978,LogMessage(info,Read from stdout: All tests passed.))
Sending msg to client play-fork-run-fb10b0ed-3c1c-42d1-bfc4-e051df8f2cc5: TaskLogEvent(11978,LogMessage(info,Run completed in 4 seconds, 710 milliseconds.
Total number of tests run: 1
Suites: completed 1, aborted 0
Tests: succeeded 1, failed 0, canceled 0, ignored 0, pending 0
All tests passed.))
Sending msg to client play-fork-run-fb10b0ed-3c1c-42d1-bfc4-e051df8f2cc5: TaskLogEvent(11978,LogMessage(debug,Summary for JUnit not available.))
Sending msg to client play-fork-run-fb10b0ed-3c1c-42d1-bfc4-e051df8f2cc5: TaskLogEvent(11978,LogMessage(info,Read from stdout: Passed: Total 1, Failed 0, Errors 0, Passed 1))
Sending msg to client play-fork-run-fb10b0ed-3c1c-42d1-bfc4-e051df8f2cc5: TaskLogEvent(11978,LogMessage(info,Passed: Total 1, Failed 0, Errors 0, Passed 1))
Sending msg to client play-fork-run-fb10b0ed-3c1c-42d1-bfc4-e051df8f2cc5: TaskLogEvent(11978,LogMessage(debug,Passed tests:))
Sending msg to client play-fork-run-fb10b0ed-3c1c-42d1-bfc4-e051df8f2cc5: TaskLogEvent(11978,LogMessage(debug,	ApplicationSpec))
Sending msg to client play-fork-run-fb10b0ed-3c1c-42d1-bfc4-e051df8f2cc5: TaskFinished(80,11978,Some(AttributeKey[void]("test") in Scope(Build: file:/C:/Users/Nicolas/Documents/ScalaRamo/Visualisound/, , Project: ProjectReference(file:/C:/Users/Nicolas/Documents/ScalaRamo/Visualisound/,root), Config: test)),true,None)
Sending msg to client play-fork-run-fb10b0ed-3c1c-42d1-bfc4-e051df8f2cc5: TaskStarted(80,11977,None)
Sending msg to client play-fork-run-fb10b0ed-3c1c-42d1-bfc4-e051df8f2cc5: TaskFinished(80,11977,None,true,None)
Sending msg to client play-fork-run-fb10b0ed-3c1c-42d1-bfc4-e051df8f2cc5: TaskStarted(80,11976,None)
Sending msg to client play-fork-run-fb10b0ed-3c1c-42d1-bfc4-e051df8f2cc5: TaskFinished(80,11976,None,true,None)
Sending msg to client play-fork-run-fb10b0ed-3c1c-42d1-bfc4-e051df8f2cc5: BackgroundJobLogEvent(9,LogMessage(info,ScalaTest))
Sending msg to client play-fork-run-fb10b0ed-3c1c-42d1-bfc4-e051df8f2cc5: DetachedLogEvent(LogMessage(debug,cancel strategy finish enabled=false lastCommand=Some(LastCommand(CommandExecutionWork(ExecutionId(80),test,Set(LiveClient(activator c6b8726e-e167-4c25-a449-bb82e0ea825b)),sbt.server.WorkCancellationStatus$$anon$1@770f10d)))))
Sending msg to client play-fork-run-fb10b0ed-3c1c-42d1-bfc4-e051df8f2cc5: BackgroundJobLogEvent(9,LogMessage(info,Run completed in 4 seconds, 710 milliseconds.))
Sending msg to client play-fork-run-fb10b0ed-3c1c-42d1-bfc4-e051df8f2cc5: BackgroundJobLogEvent(9,LogMessage(info,Total number of tests run: 1))
Sending msg to client play-fork-run-fb10b0ed-3c1c-42d1-bfc4-e051df8f2cc5: BackgroundJobLogEvent(9,LogMessage(info,Suites: completed 1, aborted 0))
Sending msg to client play-fork-run-fb10b0ed-3c1c-42d1-bfc4-e051df8f2cc5: BackgroundJobLogEvent(9,LogMessage(info,Tests: succeeded 1, failed 0, canceled 0, ignored 0, pending 0))
Sending msg to client play-fork-run-fb10b0ed-3c1c-42d1-bfc4-e051df8f2cc5: BackgroundJobLogEvent(9,LogMessage(info,All tests passed.))
Sending msg to client play-fork-run-fb10b0ed-3c1c-42d1-bfc4-e051df8f2cc5: BackgroundJobLogEvent(9,LogMessage(info,Passed: Total 1, Failed 0, Errors 0, Passed 1))
Sending msg to client play-fork-run-fb10b0ed-3c1c-42d1-bfc4-e051df8f2cc5: DetachedLogEvent(LogSuccess(Total time: 6 s, completed 10-08-2016 1:39:14))
Sending msg to client play-fork-run-fb10b0ed-3c1c-42d1-bfc4-e051df8f2cc5: DetachedLogEvent(LogMessage(debug,> server-post-command-cleanup))
Sending msg to client play-fork-run-fb10b0ed-3c1c-42d1-bfc4-e051df8f2cc5: ExecutionSuccess(80)
Sending msg to client play-fork-run-fb10b0ed-3c1c-42d1-bfc4-e051df8f2cc5: DetachedLogEvent(LogMessage(debug,> server-handle-next-server-request))
Sending msg to client play-fork-run-fb10b0ed-3c1c-42d1-bfc4-e051df8f2cc5: ExecutionStarting(81)
Sending msg to client play-fork-run-fb10b0ed-3c1c-42d1-bfc4-e051df8f2cc5: DetachedLogEvent(LogMessage(debug,> {file:/C:/Users/Nicolas/Documents/ScalaRamo/Visualisound/}root/*:playForkConfig))
Sending msg to client play-fork-run-fb10b0ed-3c1c-42d1-bfc4-e051df8f2cc5: DetachedLogEvent(LogMessage(debug,Evaluating tasks: *:playForkConfig))
Sending msg to client play-fork-run-fb10b0ed-3c1c-42d1-bfc4-e051df8f2cc5: DetachedLogEvent(LogMessage(debug,Running task... Cancel: sbt.server.ServerTaskCancellation@535dbda2, check cycles: false))
Sending msg to client play-fork-run-fb10b0ed-3c1c-42d1-bfc4-e051df8f2cc5: DetachedLogEvent(LogMessage(debug,cancel strategy start enabled=true lastCommand=Some(LastCommand(CommandExecutionWork(ExecutionId(81),{file:/C:/Users/Nicolas/Documents/ScalaRamo/Visualisound/}root/*:playForkConfig,Set(LiveClient(play-fork-run fb10b0ed-3c1c-42d1-bfc4-e051df8f2cc5)),sbt.server.WorkCancellationStatus$$anon$1@5a6bd6a6)))))
Sending msg to client play-fork-run-fb10b0ed-3c1c-42d1-bfc4-e051df8f2cc5: TaskStarted(81,12446,Some(AttributeKey[scala.Tuple2[java.lang.String,java.io.File]]("playPrefixAndAssets") in Scope(Build: file:/C:/Users/Nicolas/Documents/ScalaRamo/Visualisound/, , Project: ProjectReference(file:/C:/Users/Nicolas/Documents/ScalaRamo/Visualisound/,root))))
Sending msg to client play-fork-run-fb10b0ed-3c1c-42d1-bfc4-e051df8f2cc5: TaskStarted(81,12451,None)
Sending msg to client play-fork-run-fb10b0ed-3c1c-42d1-bfc4-e051df8f2cc5: TaskStarted(81,12456,None)
Sending msg to client play-fork-run-fb10b0ed-3c1c-42d1-bfc4-e051df8f2cc5: TaskStarted(81,12459,None)
Sending msg to client play-fork-run-fb10b0ed-3c1c-42d1-bfc4-e051df8f2cc5: TaskStarted(81,12460,None)
Sending msg to client play-fork-run-fb10b0ed-3c1c-42d1-bfc4-e051df8f2cc5: TaskStarted(81,12464,None)
Sending msg to client play-fork-run-fb10b0ed-3c1c-42d1-bfc4-e051df8f2cc5: TaskStarted(81,12465,Some(AttributeKey[java.lang.String]("updateCacheName") in Scope(Build: file:/C:/Users/Nicolas/Documents/ScalaRamo/Visualisound/, , Project: ProjectReference(file:/C:/Users/Nicolas/Documents/ScalaRamo/Visualisound/,root))))
Sending msg to client play-fork-run-fb10b0ed-3c1c-42d1-bfc4-e051df8f2cc5: TaskStarted(81,12467,None)
Sending msg to client play-fork-run-fb10b0ed-3c1c-42d1-bfc4-e051df8f2cc5: TaskStarted(81,12468,None)
Sending msg to client play-fork-run-fb10b0ed-3c1c-42d1-bfc4-e051df8f2cc5: TaskStarted(81,12475,Some(AttributeKey[scala.collection.Seq[sbt.Credentials]]("credentials") in Scope(Global)))
Sending msg to client play-fork-run-fb10b0ed-3c1c-42d1-bfc4-e051df8f2cc5: TaskStarted(81,12478,Some(AttributeKey[scala.collection.Seq[sbt.Resolver]]("externalResolvers") in Scope(Build: file:/C:/Users/Nicolas/Documents/ScalaRamo/Visualisound/, , Project: ProjectReference(file:/C:/Users/Nicolas/Documents/ScalaRamo/Visualisound/,root))))
Sending msg to client play-fork-run-fb10b0ed-3c1c-42d1-bfc4-e051df8f2cc5: TaskStarted(81,12482,Some(AttributeKey[scala.Option[scala.collection.Seq[sbt.Resolver]]]("bootResolvers") in Scope(Build: file:/C:/Users/Nicolas/Documents/ScalaRamo/Visualisound/, , Project: ProjectReference(file:/C:/Users/Nicolas/Documents/ScalaRamo/Visualisound/,root))))
Sending msg to client play-fork-run-fb10b0ed-3c1c-42d1-bfc4-e051df8f2cc5: TaskStarted(81,12484,Some(AttributeKey[boolean]("skip") in Scope(Global)))
Sending msg to client play-fork-run-fb10b0ed-3c1c-42d1-bfc4-e051df8f2cc5: TaskStarted(81,12495,None)
Sending msg to client play-fork-run-fb10b0ed-3c1c-42d1-bfc4-e051df8f2cc5: TaskStarted(81,12496,Some(AttributeKey[scala.collection.Seq[java.lang.String]]("javaOptions") in Scope(Global)))
Sending msg to client play-fork-run-fb10b0ed-3c1c-42d1-bfc4-e051df8f2cc5: TaskStarted(81,12498,None)
Sending msg to client play-fork-run-fb10b0ed-3c1c-42d1-bfc4-e051df8f2cc5: TaskStarted(81,12500,Some(AttributeKey[scala.Option[java.lang.String]]("mainClass") in Scope(Build: file:/C:/Users/Nicolas/Documents/ScalaRamo/Visualisound/, , Project: ProjectReference(file:/C:/Users/Nicolas/Documents/ScalaRamo/Visualisound/,root), Config: compile, Task: AttributeKey[void]("run"))))
Sending msg to client play-fork-run-fb10b0ed-3c1c-42d1-bfc4-e051df8f2cc5: TaskFinished(81,12446,Some(AttributeKey[scala.Tuple2[java.lang.String,java.io.File]]("playPrefixAndAssets") in Scope(Build: file:/C:/Users/Nicolas/Documents/ScalaRamo/Visualisound/, , Project: ProjectReference(file:/C:/Users/Nicolas/Documents/ScalaRamo/Visualisound/,root))),true,None)
Sending msg to client play-fork-run-fb10b0ed-3c1c-42d1-bfc4-e051df8f2cc5: TaskStarted(81,12445,Some(AttributeKey[scala.collection.Seq[scala.Tuple2[java.lang.String,java.io.File]]]("playAllAssets") in Scope(Build: file:/C:/Users/Nicolas/Documents/ScalaRamo/Visualisound/, , Project: ProjectReference(file:/C:/Users/Nicolas/Documents/ScalaRamo/Visualisound/,root))))
Sending msg to client play-fork-run-fb10b0ed-3c1c-42d1-bfc4-e051df8f2cc5: TaskFinished(81,12456,None,true,None)
Sending msg to client play-fork-run-fb10b0ed-3c1c-42d1-bfc4-e051df8f2cc5: TaskFinished(81,12451,None,true,None)
Sending msg to client play-fork-run-fb10b0ed-3c1c-42d1-bfc4-e051df8f2cc5: TaskStarted(81,12450,None)
Sending msg to client play-fork-run-fb10b0ed-3c1c-42d1-bfc4-e051df8f2cc5: TaskStarted(81,12474,None)
Sending msg to client play-fork-run-fb10b0ed-3c1c-42d1-bfc4-e051df8f2cc5: TaskStarted(81,12481,None)
Sending msg to client play-fork-run-fb10b0ed-3c1c-42d1-bfc4-e051df8f2cc5: TaskStarted(81,12483,None)
Sending msg to client play-fork-run-fb10b0ed-3c1c-42d1-bfc4-e051df8f2cc5: TaskStarted(81,12485,None)
Sending msg to client play-fork-run-fb10b0ed-3c1c-42d1-bfc4-e051df8f2cc5: TaskStarted(81,12489,None)
Sending msg to client play-fork-run-fb10b0ed-3c1c-42d1-bfc4-e051df8f2cc5: TaskStarted(81,12491,None)
Sending msg to client play-fork-run-fb10b0ed-3c1c-42d1-bfc4-e051df8f2cc5: TaskStarted(81,12493,None)
Sending msg to client play-fork-run-fb10b0ed-3c1c-42d1-bfc4-e051df8f2cc5: TaskFinished(81,12459,None,true,None)
Sending msg to client play-fork-run-fb10b0ed-3c1c-42d1-bfc4-e051df8f2cc5: TaskFinished(81,12460,None,true,None)
Sending msg to client play-fork-run-fb10b0ed-3c1c-42d1-bfc4-e051df8f2cc5: TaskStarted(81,12463,Some(AttributeKey[sbt.BuildStructure]("buildStructure") in Scope(Global)))
Sending msg to client play-fork-run-fb10b0ed-3c1c-42d1-bfc4-e051df8f2cc5: TaskStarted(81,12486,Some(AttributeKey[java.io.File]("dependencyCacheDirectory") in Scope(Build: file:/C:/Users/Nicolas/Documents/ScalaRamo/Visualisound/, , Project: ProjectReference(file:/C:/Users/Nicolas/Documents/ScalaRamo/Visualisound/,root))))
Sending msg to client play-fork-run-fb10b0ed-3c1c-42d1-bfc4-e051df8f2cc5: TaskFinished(81,12464,None,true,None)
Sending msg to client play-fork-run-fb10b0ed-3c1c-42d1-bfc4-e051df8f2cc5: TaskFinished(81,12465,Some(AttributeKey[java.lang.String]("updateCacheName") in Scope(Build: file:/C:/Users/Nicolas/Documents/ScalaRamo/Visualisound/, , Project: ProjectReference(file:/C:/Users/Nicolas/Documents/ScalaRamo/Visualisound/,root))),true,None)
Sending msg to client play-fork-run-fb10b0ed-3c1c-42d1-bfc4-e051df8f2cc5: TaskFinished(81,12467,None,true,None)
Sending msg to client play-fork-run-fb10b0ed-3c1c-42d1-bfc4-e051df8f2cc5: TaskFinished(81,12468,None,true,None)
Sending msg to client play-fork-run-fb10b0ed-3c1c-42d1-bfc4-e051df8f2cc5: TaskStarted(81,12466,Some(AttributeKey[scala.collection.Seq[sbt.UpdateReport]]("transitiveUpdate") in Scope(Build: file:/C:/Users/Nicolas/Documents/ScalaRamo/Visualisound/, , Project: ProjectReference(file:/C:/Users/Nicolas/Documents/ScalaRamo/Visualisound/,root))))
Sending msg to client play-fork-run-fb10b0ed-3c1c-42d1-bfc4-e051df8f2cc5: TaskFinished(81,12475,Some(AttributeKey[scala.collection.Seq[sbt.Credentials]]("credentials") in Scope(Global)),true,None)
Sending msg to client play-fork-run-fb10b0ed-3c1c-42d1-bfc4-e051df8f2cc5: TaskFinished(81,12478,Some(AttributeKey[scala.collection.Seq[sbt.Resolver]]("externalResolvers") in Scope(Build: file:/C:/Users/Nicolas/Documents/ScalaRamo/Visualisound/, , Project: ProjectReference(file:/C:/Users/Nicolas/Documents/ScalaRamo/Visualisound/,root))),true,None)
Sending msg to client play-fork-run-fb10b0ed-3c1c-42d1-bfc4-e051df8f2cc5: TaskFinished(81,12482,Some(AttributeKey[scala.Option[scala.collection.Seq[sbt.Resolver]]]("bootResolvers") in Scope(Build: file:/C:/Users/Nicolas/Documents/ScalaRamo/Visualisound/, , Project: ProjectReference(file:/C:/Users/Nicolas/Documents/ScalaRamo/Visualisound/,root))),true,None)
Sending msg to client play-fork-run-fb10b0ed-3c1c-42d1-bfc4-e051df8f2cc5: TaskFinished(81,12484,Some(AttributeKey[boolean]("skip") in Scope(Global)),true,None)
Sending msg to client play-fork-run-fb10b0ed-3c1c-42d1-bfc4-e051df8f2cc5: TaskFinished(81,12495,None,true,None)
Sending msg to client play-fork-run-fb10b0ed-3c1c-42d1-bfc4-e051df8f2cc5: TaskFinished(81,12496,Some(AttributeKey[scala.collection.Seq[java.lang.String]]("javaOptions") in Scope(Global)),true,None)
Sending msg to client play-fork-run-fb10b0ed-3c1c-42d1-bfc4-e051df8f2cc5: TaskStarted(81,12494,Some(AttributeKey[scala.collection.Seq[java.lang.String]]("javaOptions") in Scope(Build: file:/C:/Users/Nicolas/Documents/ScalaRamo/Visualisound/, )))
Sending msg to client play-fork-run-fb10b0ed-3c1c-42d1-bfc4-e051df8f2cc5: TaskFinished(81,12498,None,true,None)
Sending msg to client play-fork-run-fb10b0ed-3c1c-42d1-bfc4-e051df8f2cc5: TaskFinished(81,12500,Some(AttributeKey[scala.Option[java.lang.String]]("mainClass") in Scope(Build: file:/C:/Users/Nicolas/Documents/ScalaRamo/Visualisound/, , Project: ProjectReference(file:/C:/Users/Nicolas/Documents/ScalaRamo/Visualisound/,root), Config: compile, Task: AttributeKey[void]("run"))),true,None)
Sending msg to client play-fork-run-fb10b0ed-3c1c-42d1-bfc4-e051df8f2cc5: TaskFinished(81,12445,Some(AttributeKey[scala.collection.Seq[scala.Tuple2[java.lang.String,java.io.File]]]("playAllAssets") in Scope(Build: file:/C:/Users/Nicolas/Documents/ScalaRamo/Visualisound/, , Project: ProjectReference(file:/C:/Users/Nicolas/Documents/ScalaRamo/Visualisound/,root))),true,None)
Sending msg to client play-fork-run-fb10b0ed-3c1c-42d1-bfc4-e051df8f2cc5: TaskFinished(81,12450,None,true,None)
Sending msg to client play-fork-run-fb10b0ed-3c1c-42d1-bfc4-e051df8f2cc5: TaskFinished(81,12474,None,true,None)
Sending msg to client play-fork-run-fb10b0ed-3c1c-42d1-bfc4-e051df8f2cc5: TaskFinished(81,12481,None,true,None)
Sending msg to client play-fork-run-fb10b0ed-3c1c-42d1-bfc4-e051df8f2cc5: TaskFinished(81,12483,None,true,None)
Sending msg to client play-fork-run-fb10b0ed-3c1c-42d1-bfc4-e051df8f2cc5: TaskFinished(81,12485,None,true,None)
Sending msg to client play-fork-run-fb10b0ed-3c1c-42d1-bfc4-e051df8f2cc5: TaskFinished(81,12489,None,true,None)
Sending msg to client play-fork-run-fb10b0ed-3c1c-42d1-bfc4-e051df8f2cc5: TaskStarted(81,12488,Some(AttributeKey[scala.collection.immutable.Map[sbt.ModuleID,sbt.SourcePosition]]("dependencyPositions") in Scope(Build: file:/C:/Users/Nicolas/Documents/ScalaRamo/Visualisound/, , Project: ProjectReference(file:/C:/Users/Nicolas/Documents/ScalaRamo/Visualisound/,root))))
Sending msg to client play-fork-run-fb10b0ed-3c1c-42d1-bfc4-e051df8f2cc5: TaskFinished(81,12491,None,true,None)
Sending msg to client play-fork-run-fb10b0ed-3c1c-42d1-bfc4-e051df8f2cc5: TaskFinished(81,12493,None,true,None)
Sending msg to client play-fork-run-fb10b0ed-3c1c-42d1-bfc4-e051df8f2cc5: TaskFinished(81,12463,Some(AttributeKey[sbt.BuildStructure]("buildStructure") in Scope(Global)),true,None)
Sending msg to client play-fork-run-fb10b0ed-3c1c-42d1-bfc4-e051df8f2cc5: TaskStarted(81,12462,Some(AttributeKey[sbt.Settings[sbt.Scope]]("settingsData") in Scope(Global)))
Sending msg to client play-fork-run-fb10b0ed-3c1c-42d1-bfc4-e051df8f2cc5: TaskFinished(81,12486,Some(AttributeKey[java.io.File]("dependencyCacheDirectory") in Scope(Build: file:/C:/Users/Nicolas/Documents/ScalaRamo/Visualisound/, , Project: ProjectReference(file:/C:/Users/Nicolas/Documents/ScalaRamo/Visualisound/,root))),true,None)
Sending msg to client play-fork-run-fb10b0ed-3c1c-42d1-bfc4-e051df8f2cc5: TaskFinished(81,12466,Some(AttributeKey[scala.collection.Seq[sbt.UpdateReport]]("transitiveUpdate") in Scope(Build: file:/C:/Users/Nicolas/Documents/ScalaRamo/Visualisound/, , Project: ProjectReference(file:/C:/Users/Nicolas/Documents/ScalaRamo/Visualisound/,root))),true,None)
Sending msg to client play-fork-run-fb10b0ed-3c1c-42d1-bfc4-e051df8f2cc5: TaskFinished(81,12494,Some(AttributeKey[scala.collection.Seq[java.lang.String]]("javaOptions") in Scope(Build: file:/C:/Users/Nicolas/Documents/ScalaRamo/Visualisound/, )),true,None)
Sending msg to client play-fork-run-fb10b0ed-3c1c-42d1-bfc4-e051df8f2cc5: TaskFinished(81,12462,Some(AttributeKey[sbt.Settings[sbt.Scope]]("settingsData") in Scope(Global)),true,None)
Sending msg to client play-fork-run-fb10b0ed-3c1c-42d1-bfc4-e051df8f2cc5: TaskStarted(81,12461,None)
Sending msg to client play-fork-run-fb10b0ed-3c1c-42d1-bfc4-e051df8f2cc5: TaskStarted(81,12472,Some(AttributeKey[scala.collection.Seq[sbt.ModuleID]]("projectDependencies") in Scope(Build: file:/C:/Users/Nicolas/Documents/ScalaRamo/Visualisound/, , Project: ProjectReference(file:/C:/Users/Nicolas/Documents/ScalaRamo/Visualisound/,root))))
Sending msg to client play-fork-run-fb10b0ed-3c1c-42d1-bfc4-e051df8f2cc5: TaskStarted(81,12480,Some(AttributeKey[scala.collection.immutable.Map[org.apache.ivy.core.module.id.ModuleRevisionId,org.apache.ivy.core.module.descriptor.ModuleDescriptor]]("projectDescriptors") in Scope(Build: file:/C:/Users/Nicolas/Documents/ScalaRamo/Visualisound/, , Project: ProjectReference(file:/C:/Users/Nicolas/Documents/ScalaRamo/Visualisound/,root))))
Sending msg to client play-fork-run-fb10b0ed-3c1c-42d1-bfc4-e051df8f2cc5: TaskStarted(81,12492,None)
Sending msg to client play-fork-run-fb10b0ed-3c1c-42d1-bfc4-e051df8f2cc5: TaskStarted(81,12497,Some(AttributeKey[scala.collection.Seq[java.io.File]]("playMonitoredFiles") in Scope(Build: file:/C:/Users/Nicolas/Documents/ScalaRamo/Visualisound/, , Project: ProjectReference(file:/C:/Users/Nicolas/Documents/ScalaRamo/Visualisound/,root))))
Sending msg to client play-fork-run-fb10b0ed-3c1c-42d1-bfc4-e051df8f2cc5: TaskStarted(81,12502,None)
Sending msg to client play-fork-run-fb10b0ed-3c1c-42d1-bfc4-e051df8f2cc5: TaskFinished(81,12472,Some(AttributeKey[scala.collection.Seq[sbt.ModuleID]]("projectDependencies") in Scope(Build: file:/C:/Users/Nicolas/Documents/ScalaRamo/Visualisound/, , Project: ProjectReference(file:/C:/Users/Nicolas/Documents/ScalaRamo/Visualisound/,root))),true,None)
Sending msg to client play-fork-run-fb10b0ed-3c1c-42d1-bfc4-e051df8f2cc5: TaskStarted(81,12471,Some(AttributeKey[scala.collection.Seq[sbt.ModuleID]]("allDependencies") in Scope(Build: file:/C:/Users/Nicolas/Documents/ScalaRamo/Visualisound/, , Project: ProjectReference(file:/C:/Users/Nicolas/Documents/ScalaRamo/Visualisound/,root))))
Sending msg to client play-fork-run-fb10b0ed-3c1c-42d1-bfc4-e051df8f2cc5: TaskStarted(81,12504,None)
Sending msg to client play-fork-run-fb10b0ed-3c1c-42d1-bfc4-e051df8f2cc5: TaskStarted(81,12509,None)
Sending msg to client play-fork-run-fb10b0ed-3c1c-42d1-bfc4-e051df8f2cc5: TaskStarted(81,12510,None)
Sending msg to client play-fork-run-fb10b0ed-3c1c-42d1-bfc4-e051df8f2cc5: TaskStarted(81,12512,None)
Sending msg to client play-fork-run-fb10b0ed-3c1c-42d1-bfc4-e051df8f2cc5: TaskStarted(81,12514,None)
Sending msg to client play-fork-run-fb10b0ed-3c1c-42d1-bfc4-e051df8f2cc5: TaskStarted(81,12515,None)
Sending msg to client play-fork-run-fb10b0ed-3c1c-42d1-bfc4-e051df8f2cc5: TaskFinished(81,12502,None,true,None)
Sending msg to client play-fork-run-fb10b0ed-3c1c-42d1-bfc4-e051df8f2cc5: TaskFinished(81,12461,None,true,None)
Sending msg to client play-fork-run-fb10b0ed-3c1c-42d1-bfc4-e051df8f2cc5: TaskStarted(81,12516,None)
Sending msg to client play-fork-run-fb10b0ed-3c1c-42d1-bfc4-e051df8f2cc5: TaskFinished(81,12471,Some(AttributeKey[scala.collection.Seq[sbt.ModuleID]]("allDependencies") in Scope(Build: file:/C:/Users/Nicolas/Documents/ScalaRamo/Visualisound/, , Project: ProjectReference(file:/C:/Users/Nicolas/Documents/ScalaRamo/Visualisound/,root))),true,None)
Sending msg to client play-fork-run-fb10b0ed-3c1c-42d1-bfc4-e051df8f2cc5: TaskStarted(81,12470,Some(AttributeKey[sbt.ModuleSettings]("moduleSettings") in Scope(Build: file:/C:/Users/Nicolas/Documents/ScalaRamo/Visualisound/, , Project: ProjectReference(file:/C:/Users/Nicolas/Documents/ScalaRamo/Visualisound/,root))))
Sending msg to client play-fork-run-fb10b0ed-3c1c-42d1-bfc4-e051df8f2cc5: TaskFinished(81,12504,None,true,None)
Sending msg to client play-fork-run-fb10b0ed-3c1c-42d1-bfc4-e051df8f2cc5: TaskStarted(81,12503,None)
Sending msg to client play-fork-run-fb10b0ed-3c1c-42d1-bfc4-e051df8f2cc5: TaskFinished(81,12509,None,true,None)
Sending msg to client play-fork-run-fb10b0ed-3c1c-42d1-bfc4-e051df8f2cc5: TaskFinished(81,12510,None,true,None)
Sending msg to client play-fork-run-fb10b0ed-3c1c-42d1-bfc4-e051df8f2cc5: TaskStarted(81,12508,Some(AttributeKey[scala.collection.Seq[sbt.Attributed[java.io.File]]]("unmanagedJars") in Scope(Build: file:/C:/Users/Nicolas/Documents/ScalaRamo/Visualisound/, , Project: ProjectReference(file:/C:/Users/Nicolas/Documents/ScalaRamo/Visualisound/,root), Config: compile)))
Sending msg to client play-fork-run-fb10b0ed-3c1c-42d1-bfc4-e051df8f2cc5: TaskFinished(81,12512,None,true,None)
Sending msg to client play-fork-run-fb10b0ed-3c1c-42d1-bfc4-e051df8f2cc5: TaskStarted(81,12511,None)
Sending msg to client play-fork-run-fb10b0ed-3c1c-42d1-bfc4-e051df8f2cc5: TaskFinished(81,12514,None,true,None)
Sending msg to client play-fork-run-fb10b0ed-3c1c-42d1-bfc4-e051df8f2cc5: TaskFinished(81,12515,None,true,None)
Sending msg to client play-fork-run-fb10b0ed-3c1c-42d1-bfc4-e051df8f2cc5: TaskStarted(81,12513,Some(AttributeKey[scala.collection.Seq[sbt.Attributed[java.io.File]]]("unmanagedJars") in Scope(Build: file:/C:/Users/Nicolas/Documents/ScalaRamo/Visualisound/, , Project: ProjectReference(file:/C:/Users/Nicolas/Documents/ScalaRamo/Visualisound/,root), Config: runtime)))
Sending msg to client play-fork-run-fb10b0ed-3c1c-42d1-bfc4-e051df8f2cc5: TaskFinished(81,12470,Some(AttributeKey[sbt.ModuleSettings]("moduleSettings") in Scope(Build: file:/C:/Users/Nicolas/Documents/ScalaRamo/Visualisound/, , Project: ProjectReference(file:/C:/Users/Nicolas/Documents/ScalaRamo/Visualisound/,root))),true,None)
Sending msg to client play-fork-run-fb10b0ed-3c1c-42d1-bfc4-e051df8f2cc5: TaskFinished(81,12503,None,true,None)
Sending msg to client play-fork-run-fb10b0ed-3c1c-42d1-bfc4-e051df8f2cc5: TaskFinished(81,12480,Some(AttributeKey[scala.collection.immutable.Map[org.apache.ivy.core.module.id.ModuleRevisionId,org.apache.ivy.core.module.descriptor.ModuleDescriptor]]("projectDescriptors") in Scope(Build: file:/C:/Users/Nicolas/Documents/ScalaRamo/Visualisound/, , Project: ProjectReference(file:/C:/Users/Nicolas/Documents/ScalaRamo/Visualisound/,root))),true,None)
Sending msg to client play-fork-run-fb10b0ed-3c1c-42d1-bfc4-e051df8f2cc5: TaskStarted(81,12479,Some(AttributeKey[sbt.Resolver]("projectResolver") in Scope(Build: file:/C:/Users/Nicolas/Documents/ScalaRamo/Visualisound/, , Project: ProjectReference(file:/C:/Users/Nicolas/Documents/ScalaRamo/Visualisound/,root))))
Sending msg to client play-fork-run-fb10b0ed-3c1c-42d1-bfc4-e051df8f2cc5: TaskFinished(81,12516,None,true,None)
Sending msg to client play-fork-run-fb10b0ed-3c1c-42d1-bfc4-e051df8f2cc5: TaskFinished(81,12497,Some(AttributeKey[scala.collection.Seq[java.io.File]]("playMonitoredFiles") in Scope(Build: file:/C:/Users/Nicolas/Documents/ScalaRamo/Visualisound/, , Project: ProjectReference(file:/C:/Users/Nicolas/Documents/ScalaRamo/Visualisound/,root))),true,None)
Sending msg to client play-fork-run-fb10b0ed-3c1c-42d1-bfc4-e051df8f2cc5: TaskStarted(81,12517,None)
Sending msg to client play-fork-run-fb10b0ed-3c1c-42d1-bfc4-e051df8f2cc5: TaskFinished(81,12508,Some(AttributeKey[scala.collection.Seq[sbt.Attributed[java.io.File]]]("unmanagedJars") in Scope(Build: file:/C:/Users/Nicolas/Documents/ScalaRamo/Visualisound/, , Project: ProjectReference(file:/C:/Users/Nicolas/Documents/ScalaRamo/Visualisound/,root), Config: compile)),true,None)
Sending msg to client play-fork-run-fb10b0ed-3c1c-42d1-bfc4-e051df8f2cc5: TaskFinished(81,12479,Some(AttributeKey[sbt.Resolver]("projectResolver") in Scope(Build: file:/C:/Users/Nicolas/Documents/ScalaRamo/Visualisound/, , Project: ProjectReference(file:/C:/Users/Nicolas/Documents/ScalaRamo/Visualisound/,root))),true,None)
Sending msg to client play-fork-run-fb10b0ed-3c1c-42d1-bfc4-e051df8f2cc5: TaskStarted(81,12477,Some(AttributeKey[scala.collection.Seq[sbt.Resolver]]("fullResolvers") in Scope(Build: file:/C:/Users/Nicolas/Documents/ScalaRamo/Visualisound/, , Project: ProjectReference(file:/C:/Users/Nicolas/Documents/ScalaRamo/Visualisound/,root))))
Sending msg to client play-fork-run-fb10b0ed-3c1c-42d1-bfc4-e051df8f2cc5: TaskFinished(81,12513,Some(AttributeKey[scala.collection.Seq[sbt.Attributed[java.io.File]]]("unmanagedJars") in Scope(Build: file:/C:/Users/Nicolas/Documents/ScalaRamo/Visualisound/, , Project: ProjectReference(file:/C:/Users/Nicolas/Documents/ScalaRamo/Visualisound/,root), Config: runtime)),true,None)
Sending msg to client play-fork-run-fb10b0ed-3c1c-42d1-bfc4-e051df8f2cc5: TaskFinished(81,12517,None,true,None)
Sending msg to client play-fork-run-fb10b0ed-3c1c-42d1-bfc4-e051df8f2cc5: TaskFinished(81,12511,None,true,None)
Sending msg to client play-fork-run-fb10b0ed-3c1c-42d1-bfc4-e051df8f2cc5: TaskStarted(81,12507,Some(AttributeKey[scala.collection.Seq[sbt.Attributed[java.io.File]]]("unmanagedJars") in Scope(Build: file:/C:/Users/Nicolas/Documents/ScalaRamo/Visualisound/, , Project: ProjectReference(file:/C:/Users/Nicolas/Documents/ScalaRamo/Visualisound/,root), Config: compile)))
Sending msg to client play-fork-run-fb10b0ed-3c1c-42d1-bfc4-e051df8f2cc5: TaskFinished(81,12477,Some(AttributeKey[scala.collection.Seq[sbt.Resolver]]("fullResolvers") in Scope(Build: file:/C:/Users/Nicolas/Documents/ScalaRamo/Visualisound/, , Project: ProjectReference(file:/C:/Users/Nicolas/Documents/ScalaRamo/Visualisound/,root))),true,None)
Sending msg to client play-fork-run-fb10b0ed-3c1c-42d1-bfc4-e051df8f2cc5: TaskStarted(81,12476,Some(AttributeKey[sbt.IvyConfiguration]("ivyConfiguration") in Scope(Build: file:/C:/Users/Nicolas/Documents/ScalaRamo/Visualisound/, , Project: ProjectReference(file:/C:/Users/Nicolas/Documents/ScalaRamo/Visualisound/,root))))
Sending msg to client play-fork-run-fb10b0ed-3c1c-42d1-bfc4-e051df8f2cc5: TaskFinished(81,12507,Some(AttributeKey[scala.collection.Seq[sbt.Attributed[java.io.File]]]("unmanagedJars") in Scope(Build: file:/C:/Users/Nicolas/Documents/ScalaRamo/Visualisound/, , Project: ProjectReference(file:/C:/Users/Nicolas/Documents/ScalaRamo/Visualisound/,root), Config: compile)),true,None)
Sending msg to client play-fork-run-fb10b0ed-3c1c-42d1-bfc4-e051df8f2cc5: TaskStarted(81,12506,None)
Sending msg to client play-fork-run-fb10b0ed-3c1c-42d1-bfc4-e051df8f2cc5: TaskFinished(81,12506,None,true,None)
Sending msg to client play-fork-run-fb10b0ed-3c1c-42d1-bfc4-e051df8f2cc5: TaskStarted(81,12505,None)
Sending msg to client play-fork-run-fb10b0ed-3c1c-42d1-bfc4-e051df8f2cc5: TaskFinished(81,12505,None,true,None)
Sending msg to client play-fork-run-fb10b0ed-3c1c-42d1-bfc4-e051df8f2cc5: TaskFinished(81,12492,None,true,None)
Sending msg to client play-fork-run-fb10b0ed-3c1c-42d1-bfc4-e051df8f2cc5: TaskStarted(81,12490,Some(AttributeKey[scala.collection.Seq[sbt.Attributed[java.io.File]]]("unmanagedClasspath") in Scope(Build: file:/C:/Users/Nicolas/Documents/ScalaRamo/Visualisound/, , Project: ProjectReference(file:/C:/Users/Nicolas/Documents/ScalaRamo/Visualisound/,root), Config: runtime)))
Sending msg to client play-fork-run-fb10b0ed-3c1c-42d1-bfc4-e051df8f2cc5: TaskFinished(81,12476,Some(AttributeKey[sbt.IvyConfiguration]("ivyConfiguration") in Scope(Build: file:/C:/Users/Nicolas/Documents/ScalaRamo/Visualisound/, , Project: ProjectReference(file:/C:/Users/Nicolas/Documents/ScalaRamo/Visualisound/,root))),true,None)
Sending msg to client play-fork-run-fb10b0ed-3c1c-42d1-bfc4-e051df8f2cc5: TaskStarted(81,12473,Some(AttributeKey[sbt.IvySbt]("ivySbt") in Scope(Build: file:/C:/Users/Nicolas/Documents/ScalaRamo/Visualisound/, , Project: ProjectReference(file:/C:/Users/Nicolas/Documents/ScalaRamo/Visualisound/,root))))
Sending msg to client play-fork-run-fb10b0ed-3c1c-42d1-bfc4-e051df8f2cc5: TaskFinished(81,12490,Some(AttributeKey[scala.collection.Seq[sbt.Attributed[java.io.File]]]("unmanagedClasspath") in Scope(Build: file:/C:/Users/Nicolas/Documents/ScalaRamo/Visualisound/, , Project: ProjectReference(file:/C:/Users/Nicolas/Documents/ScalaRamo/Visualisound/,root), Config: runtime)),true,None)
Sending msg to client play-fork-run-fb10b0ed-3c1c-42d1-bfc4-e051df8f2cc5: TaskFinished(81,12473,Some(AttributeKey[sbt.IvySbt]("ivySbt") in Scope(Build: file:/C:/Users/Nicolas/Documents/ScalaRamo/Visualisound/, , Project: ProjectReference(file:/C:/Users/Nicolas/Documents/ScalaRamo/Visualisound/,root))),true,None)
Sending msg to client play-fork-run-fb10b0ed-3c1c-42d1-bfc4-e051df8f2cc5: TaskStarted(81,12469,Some(AttributeKey[sbt.IvySbt$Module]("ivyModule") in Scope(Build: file:/C:/Users/Nicolas/Documents/ScalaRamo/Visualisound/, , Project: ProjectReference(file:/C:/Users/Nicolas/Documents/ScalaRamo/Visualisound/,root))))
Sending msg to client play-fork-run-fb10b0ed-3c1c-42d1-bfc4-e051df8f2cc5: TaskFinished(81,12469,Some(AttributeKey[sbt.IvySbt$Module]("ivyModule") in Scope(Build: file:/C:/Users/Nicolas/Documents/ScalaRamo/Visualisound/, , Project: ProjectReference(file:/C:/Users/Nicolas/Documents/ScalaRamo/Visualisound/,root))),true,None)
Sending msg to client play-fork-run-fb10b0ed-3c1c-42d1-bfc4-e051df8f2cc5: TaskFinished(81,12488,Some(AttributeKey[scala.collection.immutable.Map[sbt.ModuleID,sbt.SourcePosition]]("dependencyPositions") in Scope(Build: file:/C:/Users/Nicolas/Documents/ScalaRamo/Visualisound/, , Project: ProjectReference(file:/C:/Users/Nicolas/Documents/ScalaRamo/Visualisound/,root))),true,None)
Sending msg to client play-fork-run-fb10b0ed-3c1c-42d1-bfc4-e051df8f2cc5: TaskStarted(81,12487,Some(AttributeKey[sbt.UnresolvedWarningConfiguration]("unresolvedWarningConfiguration") in Scope(Build: file:/C:/Users/Nicolas/Documents/ScalaRamo/Visualisound/, , Project: ProjectReference(file:/C:/Users/Nicolas/Documents/ScalaRamo/Visualisound/,root), Task: AttributeKey[sbt.UpdateReport]("update"))))
Sending msg to client play-fork-run-fb10b0ed-3c1c-42d1-bfc4-e051df8f2cc5: TaskFinished(81,12487,Some(AttributeKey[sbt.UnresolvedWarningConfiguration]("unresolvedWarningConfiguration") in Scope(Build: file:/C:/Users/Nicolas/Documents/ScalaRamo/Visualisound/, , Project: ProjectReference(file:/C:/Users/Nicolas/Documents/ScalaRamo/Visualisound/,root), Task: AttributeKey[sbt.UpdateReport]("update"))),true,None)
Sending msg to client play-fork-run-fb10b0ed-3c1c-42d1-bfc4-e051df8f2cc5: TaskStarted(81,12458,Some(AttributeKey[sbt.UpdateReport]("update") in Scope(Build: file:/C:/Users/Nicolas/Documents/ScalaRamo/Visualisound/, , Project: ProjectReference(file:/C:/Users/Nicolas/Documents/ScalaRamo/Visualisound/,root))))
Sending msg to client play-fork-run-fb10b0ed-3c1c-42d1-bfc4-e051df8f2cc5: TaskFinished(81,12458,Some(AttributeKey[sbt.UpdateReport]("update") in Scope(Build: file:/C:/Users/Nicolas/Documents/ScalaRamo/Visualisound/, , Project: ProjectReference(file:/C:/Users/Nicolas/Documents/ScalaRamo/Visualisound/,root))),true,None)
Sending msg to client play-fork-run-fb10b0ed-3c1c-42d1-bfc4-e051df8f2cc5: TaskStarted(81,12457,Some(AttributeKey[sbt.UpdateReport]("update") in Scope(Build: file:/C:/Users/Nicolas/Documents/ScalaRamo/Visualisound/, , Project: ProjectReference(file:/C:/Users/Nicolas/Documents/ScalaRamo/Visualisound/,root))))
Sending msg to client play-fork-run-fb10b0ed-3c1c-42d1-bfc4-e051df8f2cc5: TaskFinished(81,12457,Some(AttributeKey[sbt.UpdateReport]("update") in Scope(Build: file:/C:/Users/Nicolas/Documents/ScalaRamo/Visualisound/, , Project: ProjectReference(file:/C:/Users/Nicolas/Documents/ScalaRamo/Visualisound/,root))),true,None)
Sending msg to client play-fork-run-fb10b0ed-3c1c-42d1-bfc4-e051df8f2cc5: TaskStarted(81,12455,Some(AttributeKey[sbt.Configuration]("classpathConfiguration") in Scope(Build: file:/C:/Users/Nicolas/Documents/ScalaRamo/Visualisound/, , Project: ProjectReference(file:/C:/Users/Nicolas/Documents/ScalaRamo/Visualisound/,root), Config: compile)))
Sending msg to client play-fork-run-fb10b0ed-3c1c-42d1-bfc4-e051df8f2cc5: TaskStarted(81,12499,Some(AttributeKey[scala.collection.Seq[sbt.Attributed[java.io.File]]]("managedClasspath") in Scope(Build: file:/C:/Users/Nicolas/Documents/ScalaRamo/Visualisound/, , Project: ProjectReference(file:/C:/Users/Nicolas/Documents/ScalaRamo/Visualisound/,root), Config: docs)))
Sending msg to client play-fork-run-fb10b0ed-3c1c-42d1-bfc4-e051df8f2cc5: TaskFinished(81,12455,Some(AttributeKey[sbt.Configuration]("classpathConfiguration") in Scope(Build: file:/C:/Users/Nicolas/Documents/ScalaRamo/Visualisound/, , Project: ProjectReference(file:/C:/Users/Nicolas/Documents/ScalaRamo/Visualisound/,root), Config: compile)),true,None)
Sending msg to client play-fork-run-fb10b0ed-3c1c-42d1-bfc4-e051df8f2cc5: TaskStarted(81,12454,None)
Sending msg to client play-fork-run-fb10b0ed-3c1c-42d1-bfc4-e051df8f2cc5: TaskFinished(81,12454,None,true,None)
Sending msg to client play-fork-run-fb10b0ed-3c1c-42d1-bfc4-e051df8f2cc5: TaskStarted(81,12453,Some(AttributeKey[sbt.Configuration]("classpathConfiguration") in Scope(Build: file:/C:/Users/Nicolas/Documents/ScalaRamo/Visualisound/, , Project: ProjectReference(file:/C:/Users/Nicolas/Documents/ScalaRamo/Visualisound/,root), Config: runtime)))
Sending msg to client play-fork-run-fb10b0ed-3c1c-42d1-bfc4-e051df8f2cc5: TaskFinished(81,12499,Some(AttributeKey[scala.collection.Seq[sbt.Attributed[java.io.File]]]("managedClasspath") in Scope(Build: file:/C:/Users/Nicolas/Documents/ScalaRamo/Visualisound/, , Project: ProjectReference(file:/C:/Users/Nicolas/Documents/ScalaRamo/Visualisound/,root), Config: docs)),true,None)
Sending msg to client play-fork-run-fb10b0ed-3c1c-42d1-bfc4-e051df8f2cc5: TaskStarted(81,12501,Some(AttributeKey[scala.Option[java.io.File]]("playDocsJar") in Scope(Build: file:/C:/Users/Nicolas/Documents/ScalaRamo/Visualisound/, , Project: ProjectReference(file:/C:/Users/Nicolas/Documents/ScalaRamo/Visualisound/,root))))
Sending msg to client play-fork-run-fb10b0ed-3c1c-42d1-bfc4-e051df8f2cc5: TaskFinished(81,12453,Some(AttributeKey[sbt.Configuration]("classpathConfiguration") in Scope(Build: file:/C:/Users/Nicolas/Documents/ScalaRamo/Visualisound/, , Project: ProjectReference(file:/C:/Users/Nicolas/Documents/ScalaRamo/Visualisound/,root), Config: runtime)),true,None)
Sending msg to client play-fork-run-fb10b0ed-3c1c-42d1-bfc4-e051df8f2cc5: TaskStarted(81,12452,None)
Sending msg to client play-fork-run-fb10b0ed-3c1c-42d1-bfc4-e051df8f2cc5: TaskFinished(81,12501,Some(AttributeKey[scala.Option[java.io.File]]("playDocsJar") in Scope(Build: file:/C:/Users/Nicolas/Documents/ScalaRamo/Visualisound/, , Project: ProjectReference(file:/C:/Users/Nicolas/Documents/ScalaRamo/Visualisound/,root))),true,None)
Sending msg to client play-fork-run-fb10b0ed-3c1c-42d1-bfc4-e051df8f2cc5: TaskFinished(81,12452,None,true,None)
Sending msg to client play-fork-run-fb10b0ed-3c1c-42d1-bfc4-e051df8f2cc5: TaskStarted(81,12449,Some(AttributeKey[scala.collection.Seq[sbt.Attributed[java.io.File]]]("managedClasspath") in Scope(Build: file:/C:/Users/Nicolas/Documents/ScalaRamo/Visualisound/, , Project: ProjectReference(file:/C:/Users/Nicolas/Documents/ScalaRamo/Visualisound/,root), Config: runtime)))
Sending msg to client play-fork-run-fb10b0ed-3c1c-42d1-bfc4-e051df8f2cc5: TaskFinished(81,12449,Some(AttributeKey[scala.collection.Seq[sbt.Attributed[java.io.File]]]("managedClasspath") in Scope(Build: file:/C:/Users/Nicolas/Documents/ScalaRamo/Visualisound/, , Project: ProjectReference(file:/C:/Users/Nicolas/Documents/ScalaRamo/Visualisound/,root), Config: runtime)),true,None)
Sending msg to client play-fork-run-fb10b0ed-3c1c-42d1-bfc4-e051df8f2cc5: TaskStarted(81,12448,None)
Sending msg to client play-fork-run-fb10b0ed-3c1c-42d1-bfc4-e051df8f2cc5: TaskFinished(81,12448,None,true,None)
Sending msg to client play-fork-run-fb10b0ed-3c1c-42d1-bfc4-e051df8f2cc5: TaskStarted(81,12447,Some(AttributeKey[scala.collection.Seq[sbt.Attributed[java.io.File]]]("playDependencyClasspath") in Scope(Build: file:/C:/Users/Nicolas/Documents/ScalaRamo/Visualisound/, , Project: ProjectReference(file:/C:/Users/Nicolas/Documents/ScalaRamo/Visualisound/,root))))
Sending msg to client play-fork-run-fb10b0ed-3c1c-42d1-bfc4-e051df8f2cc5: TaskFinished(81,12447,Some(AttributeKey[scala.collection.Seq[sbt.Attributed[java.io.File]]]("playDependencyClasspath") in Scope(Build: file:/C:/Users/Nicolas/Documents/ScalaRamo/Visualisound/, , Project: ProjectReference(file:/C:/Users/Nicolas/Documents/ScalaRamo/Visualisound/,root))),true,None)
Sending msg to client play-fork-run-fb10b0ed-3c1c-42d1-bfc4-e051df8f2cc5: TaskStarted(81,12444,Some(AttributeKey[play.forkrun.protocol.ForkConfig]("playForkConfig") in Scope(Build: file:/C:/Users/Nicolas/Documents/ScalaRamo/Visualisound/, , Project: ProjectReference(file:/C:/Users/Nicolas/Documents/ScalaRamo/Visualisound/,root))))
Sending msg to client play-fork-run-fb10b0ed-3c1c-42d1-bfc4-e051df8f2cc5: TaskFinished(81,12444,Some(AttributeKey[play.forkrun.protocol.ForkConfig]("playForkConfig") in Scope(Build: file:/C:/Users/Nicolas/Documents/ScalaRamo/Visualisound/, , Project: ProjectReference(file:/C:/Users/Nicolas/Documents/ScalaRamo/Visualisound/,root))),true,None)
Sending msg to client play-fork-run-fb10b0ed-3c1c-42d1-bfc4-e051df8f2cc5: ValueChanged(AttributeKey[play.forkrun.protocol.ForkConfig]("playForkConfig") in Scope(Build: file:/C:/Users/Nicolas/Documents/ScalaRamo/Visualisound/, , Project: ProjectReference(file:/C:/Users/Nicolas/Documents/ScalaRamo/Visualisound/,root)),TaskSuccess(BuildValue(LazyValue(ForkConfig(C:\Users\Nicolas\Documents\ScalaRamo\Visualisound,List(-Djna.nosys=true),List(C:\Users\Nicolas\.ivy2\cache\org.scala-lang\scala-library\jars\scala-library-2.11.7.jar, C:\Users\Nicolas\Desktop\scalparo\activator-dist-1.3.10\repository\com.typesafe.play\twirl-api_2.11\1.1.1\jars\twirl-api_2.11.jar, C:\Users\Nicolas\Desktop\activator-dist-1.3.10\repository\org.apache.commons\commons-lang3\3.4\jars\commons-lang3.jar, C:\Users\Nicolas\.ivy2\cache\org.scala-lang.modules\scala-xml_2.11\bundles\scala-xml_2.11-1.0.1.jar, C:\Users\Nicolas\.ivy2\cache\com.typesafe.play\play-server_2.11\jars\play-server_2.11-2.5.0.jar, C:\Users\Nicolas\.ivy2\cache\com.typesafe.play\play_2.11\jars\play_2.11-2.5.0.jar, C:\Users\Nicolas\.ivy2\cache\com.typesafe.play\build-link\jars\build-link-2.5.0.jar, C:\Users\Nicolas\.ivy2\cache\com.typesafe.play\play-exceptions\jars\play-exceptions-2.5.0.jar, C:\Users\Nicolas\.ivy2\cache\com.typesafe.play\play-iteratees_2.11\jars\play-iteratees_2.11-2.5.0.jar, C:\Users\Nicolas\.ivy2\cache\org.scala-stm\scala-stm_2.11\jars\scala-stm_2.11-0.7.jar, C:\Users\Nicolas\Desktop\activator-dist-1.3.10\repository\com.typesafe\config\1.3.0\bundles\config.jar, C:\Users\Nicolas\.ivy2\cache\com.typesafe.play\play-json_2.11\jars\play-json_2.11-2.5.0.jar, C:\Users\Nicolas\.ivy2\cache\com.typesafe.play\play-functional_2.11\jars\play-functional_2.11-2.5.0.jar, C:\Users\Nicolas\.ivy2\cache\com.typesafe.play\play-datacommons_2.11\jars\play-datacommons_2.11-2.5.0.jar, C:\Users\Nicolas\.ivy2\cache\joda-time\joda-time\jars\joda-time-2.9.2.jar, C:\Users\Nicolas\.ivy2\cache\org.joda\joda-convert\jars\joda-convert-1.8.1.jar, C:\Users\Nicolas\.ivy2\cache\org.scala-lang\scala-reflect\jars\scala-reflect-2.11.7.jar, C:\Users\Nicolas\.ivy2\cache\com.fasterxml.jackson.core\jackson-core\bundles\jackson-core-2.7.1.jar, C:\Users\Nicolas\.ivy2\cache\com.fasterxml.jackson.core\jackson-annotations\bundles\jackson-annotations-2.7.1.jar, C:\Users\Nicolas\.ivy2\cache\com.fasterxml.jackson.core\jackson-databind\bundles\jackson-databind-2.7.1.jar, C:\Users\Nicolas\.ivy2\cache\com.fasterxml.jackson.datatype\jackson-datatype-jdk8\bundles\jackson-datatype-jdk8-2.7.1.jar, C:\Users\Nicolas\.ivy2\cache\com.fasterxml.jackson.datatype\jackson-datatype-jsr310\bundles\jackson-datatype-jsr310-2.7.1.jar, C:\Users\Nicolas\.ivy2\cache\com.typesafe.play\play-netty-utils\jars\play-netty-utils-2.5.0.jar, C:\Users\Nicolas\.ivy2\cache\org.slf4j\slf4j-api\jars\slf4j-api-1.7.16.jar, C:\Users\Nicolas\.ivy2\cache\org.slf4j\jul-to-slf4j\jars\jul-to-slf4j-1.7.16.jar, C:\Users\Nicolas\.ivy2\cache\org.slf4j\jcl-over-slf4j\jars\jcl-over-slf4j-1.7.16.jar, C:\Users\Nicolas\.ivy2\cache\com.typesafe.play\play-streams_2.11\jars\play-streams_2.11-2.5.0.jar, C:\Users\Nicolas\Desktop\scalparo\activator-dist-1.3.10\repository\org.reactivestreams\reactive-streams\1.0.0\jars\reactive-streams.jar, C:\Users\Nicolas\.ivy2\cache\com.typesafe.akka\akka-stream_2.11\jars\akka-stream_2.11-2.4.2.jar, C:\Users\Nicolas\.ivy2\cache\com.typesafe.akka\akka-actor_2.11\jars\akka-actor_2.11-2.4.2.jar, C:\Users\Nicolas\.ivy2\cache\org.scala-lang.modules\scala-java8-compat_2.11\bundles\scala-java8-compat_2.11-0.7.0.jar, C:\Users\Nicolas\.ivy2\cache\com.typesafe\ssl-config-akka_2.11\bundles\ssl-config-akka_2.11-0.1.3.jar, C:\Users\Nicolas\.ivy2\cache\com.typesafe\ssl-config-core_2.11\bundles\ssl-config-core_2.11-0.1.3.jar, C:\Users\Nicolas\.ivy2\cache\org.scala-lang.modules\scala-parser-combinators_2.11\bundles\scala-parser-combinators_2.11-1.0.4.jar, C:\Users\Nicolas\.ivy2\cache\com.typesafe.akka\akka-slf4j_2.11\jars\akka-slf4j_2.11-2.4.2.jar, C:\Users\Nicolas\Desktop\scalparo\activator-dist-1.3.10\repository\commons-codec\commons-codec\1.10\jars\commons-codec.jar, C:\Users\Nicolas\.ivy2\cache\xerces\xercesImpl\jars\xercesImpl-2.11.0.jar, C:\Users\Nicolas\.ivy2\cache\xml-apis\xml-apis\jars\xml-apis-1.4.01.jar, C:\Users\Nicolas\.ivy2\cache\javax.transaction\jta\jars\jta-1.1.jar, C:\Users\Nicolas\Desktop\scalparo\activator-dist-1.3.10\repository\com.google.inject\guice\4.0\jars\guice.jar, C:\Users\Nicolas\Desktop\activator-dist-1.3.10\repository\javax.inject\javax.inject\1\jars\javax.inject.jar, C:\Users\Nicolas\Desktop\activator-dist-1.3.10\repository\aopalliance\aopalliance\1.0\jars\aopalliance.jar, C:\Users\Nicolas\Desktop\scalparo\activator-dist-1.3.10\repository\com.google.inject.extensions\guice-assistedinject\4.0\jars\guice-assistedinject.jar, C:\Users\Nicolas\.ivy2\cache\com.typesafe.play\play-netty-server_2.11\jars\play-netty-server_2.11-2.5.0.jar, C:\Users\Nicolas\.ivy2\cache\com.typesafe.netty\netty-reactive-streams-http\jars\netty-reactive-streams-http-1.0.2.jar, C:\Users\Nicolas\.ivy2\cache\com.typesafe.netty\netty-reactive-streams\jars\netty-reactive-streams-1.0.2.jar, C:\Users\Nicolas\.ivy2\cache\io.netty\netty-transport-native-epoll\jars\netty-transport-native-epoll-4.0.33.Final-linux-x86_64.jar, C:\Users\Nicolas\.ivy2\cache\com.typesafe.play\play-logback_2.11\jars\play-logback_2.11-2.5.0.jar, C:\Users\Nicolas\.ivy2\cache\ch.qos.logback\logback-core\jars\logback-core-1.1.4.jar, C:\Users\Nicolas\.ivy2\cache\ch.qos.logback\logback-classic\jars\logback-classic-1.1.4.jar, C:\Users\Nicolas\.ivy2\cache\com.typesafe.play\play-slick_2.11\jars\play-slick_2.11-1.1.1.jar, C:\Users\Nicolas\.ivy2\cache\com.typesafe.slick\slick_2.11\bundles\slick_2.11-3.1.0.jar, C:\Users\Nicolas\.ivy2\cache\com.typesafe.slick\slick-hikaricp_2.11\bundles\slick-hikaricp_2.11-3.1.0.jar, C:\Users\Nicolas\.ivy2\cache\com.zaxxer\HikariCP-java6\bundles\HikariCP-java6-2.3.7.jar, C:\Users\Nicolas\.ivy2\cache\com.typesafe.play\play-slick-evolutions_2.11\jars\play-slick-evolutions_2.11-1.1.1.jar, C:\Users\Nicolas\.ivy2\cache\com.typesafe.play\play-jdbc-evolutions_2.11\jars\play-jdbc-evolutions_2.11-2.5.0.jar, C:\Users\Nicolas\.ivy2\cache\com.typesafe.play\play-jdbc-api_2.11\jars\play-jdbc-api_2.11-2.5.0.jar, C:\Users\Nicolas\.ivy2\cache\com.h2database\h2\jars\h2-1.4.191.jar, C:\Users\Nicolas\.ivy2\cache\com.typesafe.play\play-cache_2.11\jars\play-cache_2.11-2.5.0.jar, C:\Users\Nicolas\.ivy2\cache\net.sf.ehcache\ehcache-core\jars\ehcache-core-2.6.11.jar, C:\Users\Nicolas\.ivy2\cache\com.typesafe.play\play-ws_2.11\jars\play-ws_2.11-2.5.0.jar, C:\Users\Nicolas\.ivy2\cache\com.google.guava\guava\bundles\guava-19.0.jar, C:\Users\Nicolas\.ivy2\cache\org.asynchttpclient\async-http-client\jars\async-http-client-2.0.0-RC9.jar, C:\Users\Nicolas\.ivy2\cache\io.netty\netty-codec-http\jars\netty-codec-http-4.0.34.Final.jar, C:\Users\Nicolas\.ivy2\cache\io.netty\netty-codec\jars\netty-codec-4.0.34.Final.jar, C:\Users\Nicolas\.ivy2\cache\io.netty\netty-transport\jars\netty-transport-4.0.34.Final.jar, C:\Users\Nicolas\.ivy2\cache\io.netty\netty-buffer\jars\netty-buffer-4.0.34.Final.jar, C:\Users\Nicolas\.ivy2\cache\io.netty\netty-common\jars\netty-common-4.0.34.Final.jar, C:\Users\Nicolas\.ivy2\cache\io.netty\netty-handler\jars\netty-handler-4.0.34.Final.jar, C:\Users\Nicolas\.ivy2\cache\org.asynchttpclient\netty-resolver-dns\jars\netty-resolver-dns-2.0.0-RC9.jar, C:\Users\Nicolas\.ivy2\cache\org.asynchttpclient\netty-resolver\jars\netty-resolver-2.0.0-RC9.jar, C:\Users\Nicolas\.ivy2\cache\org.asynchttpclient\netty-codec-dns\jars\netty-codec-dns-2.0.0-RC9.jar, C:\Users\Nicolas\.ivy2\cache\org.javassist\javassist\bundles\javassist-3.20.0-GA.jar, C:\Users\Nicolas\.ivy2\cache\oauth.signpost\signpost-core\jars\signpost-core-1.2.1.2.jar, C:\Users\Nicolas\.ivy2\cache\oauth.signpost\signpost-commonshttp4\jars\signpost-commonshttp4-1.2.1.2.jar, C:\Users\Nicolas\.ivy2\cache\org.apache.httpcomponents\httpcore\jars\httpcore-4.0.1.jar, C:\Users\Nicolas\.ivy2\cache\org.apache.httpcomponents\httpclient\jars\httpclient-4.0.1.jar, C:\Users\Nicolas\.ivy2\cache\commons-logging\commons-logging\jars\commons-logging-1.1.1.jar, C:\Users\Nicolas\.ivy2\cache\org.postgresql\postgresql\jars\postgresql-9.4-1201-jdbc41.jar),List((public/,C:\Users\Nicolas\Documents\ScalaRamo\Visualisound\target\web\public\main)),List(C:\Users\Nicolas\.ivy2\cache\com.typesafe.play\play-omnidoc_2.11\jars\play-omnidoc_2.11-2.5.0.jar, C:\Users\Nicolas\.ivy2\cache\org.scala-lang\scala-library\jars\scala-library-2.11.7.jar, C:\Users\Nicolas\.ivy2\cache\com.typesafe.play\play-docs_2.11\jars\play-docs_2.11-2.5.0.jar, C:\Users\Nicolas\.ivy2\cache\com.typesafe.play\play-netty-server_2.11\jars\play-netty-server_2.11-2.5.0.jar, C:\Users\Nicolas\.ivy2\cache\com.typesafe.play\play-server_2.11\jars\play-server_2.11-2.5.0.jar, C:\Users\Nicolas\.ivy2\cache\com.typesafe.play\play_2.11\jars\play_2.11-2.5.0.jar, C:\Users\Nicolas\.ivy2\cache\com.typesafe.play\build-link\jars\build-link-2.5.0.jar, C:\Users\Nicolas\.ivy2\cache\com.typesafe.play\play-exceptions\jars\play-exceptions-2.5.0.jar, C:\Users\Nicolas\.ivy2\cache\com.typesafe.play\play-iteratees_2.11\jars\play-iteratees_2.11-2.5.0.jar, C:\Users\Nicolas\.ivy2\cache\org.scala-stm\scala-stm_2.11\jars\scala-stm_2.11-0.7.jar, C:\Users\Nicolas\Desktop\activator-dist-1.3.10\repository\com.typesafe\config\1.3.0\bundles\config.jar, C:\Users\Nicolas\.ivy2\cache\com.typesafe.play\play-json_2.11\jars\play-json_2.11-2.5.0.jar, C:\Users\Nicolas\.ivy2\cache\com.typesafe.play\play-functional_2.11\jars\play-functional_2.11-2.5.0.jar, C:\Users\Nicolas\.ivy2\cache\com.typesafe.play\play-datacommons_2.11\jars\play-datacommons_2.11-2.5.0.jar, C:\Users\Nicolas\.ivy2\cache\joda-time\joda-time\jars\joda-time-2.9.2.jar, C:\Users\Nicolas\.ivy2\cache\org.joda\joda-convert\jars\joda-convert-1.8.1.jar, C:\Users\Nicolas\.ivy2\cache\org.scala-lang\scala-reflect\jars\scala-reflect-2.11.7.jar, C:\Users\Nicolas\.ivy2\cache\com.fasterxml.jackson.core\jackson-core\bundles\jackson-core-2.7.1.jar, C:\Users\Nicolas\.ivy2\cache\com.fasterxml.jackson.core\jackson-annotations\bundles\jackson-annotations-2.7.1.jar, C:\Users\Nicolas\.ivy2\cache\com.fasterxml.jackson.core\jackson-databind\bundles\jackson-databind-2.7.1.jar, C:\Users\Nicolas\.ivy2\cache\com.fasterxml.jackson.datatype\jackson-datatype-jdk8\bundles\jackson-datatype-jdk8-2.7.1.jar, C:\Users\Nicolas\.ivy2\cache\com.fasterxml.jackson.datatype\jackson-datatype-jsr310\bundles\jackson-datatype-jsr310-2.7.1.jar, C:\Users\Nicolas\.ivy2\cache\com.typesafe.play\play-netty-utils\jars\play-netty-utils-2.5.0.jar, C:\Users\Nicolas\.ivy2\cache\org.slf4j\slf4j-api\jars\slf4j-api-1.7.16.jar, C:\Users\Nicolas\.ivy2\cache\org.slf4j\jul-to-slf4j\jars\jul-to-slf4j-1.7.16.jar, C:\Users\Nicolas\.ivy2\cache\org.slf4j\jcl-over-slf4j\jars\jcl-over-slf4j-1.7.16.jar, C:\Users\Nicolas\.ivy2\cache\com.typesafe.play\play-streams_2.11\jars\play-streams_2.11-2.5.0.jar, C:\Users\Nicolas\Desktop\scalparo\activator-dist-1.3.10\repository\org.reactivestreams\reactive-streams\1.0.0\jars\reactive-streams.jar, C:\Users\Nicolas\.ivy2\cache\com.typesafe.akka\akka-stream_2.11\jars\akka-stream_2.11-2.4.2.jar, C:\Users\Nicolas\.ivy2\cache\com.typesafe.akka\akka-actor_2.11\jars\akka-actor_2.11-2.4.2.jar, C:\Users\Nicolas\.ivy2\cache\org.scala-lang.modules\scala-java8-compat_2.11\bundles\scala-java8-compat_2.11-0.7.0.jar, C:\Users\Nicolas\.ivy2\cache\com.typesafe\ssl-config-akka_2.11\bundles\ssl-config-akka_2.11-0.1.3.jar, C:\Users\Nicolas\.ivy2\cache\com.typesafe\ssl-config-core_2.11\bundles\ssl-config-core_2.11-0.1.3.jar, C:\Users\Nicolas\.ivy2\cache\org.scala-lang.modules\scala-parser-combinators_2.11\bundles\scala-parser-combinators_2.11-1.0.4.jar, C:\Users\Nicolas\Desktop\scalparo\activator-dist-1.3.10\repository\com.typesafe.play\twirl-api_2.11\1.1.1\jars\twirl-api_2.11.jar, C:\Users\Nicolas\Desktop\activator-dist-1.3.10\repository\org.apache.commons\commons-lang3\3.4\jars\commons-lang3.jar, C:\Users\Nicolas\.ivy2\cache\org.scala-lang.modules\scala-xml_2.11\bundles\scala-xml_2.11-1.0.1.jar, C:\Users\Nicolas\.ivy2\cache\com.typesafe.akka\akka-slf4j_2.11\jars\akka-slf4j_2.11-2.4.2.jar, C:\Users\Nicolas\Desktop\scalparo\activator-dist-1.3.10\repository\commons-codec\commons-codec\1.10\jars\commons-codec.jar, C:\Users\Nicolas\.ivy2\cache\xerces\xercesImpl\jars\xercesImpl-2.11.0.jar, C:\Users\Nicolas\.ivy2\cache\xml-apis\xml-apis\jars\xml-apis-1.4.01.jar, C:\Users\Nicolas\.ivy2\cache\javax.transaction\jta\jars\jta-1.1.jar, C:\Users\Nicolas\Desktop\scalparo\activator-dist-1.3.10\repository\com.google.inject\guice\4.0\jars\guice.jar, C:\Users\Nicolas\Desktop\activator-dist-1.3.10\repository\javax.inject\javax.inject\1\jars\javax.inject.jar, C:\Users\Nicolas\Desktop\activator-dist-1.3.10\repository\aopalliance\aopalliance\1.0\jars\aopalliance.jar, C:\Users\Nicolas\.ivy2\cache\com.google.guava\guava\bundles\guava-16.0.1.jar, C:\Users\Nicolas\Desktop\scalparo\activator-dist-1.3.10\repository\com.google.inject.extensions\guice-assistedinject\4.0\jars\guice-assistedinject.jar, C:\Users\Nicolas\.ivy2\cache\com.typesafe.netty\netty-reactive-streams-http\jars\netty-reactive-streams-http-1.0.2.jar, C:\Users\Nicolas\.ivy2\cache\com.typesafe.netty\netty-reactive-streams\jars\netty-reactive-streams-1.0.2.jar, C:\Users\Nicolas\.ivy2\cache\io.netty\netty-handler\jars\netty-handler-4.0.33.Final.jar, C:\Users\Nicolas\.ivy2\cache\io.netty\netty-buffer\jars\netty-buffer-4.0.33.Final.jar, C:\Users\Nicolas\.ivy2\cache\io.netty\netty-common\jars\netty-common-4.0.33.Final.jar, C:\Users\Nicolas\.ivy2\cache\io.netty\netty-transport\jars\netty-transport-4.0.33.Final.jar, C:\Users\Nicolas\.ivy2\cache\io.netty\netty-codec\jars\netty-codec-4.0.33.Final.jar, C:\Users\Nicolas\.ivy2\cache\io.netty\netty-codec-http\jars\netty-codec-http-4.0.33.Final.jar, C:\Users\Nicolas\.ivy2\cache\io.netty\netty-transport-native-epoll\jars\netty-transport-native-epoll-4.0.33.Final-linux-x86_64.jar, C:\Users\Nicolas\Desktop\scalparo\activator-dist-1.3.10\repository\com.typesafe.play\play-doc_2.11\1.2.2\jars\play-doc_2.11.jar, C:\Users\Nicolas\.ivy2\cache\org.pegdown\pegdown\jars\pegdown-1.4.0.jar, C:\Users\Nicolas\.ivy2\cache\org.parboiled\parboiled-java\bundles\parboiled-java-1.1.5.jar, C:\Users\Nicolas\.ivy2\cache\org.parboiled\parboiled-core\bundles\parboiled-core-1.1.5.jar, C:\Users\Nicolas\.ivy2\cache\org.ow2.asm\asm\jars\asm-4.1.jar, C:\Users\Nicolas\.ivy2\cache\org.ow2.asm\asm-tree\jars\asm-tree-4.1.jar, C:\Users\Nicolas\.ivy2\cache\org.ow2.asm\asm-analysis\jars\asm-analysis-4.1.jar, C:\Users\Nicolas\.ivy2\cache\org.ow2.asm\asm-util\jars\asm-util-4.1.jar, C:\Users\Nicolas\Desktop\activator-dist-1.3.10\repository\commons-io\commons-io\2.4\jars\commons-io.jar),Some(C:\Users\Nicolas\.ivy2\cache\com.typesafe.play\play-omnidoc_2.11\jars\play-omnidoc_2.11-2.5.0.jar),List(),9000,0.0.0.0,DefaultWatchService,List(C:\Users\Nicolas\Documents\ScalaRamo\Visualisound\public, C:\Users\Nicolas\Documents\ScalaRamo\Visualisound\conf, C:\Users\Nicolas\Documents\ScalaRamo\Visualisound\app),C:\Users\Nicolas\Documents\ScalaRamo\Visualisound\target,500,root/playForkNotifyStart,root/playForkReload,300000,play.core.server.DevServerStart),scala.pickling.PicklerUnpickler$DelegatingPicklerUnpickler@ec29fc),ForkConfig(C:\Users\Nicolas\Documents\ScalaRamo\Visualisound,List(-Djna.nosys=true),List(C:\Users\Nicolas\.ivy2\cache\org.scala-lang\scala-library\jars\scala-library-2.11.7.jar, C:\Users\Nicolas\Desktop\scalparo\activator-dist-1.3.10\repository\com.typesafe.play\twirl-api_2.11\1.1.1\jars\twirl-api_2.11.jar, C:\Users\Nicolas\Desktop\activator-dist-1.3.10\repository\org.apache.commons\commons-lang3\3.4\jars\commons-lang3.jar, C:\Users\Nicolas\.ivy2\cache\org.scala-lang.modules\scala-xml_2.11\bundles\scala-xml_2.11-1.0.1.jar, C:\Users\Nicolas\.ivy2\cache\com.typesafe.play\play-server_2.11\jars\play-server_2.11-2.5.0.jar, C:\Users\Nicolas\.ivy2\cache\com.typesafe.play\play_2.11\jars\play_2.11-2.5.0.jar, C:\Users\Nicolas\.ivy2\cache\com.typesafe.play\build-link\jars\build-link-2.5.0.jar, C:\Users\Nicolas\.ivy2\cache\com.typesafe.play\play-exceptions\jars\play-exceptions-2.5.0.jar, C:\Users\Nicolas\.ivy2\cache\com.typesafe.play\play-iteratees_2.11\jars\play-iteratees_2.11-2.5.0.jar, C:\Users\Nicolas\.ivy2\cache\org.scala-stm\scala-stm_2.11\jars\scala-stm_2.11-0.7.jar, C:\Users\Nicolas\Desktop\activator-dist-1.3.10\repository\com.typesafe\config\1.3.0\bundles\config.jar, C:\Users\Nicolas\.ivy2\cache\com.typesafe.play\play-json_2.11\jars\play-json_2.11-2.5.0.jar, C:\Users\Nicolas\.ivy2\cache\com.typesafe.play\play-functional_2.11\jars\play-functional_2.11-2.5.0.jar, C:\Users\Nicolas\.ivy2\cache\com.typesafe.play\play-datacommons_2.11\jars\play-datacommons_2.11-2.5.0.jar, C:\Users\Nicolas\.ivy2\cache\joda-time\joda-time\jars\joda-time-2.9.2.jar, C:\Users\Nicolas\.ivy2\cache\org.joda\joda-convert\jars\joda-convert-1.8.1.jar, C:\Users\Nicolas\.ivy2\cache\org.scala-lang\scala-reflect\jars\scala-reflect-2.11.7.jar, C:\Users\Nicolas\.ivy2\cache\com.fasterxml.jackson.core\jackson-core\bundles\jackson-core-2.7.1.jar, C:\Users\Nicolas\.ivy2\cache\com.fasterxml.jackson.core\jackson-annotations\bundles\jackson-annotations-2.7.1.jar, C:\Users\Nicolas\.ivy2\cache\com.fasterxml.jackson.core\jackson-databind\bundles\jackson-databind-2.7.1.jar, C:\Users\Nicolas\.ivy2\cache\com.fasterxml.jackson.datatype\jackson-datatype-jdk8\bundles\jackson-datatype-jdk8-2.7.1.jar, C:\Users\Nicolas\.ivy2\cache\com.fasterxml.jackson.datatype\jackson-datatype-jsr310\bundles\jackson-datatype-jsr310-2.7.1.jar, C:\Users\Nicolas\.ivy2\cache\com.typesafe.play\play-netty-utils\jars\play-netty-utils-2.5.0.jar, C:\Users\Nicolas\.ivy2\cache\org.slf4j\slf4j-api\jars\slf4j-api-1.7.16.jar, C:\Users\Nicolas\.ivy2\cache\org.slf4j\jul-to-slf4j\jars\jul-to-slf4j-1.7.16.jar, C:\Users\Nicolas\.ivy2\cache\org.slf4j\jcl-over-slf4j\jars\jcl-over-slf4j-1.7.16.jar, C:\Users\Nicolas\.ivy2\cache\com.typesafe.play\play-streams_2.11\jars\play-streams_2.11-2.5.0.jar, C:\Users\Nicolas\Desktop\scalparo\activator-dist-1.3.10\repository\org.reactivestreams\reactive-streams\1.0.0\jars\reactive-streams.jar, C:\Users\Nicolas\.ivy2\cache\com.typesafe.akka\akka-stream_2.11\jars\akka-stream_2.11-2.4.2.jar, C:\Users\Nicolas\.ivy2\cache\com.typesafe.akka\akka-actor_2.11\jars\akka-actor_2.11-2.4.2.jar, C:\Users\Nicolas\.ivy2\cache\org.scala-lang.modules\scala-java8-compat_2.11\bundles\scala-java8-compat_2.11-0.7.0.jar, C:\Users\Nicolas\.ivy2\cache\com.typesafe\ssl-config-akka_2.11\bundles\ssl-config-akka_2.11-0.1.3.jar, C:\Users\Nicolas\.ivy2\cache\com.typesafe\ssl-config-core_2.11\bundles\ssl-config-core_2.11-0.1.3.jar, C:\Users\Nicolas\.ivy2\cache\org.scala-lang.modules\scala-parser-combinators_2.11\bundles\scala-parser-combinators_2.11-1.0.4.jar, C:\Users\Nicolas\.ivy2\cache\com.typesafe.akka\akka-slf4j_2.11\jars\akka-slf4j_2.11-2.4.2.jar, C:\Users\Nicolas\Desktop\scalparo\activator-dist-1.3.10\repository\commons-codec\commons-codec\1.10\jars\commons-codec.jar, C:\Users\Nicolas\.ivy2\cache\xerces\xercesImpl\jars\xercesImpl-2.11.0.jar, C:\Users\Nicolas\.ivy2\cache\xml-apis\xml-apis\jars\xml-apis-1.4.01.jar, C:\Users\Nicolas\.ivy2\cache\javax.transaction\jta\jars\jta-1.1.jar, C:\Users\Nicolas\Desktop\scalparo\activator-dist-1.3.10\repository\com.google.inject\guice\4.0\jars\guice.jar, C:\Users\Nicolas\Desktop\activator-dist-1.3.10\repository\javax.inject\javax.inject\1\jars\javax.inject.jar, C:\Users\Nicolas\Desktop\activator-dist-1.3.10\repository\aopalliance\aopalliance\1.0\jars\aopalliance.jar, C:\Users\Nicolas\Desktop\scalparo\activator-dist-1.3.10\repository\com.google.inject.extensions\guice-assistedinject\4.0\jars\guice-assistedinject.jar, C:\Users\Nicolas\.ivy2\cache\com.typesafe.play\play-netty-server_2.11\jars\play-netty-server_2.11-2.5.0.jar, C:\Users\Nicolas\.ivy2\cache\com.typesafe.netty\netty-reactive-streams-http\jars\netty-reactive-streams-http-1.0.2.jar, C:\Users\Nicolas\.ivy2\cache\com.typesafe.netty\netty-reactive-streams\jars\netty-reactive-streams-1.0.2.jar, C:\Users\Nicolas\.ivy2\cache\io.netty\netty-transport-native-epoll\jars\netty-transport-native-epoll-4.0.33.Final-linux-x86_64.jar, C:\Users\Nicolas\.ivy2\cache\com.typesafe.play\play-logback_2.11\jars\play-logback_2.11-2.5.0.jar, C:\Users\Nicolas\.ivy2\cache\ch.qos.logback\logback-core\jars\logback-core-1.1.4.jar, C:\Users\Nicolas\.ivy2\cache\ch.qos.logback\logback-classic\jars\logback-classic-1.1.4.jar, C:\Users\Nicolas\.ivy2\cache\com.typesafe.play\play-slick_2.11\jars\play-slick_2.11-1.1.1.jar, C:\Users\Nicolas\.ivy2\cache\com.typesafe.slick\slick_2.11\bundles\slick_2.11-3.1.0.jar, C:\Users\Nicolas\.ivy2\cache\com.typesafe.slick\slick-hikaricp_2.11\bundles\slick-hikaricp_2.11-3.1.0.jar, C:\Users\Nicolas\.ivy2\cache\com.zaxxer\HikariCP-java6\bundles\HikariCP-java6-2.3.7.jar, C:\Users\Nicolas\.ivy2\cache\com.typesafe.play\play-slick-evolutions_2.11\jars\play-slick-evolutions_2.11-1.1.1.jar, C:\Users\Nicolas\.ivy2\cache\com.typesafe.play\play-jdbc-evolutions_2.11\jars\play-jdbc-evolutions_2.11-2.5.0.jar, C:\Users\Nicolas\.ivy2\cache\com.typesafe.play\play-jdbc-api_2.11\jars\play-jdbc-api_2.11-2.5.0.jar, C:\Users\Nicolas\.ivy2\cache\com.h2database\h2\jars\h2-1.4.191.jar, C:\Users\Nicolas\.ivy2\cache\com.typesafe.play\play-cache_2.11\jars\play-cache_2.11-2.5.0.jar, C:\Users\Nicolas\.ivy2\cache\net.sf.ehcache\ehcache-core\jars\ehcache-core-2.6.11.jar, C:\Users\Nicolas\.ivy2\cache\com.typesafe.play\play-ws_2.11\jars\play-ws_2.11-2.5.0.jar, C:\Users\Nicolas\.ivy2\cache\com.google.guava\guava\bundles\guava-19.0.jar, C:\Users\Nicolas\.ivy2\cache\org.asynchttpclient\async-http-client\jars\async-http-client-2.0.0-RC9.jar, C:\Users\Nicolas\.ivy2\cache\io.netty\netty-codec-http\jars\netty-codec-http-4.0.34.Final.jar, C:\Users\Nicolas\.ivy2\cache\io.netty\netty-codec\jars\netty-codec-4.0.34.Final.jar, C:\Users\Nicolas\.ivy2\cache\io.netty\netty-transport\jars\netty-transport-4.0.34.Final.jar, C:\Users\Nicolas\.ivy2\cache\io.netty\netty-buffer\jars\netty-buffer-4.0.34.Final.jar, C:\Users\Nicolas\.ivy2\cache\io.netty\netty-common\jars\netty-common-4.0.34.Final.jar, C:\Users\Nicolas\.ivy2\cache\io.netty\netty-handler\jars\netty-handler-4.0.34.Final.jar, C:\Users\Nicolas\.ivy2\cache\org.asynchttpclient\netty-resolver-dns\jars\netty-resolver-dns-2.0.0-RC9.jar, C:\Users\Nicolas\.ivy2\cache\org.asynchttpclient\netty-resolver\jars\netty-resolver-2.0.0-RC9.jar, C:\Users\Nicolas\.ivy2\cache\org.asynchttpclient\netty-codec-dns\jars\netty-codec-dns-2.0.0-RC9.jar, C:\Users\Nicolas\.ivy2\cache\org.javassist\javassist\bundles\javassist-3.20.0-GA.jar, C:\Users\Nicolas\.ivy2\cache\oauth.signpost\signpost-core\jars\signpost-core-1.2.1.2.jar, C:\Users\Nicolas\.ivy2\cache\oauth.signpost\signpost-commonshttp4\jars\signpost-commonshttp4-1.2.1.2.jar, C:\Users\Nicolas\.ivy2\cache\org.apache.httpcomponents\httpcore\jars\httpcore-4.0.1.jar, C:\Users\Nicolas\.ivy2\cache\org.apache.httpcomponents\httpclient\jars\httpclient-4.0.1.jar, C:\Users\Nicolas\.ivy2\cache\commons-logging\commons-logging\jars\commons-logging-1.1.1.jar, C:\Users\Nicolas\.ivy2\cache\org.postgresql\postgresql\jars\postgresql-9.4-1201-jdbc41.jar),List((public/,C:\Users\Nicolas\Documents\ScalaRamo\Visualisound\target\web\public\main)),List(C:\Users\Nicolas\.ivy2\cache\com.typesafe.play\play-omnidoc_2.11\jars\play-omnidoc_2.11-2.5.0.jar, C:\Users\Nicolas\.ivy2\cache\org.scala-lang\scala-library\jars\scala-library-2.11.7.jar, C:\Users\Nicolas\.ivy2\cache\com.typesafe.play\play-docs_2.11\jars\play-docs_2.11-2.5.0.jar, C:\Users\Nicolas\.ivy2\cache\com.typesafe.play\play-netty-server_2.11\jars\play-netty-server_2.11-2.5.0.jar, C:\Users\Nicolas\.ivy2\cache\com.typesafe.play\play-server_2.11\jars\play-server_2.11-2.5.0.jar, C:\Users\Nicolas\.ivy2\cache\com.typesafe.play\play_2.11\jars\play_2.11-2.5.0.jar, C:\Users\Nicolas\.ivy2\cache\com.typesafe.play\build-link\jars\build-link-2.5.0.jar, C:\Users\Nicolas\.ivy2\cache\com.typesafe.play\play-exceptions\jars\play-exceptions-2.5.0.jar, C:\Users\Nicolas\.ivy2\cache\com.typesafe.play\play-iteratees_2.11\jars\play-iteratees_2.11-2.5.0.jar, C:\Users\Nicolas\.ivy2\cache\org.scala-stm\scala-stm_2.11\jars\scala-stm_2.11-0.7.jar, C:\Users\Nicolas\Desktop\activator-dist-1.3.10\repository\com.typesafe\config\1.3.0\bundles\config.jar, C:\Users\Nicolas\.ivy2\cache\com.typesafe.play\play-json_2.11\jars\play-json_2.11-2.5.0.jar, C:\Users\Nicolas\.ivy2\cache\com.typesafe.play\play-functional_2.11\jars\play-functional_2.11-2.5.0.jar, C:\Users\Nicolas\.ivy2\cache\com.typesafe.play\play-datacommons_2.11\jars\play-datacommons_2.11-2.5.0.jar, C:\Users\Nicolas\.ivy2\cache\joda-time\joda-time\jars\joda-time-2.9.2.jar, C:\Users\Nicolas\.ivy2\cache\org.joda\joda-convert\jars\joda-convert-1.8.1.jar, C:\Users\Nicolas\.ivy2\cache\org.scala-lang\scala-reflect\jars\scala-reflect-2.11.7.jar, C:\Users\Nicolas\.ivy2\cache\com.fasterxml.jackson.core\jackson-core\bundles\jackson-core-2.7.1.jar, C:\Users\Nicolas\.ivy2\cache\com.fasterxml.jackson.core\jackson-annotations\bundles\jackson-annotations-2.7.1.jar, C:\Users\Nicolas\.ivy2\cache\com.fasterxml.jackson.core\jackson-databind\bundles\jackson-databind-2.7.1.jar, C:\Users\Nicolas\.ivy2\cache\com.fasterxml.jackson.datatype\jackson-datatype-jdk8\bundles\jackson-datatype-jdk8-2.7.1.jar, C:\Users\Nicolas\.ivy2\cache\com.fasterxml.jackson.datatype\jackson-datatype-jsr310\bundles\jackson-datatype-jsr310-2.7.1.jar, C:\Users\Nicolas\.ivy2\cache\com.typesafe.play\play-netty-utils\jars\play-netty-utils-2.5.0.jar, C:\Users\Nicolas\.ivy2\cache\org.slf4j\slf4j-api\jars\slf4j-api-1.7.16.jar, C:\Users\Nicolas\.ivy2\cache\org.slf4j\jul-to-slf4j\jars\jul-to-slf4j-1.7.16.jar, C:\Users\Nicolas\.ivy2\cache\org.slf4j\jcl-over-slf4j\jars\jcl-over-slf4j-1.7.16.jar, C:\Users\Nicolas\.ivy2\cache\com.typesafe.play\play-streams_2.11\jars\play-streams_2.11-2.5.0.jar, C:\Users\Nicolas\Desktop\scalparo\activator-dist-1.3.10\repository\org.reactivestreams\reactive-streams\1.0.0\jars\reactive-streams.jar, C:\Users\Nicolas\.ivy2\cache\com.typesafe.akka\akka-stream_2.11\jars\akka-stream_2.11-2.4.2.jar, C:\Users\Nicolas\.ivy2\cache\com.typesafe.akka\akka-actor_2.11\jars\akka-actor_2.11-2.4.2.jar, C:\Users\Nicolas\.ivy2\cache\org.scala-lang.modules\scala-java8-compat_2.11\bundles\scala-java8-compat_2.11-0.7.0.jar, C:\Users\Nicolas\.ivy2\cache\com.typesafe\ssl-config-akka_2.11\bundles\ssl-config-akka_2.11-0.1.3.jar, C:\Users\Nicolas\.ivy2\cache\com.typesafe\ssl-config-core_2.11\bundles\ssl-config-core_2.11-0.1.3.jar, C:\Users\Nicolas\.ivy2\cache\org.scala-lang.modules\scala-parser-combinators_2.11\bundles\scala-parser-combinators_2.11-1.0.4.jar, C:\Users\Nicolas\Desktop\scalparo\activator-dist-1.3.10\repository\com.typesafe.play\twirl-api_2.11\1.1.1\jars\twirl-api_2.11.jar, C:\Users\Nicolas\Desktop\activator-dist-1.3.10\repository\org.apache.commons\commons-lang3\3.4\jars\commons-lang3.jar, C:\Users\Nicolas\.ivy2\cache\org.scala-lang.modules\scala-xml_2.11\bundles\scala-xml_2.11-1.0.1.jar, C:\Users\Nicolas\.ivy2\cache\com.typesafe.akka\akka-slf4j_2.11\jars\akka-slf4j_2.11-2.4.2.jar, C:\Users\Nicolas\Desktop\scalparo\activator-dist-1.3.10\repository\commons-codec\commons-codec\1.10\jars\commons-codec.jar, C:\Users\Nicolas\.ivy2\cache\xerces\xercesImpl\jars\xercesImpl-2.11.0.jar, C:\Users\Nicolas\.ivy2\cache\xml-apis\xml-apis\jars\xml-apis-1.4.01.jar, C:\Users\Nicolas\.ivy2\cache\javax.transaction\jta\jars\jta-1.1.jar, C:\Users\Nicolas\Desktop\scalparo\activator-dist-1.3.10\repository\com.google.inject\guice\4.0\jars\guice.jar, C:\Users\Nicolas\Desktop\activator-dist-1.3.10\repository\javax.inject\javax.inject\1\jars\javax.inject.jar, C:\Users\Nicolas\Desktop\activator-dist-1.3.10\repository\aopalliance\aopalliance\1.0\jars\aopalliance.jar, C:\Users\Nicolas\.ivy2\cache\com.google.guava\guava\bundles\guava-16.0.1.jar, C:\Users\Nicolas\Desktop\scalparo\activator-dist-1.3.10\repository\com.google.inject.extensions\guice-assistedinject\4.0\jars\guice-assistedinject.jar, C:\Users\Nicolas\.ivy2\cache\com.typesafe.netty\netty-reactive-streams-http\jars\netty-reactive-streams-http-1.0.2.jar, C:\Users\Nicolas\.ivy2\cache\com.typesafe.netty\netty-reactive-streams\jars\netty-reactive-streams-1.0.2.jar, C:\Users\Nicolas\.ivy2\cache\io.netty\netty-handler\jars\netty-handler-4.0.33.Final.jar, C:\Users\Nicolas\.ivy2\cache\io.netty\netty-buffer\jars\netty-buffer-4.0.33.Final.jar, C:\Users\Nicolas\.ivy2\cache\io.netty\netty-common\jars\netty-common-4.0.33.Final.jar, C:\Users\Nicolas\.ivy2\cache\io.netty\netty-transport\jars\netty-transport-4.0.33.Final.jar, C:\Users\Nicolas\.ivy2\cache\io.netty\netty-codec\jars\netty-codec-4.0.33.Final.jar, C:\Users\Nicolas\.ivy2\cache\io.netty\netty-codec-http\jars\netty-codec-http-4.0.33.Final.jar, C:\Users\Nicolas\.ivy2\cache\io.netty\netty-transport-native-epoll\jars\netty-transport-native-epoll-4.0.33.Final-linux-x86_64.jar, C:\Users\Nicolas\Desktop\scalparo\activator-dist-1.3.10\repository\com.typesafe.play\play-doc_2.11\1.2.2\jars\play-doc_2.11.jar, C:\Users\Nicolas\.ivy2\cache\org.pegdown\pegdown\jars\pegdown-1.4.0.jar, C:\Users\Nicolas\.ivy2\cache\org.parboiled\parboiled-java\bundles\parboiled-java-1.1.5.jar, C:\Users\Nicolas\.ivy2\cache\org.parboiled\parboiled-core\bundles\parboiled-core-1.1.5.jar, C:\Users\Nicolas\.ivy2\cache\org.ow2.asm\asm\jars\asm-4.1.jar, C:\Users\Nicolas\.ivy2\cache\org.ow2.asm\asm-tree\jars\asm-tree-4.1.jar, C:\Users\Nicolas\.ivy2\cache\org.ow2.asm\asm-analysis\jars\asm-analysis-4.1.jar, C:\Users\Nicolas\.ivy2\cache\org.ow2.asm\asm-util\jars\asm-util-4.1.jar, C:\Users\Nicolas\Desktop\activator-dist-1.3.10\repository\commons-io\commons-io\2.4\jars\commons-io.jar),Some(C:\Users\Nicolas\.ivy2\cache\com.typesafe.play\play-omnidoc_2.11\jars\play-omnidoc_2.11-2.5.0.jar),List(),9000,0.0.0.0,DefaultWatchService,List(C:\Users\Nicolas\Documents\ScalaRamo\Visualisound\public, C:\Users\Nicolas\Documents\ScalaRamo\Visualisound\conf, C:\Users\Nicolas\Documents\ScalaRamo\Visualisound\app),C:\Users\Nicolas\Documents\ScalaRamo\Visualisound\target,500,root/playForkNotifyStart,root/playForkReload,300000,play.core.server.DevServerStart))))
Sending msg to client play-fork-run-fb10b0ed-3c1c-42d1-bfc4-e051df8f2cc5: TaskStarted(81,12443,None)
Sending msg to client play-fork-run-fb10b0ed-3c1c-42d1-bfc4-e051df8f2cc5: TaskFinished(81,12443,None,true,None)
Sending msg to client play-fork-run-fb10b0ed-3c1c-42d1-bfc4-e051df8f2cc5: TaskStarted(81,12442,None)
Sending msg to client play-fork-run-fb10b0ed-3c1c-42d1-bfc4-e051df8f2cc5: TaskFinished(81,12442,None,true,None)
Sending msg to client play-fork-run-fb10b0ed-3c1c-42d1-bfc4-e051df8f2cc5: DetachedLogEvent(LogMessage(debug,cancel strategy finish enabled=false lastCommand=Some(LastCommand(CommandExecutionWork(ExecutionId(81),{file:/C:/Users/Nicolas/Documents/ScalaRamo/Visualisound/}root/*:playForkConfig,Set(LiveClient(play-fork-run fb10b0ed-3c1c-42d1-bfc4-e051df8f2cc5)),sbt.server.WorkCancellationStatus$$anon$1@5a6bd6a6)))))
Sending msg to client play-fork-run-fb10b0ed-3c1c-42d1-bfc4-e051df8f2cc5: DetachedLogEvent(LogSuccess(Total time: 0 s, completed 10-08-2016 1:39:14))
Sending msg to client play-fork-run-fb10b0ed-3c1c-42d1-bfc4-e051df8f2cc5: DetachedLogEvent(LogMessage(debug,> server-post-command-cleanup))
Sending msg to client play-fork-run-fb10b0ed-3c1c-42d1-bfc4-e051df8f2cc5: ExecutionSuccess(81)
Sending msg to client play-fork-run-fb10b0ed-3c1c-42d1-bfc4-e051df8f2cc5: DetachedLogEvent(LogMessage(debug,> server-handle-next-server-request))
Sending msg to client play-fork-run-fb10b0ed-3c1c-42d1-bfc4-e051df8f2cc5: BackgroundJobLogEvent(9,LogMessage(info,))
Sending msg to client play-fork-run-fb10b0ed-3c1c-42d1-bfc4-e051df8f2cc5: BackgroundJobLogEvent(9,LogMessage(info,--- (Running the application, auto-reloading is enabled) ---))
Sending msg to client play-fork-run-fb10b0ed-3c1c-42d1-bfc4-e051df8f2cc5: BackgroundJobLogEvent(9,LogMessage(info,))
Sending msg to client play-fork-run-fb10b0ed-3c1c-42d1-bfc4-e051df8f2cc5: BackgroundJobLogEvent(9,LogMessage(info,p.c.s.NettyServer - Listening for HTTP on /0:0:0:0:0:0:0:0:9000))
Sending msg to client play-fork-run-fb10b0ed-3c1c-42d1-bfc4-e051df8f2cc5: BackgroundJobLogEvent(9,LogMessage(info,))
Sending msg to client play-fork-run-fb10b0ed-3c1c-42d1-bfc4-e051df8f2cc5: BackgroundJobLogEvent(9,LogMessage(info,(Server started, use Ctrl+D to stop and go back to the console...)))
Sending msg to client play-fork-run-fb10b0ed-3c1c-42d1-bfc4-e051df8f2cc5: BackgroundJobLogEvent(9,LogMessage(info,))
Got request: ExecutionRequest(root/playForkNotifyStart http://localhost:9000)
Reading next message from client.
Sending msg to client play-fork-run-fb10b0ed-3c1c-42d1-bfc4-e051df8f2cc5: (8,ExecutionRequestReceived(82))
Sending msg to client play-fork-run-fb10b0ed-3c1c-42d1-bfc4-e051df8f2cc5: ExecutionWaiting(82,root/playForkNotifyStart http://localhost:9000,ClientInfo(fb10b0ed-3c1c-42d1-bfc4-e051df8f2cc5,play-fork-run,Play Fork Run,1,Vector()))
Sending msg to client play-fork-run-fb10b0ed-3c1c-42d1-bfc4-e051df8f2cc5: ExecutionStarting(82)
Sending msg to client play-fork-run-fb10b0ed-3c1c-42d1-bfc4-e051df8f2cc5: DetachedLogEvent(LogMessage(debug,> root/playForkNotifyStart http://localhost:9000))
Sending msg to client play-fork-run-fb10b0ed-3c1c-42d1-bfc4-e051df8f2cc5: DetachedLogEvent(LogMessage(debug,Evaluating tasks: *:playForkNotifyStart))
Sending msg to client play-fork-run-fb10b0ed-3c1c-42d1-bfc4-e051df8f2cc5: DetachedLogEvent(LogMessage(debug,Running task... Cancel: sbt.server.ServerTaskCancellation@1a686b60, check cycles: false))
Sending msg to client play-fork-run-fb10b0ed-3c1c-42d1-bfc4-e051df8f2cc5: DetachedLogEvent(LogMessage(debug,cancel strategy start enabled=true lastCommand=Some(LastCommand(CommandExecutionWork(ExecutionId(82),root/playForkNotifyStart http://localhost:9000,Set(LiveClient(play-fork-run fb10b0ed-3c1c-42d1-bfc4-e051df8f2cc5)),sbt.server.WorkCancellationStatus$$anon$1@3c9e8e82)))))
Sending msg to client play-fork-run-fb10b0ed-3c1c-42d1-bfc4-e051df8f2cc5: TaskStarted(82,12522,Some(AttributeKey[sbt.SendEventService]("sendEventService") in Scope(Global)))
Sending msg to client play-fork-run-fb10b0ed-3c1c-42d1-bfc4-e051df8f2cc5: TaskFinished(82,12522,Some(AttributeKey[sbt.SendEventService]("sendEventService") in Scope(Global)),true,None)
Sending msg to client play-fork-run-fb10b0ed-3c1c-42d1-bfc4-e051df8f2cc5: TaskStarted(82,12521,Some(AttributeKey[scala.Function1[java.lang.String,void]]("playForkStarted") in Scope(Build: file:/C:/Users/Nicolas/Documents/ScalaRamo/Visualisound/, , Project: ProjectReference(file:/C:/Users/Nicolas/Documents/ScalaRamo/Visualisound/,root))))
Sending msg to client play-fork-run-fb10b0ed-3c1c-42d1-bfc4-e051df8f2cc5: TaskFinished(82,12521,Some(AttributeKey[scala.Function1[java.lang.String,void]]("playForkStarted") in Scope(Build: file:/C:/Users/Nicolas/Documents/ScalaRamo/Visualisound/, , Project: ProjectReference(file:/C:/Users/Nicolas/Documents/ScalaRamo/Visualisound/,root))),true,None)
Sending msg to client play-fork-run-fb10b0ed-3c1c-42d1-bfc4-e051df8f2cc5: TaskStarted(82,12520,Some(AttributeKey[void]("playForkNotifyStart") in Scope(Build: file:/C:/Users/Nicolas/Documents/ScalaRamo/Visualisound/, , Project: ProjectReference(file:/C:/Users/Nicolas/Documents/ScalaRamo/Visualisound/,root))))
Sending msg to client play-fork-run-fb10b0ed-3c1c-42d1-bfc4-e051df8f2cc5: TaskEvent(12520,LazyValue(PlayServerStarted(http://localhost:9000),play.forkrun.protocol.Serializers$PlayForkrunProtocolPlayServerStartedPickler1$2$@39746f76))
Sending msg to client play-fork-run-fb10b0ed-3c1c-42d1-bfc4-e051df8f2cc5: TaskFinished(82,12520,Some(AttributeKey[void]("playForkNotifyStart") in Scope(Build: file:/C:/Users/Nicolas/Documents/ScalaRamo/Visualisound/, , Project: ProjectReference(file:/C:/Users/Nicolas/Documents/ScalaRamo/Visualisound/,root))),true,None)
Sending msg to client play-fork-run-fb10b0ed-3c1c-42d1-bfc4-e051df8f2cc5: TaskStarted(82,12519,None)
Sending msg to client play-fork-run-fb10b0ed-3c1c-42d1-bfc4-e051df8f2cc5: TaskFinished(82,12519,None,true,None)
Sending msg to client play-fork-run-fb10b0ed-3c1c-42d1-bfc4-e051df8f2cc5: TaskStarted(82,12518,None)
Sending msg to client play-fork-run-fb10b0ed-3c1c-42d1-bfc4-e051df8f2cc5: TaskFinished(82,12518,None,true,None)
Sending msg to client play-fork-run-fb10b0ed-3c1c-42d1-bfc4-e051df8f2cc5: DetachedLogEvent(LogMessage(debug,cancel strategy finish enabled=false lastCommand=Some(LastCommand(CommandExecutionWork(ExecutionId(82),root/playForkNotifyStart http://localhost:9000,Set(LiveClient(play-fork-run fb10b0ed-3c1c-42d1-bfc4-e051df8f2cc5)),sbt.server.WorkCancellationStatus$$anon$1@3c9e8e82)))))
Sending msg to client play-fork-run-fb10b0ed-3c1c-42d1-bfc4-e051df8f2cc5: DetachedLogEvent(LogSuccess(Total time: 0 s, completed 10-08-2016 1:39:15))
Sending msg to client play-fork-run-fb10b0ed-3c1c-42d1-bfc4-e051df8f2cc5: DetachedLogEvent(LogMessage(debug,> server-post-command-cleanup))
Sending msg to client play-fork-run-fb10b0ed-3c1c-42d1-bfc4-e051df8f2cc5: ExecutionSuccess(82)
Sending msg to client play-fork-run-fb10b0ed-3c1c-42d1-bfc4-e051df8f2cc5: DetachedLogEvent(LogMessage(debug,> server-handle-next-server-request))
Sending msg to client play-fork-run-fb10b0ed-3c1c-42d1-bfc4-e051df8f2cc5: BackgroundJobLogEvent(8,LogMessage(info,Forked Play process did not exit on its own, terminating it))
Sending msg to client play-fork-run-fb10b0ed-3c1c-42d1-bfc4-e051df8f2cc5: BackgroundJobFinished(72,8)
Sending msg to client play-fork-run-fb10b0ed-3c1c-42d1-bfc4-e051df8f2cc5: ExecutionWaiting(83,jobStop 9,ClientInfo(c6b8726e-e167-4c25-a449-bb82e0ea825b,activator,Activator,3,Vector()))
Sending msg to client play-fork-run-fb10b0ed-3c1c-42d1-bfc4-e051df8f2cc5: ExecutionStarting(83)
Sending msg to client play-fork-run-fb10b0ed-3c1c-42d1-bfc4-e051df8f2cc5: DetachedLogEvent(LogMessage(debug,> jobStop 9))
Sending msg to client play-fork-run-fb10b0ed-3c1c-42d1-bfc4-e051df8f2cc5: DetachedLogEvent(LogMessage(debug,Evaluating tasks: *:jobStop))
Sending msg to client play-fork-run-fb10b0ed-3c1c-42d1-bfc4-e051df8f2cc5: DetachedLogEvent(LogMessage(debug,Running task... Cancel: sbt.server.ServerTaskCancellation@444a90c8, check cycles: false))
Sending msg to client play-fork-run-fb10b0ed-3c1c-42d1-bfc4-e051df8f2cc5: DetachedLogEvent(LogMessage(debug,cancel strategy start enabled=true lastCommand=Some(LastCommand(CommandExecutionWork(ExecutionId(83),jobStop 9,Set(LiveClient(activator c6b8726e-e167-4c25-a449-bb82e0ea825b)),sbt.server.WorkCancellationStatus$$anon$1@37b8551a)))))
Sending msg to client play-fork-run-fb10b0ed-3c1c-42d1-bfc4-e051df8f2cc5: TaskStarted(83,12525,Some(AttributeKey[void]("jobStop") in Scope(Global)))
Sending msg to client play-fork-run-fb10b0ed-3c1c-42d1-bfc4-e051df8f2cc5: TaskFinished(83,12525,Some(AttributeKey[void]("jobStop") in Scope(Global)),true,None)
Sending msg to client play-fork-run-fb10b0ed-3c1c-42d1-bfc4-e051df8f2cc5: TaskStarted(83,12524,None)
Sending msg to client play-fork-run-fb10b0ed-3c1c-42d1-bfc4-e051df8f2cc5: BackgroundJobLogEvent(9,LogMessage(info,Stopping Play fork run ...))
Sending msg to client play-fork-run-fb10b0ed-3c1c-42d1-bfc4-e051df8f2cc5: TaskFinished(83,12524,None,true,None)
Sending msg to client play-fork-run-fb10b0ed-3c1c-42d1-bfc4-e051df8f2cc5: TaskStarted(83,12523,None)
Sending msg to client play-fork-run-fb10b0ed-3c1c-42d1-bfc4-e051df8f2cc5: TaskFinished(83,12523,None,true,None)
Sending msg to client play-fork-run-fb10b0ed-3c1c-42d1-bfc4-e051df8f2cc5: DetachedLogEvent(LogMessage(debug,cancel strategy finish enabled=false lastCommand=Some(LastCommand(CommandExecutionWork(ExecutionId(83),jobStop 9,Set(LiveClient(activator c6b8726e-e167-4c25-a449-bb82e0ea825b)),sbt.server.WorkCancellationStatus$$anon$1@37b8551a)))))
Sending msg to client play-fork-run-fb10b0ed-3c1c-42d1-bfc4-e051df8f2cc5: DetachedLogEvent(LogSuccess(Total time: 0 s, completed 10-08-2016 1:40:11))
Sending msg to client play-fork-run-fb10b0ed-3c1c-42d1-bfc4-e051df8f2cc5: DetachedLogEvent(LogMessage(debug,> server-post-command-cleanup))
Sending msg to client play-fork-run-fb10b0ed-3c1c-42d1-bfc4-e051df8f2cc5: ExecutionSuccess(83)
Sending msg to client play-fork-run-fb10b0ed-3c1c-42d1-bfc4-e051df8f2cc5: DetachedLogEvent(LogMessage(debug,> server-handle-next-server-request))
Sending msg to client play-fork-run-fb10b0ed-3c1c-42d1-bfc4-e051df8f2cc5: BackgroundJobLogEvent(9,LogMessage(info,p.c.s.NettyServer - Stopping server...))
Got request: UnlistenToEvents()
Reading next message from client.
Sending msg to client play-fork-run-fb10b0ed-3c1c-42d1-bfc4-e051df8f2cc5: (9,ReceivedResponse())
Got request: UnlistenToValue(AttributeKey[play.forkrun.protocol.ForkConfig]("playForkConfig") in Scope(Build: file:/C:/Users/Nicolas/Documents/ScalaRamo/Visualisound/, , Project: ProjectReference(file:/C:/Users/Nicolas/Documents/ScalaRamo/Visualisound/,root)))
Reading next message from client.
Client play-fork-run-fb10b0ed-3c1c-42d1-bfc4-e051df8f2cc5 EOF, shutting down.
Stopping client.
Client play-fork-run-fb10b0ed-3c1c-42d1-bfc4-e051df8f2cc5 thread exiting.
Dropping message (10,ReceivedResponse()) to dead client play-fork-run-fb10b0ed-3c1c-42d1-bfc4-e051df8f2cc5
Dropping message (0,ReceivedResponse()) to dead client play-fork-run-fb10b0ed-3c1c-42d1-bfc4-e051df8f2cc5
