New log file opened at Wed Aug 03 22:39:47 CLT 2016 by 50880@DiBadas
Sending msg to client play-fork-run-3ba0f0c2-2e50-4c8d-b338-6c2f0c7b3c31: DetachedLogEvent(LogMessage(debug,sbt server socket logs are in: C:\Users\Nicolas\Documents\ScalaRamo\MarketSimulation\.sbtserver\connections\master.log))
Sending msg to client play-fork-run-3ba0f0c2-2e50-4c8d-b338-6c2f0c7b3c31: DetachedLogEvent(LogMessage(debug,sbt general server logs are in: C:\Users\Nicolas\Documents\ScalaRamo\MarketSimulation\.sbtserver\master.log))
Sending msg to client play-fork-run-3ba0f0c2-2e50-4c8d-b338-6c2f0c7b3c31: DetachedLogEvent(LogMessage(debug,sbt client logs are in: C:\Users\Nicolas\Documents\ScalaRamo\MarketSimulation\.sbtserver\connections\play-fork-run-3ba0f0c2-2e50-4c8d-b338-6c2f0c7b3c31.log))
Reading next message from client.
Got request: DaemonRequest(true)
Reading next message from client.
Sending msg to client play-fork-run-3ba0f0c2-2e50-4c8d-b338-6c2f0c7b3c31: (3,ReceivedResponse())
Got request: ListenToEvents()
Reading next message from client.
Sending msg to client play-fork-run-3ba0f0c2-2e50-4c8d-b338-6c2f0c7b3c31: ExecutionWaiting(18,test,ClientInfo(f23dfd46-32f1-4c76-9be1-37dbc5256b48,activator,Activator,3,Vector()))
Sending msg to client play-fork-run-3ba0f0c2-2e50-4c8d-b338-6c2f0c7b3c31: ExecutionStarting(18)
Sending msg to client play-fork-run-3ba0f0c2-2e50-4c8d-b338-6c2f0c7b3c31: TaskStarted(18,1916,Some(AttributeKey[sbt.Tests$Output]("executeTests") in Scope(Build: file:/C:/Users/Nicolas/Documents/ScalaRamo/MarketSimulation/, , Project: ProjectReference(file:/C:/Users/Nicolas/Documents/ScalaRamo/MarketSimulation/,root), Config: test)))
Sending msg to client play-fork-run-3ba0f0c2-2e50-4c8d-b338-6c2f0c7b3c31: TaskStarted(18,2234,None)
Sending msg to client play-fork-run-3ba0f0c2-2e50-4c8d-b338-6c2f0c7b3c31: TaskStarted(18,2233,None)
Sending msg to client play-fork-run-3ba0f0c2-2e50-4c8d-b338-6c2f0c7b3c31: BackgroundJobStarted(17,BackgroundJobInfo(2,backgroundRun,AttributeKey[sbt.BackgroundJobHandle]("backgroundRun") in Scope(Build: file:/C:/Users/Nicolas/Documents/ScalaRamo/MarketSimulation/, , Project: ProjectReference(file:/C:/Users/Nicolas/Documents/ScalaRamo/MarketSimulation/,root), Config: compile)))
Sending msg to client play-fork-run-3ba0f0c2-2e50-4c8d-b338-6c2f0c7b3c31: BackgroundJobStarted(6,BackgroundJobInfo(1,backgroundRun,AttributeKey[sbt.BackgroundJobHandle]("backgroundRun") in Scope(Build: file:/C:/Users/Nicolas/Documents/ScalaRamo/MarketSimulation/, , Project: ProjectReference(file:/C:/Users/Nicolas/Documents/ScalaRamo/MarketSimulation/,root), Config: compile)))
Sending msg to client play-fork-run-3ba0f0c2-2e50-4c8d-b338-6c2f0c7b3c31: (4,ReceivedResponse())
Got request: KeyLookupRequest(root/playForkConfig)
Reading next message from client.
Sending msg to client play-fork-run-3ba0f0c2-2e50-4c8d-b338-6c2f0c7b3c31: (5,KeyLookupResponse(root/playForkConfig,Vector(AttributeKey[play.forkrun.protocol.ForkConfig]("playForkConfig") in Scope(Build: file:/C:/Users/Nicolas/Documents/ScalaRamo/MarketSimulation/, , Project: ProjectReference(file:/C:/Users/Nicolas/Documents/ScalaRamo/MarketSimulation/,root)))))
Got request: ListenToValue(AttributeKey[play.forkrun.protocol.ForkConfig]("playForkConfig") in Scope(Build: file:/C:/Users/Nicolas/Documents/ScalaRamo/MarketSimulation/, , Project: ProjectReference(file:/C:/Users/Nicolas/Documents/ScalaRamo/MarketSimulation/,root)))
Reading next message from client.
Sending msg to client play-fork-run-3ba0f0c2-2e50-4c8d-b338-6c2f0c7b3c31: (6,ReceivedResponse())
Got request: KeyExecutionRequest(AttributeKey[play.forkrun.protocol.ForkConfig]("playForkConfig") in Scope(Build: file:/C:/Users/Nicolas/Documents/ScalaRamo/MarketSimulation/, , Project: ProjectReference(file:/C:/Users/Nicolas/Documents/ScalaRamo/MarketSimulation/,root)))
Reading next message from client.
Sending msg to client play-fork-run-3ba0f0c2-2e50-4c8d-b338-6c2f0c7b3c31: (7,ExecutionRequestReceived(19))
Sending msg to client play-fork-run-3ba0f0c2-2e50-4c8d-b338-6c2f0c7b3c31: ExecutionWaiting(19,{file:/C:/Users/Nicolas/Documents/ScalaRamo/MarketSimulation/}root/*:playForkConfig,ClientInfo(3ba0f0c2-2e50-4c8d-b338-6c2f0c7b3c31,play-fork-run,Play Fork Run,1,Vector()))
Sending msg to client play-fork-run-3ba0f0c2-2e50-4c8d-b338-6c2f0c7b3c31: TaskLogEvent(2234,LogMessage(debug,Runner for org.scalatest.tools.Framework produced 1 initial tasks for 1 tests.))
Sending msg to client play-fork-run-3ba0f0c2-2e50-4c8d-b338-6c2f0c7b3c31: TaskLogEvent(2234,LogMessage(debug,  Running TaskDef(ApplicationSpec, sbt.ForkMain$SubclassFingerscan@412b5cb0, false, [SuiteSelector])))
Sending msg to client play-fork-run-3ba0f0c2-2e50-4c8d-b338-6c2f0c7b3c31: TaskLogEvent(2234,LogMessage(info,Read from stdout: ApplicationSpec:))
Sending msg to client play-fork-run-3ba0f0c2-2e50-4c8d-b338-6c2f0c7b3c31: TaskLogEvent(2234,LogMessage(info,ApplicationSpec:))
Sending msg to client play-fork-run-3ba0f0c2-2e50-4c8d-b338-6c2f0c7b3c31: BackgroundJobLogEvent(2,LogMessage(info,ApplicationSpec:))
Sending msg to client play-fork-run-3ba0f0c2-2e50-4c8d-b338-6c2f0c7b3c31: TaskLogEvent(2234,LogMessage(info,Read from stdout: Routes))
Sending msg to client play-fork-run-3ba0f0c2-2e50-4c8d-b338-6c2f0c7b3c31: TaskLogEvent(2234,LogMessage(info,Routes))
Sending msg to client play-fork-run-3ba0f0c2-2e50-4c8d-b338-6c2f0c7b3c31: BackgroundJobLogEvent(2,LogMessage(info,Routes))
Sending msg to client play-fork-run-3ba0f0c2-2e50-4c8d-b338-6c2f0c7b3c31: BackgroundJobLogEvent(1,LogMessage(info,JVM exiting, shutting down Play fork run ...))
Sending msg to client play-fork-run-3ba0f0c2-2e50-4c8d-b338-6c2f0c7b3c31: BackgroundJobLogEvent(1,LogMessage(info,Play fork run already stopped ...))
Sending msg to client play-fork-run-3ba0f0c2-2e50-4c8d-b338-6c2f0c7b3c31: BackgroundJobLogEvent(1,LogMessage(info,Forked Play process exited with status: 0))
Sending msg to client play-fork-run-3ba0f0c2-2e50-4c8d-b338-6c2f0c7b3c31: BackgroundJobFinished(6,1)
Sending msg to client play-fork-run-3ba0f0c2-2e50-4c8d-b338-6c2f0c7b3c31: TaskLogEvent(2234,LogMessage(info,Read from stdout: - should send 404 on a bad request))
Sending msg to client play-fork-run-3ba0f0c2-2e50-4c8d-b338-6c2f0c7b3c31: TaskLogEvent(2234,LogMessage(info,- should send 404 on a bad request))
Sending msg to client play-fork-run-3ba0f0c2-2e50-4c8d-b338-6c2f0c7b3c31: BackgroundJobLogEvent(2,LogMessage(info,- should send 404 on a bad request))
Sending msg to client play-fork-run-3ba0f0c2-2e50-4c8d-b338-6c2f0c7b3c31: TaskLogEvent(2234,LogMessage(debug,    Produced 0 nested tasks and 1 events.))
Sending msg to client play-fork-run-3ba0f0c2-2e50-4c8d-b338-6c2f0c7b3c31: TaskEvent(2234,LazyValue(TestGroupStarted(ApplicationSpec),sbt.protocol.TestGroupStar$$$$a1c43a69e6d69fc565aebe15e13b1a1$$$$tedPickler1$2$@5434e904))
Sending msg to client play-fork-run-3ba0f0c2-2e50-4c8d-b338-6c2f0c7b3c31: TaskEvent(2234,LazyValue(TestEvent(Routes should send 404 on a bad request,None,passed,None,2585),sbt.protocol.TestEvent$SbtProtocolTestEventPickler1$2$@4fb83974))
Sending msg to client play-fork-run-3ba0f0c2-2e50-4c8d-b338-6c2f0c7b3c31: TaskEvent(2234,LazyValue(TestGroupFinished(ApplicationSpec,passed,None),sbt.protocol.TestGroupFini$$$$c8161fda9fde24be4dd9f5afdb23f2e6$$$$hedPickler1$2$@1dc354c4))
Sending msg to client play-fork-run-3ba0f0c2-2e50-4c8d-b338-6c2f0c7b3c31: TaskLogEvent(2234,LogMessage(debug,Runner for com.novocode.junit.JUnitFramework produced 0 initial tasks for 0 tests.))
Sending msg to client play-fork-run-3ba0f0c2-2e50-4c8d-b338-6c2f0c7b3c31: TaskFinished(18,2234,None,true,None)
Sending msg to client play-fork-run-3ba0f0c2-2e50-4c8d-b338-6c2f0c7b3c31: TaskFinished(18,2233,None,true,None)
Sending msg to client play-fork-run-3ba0f0c2-2e50-4c8d-b338-6c2f0c7b3c31: TaskStarted(18,2232,None)
Sending msg to client play-fork-run-3ba0f0c2-2e50-4c8d-b338-6c2f0c7b3c31: TaskStarted(18,2236,None)
Sending msg to client play-fork-run-3ba0f0c2-2e50-4c8d-b338-6c2f0c7b3c31: TaskFinished(18,2236,None,true,None)
Sending msg to client play-fork-run-3ba0f0c2-2e50-4c8d-b338-6c2f0c7b3c31: TaskStarted(18,2235,None)
Sending msg to client play-fork-run-3ba0f0c2-2e50-4c8d-b338-6c2f0c7b3c31: TaskFinished(18,2235,None,true,None)
Sending msg to client play-fork-run-3ba0f0c2-2e50-4c8d-b338-6c2f0c7b3c31: TaskFinished(18,2232,None,true,None)
Sending msg to client play-fork-run-3ba0f0c2-2e50-4c8d-b338-6c2f0c7b3c31: TaskStarted(18,2231,None)
Sending msg to client play-fork-run-3ba0f0c2-2e50-4c8d-b338-6c2f0c7b3c31: TaskStarted(18,2237,None)
Sending msg to client play-fork-run-3ba0f0c2-2e50-4c8d-b338-6c2f0c7b3c31: TaskFinished(18,2237,None,true,None)
Sending msg to client play-fork-run-3ba0f0c2-2e50-4c8d-b338-6c2f0c7b3c31: TaskFinished(18,2231,None,true,None)
Sending msg to client play-fork-run-3ba0f0c2-2e50-4c8d-b338-6c2f0c7b3c31: TaskStarted(18,2230,None)
Sending msg to client play-fork-run-3ba0f0c2-2e50-4c8d-b338-6c2f0c7b3c31: TaskFinished(18,2230,None,true,None)
Sending msg to client play-fork-run-3ba0f0c2-2e50-4c8d-b338-6c2f0c7b3c31: TaskStarted(18,2229,None)
Sending msg to client play-fork-run-3ba0f0c2-2e50-4c8d-b338-6c2f0c7b3c31: TaskFinished(18,2229,None,true,None)
Sending msg to client play-fork-run-3ba0f0c2-2e50-4c8d-b338-6c2f0c7b3c31: TaskFinished(18,1916,Some(AttributeKey[sbt.Tests$Output]("executeTests") in Scope(Build: file:/C:/Users/Nicolas/Documents/ScalaRamo/MarketSimulation/, , Project: ProjectReference(file:/C:/Users/Nicolas/Documents/ScalaRamo/MarketSimulation/,root), Config: test)),true,None)
Sending msg to client play-fork-run-3ba0f0c2-2e50-4c8d-b338-6c2f0c7b3c31: TaskStarted(18,1775,Some(AttributeKey[sbt.Tests$Output]("executeTests") in Scope(Build: file:/C:/Users/Nicolas/Documents/ScalaRamo/MarketSimulation/, , Project: ProjectReference(file:/C:/Users/Nicolas/Documents/ScalaRamo/MarketSimulation/,root), Config: test)))
Sending msg to client play-fork-run-3ba0f0c2-2e50-4c8d-b338-6c2f0c7b3c31: TaskFinished(18,1775,Some(AttributeKey[sbt.Tests$Output]("executeTests") in Scope(Build: file:/C:/Users/Nicolas/Documents/ScalaRamo/MarketSimulation/, , Project: ProjectReference(file:/C:/Users/Nicolas/Documents/ScalaRamo/MarketSimulation/,root), Config: test)),true,None)
Sending msg to client play-fork-run-3ba0f0c2-2e50-4c8d-b338-6c2f0c7b3c31: TaskStarted(18,1774,Some(AttributeKey[void]("test") in Scope(Build: file:/C:/Users/Nicolas/Documents/ScalaRamo/MarketSimulation/, , Project: ProjectReference(file:/C:/Users/Nicolas/Documents/ScalaRamo/MarketSimulation/,root), Config: test)))
Sending msg to client play-fork-run-3ba0f0c2-2e50-4c8d-b338-6c2f0c7b3c31: TaskLogEvent(1774,LogMessage(info,Read from stdout: ScalaTest))
Sending msg to client play-fork-run-3ba0f0c2-2e50-4c8d-b338-6c2f0c7b3c31: TaskLogEvent(1774,LogMessage(info,ScalaTest))
Sending msg to client play-fork-run-3ba0f0c2-2e50-4c8d-b338-6c2f0c7b3c31: TaskLogEvent(1774,LogMessage(info,Read from stdout: Run completed in 3 seconds, 873 milliseconds.))
Sending msg to client play-fork-run-3ba0f0c2-2e50-4c8d-b338-6c2f0c7b3c31: TaskLogEvent(1774,LogMessage(info,Read from stdout: Total number of tests run: 1))
Sending msg to client play-fork-run-3ba0f0c2-2e50-4c8d-b338-6c2f0c7b3c31: TaskLogEvent(1774,LogMessage(info,Read from stdout: Suites: completed 1, aborted 0))
Sending msg to client play-fork-run-3ba0f0c2-2e50-4c8d-b338-6c2f0c7b3c31: TaskLogEvent(1774,LogMessage(info,Read from stdout: Tests: succeeded 1, failed 0, canceled 0, ignored 0, pending 0))
Sending msg to client play-fork-run-3ba0f0c2-2e50-4c8d-b338-6c2f0c7b3c31: TaskLogEvent(1774,LogMessage(info,Read from stdout: All tests passed.))
Sending msg to client play-fork-run-3ba0f0c2-2e50-4c8d-b338-6c2f0c7b3c31: TaskLogEvent(1774,LogMessage(info,Run completed in 3 seconds, 873 milliseconds.
Total number of tests run: 1
Suites: completed 1, aborted 0
Tests: succeeded 1, failed 0, canceled 0, ignored 0, pending 0
All tests passed.))
Sending msg to client play-fork-run-3ba0f0c2-2e50-4c8d-b338-6c2f0c7b3c31: TaskLogEvent(1774,LogMessage(debug,Summary for JUnit not available.))
Sending msg to client play-fork-run-3ba0f0c2-2e50-4c8d-b338-6c2f0c7b3c31: TaskLogEvent(1774,LogMessage(info,Read from stdout: Passed: Total 1, Failed 0, Errors 0, Passed 1))
Sending msg to client play-fork-run-3ba0f0c2-2e50-4c8d-b338-6c2f0c7b3c31: BackgroundJobLogEvent(2,LogMessage(info,ScalaTest))
Sending msg to client play-fork-run-3ba0f0c2-2e50-4c8d-b338-6c2f0c7b3c31: TaskLogEvent(1774,LogMessage(info,Passed: Total 1, Failed 0, Errors 0, Passed 1))
Sending msg to client play-fork-run-3ba0f0c2-2e50-4c8d-b338-6c2f0c7b3c31: TaskLogEvent(1774,LogMessage(debug,Passed tests:))
Sending msg to client play-fork-run-3ba0f0c2-2e50-4c8d-b338-6c2f0c7b3c31: TaskLogEvent(1774,LogMessage(debug,	ApplicationSpec))
Sending msg to client play-fork-run-3ba0f0c2-2e50-4c8d-b338-6c2f0c7b3c31: BackgroundJobLogEvent(2,LogMessage(info,Run completed in 3 seconds, 873 milliseconds.))
Sending msg to client play-fork-run-3ba0f0c2-2e50-4c8d-b338-6c2f0c7b3c31: TaskFinished(18,1774,Some(AttributeKey[void]("test") in Scope(Build: file:/C:/Users/Nicolas/Documents/ScalaRamo/MarketSimulation/, , Project: ProjectReference(file:/C:/Users/Nicolas/Documents/ScalaRamo/MarketSimulation/,root), Config: test)),true,None)
Sending msg to client play-fork-run-3ba0f0c2-2e50-4c8d-b338-6c2f0c7b3c31: BackgroundJobLogEvent(2,LogMessage(info,Total number of tests run: 1))
Sending msg to client play-fork-run-3ba0f0c2-2e50-4c8d-b338-6c2f0c7b3c31: BackgroundJobLogEvent(2,LogMessage(info,Suites: completed 1, aborted 0))
Sending msg to client play-fork-run-3ba0f0c2-2e50-4c8d-b338-6c2f0c7b3c31: TaskStarted(18,1773,None)
Sending msg to client play-fork-run-3ba0f0c2-2e50-4c8d-b338-6c2f0c7b3c31: BackgroundJobLogEvent(2,LogMessage(info,Tests: succeeded 1, failed 0, canceled 0, ignored 0, pending 0))
Sending msg to client play-fork-run-3ba0f0c2-2e50-4c8d-b338-6c2f0c7b3c31: BackgroundJobLogEvent(2,LogMessage(info,All tests passed.))
Sending msg to client play-fork-run-3ba0f0c2-2e50-4c8d-b338-6c2f0c7b3c31: BackgroundJobLogEvent(2,LogMessage(info,Passed: Total 1, Failed 0, Errors 0, Passed 1))
Sending msg to client play-fork-run-3ba0f0c2-2e50-4c8d-b338-6c2f0c7b3c31: TaskFinished(18,1773,None,true,None)
Sending msg to client play-fork-run-3ba0f0c2-2e50-4c8d-b338-6c2f0c7b3c31: TaskStarted(18,1772,None)
Sending msg to client play-fork-run-3ba0f0c2-2e50-4c8d-b338-6c2f0c7b3c31: TaskFinished(18,1772,None,true,None)
Sending msg to client play-fork-run-3ba0f0c2-2e50-4c8d-b338-6c2f0c7b3c31: DetachedLogEvent(LogMessage(debug,cancel strategy finish enabled=false lastCommand=Some(LastCommand(CommandExecutionWork(ExecutionId(18),test,Set(LiveClient(activator f23dfd46-32f1-4c76-9be1-37dbc5256b48)),sbt.server.WorkCancellationStatus$$anon$1@30ac7d09)))))
Sending msg to client play-fork-run-3ba0f0c2-2e50-4c8d-b338-6c2f0c7b3c31: DetachedLogEvent(LogSuccess(Total time: 6 s, completed 03-08-2016 22:39:50))
Sending msg to client play-fork-run-3ba0f0c2-2e50-4c8d-b338-6c2f0c7b3c31: DetachedLogEvent(LogMessage(debug,> server-post-command-cleanup))
Sending msg to client play-fork-run-3ba0f0c2-2e50-4c8d-b338-6c2f0c7b3c31: ExecutionSuccess(18)
Sending msg to client play-fork-run-3ba0f0c2-2e50-4c8d-b338-6c2f0c7b3c31: DetachedLogEvent(LogMessage(debug,> server-handle-next-server-request))
Sending msg to client play-fork-run-3ba0f0c2-2e50-4c8d-b338-6c2f0c7b3c31: ExecutionStarting(19)
Sending msg to client play-fork-run-3ba0f0c2-2e50-4c8d-b338-6c2f0c7b3c31: DetachedLogEvent(LogMessage(debug,> {file:/C:/Users/Nicolas/Documents/ScalaRamo/MarketSimulation/}root/*:playForkConfig))
Sending msg to client play-fork-run-3ba0f0c2-2e50-4c8d-b338-6c2f0c7b3c31: DetachedLogEvent(LogMessage(debug,Evaluating tasks: *:playForkConfig))
Sending msg to client play-fork-run-3ba0f0c2-2e50-4c8d-b338-6c2f0c7b3c31: DetachedLogEvent(LogMessage(debug,Running task... Cancel: sbt.server.ServerTaskCancellation@6cd33ac2, check cycles: false))
Sending msg to client play-fork-run-3ba0f0c2-2e50-4c8d-b338-6c2f0c7b3c31: DetachedLogEvent(LogMessage(debug,cancel strategy start enabled=true lastCommand=Some(LastCommand(CommandExecutionWork(ExecutionId(19),{file:/C:/Users/Nicolas/Documents/ScalaRamo/MarketSimulation/}root/*:playForkConfig,Set(LiveClient(play-fork-run 3ba0f0c2-2e50-4c8d-b338-6c2f0c7b3c31)),sbt.server.WorkCancellationStatus$$anon$1@3ae78c87)))))
Sending msg to client play-fork-run-3ba0f0c2-2e50-4c8d-b338-6c2f0c7b3c31: TaskStarted(19,2245,None)
Sending msg to client play-fork-run-3ba0f0c2-2e50-4c8d-b338-6c2f0c7b3c31: TaskStarted(19,2249,None)
Sending msg to client play-fork-run-3ba0f0c2-2e50-4c8d-b338-6c2f0c7b3c31: TaskStarted(19,2258,Some(AttributeKey[java.lang.String]("updateCacheName") in Scope(Build: file:/C:/Users/Nicolas/Documents/ScalaRamo/MarketSimulation/, , Project: ProjectReference(file:/C:/Users/Nicolas/Documents/ScalaRamo/MarketSimulation/,root))))
Sending msg to client play-fork-run-3ba0f0c2-2e50-4c8d-b338-6c2f0c7b3c31: TaskStarted(19,2260,None)
Sending msg to client play-fork-run-3ba0f0c2-2e50-4c8d-b338-6c2f0c7b3c31: TaskStarted(19,2261,None)
Sending msg to client play-fork-run-3ba0f0c2-2e50-4c8d-b338-6c2f0c7b3c31: TaskStarted(19,2263,None)
Sending msg to client play-fork-run-3ba0f0c2-2e50-4c8d-b338-6c2f0c7b3c31: TaskStarted(19,2264,None)
Sending msg to client play-fork-run-3ba0f0c2-2e50-4c8d-b338-6c2f0c7b3c31: TaskStarted(19,2267,Some(AttributeKey[boolean]("skip") in Scope(Global)))
Sending msg to client play-fork-run-3ba0f0c2-2e50-4c8d-b338-6c2f0c7b3c31: TaskStarted(19,2276,Some(AttributeKey[scala.collection.Seq[sbt.Resolver]]("externalResolvers") in Scope(Build: file:/C:/Users/Nicolas/Documents/ScalaRamo/MarketSimulation/, , Project: ProjectReference(file:/C:/Users/Nicolas/Documents/ScalaRamo/MarketSimulation/,root))))
Sending msg to client play-fork-run-3ba0f0c2-2e50-4c8d-b338-6c2f0c7b3c31: TaskStarted(19,2277,Some(AttributeKey[scala.Option[scala.collection.Seq[sbt.Resolver]]]("bootResolvers") in Scope(Build: file:/C:/Users/Nicolas/Documents/ScalaRamo/MarketSimulation/, , Project: ProjectReference(file:/C:/Users/Nicolas/Documents/ScalaRamo/MarketSimulation/,root))))
Sending msg to client play-fork-run-3ba0f0c2-2e50-4c8d-b338-6c2f0c7b3c31: TaskStarted(19,2279,Some(AttributeKey[scala.collection.Seq[sbt.Credentials]]("credentials") in Scope(Global)))
Sending msg to client play-fork-run-3ba0f0c2-2e50-4c8d-b338-6c2f0c7b3c31: TaskStarted(19,2286,None)
Sending msg to client play-fork-run-3ba0f0c2-2e50-4c8d-b338-6c2f0c7b3c31: TaskStarted(19,2288,Some(AttributeKey[scala.Option[java.lang.String]]("mainClass") in Scope(Build: file:/C:/Users/Nicolas/Documents/ScalaRamo/MarketSimulation/, , Project: ProjectReference(file:/C:/Users/Nicolas/Documents/ScalaRamo/MarketSimulation/,root), Config: compile, Task: AttributeKey[void]("run"))))
Sending msg to client play-fork-run-3ba0f0c2-2e50-4c8d-b338-6c2f0c7b3c31: TaskStarted(19,2290,Some(AttributeKey[scala.Tuple2[java.lang.String,java.io.File]]("playPrefixAndAssets") in Scope(Build: file:/C:/Users/Nicolas/Documents/ScalaRamo/MarketSimulation/, , Project: ProjectReference(file:/C:/Users/Nicolas/Documents/ScalaRamo/MarketSimulation/,root))))
Sending msg to client play-fork-run-3ba0f0c2-2e50-4c8d-b338-6c2f0c7b3c31: TaskStarted(19,2293,Some(AttributeKey[scala.collection.Seq[java.lang.String]]("javaOptions") in Scope(Global)))
Sending msg to client play-fork-run-3ba0f0c2-2e50-4c8d-b338-6c2f0c7b3c31: TaskStarted(19,2294,None)
Sending msg to client play-fork-run-3ba0f0c2-2e50-4c8d-b338-6c2f0c7b3c31: TaskStarted(19,2296,None)
Sending msg to client play-fork-run-3ba0f0c2-2e50-4c8d-b338-6c2f0c7b3c31: TaskFinished(19,2258,Some(AttributeKey[java.lang.String]("updateCacheName") in Scope(Build: file:/C:/Users/Nicolas/Documents/ScalaRamo/MarketSimulation/, , Project: ProjectReference(file:/C:/Users/Nicolas/Documents/ScalaRamo/MarketSimulation/,root))),true,None)
Sending msg to client play-fork-run-3ba0f0c2-2e50-4c8d-b338-6c2f0c7b3c31: TaskFinished(19,2249,None,true,None)
Sending msg to client play-fork-run-3ba0f0c2-2e50-4c8d-b338-6c2f0c7b3c31: TaskStarted(19,2248,Some(AttributeKey[sbt.BuildStructure]("buildStructure") in Scope(Global)))
Sending msg to client play-fork-run-3ba0f0c2-2e50-4c8d-b338-6c2f0c7b3c31: TaskStarted(19,2265,Some(AttributeKey[java.io.File]("dependencyCacheDirectory") in Scope(Build: file:/C:/Users/Nicolas/Documents/ScalaRamo/MarketSimulation/, , Project: ProjectReference(file:/C:/Users/Nicolas/Documents/ScalaRamo/MarketSimulation/,root))))
Sending msg to client play-fork-run-3ba0f0c2-2e50-4c8d-b338-6c2f0c7b3c31: TaskFinished(19,2245,None,true,None)
Sending msg to client play-fork-run-3ba0f0c2-2e50-4c8d-b338-6c2f0c7b3c31: TaskStarted(19,2244,None)
Sending msg to client play-fork-run-3ba0f0c2-2e50-4c8d-b338-6c2f0c7b3c31: TaskStarted(19,2251,None)
Sending msg to client play-fork-run-3ba0f0c2-2e50-4c8d-b338-6c2f0c7b3c31: TaskStarted(19,2257,None)
Sending msg to client play-fork-run-3ba0f0c2-2e50-4c8d-b338-6c2f0c7b3c31: TaskStarted(19,2266,None)
Sending msg to client play-fork-run-3ba0f0c2-2e50-4c8d-b338-6c2f0c7b3c31: TaskStarted(19,2270,None)
Sending msg to client play-fork-run-3ba0f0c2-2e50-4c8d-b338-6c2f0c7b3c31: TaskStarted(19,2275,None)
Sending msg to client play-fork-run-3ba0f0c2-2e50-4c8d-b338-6c2f0c7b3c31: TaskStarted(19,2278,None)
Sending msg to client play-fork-run-3ba0f0c2-2e50-4c8d-b338-6c2f0c7b3c31: TaskStarted(19,2287,None)
Sending msg to client play-fork-run-3ba0f0c2-2e50-4c8d-b338-6c2f0c7b3c31: TaskFinished(19,2263,None,true,None)
Sending msg to client play-fork-run-3ba0f0c2-2e50-4c8d-b338-6c2f0c7b3c31: TaskFinished(19,2264,None,true,None)
Sending msg to client play-fork-run-3ba0f0c2-2e50-4c8d-b338-6c2f0c7b3c31: TaskFinished(19,2267,Some(AttributeKey[boolean]("skip") in Scope(Global)),true,None)
Sending msg to client play-fork-run-3ba0f0c2-2e50-4c8d-b338-6c2f0c7b3c31: TaskFinished(19,2276,Some(AttributeKey[scala.collection.Seq[sbt.Resolver]]("externalResolvers") in Scope(Build: file:/C:/Users/Nicolas/Documents/ScalaRamo/MarketSimulation/, , Project: ProjectReference(file:/C:/Users/Nicolas/Documents/ScalaRamo/MarketSimulation/,root))),true,None)
Sending msg to client play-fork-run-3ba0f0c2-2e50-4c8d-b338-6c2f0c7b3c31: TaskFinished(19,2277,Some(AttributeKey[scala.Option[scala.collection.Seq[sbt.Resolver]]]("bootResolvers") in Scope(Build: file:/C:/Users/Nicolas/Documents/ScalaRamo/MarketSimulation/, , Project: ProjectReference(file:/C:/Users/Nicolas/Documents/ScalaRamo/MarketSimulation/,root))),true,None)
Sending msg to client play-fork-run-3ba0f0c2-2e50-4c8d-b338-6c2f0c7b3c31: TaskFinished(19,2279,Some(AttributeKey[scala.collection.Seq[sbt.Credentials]]("credentials") in Scope(Global)),true,None)
Sending msg to client play-fork-run-3ba0f0c2-2e50-4c8d-b338-6c2f0c7b3c31: TaskFinished(19,2260,None,true,None)
Sending msg to client play-fork-run-3ba0f0c2-2e50-4c8d-b338-6c2f0c7b3c31: TaskFinished(19,2286,None,true,None)
Sending msg to client play-fork-run-3ba0f0c2-2e50-4c8d-b338-6c2f0c7b3c31: TaskFinished(19,2261,None,true,None)
Sending msg to client play-fork-run-3ba0f0c2-2e50-4c8d-b338-6c2f0c7b3c31: TaskStarted(19,2259,Some(AttributeKey[scala.collection.Seq[sbt.UpdateReport]]("transitiveUpdate") in Scope(Build: file:/C:/Users/Nicolas/Documents/ScalaRamo/MarketSimulation/, , Project: ProjectReference(file:/C:/Users/Nicolas/Documents/ScalaRamo/MarketSimulation/,root))))
Sending msg to client play-fork-run-3ba0f0c2-2e50-4c8d-b338-6c2f0c7b3c31: TaskFinished(19,2288,Some(AttributeKey[scala.Option[java.lang.String]]("mainClass") in Scope(Build: file:/C:/Users/Nicolas/Documents/ScalaRamo/MarketSimulation/, , Project: ProjectReference(file:/C:/Users/Nicolas/Documents/ScalaRamo/MarketSimulation/,root), Config: compile, Task: AttributeKey[void]("run"))),true,None)
Sending msg to client play-fork-run-3ba0f0c2-2e50-4c8d-b338-6c2f0c7b3c31: TaskFinished(19,2293,Some(AttributeKey[scala.collection.Seq[java.lang.String]]("javaOptions") in Scope(Global)),true,None)
Sending msg to client play-fork-run-3ba0f0c2-2e50-4c8d-b338-6c2f0c7b3c31: TaskFinished(19,2294,None,true,None)
Sending msg to client play-fork-run-3ba0f0c2-2e50-4c8d-b338-6c2f0c7b3c31: TaskStarted(19,2292,Some(AttributeKey[scala.collection.Seq[java.lang.String]]("javaOptions") in Scope(Build: file:/C:/Users/Nicolas/Documents/ScalaRamo/MarketSimulation/, )))
Sending msg to client play-fork-run-3ba0f0c2-2e50-4c8d-b338-6c2f0c7b3c31: TaskFinished(19,2296,None,true,None)
Sending msg to client play-fork-run-3ba0f0c2-2e50-4c8d-b338-6c2f0c7b3c31: TaskFinished(19,2290,Some(AttributeKey[scala.Tuple2[java.lang.String,java.io.File]]("playPrefixAndAssets") in Scope(Build: file:/C:/Users/Nicolas/Documents/ScalaRamo/MarketSimulation/, , Project: ProjectReference(file:/C:/Users/Nicolas/Documents/ScalaRamo/MarketSimulation/,root))),true,None)
Sending msg to client play-fork-run-3ba0f0c2-2e50-4c8d-b338-6c2f0c7b3c31: TaskStarted(19,2289,Some(AttributeKey[scala.collection.Seq[scala.Tuple2[java.lang.String,java.io.File]]]("playAllAssets") in Scope(Build: file:/C:/Users/Nicolas/Documents/ScalaRamo/MarketSimulation/, , Project: ProjectReference(file:/C:/Users/Nicolas/Documents/ScalaRamo/MarketSimulation/,root))))
Sending msg to client play-fork-run-3ba0f0c2-2e50-4c8d-b338-6c2f0c7b3c31: TaskFinished(19,2248,Some(AttributeKey[sbt.BuildStructure]("buildStructure") in Scope(Global)),true,None)
Sending msg to client play-fork-run-3ba0f0c2-2e50-4c8d-b338-6c2f0c7b3c31: TaskStarted(19,2247,Some(AttributeKey[sbt.Settings[sbt.Scope]]("settingsData") in Scope(Global)))
Sending msg to client play-fork-run-3ba0f0c2-2e50-4c8d-b338-6c2f0c7b3c31: TaskFinished(19,2244,None,true,None)
Sending msg to client play-fork-run-3ba0f0c2-2e50-4c8d-b338-6c2f0c7b3c31: TaskFinished(19,2251,None,true,None)
Sending msg to client play-fork-run-3ba0f0c2-2e50-4c8d-b338-6c2f0c7b3c31: TaskFinished(19,2257,None,true,None)
Sending msg to client play-fork-run-3ba0f0c2-2e50-4c8d-b338-6c2f0c7b3c31: TaskStarted(19,2256,Some(AttributeKey[scala.collection.immutable.Map[sbt.ModuleID,sbt.SourcePosition]]("dependencyPositions") in Scope(Build: file:/C:/Users/Nicolas/Documents/ScalaRamo/MarketSimulation/, , Project: ProjectReference(file:/C:/Users/Nicolas/Documents/ScalaRamo/MarketSimulation/,root))))
Sending msg to client play-fork-run-3ba0f0c2-2e50-4c8d-b338-6c2f0c7b3c31: TaskFinished(19,2266,None,true,None)
Sending msg to client play-fork-run-3ba0f0c2-2e50-4c8d-b338-6c2f0c7b3c31: TaskFinished(19,2265,Some(AttributeKey[java.io.File]("dependencyCacheDirectory") in Scope(Build: file:/C:/Users/Nicolas/Documents/ScalaRamo/MarketSimulation/, , Project: ProjectReference(file:/C:/Users/Nicolas/Documents/ScalaRamo/MarketSimulation/,root))),true,None)
Sending msg to client play-fork-run-3ba0f0c2-2e50-4c8d-b338-6c2f0c7b3c31: TaskFinished(19,2275,None,true,None)
Sending msg to client play-fork-run-3ba0f0c2-2e50-4c8d-b338-6c2f0c7b3c31: TaskFinished(19,2270,None,true,None)
Sending msg to client play-fork-run-3ba0f0c2-2e50-4c8d-b338-6c2f0c7b3c31: TaskFinished(19,2278,None,true,None)
Sending msg to client play-fork-run-3ba0f0c2-2e50-4c8d-b338-6c2f0c7b3c31: TaskFinished(19,2287,None,true,None)
Sending msg to client play-fork-run-3ba0f0c2-2e50-4c8d-b338-6c2f0c7b3c31: TaskFinished(19,2259,Some(AttributeKey[scala.collection.Seq[sbt.UpdateReport]]("transitiveUpdate") in Scope(Build: file:/C:/Users/Nicolas/Documents/ScalaRamo/MarketSimulation/, , Project: ProjectReference(file:/C:/Users/Nicolas/Documents/ScalaRamo/MarketSimulation/,root))),true,None)
Sending msg to client play-fork-run-3ba0f0c2-2e50-4c8d-b338-6c2f0c7b3c31: TaskFinished(19,2292,Some(AttributeKey[scala.collection.Seq[java.lang.String]]("javaOptions") in Scope(Build: file:/C:/Users/Nicolas/Documents/ScalaRamo/MarketSimulation/, )),true,None)
Sending msg to client play-fork-run-3ba0f0c2-2e50-4c8d-b338-6c2f0c7b3c31: TaskFinished(19,2247,Some(AttributeKey[sbt.Settings[sbt.Scope]]("settingsData") in Scope(Global)),true,None)
Sending msg to client play-fork-run-3ba0f0c2-2e50-4c8d-b338-6c2f0c7b3c31: TaskStarted(19,2246,None)
Sending msg to client play-fork-run-3ba0f0c2-2e50-4c8d-b338-6c2f0c7b3c31: TaskStarted(19,2262,None)
Sending msg to client play-fork-run-3ba0f0c2-2e50-4c8d-b338-6c2f0c7b3c31: TaskStarted(19,2274,Some(AttributeKey[scala.collection.immutable.Map[org.apache.ivy.core.module.id.ModuleRevisionId,org.apache.ivy.core.module.descriptor.ModuleDescriptor]]("projectDescriptors") in Scope(Build: file:/C:/Users/Nicolas/Documents/ScalaRamo/MarketSimulation/, , Project: ProjectReference(file:/C:/Users/Nicolas/Documents/ScalaRamo/MarketSimulation/,root))))
Sending msg to client play-fork-run-3ba0f0c2-2e50-4c8d-b338-6c2f0c7b3c31: TaskStarted(19,2282,Some(AttributeKey[scala.collection.Seq[sbt.ModuleID]]("projectDependencies") in Scope(Build: file:/C:/Users/Nicolas/Documents/ScalaRamo/MarketSimulation/, , Project: ProjectReference(file:/C:/Users/Nicolas/Documents/ScalaRamo/MarketSimulation/,root))))
Sending msg to client play-fork-run-3ba0f0c2-2e50-4c8d-b338-6c2f0c7b3c31: TaskStarted(19,2295,Some(AttributeKey[scala.collection.Seq[java.io.File]]("playMonitoredFiles") in Scope(Build: file:/C:/Users/Nicolas/Documents/ScalaRamo/MarketSimulation/, , Project: ProjectReference(file:/C:/Users/Nicolas/Documents/ScalaRamo/MarketSimulation/,root))))
Sending msg to client play-fork-run-3ba0f0c2-2e50-4c8d-b338-6c2f0c7b3c31: TaskFinished(19,2289,Some(AttributeKey[scala.collection.Seq[scala.Tuple2[java.lang.String,java.io.File]]]("playAllAssets") in Scope(Build: file:/C:/Users/Nicolas/Documents/ScalaRamo/MarketSimulation/, , Project: ProjectReference(file:/C:/Users/Nicolas/Documents/ScalaRamo/MarketSimulation/,root))),true,None)
Sending msg to client play-fork-run-3ba0f0c2-2e50-4c8d-b338-6c2f0c7b3c31: TaskStarted(19,2298,None)
Sending msg to client play-fork-run-3ba0f0c2-2e50-4c8d-b338-6c2f0c7b3c31: TaskStarted(19,2299,None)
Sending msg to client play-fork-run-3ba0f0c2-2e50-4c8d-b338-6c2f0c7b3c31: TaskFinished(19,2298,None,true,None)
Sending msg to client play-fork-run-3ba0f0c2-2e50-4c8d-b338-6c2f0c7b3c31: TaskFinished(19,2262,None,true,None)
Sending msg to client play-fork-run-3ba0f0c2-2e50-4c8d-b338-6c2f0c7b3c31: TaskStarted(19,2303,None)
Sending msg to client play-fork-run-3ba0f0c2-2e50-4c8d-b338-6c2f0c7b3c31: TaskStarted(19,2304,None)
Sending msg to client play-fork-run-3ba0f0c2-2e50-4c8d-b338-6c2f0c7b3c31: TaskStarted(19,2307,None)
Sending msg to client play-fork-run-3ba0f0c2-2e50-4c8d-b338-6c2f0c7b3c31: TaskStarted(19,2309,None)
Sending msg to client play-fork-run-3ba0f0c2-2e50-4c8d-b338-6c2f0c7b3c31: TaskStarted(19,2310,None)
Sending msg to client play-fork-run-3ba0f0c2-2e50-4c8d-b338-6c2f0c7b3c31: TaskFinished(19,2299,None,true,None)
Sending msg to client play-fork-run-3ba0f0c2-2e50-4c8d-b338-6c2f0c7b3c31: TaskFinished(19,2295,Some(AttributeKey[scala.collection.Seq[java.io.File]]("playMonitoredFiles") in Scope(Build: file:/C:/Users/Nicolas/Documents/ScalaRamo/MarketSimulation/, , Project: ProjectReference(file:/C:/Users/Nicolas/Documents/ScalaRamo/MarketSimulation/,root))),true,None)
Sending msg to client play-fork-run-3ba0f0c2-2e50-4c8d-b338-6c2f0c7b3c31: TaskFinished(19,2256,Some(AttributeKey[scala.collection.immutable.Map[sbt.ModuleID,sbt.SourcePosition]]("dependencyPositions") in Scope(Build: file:/C:/Users/Nicolas/Documents/ScalaRamo/MarketSimulation/, , Project: ProjectReference(file:/C:/Users/Nicolas/Documents/ScalaRamo/MarketSimulation/,root))),true,None)
Sending msg to client play-fork-run-3ba0f0c2-2e50-4c8d-b338-6c2f0c7b3c31: TaskStarted(19,2255,Some(AttributeKey[sbt.UnresolvedWarningConfiguration]("unresolvedWarningConfiguration") in Scope(Build: file:/C:/Users/Nicolas/Documents/ScalaRamo/MarketSimulation/, , Project: ProjectReference(file:/C:/Users/Nicolas/Documents/ScalaRamo/MarketSimulation/,root), Task: AttributeKey[sbt.UpdateReport]("update"))))
Sending msg to client play-fork-run-3ba0f0c2-2e50-4c8d-b338-6c2f0c7b3c31: TaskFinished(19,2304,None,true,None)
Sending msg to client play-fork-run-3ba0f0c2-2e50-4c8d-b338-6c2f0c7b3c31: TaskFinished(19,2307,None,true,None)
Sending msg to client play-fork-run-3ba0f0c2-2e50-4c8d-b338-6c2f0c7b3c31: TaskStarted(19,2306,None)
Sending msg to client play-fork-run-3ba0f0c2-2e50-4c8d-b338-6c2f0c7b3c31: TaskFinished(19,2310,None,true,None)
Sending msg to client play-fork-run-3ba0f0c2-2e50-4c8d-b338-6c2f0c7b3c31: TaskFinished(19,2303,None,true,None)
Sending msg to client play-fork-run-3ba0f0c2-2e50-4c8d-b338-6c2f0c7b3c31: TaskStarted(19,2302,Some(AttributeKey[scala.collection.Seq[sbt.Attributed[java.io.File]]]("unmanagedJars") in Scope(Build: file:/C:/Users/Nicolas/Documents/ScalaRamo/MarketSimulation/, , Project: ProjectReference(file:/C:/Users/Nicolas/Documents/ScalaRamo/MarketSimulation/,root), Config: runtime)))
Sending msg to client play-fork-run-3ba0f0c2-2e50-4c8d-b338-6c2f0c7b3c31: TaskFinished(19,2255,Some(AttributeKey[sbt.UnresolvedWarningConfiguration]("unresolvedWarningConfiguration") in Scope(Build: file:/C:/Users/Nicolas/Documents/ScalaRamo/MarketSimulation/, , Project: ProjectReference(file:/C:/Users/Nicolas/Documents/ScalaRamo/MarketSimulation/,root), Task: AttributeKey[sbt.UpdateReport]("update"))),true,None)
Sending msg to client play-fork-run-3ba0f0c2-2e50-4c8d-b338-6c2f0c7b3c31: TaskStarted(19,2311,None)
Sending msg to client play-fork-run-3ba0f0c2-2e50-4c8d-b338-6c2f0c7b3c31: TaskFinished(19,2311,None,true,None)
Sending msg to client play-fork-run-3ba0f0c2-2e50-4c8d-b338-6c2f0c7b3c31: TaskFinished(19,2306,None,true,None)
Sending msg to client play-fork-run-3ba0f0c2-2e50-4c8d-b338-6c2f0c7b3c31: TaskFinished(19,2302,Some(AttributeKey[scala.collection.Seq[sbt.Attributed[java.io.File]]]("unmanagedJars") in Scope(Build: file:/C:/Users/Nicolas/Documents/ScalaRamo/MarketSimulation/, , Project: ProjectReference(file:/C:/Users/Nicolas/Documents/ScalaRamo/MarketSimulation/,root), Config: runtime)),true,None)
Sending msg to client play-fork-run-3ba0f0c2-2e50-4c8d-b338-6c2f0c7b3c31: TaskFinished(19,2309,None,true,None)
Sending msg to client play-fork-run-3ba0f0c2-2e50-4c8d-b338-6c2f0c7b3c31: TaskStarted(19,2308,Some(AttributeKey[scala.collection.Seq[sbt.Attributed[java.io.File]]]("unmanagedJars") in Scope(Build: file:/C:/Users/Nicolas/Documents/ScalaRamo/MarketSimulation/, , Project: ProjectReference(file:/C:/Users/Nicolas/Documents/ScalaRamo/MarketSimulation/,root), Config: compile)))
Sending msg to client play-fork-run-3ba0f0c2-2e50-4c8d-b338-6c2f0c7b3c31: TaskFinished(19,2282,Some(AttributeKey[scala.collection.Seq[sbt.ModuleID]]("projectDependencies") in Scope(Build: file:/C:/Users/Nicolas/Documents/ScalaRamo/MarketSimulation/, , Project: ProjectReference(file:/C:/Users/Nicolas/Documents/ScalaRamo/MarketSimulation/,root))),true,None)
Sending msg to client play-fork-run-3ba0f0c2-2e50-4c8d-b338-6c2f0c7b3c31: TaskStarted(19,2281,Some(AttributeKey[scala.collection.Seq[sbt.ModuleID]]("allDependencies") in Scope(Build: file:/C:/Users/Nicolas/Documents/ScalaRamo/MarketSimulation/, , Project: ProjectReference(file:/C:/Users/Nicolas/Documents/ScalaRamo/MarketSimulation/,root))))
Sending msg to client play-fork-run-3ba0f0c2-2e50-4c8d-b338-6c2f0c7b3c31: TaskStarted(19,2313,None)
Sending msg to client play-fork-run-3ba0f0c2-2e50-4c8d-b338-6c2f0c7b3c31: TaskFinished(19,2308,Some(AttributeKey[scala.collection.Seq[sbt.Attributed[java.io.File]]]("unmanagedJars") in Scope(Build: file:/C:/Users/Nicolas/Documents/ScalaRamo/MarketSimulation/, , Project: ProjectReference(file:/C:/Users/Nicolas/Documents/ScalaRamo/MarketSimulation/,root), Config: compile)),true,None)
Sending msg to client play-fork-run-3ba0f0c2-2e50-4c8d-b338-6c2f0c7b3c31: TaskStarted(19,2305,Some(AttributeKey[scala.collection.Seq[sbt.Attributed[java.io.File]]]("unmanagedJars") in Scope(Build: file:/C:/Users/Nicolas/Documents/ScalaRamo/MarketSimulation/, , Project: ProjectReference(file:/C:/Users/Nicolas/Documents/ScalaRamo/MarketSimulation/,root), Config: compile)))
Sending msg to client play-fork-run-3ba0f0c2-2e50-4c8d-b338-6c2f0c7b3c31: TaskFinished(19,2281,Some(AttributeKey[scala.collection.Seq[sbt.ModuleID]]("allDependencies") in Scope(Build: file:/C:/Users/Nicolas/Documents/ScalaRamo/MarketSimulation/, , Project: ProjectReference(file:/C:/Users/Nicolas/Documents/ScalaRamo/MarketSimulation/,root))),true,None)
Sending msg to client play-fork-run-3ba0f0c2-2e50-4c8d-b338-6c2f0c7b3c31: TaskStarted(19,2280,Some(AttributeKey[sbt.ModuleSettings]("moduleSettings") in Scope(Build: file:/C:/Users/Nicolas/Documents/ScalaRamo/MarketSimulation/, , Project: ProjectReference(file:/C:/Users/Nicolas/Documents/ScalaRamo/MarketSimulation/,root))))
Sending msg to client play-fork-run-3ba0f0c2-2e50-4c8d-b338-6c2f0c7b3c31: TaskFinished(19,2313,None,true,None)
Sending msg to client play-fork-run-3ba0f0c2-2e50-4c8d-b338-6c2f0c7b3c31: TaskStarted(19,2312,None)
Sending msg to client play-fork-run-3ba0f0c2-2e50-4c8d-b338-6c2f0c7b3c31: TaskFinished(19,2305,Some(AttributeKey[scala.collection.Seq[sbt.Attributed[java.io.File]]]("unmanagedJars") in Scope(Build: file:/C:/Users/Nicolas/Documents/ScalaRamo/MarketSimulation/, , Project: ProjectReference(file:/C:/Users/Nicolas/Documents/ScalaRamo/MarketSimulation/,root), Config: compile)),true,None)
Sending msg to client play-fork-run-3ba0f0c2-2e50-4c8d-b338-6c2f0c7b3c31: TaskStarted(19,2301,None)
Sending msg to client play-fork-run-3ba0f0c2-2e50-4c8d-b338-6c2f0c7b3c31: TaskFinished(19,2280,Some(AttributeKey[sbt.ModuleSettings]("moduleSettings") in Scope(Build: file:/C:/Users/Nicolas/Documents/ScalaRamo/MarketSimulation/, , Project: ProjectReference(file:/C:/Users/Nicolas/Documents/ScalaRamo/MarketSimulation/,root))),true,None)
Sending msg to client play-fork-run-3ba0f0c2-2e50-4c8d-b338-6c2f0c7b3c31: TaskFinished(19,2312,None,true,None)
Sending msg to client play-fork-run-3ba0f0c2-2e50-4c8d-b338-6c2f0c7b3c31: TaskFinished(19,2274,Some(AttributeKey[scala.collection.immutable.Map[org.apache.ivy.core.module.id.ModuleRevisionId,org.apache.ivy.core.module.descriptor.ModuleDescriptor]]("projectDescriptors") in Scope(Build: file:/C:/Users/Nicolas/Documents/ScalaRamo/MarketSimulation/, , Project: ProjectReference(file:/C:/Users/Nicolas/Documents/ScalaRamo/MarketSimulation/,root))),true,None)
Sending msg to client play-fork-run-3ba0f0c2-2e50-4c8d-b338-6c2f0c7b3c31: TaskStarted(19,2273,Some(AttributeKey[sbt.Resolver]("projectResolver") in Scope(Build: file:/C:/Users/Nicolas/Documents/ScalaRamo/MarketSimulation/, , Project: ProjectReference(file:/C:/Users/Nicolas/Documents/ScalaRamo/MarketSimulation/,root))))
Sending msg to client play-fork-run-3ba0f0c2-2e50-4c8d-b338-6c2f0c7b3c31: TaskFinished(19,2301,None,true,None)
Sending msg to client play-fork-run-3ba0f0c2-2e50-4c8d-b338-6c2f0c7b3c31: TaskStarted(19,2300,None)
Sending msg to client play-fork-run-3ba0f0c2-2e50-4c8d-b338-6c2f0c7b3c31: TaskFinished(19,2273,Some(AttributeKey[sbt.Resolver]("projectResolver") in Scope(Build: file:/C:/Users/Nicolas/Documents/ScalaRamo/MarketSimulation/, , Project: ProjectReference(file:/C:/Users/Nicolas/Documents/ScalaRamo/MarketSimulation/,root))),true,None)
Sending msg to client play-fork-run-3ba0f0c2-2e50-4c8d-b338-6c2f0c7b3c31: TaskStarted(19,2272,Some(AttributeKey[scala.collection.Seq[sbt.Resolver]]("fullResolvers") in Scope(Build: file:/C:/Users/Nicolas/Documents/ScalaRamo/MarketSimulation/, , Project: ProjectReference(file:/C:/Users/Nicolas/Documents/ScalaRamo/MarketSimulation/,root))))
Sending msg to client play-fork-run-3ba0f0c2-2e50-4c8d-b338-6c2f0c7b3c31: TaskFinished(19,2300,None,true,None)
Sending msg to client play-fork-run-3ba0f0c2-2e50-4c8d-b338-6c2f0c7b3c31: TaskFinished(19,2246,None,true,None)
Sending msg to client play-fork-run-3ba0f0c2-2e50-4c8d-b338-6c2f0c7b3c31: TaskStarted(19,2243,Some(AttributeKey[scala.collection.Seq[sbt.Attributed[java.io.File]]]("unmanagedClasspath") in Scope(Build: file:/C:/Users/Nicolas/Documents/ScalaRamo/MarketSimulation/, , Project: ProjectReference(file:/C:/Users/Nicolas/Documents/ScalaRamo/MarketSimulation/,root), Config: runtime)))
Sending msg to client play-fork-run-3ba0f0c2-2e50-4c8d-b338-6c2f0c7b3c31: TaskFinished(19,2272,Some(AttributeKey[scala.collection.Seq[sbt.Resolver]]("fullResolvers") in Scope(Build: file:/C:/Users/Nicolas/Documents/ScalaRamo/MarketSimulation/, , Project: ProjectReference(file:/C:/Users/Nicolas/Documents/ScalaRamo/MarketSimulation/,root))),true,None)
Sending msg to client play-fork-run-3ba0f0c2-2e50-4c8d-b338-6c2f0c7b3c31: TaskStarted(19,2271,Some(AttributeKey[sbt.IvyConfiguration]("ivyConfiguration") in Scope(Build: file:/C:/Users/Nicolas/Documents/ScalaRamo/MarketSimulation/, , Project: ProjectReference(file:/C:/Users/Nicolas/Documents/ScalaRamo/MarketSimulation/,root))))
Sending msg to client play-fork-run-3ba0f0c2-2e50-4c8d-b338-6c2f0c7b3c31: TaskFinished(19,2243,Some(AttributeKey[scala.collection.Seq[sbt.Attributed[java.io.File]]]("unmanagedClasspath") in Scope(Build: file:/C:/Users/Nicolas/Documents/ScalaRamo/MarketSimulation/, , Project: ProjectReference(file:/C:/Users/Nicolas/Documents/ScalaRamo/MarketSimulation/,root), Config: runtime)),true,None)
Sending msg to client play-fork-run-3ba0f0c2-2e50-4c8d-b338-6c2f0c7b3c31: TaskFinished(19,2271,Some(AttributeKey[sbt.IvyConfiguration]("ivyConfiguration") in Scope(Build: file:/C:/Users/Nicolas/Documents/ScalaRamo/MarketSimulation/, , Project: ProjectReference(file:/C:/Users/Nicolas/Documents/ScalaRamo/MarketSimulation/,root))),true,None)
Sending msg to client play-fork-run-3ba0f0c2-2e50-4c8d-b338-6c2f0c7b3c31: TaskStarted(19,2269,Some(AttributeKey[sbt.IvySbt]("ivySbt") in Scope(Build: file:/C:/Users/Nicolas/Documents/ScalaRamo/MarketSimulation/, , Project: ProjectReference(file:/C:/Users/Nicolas/Documents/ScalaRamo/MarketSimulation/,root))))
Sending msg to client play-fork-run-3ba0f0c2-2e50-4c8d-b338-6c2f0c7b3c31: TaskFinished(19,2269,Some(AttributeKey[sbt.IvySbt]("ivySbt") in Scope(Build: file:/C:/Users/Nicolas/Documents/ScalaRamo/MarketSimulation/, , Project: ProjectReference(file:/C:/Users/Nicolas/Documents/ScalaRamo/MarketSimulation/,root))),true,None)
Sending msg to client play-fork-run-3ba0f0c2-2e50-4c8d-b338-6c2f0c7b3c31: TaskStarted(19,2268,Some(AttributeKey[sbt.IvySbt$Module]("ivyModule") in Scope(Build: file:/C:/Users/Nicolas/Documents/ScalaRamo/MarketSimulation/, , Project: ProjectReference(file:/C:/Users/Nicolas/Documents/ScalaRamo/MarketSimulation/,root))))
Sending msg to client play-fork-run-3ba0f0c2-2e50-4c8d-b338-6c2f0c7b3c31: TaskFinished(19,2268,Some(AttributeKey[sbt.IvySbt$Module]("ivyModule") in Scope(Build: file:/C:/Users/Nicolas/Documents/ScalaRamo/MarketSimulation/, , Project: ProjectReference(file:/C:/Users/Nicolas/Documents/ScalaRamo/MarketSimulation/,root))),true,None)
Sending msg to client play-fork-run-3ba0f0c2-2e50-4c8d-b338-6c2f0c7b3c31: TaskStarted(19,2254,Some(AttributeKey[sbt.UpdateReport]("update") in Scope(Build: file:/C:/Users/Nicolas/Documents/ScalaRamo/MarketSimulation/, , Project: ProjectReference(file:/C:/Users/Nicolas/Documents/ScalaRamo/MarketSimulation/,root))))
Sending msg to client play-fork-run-3ba0f0c2-2e50-4c8d-b338-6c2f0c7b3c31: TaskFinished(19,2254,Some(AttributeKey[sbt.UpdateReport]("update") in Scope(Build: file:/C:/Users/Nicolas/Documents/ScalaRamo/MarketSimulation/, , Project: ProjectReference(file:/C:/Users/Nicolas/Documents/ScalaRamo/MarketSimulation/,root))),true,None)
Sending msg to client play-fork-run-3ba0f0c2-2e50-4c8d-b338-6c2f0c7b3c31: TaskStarted(19,2253,Some(AttributeKey[sbt.UpdateReport]("update") in Scope(Build: file:/C:/Users/Nicolas/Documents/ScalaRamo/MarketSimulation/, , Project: ProjectReference(file:/C:/Users/Nicolas/Documents/ScalaRamo/MarketSimulation/,root))))
Sending msg to client play-fork-run-3ba0f0c2-2e50-4c8d-b338-6c2f0c7b3c31: TaskFinished(19,2253,Some(AttributeKey[sbt.UpdateReport]("update") in Scope(Build: file:/C:/Users/Nicolas/Documents/ScalaRamo/MarketSimulation/, , Project: ProjectReference(file:/C:/Users/Nicolas/Documents/ScalaRamo/MarketSimulation/,root))),true,None)
Sending msg to client play-fork-run-3ba0f0c2-2e50-4c8d-b338-6c2f0c7b3c31: TaskStarted(19,2285,Some(AttributeKey[sbt.Configuration]("classpathConfiguration") in Scope(Build: file:/C:/Users/Nicolas/Documents/ScalaRamo/MarketSimulation/, , Project: ProjectReference(file:/C:/Users/Nicolas/Documents/ScalaRamo/MarketSimulation/,root), Config: compile)))
Sending msg to client play-fork-run-3ba0f0c2-2e50-4c8d-b338-6c2f0c7b3c31: TaskStarted(19,2291,Some(AttributeKey[scala.collection.Seq[sbt.Attributed[java.io.File]]]("managedClasspath") in Scope(Build: file:/C:/Users/Nicolas/Documents/ScalaRamo/MarketSimulation/, , Project: ProjectReference(file:/C:/Users/Nicolas/Documents/ScalaRamo/MarketSimulation/,root), Config: docs)))
Sending msg to client play-fork-run-3ba0f0c2-2e50-4c8d-b338-6c2f0c7b3c31: TaskFinished(19,2285,Some(AttributeKey[sbt.Configuration]("classpathConfiguration") in Scope(Build: file:/C:/Users/Nicolas/Documents/ScalaRamo/MarketSimulation/, , Project: ProjectReference(file:/C:/Users/Nicolas/Documents/ScalaRamo/MarketSimulation/,root), Config: compile)),true,None)
Sending msg to client play-fork-run-3ba0f0c2-2e50-4c8d-b338-6c2f0c7b3c31: TaskStarted(19,2284,None)
Sending msg to client play-fork-run-3ba0f0c2-2e50-4c8d-b338-6c2f0c7b3c31: TaskFinished(19,2284,None,true,None)
Sending msg to client play-fork-run-3ba0f0c2-2e50-4c8d-b338-6c2f0c7b3c31: TaskStarted(19,2283,Some(AttributeKey[sbt.Configuration]("classpathConfiguration") in Scope(Build: file:/C:/Users/Nicolas/Documents/ScalaRamo/MarketSimulation/, , Project: ProjectReference(file:/C:/Users/Nicolas/Documents/ScalaRamo/MarketSimulation/,root), Config: runtime)))
Sending msg to client play-fork-run-3ba0f0c2-2e50-4c8d-b338-6c2f0c7b3c31: TaskFinished(19,2291,Some(AttributeKey[scala.collection.Seq[sbt.Attributed[java.io.File]]]("managedClasspath") in Scope(Build: file:/C:/Users/Nicolas/Documents/ScalaRamo/MarketSimulation/, , Project: ProjectReference(file:/C:/Users/Nicolas/Documents/ScalaRamo/MarketSimulation/,root), Config: docs)),true,None)
Sending msg to client play-fork-run-3ba0f0c2-2e50-4c8d-b338-6c2f0c7b3c31: TaskStarted(19,2297,Some(AttributeKey[scala.Option[java.io.File]]("playDocsJar") in Scope(Build: file:/C:/Users/Nicolas/Documents/ScalaRamo/MarketSimulation/, , Project: ProjectReference(file:/C:/Users/Nicolas/Documents/ScalaRamo/MarketSimulation/,root))))
Sending msg to client play-fork-run-3ba0f0c2-2e50-4c8d-b338-6c2f0c7b3c31: TaskFinished(19,2283,Some(AttributeKey[sbt.Configuration]("classpathConfiguration") in Scope(Build: file:/C:/Users/Nicolas/Documents/ScalaRamo/MarketSimulation/, , Project: ProjectReference(file:/C:/Users/Nicolas/Documents/ScalaRamo/MarketSimulation/,root), Config: runtime)),true,None)
Sending msg to client play-fork-run-3ba0f0c2-2e50-4c8d-b338-6c2f0c7b3c31: TaskStarted(19,2252,None)
Sending msg to client play-fork-run-3ba0f0c2-2e50-4c8d-b338-6c2f0c7b3c31: TaskFinished(19,2297,Some(AttributeKey[scala.Option[java.io.File]]("playDocsJar") in Scope(Build: file:/C:/Users/Nicolas/Documents/ScalaRamo/MarketSimulation/, , Project: ProjectReference(file:/C:/Users/Nicolas/Documents/ScalaRamo/MarketSimulation/,root))),true,None)
Sending msg to client play-fork-run-3ba0f0c2-2e50-4c8d-b338-6c2f0c7b3c31: TaskFinished(19,2252,None,true,None)
Sending msg to client play-fork-run-3ba0f0c2-2e50-4c8d-b338-6c2f0c7b3c31: TaskStarted(19,2250,Some(AttributeKey[scala.collection.Seq[sbt.Attributed[java.io.File]]]("managedClasspath") in Scope(Build: file:/C:/Users/Nicolas/Documents/ScalaRamo/MarketSimulation/, , Project: ProjectReference(file:/C:/Users/Nicolas/Documents/ScalaRamo/MarketSimulation/,root), Config: runtime)))
Sending msg to client play-fork-run-3ba0f0c2-2e50-4c8d-b338-6c2f0c7b3c31: TaskFinished(19,2250,Some(AttributeKey[scala.collection.Seq[sbt.Attributed[java.io.File]]]("managedClasspath") in Scope(Build: file:/C:/Users/Nicolas/Documents/ScalaRamo/MarketSimulation/, , Project: ProjectReference(file:/C:/Users/Nicolas/Documents/ScalaRamo/MarketSimulation/,root), Config: runtime)),true,None)
Sending msg to client play-fork-run-3ba0f0c2-2e50-4c8d-b338-6c2f0c7b3c31: TaskStarted(19,2242,None)
Sending msg to client play-fork-run-3ba0f0c2-2e50-4c8d-b338-6c2f0c7b3c31: TaskFinished(19,2242,None,true,None)
Sending msg to client play-fork-run-3ba0f0c2-2e50-4c8d-b338-6c2f0c7b3c31: TaskStarted(19,2241,Some(AttributeKey[scala.collection.Seq[sbt.Attributed[java.io.File]]]("playDependencyClasspath") in Scope(Build: file:/C:/Users/Nicolas/Documents/ScalaRamo/MarketSimulation/, , Project: ProjectReference(file:/C:/Users/Nicolas/Documents/ScalaRamo/MarketSimulation/,root))))
Sending msg to client play-fork-run-3ba0f0c2-2e50-4c8d-b338-6c2f0c7b3c31: TaskFinished(19,2241,Some(AttributeKey[scala.collection.Seq[sbt.Attributed[java.io.File]]]("playDependencyClasspath") in Scope(Build: file:/C:/Users/Nicolas/Documents/ScalaRamo/MarketSimulation/, , Project: ProjectReference(file:/C:/Users/Nicolas/Documents/ScalaRamo/MarketSimulation/,root))),true,None)
Sending msg to client play-fork-run-3ba0f0c2-2e50-4c8d-b338-6c2f0c7b3c31: TaskStarted(19,2240,Some(AttributeKey[play.forkrun.protocol.ForkConfig]("playForkConfig") in Scope(Build: file:/C:/Users/Nicolas/Documents/ScalaRamo/MarketSimulation/, , Project: ProjectReference(file:/C:/Users/Nicolas/Documents/ScalaRamo/MarketSimulation/,root))))
Sending msg to client play-fork-run-3ba0f0c2-2e50-4c8d-b338-6c2f0c7b3c31: TaskFinished(19,2240,Some(AttributeKey[play.forkrun.protocol.ForkConfig]("playForkConfig") in Scope(Build: file:/C:/Users/Nicolas/Documents/ScalaRamo/MarketSimulation/, , Project: ProjectReference(file:/C:/Users/Nicolas/Documents/ScalaRamo/MarketSimulation/,root))),true,None)
Sending msg to client play-fork-run-3ba0f0c2-2e50-4c8d-b338-6c2f0c7b3c31: ValueChanged(AttributeKey[play.forkrun.protocol.ForkConfig]("playForkConfig") in Scope(Build: file:/C:/Users/Nicolas/Documents/ScalaRamo/MarketSimulation/, , Project: ProjectReference(file:/C:/Users/Nicolas/Documents/ScalaRamo/MarketSimulation/,root)),TaskSuccess(BuildValue(LazyValue(ForkConfig(C:\Users\Nicolas\Documents\ScalaRamo\MarketSimulation,List(-Djna.nosys=true),List(C:\Users\Nicolas\.ivy2\cache\org.scala-lang\scala-library\jars\scala-library-2.11.7.jar, C:\Users\Nicolas\Desktop\scalparo\activator-dist-1.3.10\repository\com.typesafe.play\twirl-api_2.11\1.1.1\jars\twirl-api_2.11.jar, C:\Users\Nicolas\Desktop\activator-dist-1.3.10\repository\org.apache.commons\commons-lang3\3.4\jars\commons-lang3.jar, C:\Users\Nicolas\.ivy2\cache\org.scala-lang.modules\scala-xml_2.11\bundles\scala-xml_2.11-1.0.1.jar, C:\Users\Nicolas\.ivy2\cache\com.typesafe.play\play-server_2.11\jars\play-server_2.11-2.5.0.jar, C:\Users\Nicolas\.ivy2\cache\com.typesafe.play\play_2.11\jars\play_2.11-2.5.0.jar, C:\Users\Nicolas\.ivy2\cache\com.typesafe.play\build-link\jars\build-link-2.5.0.jar, C:\Users\Nicolas\.ivy2\cache\com.typesafe.play\play-exceptions\jars\play-exceptions-2.5.0.jar, C:\Users\Nicolas\.ivy2\cache\com.typesafe.play\play-iteratees_2.11\jars\play-iteratees_2.11-2.5.0.jar, C:\Users\Nicolas\.ivy2\cache\org.scala-stm\scala-stm_2.11\jars\scala-stm_2.11-0.7.jar, C:\Users\Nicolas\Desktop\activator-dist-1.3.10\repository\com.typesafe\config\1.3.0\bundles\config.jar, C:\Users\Nicolas\.ivy2\cache\com.typesafe.play\play-json_2.11\jars\play-json_2.11-2.5.0.jar, C:\Users\Nicolas\.ivy2\cache\com.typesafe.play\play-functional_2.11\jars\play-functional_2.11-2.5.0.jar, C:\Users\Nicolas\.ivy2\cache\com.typesafe.play\play-datacommons_2.11\jars\play-datacommons_2.11-2.5.0.jar, C:\Users\Nicolas\.ivy2\cache\joda-time\joda-time\jars\joda-time-2.9.2.jar, C:\Users\Nicolas\.ivy2\cache\org.joda\joda-convert\jars\joda-convert-1.8.1.jar, C:\Users\Nicolas\.ivy2\cache\org.scala-lang\scala-reflect\jars\scala-reflect-2.11.7.jar, C:\Users\Nicolas\.ivy2\cache\com.fasterxml.jackson.core\jackson-core\bundles\jackson-core-2.7.1.jar, C:\Users\Nicolas\.ivy2\cache\com.fasterxml.jackson.core\jackson-annotations\bundles\jackson-annotations-2.7.1.jar, C:\Users\Nicolas\.ivy2\cache\com.fasterxml.jackson.core\jackson-databind\bundles\jackson-databind-2.7.1.jar, C:\Users\Nicolas\.ivy2\cache\com.fasterxml.jackson.datatype\jackson-datatype-jdk8\bundles\jackson-datatype-jdk8-2.7.1.jar, C:\Users\Nicolas\.ivy2\cache\com.fasterxml.jackson.datatype\jackson-datatype-jsr310\bundles\jackson-datatype-jsr310-2.7.1.jar, C:\Users\Nicolas\.ivy2\cache\com.typesafe.play\play-netty-utils\jars\play-netty-utils-2.5.0.jar, C:\Users\Nicolas\.ivy2\cache\org.slf4j\slf4j-api\jars\slf4j-api-1.7.16.jar, C:\Users\Nicolas\.ivy2\cache\org.slf4j\jul-to-slf4j\jars\jul-to-slf4j-1.7.16.jar, C:\Users\Nicolas\.ivy2\cache\org.slf4j\jcl-over-slf4j\jars\jcl-over-slf4j-1.7.16.jar, C:\Users\Nicolas\.ivy2\cache\com.typesafe.play\play-streams_2.11\jars\play-streams_2.11-2.5.0.jar, C:\Users\Nicolas\Desktop\scalparo\activator-dist-1.3.10\repository\org.reactivestreams\reactive-streams\1.0.0\jars\reactive-streams.jar, C:\Users\Nicolas\.ivy2\cache\com.typesafe.akka\akka-stream_2.11\jars\akka-stream_2.11-2.4.2.jar, C:\Users\Nicolas\.ivy2\cache\com.typesafe.akka\akka-actor_2.11\jars\akka-actor_2.11-2.4.2.jar, C:\Users\Nicolas\.ivy2\cache\org.scala-lang.modules\scala-java8-compat_2.11\bundles\scala-java8-compat_2.11-0.7.0.jar, C:\Users\Nicolas\.ivy2\cache\com.typesafe\ssl-config-akka_2.11\bundles\ssl-config-akka_2.11-0.1.3.jar, C:\Users\Nicolas\.ivy2\cache\com.typesafe\ssl-config-core_2.11\bundles\ssl-config-core_2.11-0.1.3.jar, C:\Users\Nicolas\.ivy2\cache\org.scala-lang.modules\scala-parser-combinators_2.11\bundles\scala-parser-combinators_2.11-1.0.4.jar, C:\Users\Nicolas\.ivy2\cache\com.typesafe.akka\akka-slf4j_2.11\jars\akka-slf4j_2.11-2.4.2.jar, C:\Users\Nicolas\Desktop\scalparo\activator-dist-1.3.10\repository\commons-codec\commons-codec\1.10\jars\commons-codec.jar, C:\Users\Nicolas\.ivy2\cache\xerces\xercesImpl\jars\xercesImpl-2.11.0.jar, C:\Users\Nicolas\.ivy2\cache\xml-apis\xml-apis\jars\xml-apis-1.4.01.jar, C:\Users\Nicolas\.ivy2\cache\javax.transaction\jta\jars\jta-1.1.jar, C:\Users\Nicolas\Desktop\scalparo\activator-dist-1.3.10\repository\com.google.inject\guice\4.0\jars\guice.jar, C:\Users\Nicolas\Desktop\activator-dist-1.3.10\repository\javax.inject\javax.inject\1\jars\javax.inject.jar, C:\Users\Nicolas\Desktop\activator-dist-1.3.10\repository\aopalliance\aopalliance\1.0\jars\aopalliance.jar, C:\Users\Nicolas\Desktop\scalparo\activator-dist-1.3.10\repository\com.google.inject.extensions\guice-assistedinject\4.0\jars\guice-assistedinject.jar, C:\Users\Nicolas\.ivy2\cache\com.typesafe.play\play-netty-server_2.11\jars\play-netty-server_2.11-2.5.0.jar, C:\Users\Nicolas\.ivy2\cache\com.typesafe.netty\netty-reactive-streams-http\jars\netty-reactive-streams-http-1.0.2.jar, C:\Users\Nicolas\.ivy2\cache\com.typesafe.netty\netty-reactive-streams\jars\netty-reactive-streams-1.0.2.jar, C:\Users\Nicolas\.ivy2\cache\io.netty\netty-transport-native-epoll\jars\netty-transport-native-epoll-4.0.33.Final-linux-x86_64.jar, C:\Users\Nicolas\.ivy2\cache\com.typesafe.play\play-logback_2.11\jars\play-logback_2.11-2.5.0.jar, C:\Users\Nicolas\.ivy2\cache\ch.qos.logback\logback-core\jars\logback-core-1.1.4.jar, C:\Users\Nicolas\.ivy2\cache\ch.qos.logback\logback-classic\jars\logback-classic-1.1.4.jar, C:\Users\Nicolas\.ivy2\cache\com.typesafe.play\play-slick_2.11\jars\play-slick_2.11-1.1.1.jar, C:\Users\Nicolas\.ivy2\cache\com.typesafe.slick\slick_2.11\bundles\slick_2.11-3.1.0.jar, C:\Users\Nicolas\.ivy2\cache\com.typesafe.slick\slick-hikaricp_2.11\bundles\slick-hikaricp_2.11-3.1.0.jar, C:\Users\Nicolas\.ivy2\cache\com.zaxxer\HikariCP-java6\bundles\HikariCP-java6-2.3.7.jar, C:\Users\Nicolas\.ivy2\cache\com.typesafe.play\play-slick-evolutions_2.11\jars\play-slick-evolutions_2.11-1.1.1.jar, C:\Users\Nicolas\.ivy2\cache\com.typesafe.play\play-jdbc-evolutions_2.11\jars\play-jdbc-evolutions_2.11-2.5.0.jar, C:\Users\Nicolas\.ivy2\cache\com.typesafe.play\play-jdbc-api_2.11\jars\play-jdbc-api_2.11-2.5.0.jar, C:\Users\Nicolas\.ivy2\cache\com.h2database\h2\jars\h2-1.4.191.jar, C:\Users\Nicolas\.ivy2\cache\com.typesafe.play\play-cache_2.11\jars\play-cache_2.11-2.5.0.jar, C:\Users\Nicolas\.ivy2\cache\net.sf.ehcache\ehcache-core\jars\ehcache-core-2.6.11.jar, C:\Users\Nicolas\.ivy2\cache\com.typesafe.play\play-ws_2.11\jars\play-ws_2.11-2.5.0.jar, C:\Users\Nicolas\.ivy2\cache\com.google.guava\guava\bundles\guava-19.0.jar, C:\Users\Nicolas\.ivy2\cache\org.asynchttpclient\async-http-client\jars\async-http-client-2.0.0-RC9.jar, C:\Users\Nicolas\.ivy2\cache\io.netty\netty-codec-http\jars\netty-codec-http-4.0.34.Final.jar, C:\Users\Nicolas\.ivy2\cache\io.netty\netty-codec\jars\netty-codec-4.0.34.Final.jar, C:\Users\Nicolas\.ivy2\cache\io.netty\netty-transport\jars\netty-transport-4.0.34.Final.jar, C:\Users\Nicolas\.ivy2\cache\io.netty\netty-buffer\jars\netty-buffer-4.0.34.Final.jar, C:\Users\Nicolas\.ivy2\cache\io.netty\netty-common\jars\netty-common-4.0.34.Final.jar, C:\Users\Nicolas\.ivy2\cache\io.netty\netty-handler\jars\netty-handler-4.0.34.Final.jar, C:\Users\Nicolas\.ivy2\cache\org.asynchttpclient\netty-resolver-dns\jars\netty-resolver-dns-2.0.0-RC9.jar, C:\Users\Nicolas\.ivy2\cache\org.asynchttpclient\netty-resolver\jars\netty-resolver-2.0.0-RC9.jar, C:\Users\Nicolas\.ivy2\cache\org.asynchttpclient\netty-codec-dns\jars\netty-codec-dns-2.0.0-RC9.jar, C:\Users\Nicolas\.ivy2\cache\org.javassist\javassist\bundles\javassist-3.20.0-GA.jar, C:\Users\Nicolas\.ivy2\cache\oauth.signpost\signpost-core\jars\signpost-core-1.2.1.2.jar, C:\Users\Nicolas\.ivy2\cache\oauth.signpost\signpost-commonshttp4\jars\signpost-commonshttp4-1.2.1.2.jar, C:\Users\Nicolas\.ivy2\cache\org.apache.httpcomponents\httpcore\jars\httpcore-4.0.1.jar, C:\Users\Nicolas\.ivy2\cache\org.apache.httpcomponents\httpclient\jars\httpclient-4.0.1.jar, C:\Users\Nicolas\.ivy2\cache\commons-logging\commons-logging\jars\commons-logging-1.1.1.jar),List((public/,C:\Users\Nicolas\Documents\ScalaRamo\MarketSimulation\target\web\public\main)),List(C:\Users\Nicolas\.ivy2\cache\com.typesafe.play\play-omnidoc_2.11\jars\play-omnidoc_2.11-2.5.0.jar, C:\Users\Nicolas\.ivy2\cache\org.scala-lang\scala-library\jars\scala-library-2.11.7.jar, C:\Users\Nicolas\.ivy2\cache\com.typesafe.play\play-docs_2.11\jars\play-docs_2.11-2.5.0.jar, C:\Users\Nicolas\.ivy2\cache\com.typesafe.play\play-netty-server_2.11\jars\play-netty-server_2.11-2.5.0.jar, C:\Users\Nicolas\.ivy2\cache\com.typesafe.play\play-server_2.11\jars\play-server_2.11-2.5.0.jar, C:\Users\Nicolas\.ivy2\cache\com.typesafe.play\play_2.11\jars\play_2.11-2.5.0.jar, C:\Users\Nicolas\.ivy2\cache\com.typesafe.play\build-link\jars\build-link-2.5.0.jar, C:\Users\Nicolas\.ivy2\cache\com.typesafe.play\play-exceptions\jars\play-exceptions-2.5.0.jar, C:\Users\Nicolas\.ivy2\cache\com.typesafe.play\play-iteratees_2.11\jars\play-iteratees_2.11-2.5.0.jar, C:\Users\Nicolas\.ivy2\cache\org.scala-stm\scala-stm_2.11\jars\scala-stm_2.11-0.7.jar, C:\Users\Nicolas\Desktop\activator-dist-1.3.10\repository\com.typesafe\config\1.3.0\bundles\config.jar, C:\Users\Nicolas\.ivy2\cache\com.typesafe.play\play-json_2.11\jars\play-json_2.11-2.5.0.jar, C:\Users\Nicolas\.ivy2\cache\com.typesafe.play\play-functional_2.11\jars\play-functional_2.11-2.5.0.jar, C:\Users\Nicolas\.ivy2\cache\com.typesafe.play\play-datacommons_2.11\jars\play-datacommons_2.11-2.5.0.jar, C:\Users\Nicolas\.ivy2\cache\joda-time\joda-time\jars\joda-time-2.9.2.jar, C:\Users\Nicolas\.ivy2\cache\org.joda\joda-convert\jars\joda-convert-1.8.1.jar, C:\Users\Nicolas\.ivy2\cache\org.scala-lang\scala-reflect\jars\scala-reflect-2.11.7.jar, C:\Users\Nicolas\.ivy2\cache\com.fasterxml.jackson.core\jackson-core\bundles\jackson-core-2.7.1.jar, C:\Users\Nicolas\.ivy2\cache\com.fasterxml.jackson.core\jackson-annotations\bundles\jackson-annotations-2.7.1.jar, C:\Users\Nicolas\.ivy2\cache\com.fasterxml.jackson.core\jackson-databind\bundles\jackson-databind-2.7.1.jar, C:\Users\Nicolas\.ivy2\cache\com.fasterxml.jackson.datatype\jackson-datatype-jdk8\bundles\jackson-datatype-jdk8-2.7.1.jar, C:\Users\Nicolas\.ivy2\cache\com.fasterxml.jackson.datatype\jackson-datatype-jsr310\bundles\jackson-datatype-jsr310-2.7.1.jar, C:\Users\Nicolas\.ivy2\cache\com.typesafe.play\play-netty-utils\jars\play-netty-utils-2.5.0.jar, C:\Users\Nicolas\.ivy2\cache\org.slf4j\slf4j-api\jars\slf4j-api-1.7.16.jar, C:\Users\Nicolas\.ivy2\cache\org.slf4j\jul-to-slf4j\jars\jul-to-slf4j-1.7.16.jar, C:\Users\Nicolas\.ivy2\cache\org.slf4j\jcl-over-slf4j\jars\jcl-over-slf4j-1.7.16.jar, C:\Users\Nicolas\.ivy2\cache\com.typesafe.play\play-streams_2.11\jars\play-streams_2.11-2.5.0.jar, C:\Users\Nicolas\Desktop\scalparo\activator-dist-1.3.10\repository\org.reactivestreams\reactive-streams\1.0.0\jars\reactive-streams.jar, C:\Users\Nicolas\.ivy2\cache\com.typesafe.akka\akka-stream_2.11\jars\akka-stream_2.11-2.4.2.jar, C:\Users\Nicolas\.ivy2\cache\com.typesafe.akka\akka-actor_2.11\jars\akka-actor_2.11-2.4.2.jar, C:\Users\Nicolas\.ivy2\cache\org.scala-lang.modules\scala-java8-compat_2.11\bundles\scala-java8-compat_2.11-0.7.0.jar, C:\Users\Nicolas\.ivy2\cache\com.typesafe\ssl-config-akka_2.11\bundles\ssl-config-akka_2.11-0.1.3.jar, C:\Users\Nicolas\.ivy2\cache\com.typesafe\ssl-config-core_2.11\bundles\ssl-config-core_2.11-0.1.3.jar, C:\Users\Nicolas\.ivy2\cache\org.scala-lang.modules\scala-parser-combinators_2.11\bundles\scala-parser-combinators_2.11-1.0.4.jar, C:\Users\Nicolas\Desktop\scalparo\activator-dist-1.3.10\repository\com.typesafe.play\twirl-api_2.11\1.1.1\jars\twirl-api_2.11.jar, C:\Users\Nicolas\Desktop\activator-dist-1.3.10\repository\org.apache.commons\commons-lang3\3.4\jars\commons-lang3.jar, C:\Users\Nicolas\.ivy2\cache\org.scala-lang.modules\scala-xml_2.11\bundles\scala-xml_2.11-1.0.1.jar, C:\Users\Nicolas\.ivy2\cache\com.typesafe.akka\akka-slf4j_2.11\jars\akka-slf4j_2.11-2.4.2.jar, C:\Users\Nicolas\Desktop\scalparo\activator-dist-1.3.10\repository\commons-codec\commons-codec\1.10\jars\commons-codec.jar, C:\Users\Nicolas\.ivy2\cache\xerces\xercesImpl\jars\xercesImpl-2.11.0.jar, C:\Users\Nicolas\.ivy2\cache\xml-apis\xml-apis\jars\xml-apis-1.4.01.jar, C:\Users\Nicolas\.ivy2\cache\javax.transaction\jta\jars\jta-1.1.jar, C:\Users\Nicolas\Desktop\scalparo\activator-dist-1.3.10\repository\com.google.inject\guice\4.0\jars\guice.jar, C:\Users\Nicolas\Desktop\activator-dist-1.3.10\repository\javax.inject\javax.inject\1\jars\javax.inject.jar, C:\Users\Nicolas\Desktop\activator-dist-1.3.10\repository\aopalliance\aopalliance\1.0\jars\aopalliance.jar, C:\Users\Nicolas\.ivy2\cache\com.google.guava\guava\bundles\guava-16.0.1.jar, C:\Users\Nicolas\Desktop\scalparo\activator-dist-1.3.10\repository\com.google.inject.extensions\guice-assistedinject\4.0\jars\guice-assistedinject.jar, C:\Users\Nicolas\.ivy2\cache\com.typesafe.netty\netty-reactive-streams-http\jars\netty-reactive-streams-http-1.0.2.jar, C:\Users\Nicolas\.ivy2\cache\com.typesafe.netty\netty-reactive-streams\jars\netty-reactive-streams-1.0.2.jar, C:\Users\Nicolas\.ivy2\cache\io.netty\netty-handler\jars\netty-handler-4.0.33.Final.jar, C:\Users\Nicolas\.ivy2\cache\io.netty\netty-buffer\jars\netty-buffer-4.0.33.Final.jar, C:\Users\Nicolas\.ivy2\cache\io.netty\netty-common\jars\netty-common-4.0.33.Final.jar, C:\Users\Nicolas\.ivy2\cache\io.netty\netty-transport\jars\netty-transport-4.0.33.Final.jar, C:\Users\Nicolas\.ivy2\cache\io.netty\netty-codec\jars\netty-codec-4.0.33.Final.jar, C:\Users\Nicolas\.ivy2\cache\io.netty\netty-codec-http\jars\netty-codec-http-4.0.33.Final.jar, C:\Users\Nicolas\.ivy2\cache\io.netty\netty-transport-native-epoll\jars\netty-transport-native-epoll-4.0.33.Final-linux-x86_64.jar, C:\Users\Nicolas\Desktop\scalparo\activator-dist-1.3.10\repository\com.typesafe.play\play-doc_2.11\1.2.2\jars\play-doc_2.11.jar, C:\Users\Nicolas\.ivy2\cache\org.pegdown\pegdown\jars\pegdown-1.4.0.jar, C:\Users\Nicolas\.ivy2\cache\org.parboiled\parboiled-java\bundles\parboiled-java-1.1.5.jar, C:\Users\Nicolas\.ivy2\cache\org.parboiled\parboiled-core\bundles\parboiled-core-1.1.5.jar, C:\Users\Nicolas\.ivy2\cache\org.ow2.asm\asm\jars\asm-4.1.jar, C:\Users\Nicolas\.ivy2\cache\org.ow2.asm\asm-tree\jars\asm-tree-4.1.jar, C:\Users\Nicolas\.ivy2\cache\org.ow2.asm\asm-analysis\jars\asm-analysis-4.1.jar, C:\Users\Nicolas\.ivy2\cache\org.ow2.asm\asm-util\jars\asm-util-4.1.jar, C:\Users\Nicolas\Desktop\activator-dist-1.3.10\repository\commons-io\commons-io\2.4\jars\commons-io.jar),Some(C:\Users\Nicolas\.ivy2\cache\com.typesafe.play\play-omnidoc_2.11\jars\play-omnidoc_2.11-2.5.0.jar),List(),9000,0.0.0.0,DefaultWatchService,List(C:\Users\Nicolas\Documents\ScalaRamo\MarketSimulation\public, C:\Users\Nicolas\Documents\ScalaRamo\MarketSimulation\conf, C:\Users\Nicolas\Documents\ScalaRamo\MarketSimulation\app),C:\Users\Nicolas\Documents\ScalaRamo\MarketSimulation\target,500,root/playForkNotifyStart,root/playForkReload,300000,play.core.server.DevServerStart),scala.pickling.PicklerUnpickler$DelegatingPicklerUnpickler@42152c4d),ForkConfig(C:\Users\Nicolas\Documents\ScalaRamo\MarketSimulation,List(-Djna.nosys=true),List(C:\Users\Nicolas\.ivy2\cache\org.scala-lang\scala-library\jars\scala-library-2.11.7.jar, C:\Users\Nicolas\Desktop\scalparo\activator-dist-1.3.10\repository\com.typesafe.play\twirl-api_2.11\1.1.1\jars\twirl-api_2.11.jar, C:\Users\Nicolas\Desktop\activator-dist-1.3.10\repository\org.apache.commons\commons-lang3\3.4\jars\commons-lang3.jar, C:\Users\Nicolas\.ivy2\cache\org.scala-lang.modules\scala-xml_2.11\bundles\scala-xml_2.11-1.0.1.jar, C:\Users\Nicolas\.ivy2\cache\com.typesafe.play\play-server_2.11\jars\play-server_2.11-2.5.0.jar, C:\Users\Nicolas\.ivy2\cache\com.typesafe.play\play_2.11\jars\play_2.11-2.5.0.jar, C:\Users\Nicolas\.ivy2\cache\com.typesafe.play\build-link\jars\build-link-2.5.0.jar, C:\Users\Nicolas\.ivy2\cache\com.typesafe.play\play-exceptions\jars\play-exceptions-2.5.0.jar, C:\Users\Nicolas\.ivy2\cache\com.typesafe.play\play-iteratees_2.11\jars\play-iteratees_2.11-2.5.0.jar, C:\Users\Nicolas\.ivy2\cache\org.scala-stm\scala-stm_2.11\jars\scala-stm_2.11-0.7.jar, C:\Users\Nicolas\Desktop\activator-dist-1.3.10\repository\com.typesafe\config\1.3.0\bundles\config.jar, C:\Users\Nicolas\.ivy2\cache\com.typesafe.play\play-json_2.11\jars\play-json_2.11-2.5.0.jar, C:\Users\Nicolas\.ivy2\cache\com.typesafe.play\play-functional_2.11\jars\play-functional_2.11-2.5.0.jar, C:\Users\Nicolas\.ivy2\cache\com.typesafe.play\play-datacommons_2.11\jars\play-datacommons_2.11-2.5.0.jar, C:\Users\Nicolas\.ivy2\cache\joda-time\joda-time\jars\joda-time-2.9.2.jar, C:\Users\Nicolas\.ivy2\cache\org.joda\joda-convert\jars\joda-convert-1.8.1.jar, C:\Users\Nicolas\.ivy2\cache\org.scala-lang\scala-reflect\jars\scala-reflect-2.11.7.jar, C:\Users\Nicolas\.ivy2\cache\com.fasterxml.jackson.core\jackson-core\bundles\jackson-core-2.7.1.jar, C:\Users\Nicolas\.ivy2\cache\com.fasterxml.jackson.core\jackson-annotations\bundles\jackson-annotations-2.7.1.jar, C:\Users\Nicolas\.ivy2\cache\com.fasterxml.jackson.core\jackson-databind\bundles\jackson-databind-2.7.1.jar, C:\Users\Nicolas\.ivy2\cache\com.fasterxml.jackson.datatype\jackson-datatype-jdk8\bundles\jackson-datatype-jdk8-2.7.1.jar, C:\Users\Nicolas\.ivy2\cache\com.fasterxml.jackson.datatype\jackson-datatype-jsr310\bundles\jackson-datatype-jsr310-2.7.1.jar, C:\Users\Nicolas\.ivy2\cache\com.typesafe.play\play-netty-utils\jars\play-netty-utils-2.5.0.jar, C:\Users\Nicolas\.ivy2\cache\org.slf4j\slf4j-api\jars\slf4j-api-1.7.16.jar, C:\Users\Nicolas\.ivy2\cache\org.slf4j\jul-to-slf4j\jars\jul-to-slf4j-1.7.16.jar, C:\Users\Nicolas\.ivy2\cache\org.slf4j\jcl-over-slf4j\jars\jcl-over-slf4j-1.7.16.jar, C:\Users\Nicolas\.ivy2\cache\com.typesafe.play\play-streams_2.11\jars\play-streams_2.11-2.5.0.jar, C:\Users\Nicolas\Desktop\scalparo\activator-dist-1.3.10\repository\org.reactivestreams\reactive-streams\1.0.0\jars\reactive-streams.jar, C:\Users\Nicolas\.ivy2\cache\com.typesafe.akka\akka-stream_2.11\jars\akka-stream_2.11-2.4.2.jar, C:\Users\Nicolas\.ivy2\cache\com.typesafe.akka\akka-actor_2.11\jars\akka-actor_2.11-2.4.2.jar, C:\Users\Nicolas\.ivy2\cache\org.scala-lang.modules\scala-java8-compat_2.11\bundles\scala-java8-compat_2.11-0.7.0.jar, C:\Users\Nicolas\.ivy2\cache\com.typesafe\ssl-config-akka_2.11\bundles\ssl-config-akka_2.11-0.1.3.jar, C:\Users\Nicolas\.ivy2\cache\com.typesafe\ssl-config-core_2.11\bundles\ssl-config-core_2.11-0.1.3.jar, C:\Users\Nicolas\.ivy2\cache\org.scala-lang.modules\scala-parser-combinators_2.11\bundles\scala-parser-combinators_2.11-1.0.4.jar, C:\Users\Nicolas\.ivy2\cache\com.typesafe.akka\akka-slf4j_2.11\jars\akka-slf4j_2.11-2.4.2.jar, C:\Users\Nicolas\Desktop\scalparo\activator-dist-1.3.10\repository\commons-codec\commons-codec\1.10\jars\commons-codec.jar, C:\Users\Nicolas\.ivy2\cache\xerces\xercesImpl\jars\xercesImpl-2.11.0.jar, C:\Users\Nicolas\.ivy2\cache\xml-apis\xml-apis\jars\xml-apis-1.4.01.jar, C:\Users\Nicolas\.ivy2\cache\javax.transaction\jta\jars\jta-1.1.jar, C:\Users\Nicolas\Desktop\scalparo\activator-dist-1.3.10\repository\com.google.inject\guice\4.0\jars\guice.jar, C:\Users\Nicolas\Desktop\activator-dist-1.3.10\repository\javax.inject\javax.inject\1\jars\javax.inject.jar, C:\Users\Nicolas\Desktop\activator-dist-1.3.10\repository\aopalliance\aopalliance\1.0\jars\aopalliance.jar, C:\Users\Nicolas\Desktop\scalparo\activator-dist-1.3.10\repository\com.google.inject.extensions\guice-assistedinject\4.0\jars\guice-assistedinject.jar, C:\Users\Nicolas\.ivy2\cache\com.typesafe.play\play-netty-server_2.11\jars\play-netty-server_2.11-2.5.0.jar, C:\Users\Nicolas\.ivy2\cache\com.typesafe.netty\netty-reactive-streams-http\jars\netty-reactive-streams-http-1.0.2.jar, C:\Users\Nicolas\.ivy2\cache\com.typesafe.netty\netty-reactive-streams\jars\netty-reactive-streams-1.0.2.jar, C:\Users\Nicolas\.ivy2\cache\io.netty\netty-transport-native-epoll\jars\netty-transport-native-epoll-4.0.33.Final-linux-x86_64.jar, C:\Users\Nicolas\.ivy2\cache\com.typesafe.play\play-logback_2.11\jars\play-logback_2.11-2.5.0.jar, C:\Users\Nicolas\.ivy2\cache\ch.qos.logback\logback-core\jars\logback-core-1.1.4.jar, C:\Users\Nicolas\.ivy2\cache\ch.qos.logback\logback-classic\jars\logback-classic-1.1.4.jar, C:\Users\Nicolas\.ivy2\cache\com.typesafe.play\play-slick_2.11\jars\play-slick_2.11-1.1.1.jar, C:\Users\Nicolas\.ivy2\cache\com.typesafe.slick\slick_2.11\bundles\slick_2.11-3.1.0.jar, C:\Users\Nicolas\.ivy2\cache\com.typesafe.slick\slick-hikaricp_2.11\bundles\slick-hikaricp_2.11-3.1.0.jar, C:\Users\Nicolas\.ivy2\cache\com.zaxxer\HikariCP-java6\bundles\HikariCP-java6-2.3.7.jar, C:\Users\Nicolas\.ivy2\cache\com.typesafe.play\play-slick-evolutions_2.11\jars\play-slick-evolutions_2.11-1.1.1.jar, C:\Users\Nicolas\.ivy2\cache\com.typesafe.play\play-jdbc-evolutions_2.11\jars\play-jdbc-evolutions_2.11-2.5.0.jar, C:\Users\Nicolas\.ivy2\cache\com.typesafe.play\play-jdbc-api_2.11\jars\play-jdbc-api_2.11-2.5.0.jar, C:\Users\Nicolas\.ivy2\cache\com.h2database\h2\jars\h2-1.4.191.jar, C:\Users\Nicolas\.ivy2\cache\com.typesafe.play\play-cache_2.11\jars\play-cache_2.11-2.5.0.jar, C:\Users\Nicolas\.ivy2\cache\net.sf.ehcache\ehcache-core\jars\ehcache-core-2.6.11.jar, C:\Users\Nicolas\.ivy2\cache\com.typesafe.play\play-ws_2.11\jars\play-ws_2.11-2.5.0.jar, C:\Users\Nicolas\.ivy2\cache\com.google.guava\guava\bundles\guava-19.0.jar, C:\Users\Nicolas\.ivy2\cache\org.asynchttpclient\async-http-client\jars\async-http-client-2.0.0-RC9.jar, C:\Users\Nicolas\.ivy2\cache\io.netty\netty-codec-http\jars\netty-codec-http-4.0.34.Final.jar, C:\Users\Nicolas\.ivy2\cache\io.netty\netty-codec\jars\netty-codec-4.0.34.Final.jar, C:\Users\Nicolas\.ivy2\cache\io.netty\netty-transport\jars\netty-transport-4.0.34.Final.jar, C:\Users\Nicolas\.ivy2\cache\io.netty\netty-buffer\jars\netty-buffer-4.0.34.Final.jar, C:\Users\Nicolas\.ivy2\cache\io.netty\netty-common\jars\netty-common-4.0.34.Final.jar, C:\Users\Nicolas\.ivy2\cache\io.netty\netty-handler\jars\netty-handler-4.0.34.Final.jar, C:\Users\Nicolas\.ivy2\cache\org.asynchttpclient\netty-resolver-dns\jars\netty-resolver-dns-2.0.0-RC9.jar, C:\Users\Nicolas\.ivy2\cache\org.asynchttpclient\netty-resolver\jars\netty-resolver-2.0.0-RC9.jar, C:\Users\Nicolas\.ivy2\cache\org.asynchttpclient\netty-codec-dns\jars\netty-codec-dns-2.0.0-RC9.jar, C:\Users\Nicolas\.ivy2\cache\org.javassist\javassist\bundles\javassist-3.20.0-GA.jar, C:\Users\Nicolas\.ivy2\cache\oauth.signpost\signpost-core\jars\signpost-core-1.2.1.2.jar, C:\Users\Nicolas\.ivy2\cache\oauth.signpost\signpost-commonshttp4\jars\signpost-commonshttp4-1.2.1.2.jar, C:\Users\Nicolas\.ivy2\cache\org.apache.httpcomponents\httpcore\jars\httpcore-4.0.1.jar, C:\Users\Nicolas\.ivy2\cache\org.apache.httpcomponents\httpclient\jars\httpclient-4.0.1.jar, C:\Users\Nicolas\.ivy2\cache\commons-logging\commons-logging\jars\commons-logging-1.1.1.jar),List((public/,C:\Users\Nicolas\Documents\ScalaRamo\MarketSimulation\target\web\public\main)),List(C:\Users\Nicolas\.ivy2\cache\com.typesafe.play\play-omnidoc_2.11\jars\play-omnidoc_2.11-2.5.0.jar, C:\Users\Nicolas\.ivy2\cache\org.scala-lang\scala-library\jars\scala-library-2.11.7.jar, C:\Users\Nicolas\.ivy2\cache\com.typesafe.play\play-docs_2.11\jars\play-docs_2.11-2.5.0.jar, C:\Users\Nicolas\.ivy2\cache\com.typesafe.play\play-netty-server_2.11\jars\play-netty-server_2.11-2.5.0.jar, C:\Users\Nicolas\.ivy2\cache\com.typesafe.play\play-server_2.11\jars\play-server_2.11-2.5.0.jar, C:\Users\Nicolas\.ivy2\cache\com.typesafe.play\play_2.11\jars\play_2.11-2.5.0.jar, C:\Users\Nicolas\.ivy2\cache\com.typesafe.play\build-link\jars\build-link-2.5.0.jar, C:\Users\Nicolas\.ivy2\cache\com.typesafe.play\play-exceptions\jars\play-exceptions-2.5.0.jar, C:\Users\Nicolas\.ivy2\cache\com.typesafe.play\play-iteratees_2.11\jars\play-iteratees_2.11-2.5.0.jar, C:\Users\Nicolas\.ivy2\cache\org.scala-stm\scala-stm_2.11\jars\scala-stm_2.11-0.7.jar, C:\Users\Nicolas\Desktop\activator-dist-1.3.10\repository\com.typesafe\config\1.3.0\bundles\config.jar, C:\Users\Nicolas\.ivy2\cache\com.typesafe.play\play-json_2.11\jars\play-json_2.11-2.5.0.jar, C:\Users\Nicolas\.ivy2\cache\com.typesafe.play\play-functional_2.11\jars\play-functional_2.11-2.5.0.jar, C:\Users\Nicolas\.ivy2\cache\com.typesafe.play\play-datacommons_2.11\jars\play-datacommons_2.11-2.5.0.jar, C:\Users\Nicolas\.ivy2\cache\joda-time\joda-time\jars\joda-time-2.9.2.jar, C:\Users\Nicolas\.ivy2\cache\org.joda\joda-convert\jars\joda-convert-1.8.1.jar, C:\Users\Nicolas\.ivy2\cache\org.scala-lang\scala-reflect\jars\scala-reflect-2.11.7.jar, C:\Users\Nicolas\.ivy2\cache\com.fasterxml.jackson.core\jackson-core\bundles\jackson-core-2.7.1.jar, C:\Users\Nicolas\.ivy2\cache\com.fasterxml.jackson.core\jackson-annotations\bundles\jackson-annotations-2.7.1.jar, C:\Users\Nicolas\.ivy2\cache\com.fasterxml.jackson.core\jackson-databind\bundles\jackson-databind-2.7.1.jar, C:\Users\Nicolas\.ivy2\cache\com.fasterxml.jackson.datatype\jackson-datatype-jdk8\bundles\jackson-datatype-jdk8-2.7.1.jar, C:\Users\Nicolas\.ivy2\cache\com.fasterxml.jackson.datatype\jackson-datatype-jsr310\bundles\jackson-datatype-jsr310-2.7.1.jar, C:\Users\Nicolas\.ivy2\cache\com.typesafe.play\play-netty-utils\jars\play-netty-utils-2.5.0.jar, C:\Users\Nicolas\.ivy2\cache\org.slf4j\slf4j-api\jars\slf4j-api-1.7.16.jar, C:\Users\Nicolas\.ivy2\cache\org.slf4j\jul-to-slf4j\jars\jul-to-slf4j-1.7.16.jar, C:\Users\Nicolas\.ivy2\cache\org.slf4j\jcl-over-slf4j\jars\jcl-over-slf4j-1.7.16.jar, C:\Users\Nicolas\.ivy2\cache\com.typesafe.play\play-streams_2.11\jars\play-streams_2.11-2.5.0.jar, C:\Users\Nicolas\Desktop\scalparo\activator-dist-1.3.10\repository\org.reactivestreams\reactive-streams\1.0.0\jars\reactive-streams.jar, C:\Users\Nicolas\.ivy2\cache\com.typesafe.akka\akka-stream_2.11\jars\akka-stream_2.11-2.4.2.jar, C:\Users\Nicolas\.ivy2\cache\com.typesafe.akka\akka-actor_2.11\jars\akka-actor_2.11-2.4.2.jar, C:\Users\Nicolas\.ivy2\cache\org.scala-lang.modules\scala-java8-compat_2.11\bundles\scala-java8-compat_2.11-0.7.0.jar, C:\Users\Nicolas\.ivy2\cache\com.typesafe\ssl-config-akka_2.11\bundles\ssl-config-akka_2.11-0.1.3.jar, C:\Users\Nicolas\.ivy2\cache\com.typesafe\ssl-config-core_2.11\bundles\ssl-config-core_2.11-0.1.3.jar, C:\Users\Nicolas\.ivy2\cache\org.scala-lang.modules\scala-parser-combinators_2.11\bundles\scala-parser-combinators_2.11-1.0.4.jar, C:\Users\Nicolas\Desktop\scalparo\activator-dist-1.3.10\repository\com.typesafe.play\twirl-api_2.11\1.1.1\jars\twirl-api_2.11.jar, C:\Users\Nicolas\Desktop\activator-dist-1.3.10\repository\org.apache.commons\commons-lang3\3.4\jars\commons-lang3.jar, C:\Users\Nicolas\.ivy2\cache\org.scala-lang.modules\scala-xml_2.11\bundles\scala-xml_2.11-1.0.1.jar, C:\Users\Nicolas\.ivy2\cache\com.typesafe.akka\akka-slf4j_2.11\jars\akka-slf4j_2.11-2.4.2.jar, C:\Users\Nicolas\Desktop\scalparo\activator-dist-1.3.10\repository\commons-codec\commons-codec\1.10\jars\commons-codec.jar, C:\Users\Nicolas\.ivy2\cache\xerces\xercesImpl\jars\xercesImpl-2.11.0.jar, C:\Users\Nicolas\.ivy2\cache\xml-apis\xml-apis\jars\xml-apis-1.4.01.jar, C:\Users\Nicolas\.ivy2\cache\javax.transaction\jta\jars\jta-1.1.jar, C:\Users\Nicolas\Desktop\scalparo\activator-dist-1.3.10\repository\com.google.inject\guice\4.0\jars\guice.jar, C:\Users\Nicolas\Desktop\activator-dist-1.3.10\repository\javax.inject\javax.inject\1\jars\javax.inject.jar, C:\Users\Nicolas\Desktop\activator-dist-1.3.10\repository\aopalliance\aopalliance\1.0\jars\aopalliance.jar, C:\Users\Nicolas\.ivy2\cache\com.google.guava\guava\bundles\guava-16.0.1.jar, C:\Users\Nicolas\Desktop\scalparo\activator-dist-1.3.10\repository\com.google.inject.extensions\guice-assistedinject\4.0\jars\guice-assistedinject.jar, C:\Users\Nicolas\.ivy2\cache\com.typesafe.netty\netty-reactive-streams-http\jars\netty-reactive-streams-http-1.0.2.jar, C:\Users\Nicolas\.ivy2\cache\com.typesafe.netty\netty-reactive-streams\jars\netty-reactive-streams-1.0.2.jar, C:\Users\Nicolas\.ivy2\cache\io.netty\netty-handler\jars\netty-handler-4.0.33.Final.jar, C:\Users\Nicolas\.ivy2\cache\io.netty\netty-buffer\jars\netty-buffer-4.0.33.Final.jar, C:\Users\Nicolas\.ivy2\cache\io.netty\netty-common\jars\netty-common-4.0.33.Final.jar, C:\Users\Nicolas\.ivy2\cache\io.netty\netty-transport\jars\netty-transport-4.0.33.Final.jar, C:\Users\Nicolas\.ivy2\cache\io.netty\netty-codec\jars\netty-codec-4.0.33.Final.jar, C:\Users\Nicolas\.ivy2\cache\io.netty\netty-codec-http\jars\netty-codec-http-4.0.33.Final.jar, C:\Users\Nicolas\.ivy2\cache\io.netty\netty-transport-native-epoll\jars\netty-transport-native-epoll-4.0.33.Final-linux-x86_64.jar, C:\Users\Nicolas\Desktop\scalparo\activator-dist-1.3.10\repository\com.typesafe.play\play-doc_2.11\1.2.2\jars\play-doc_2.11.jar, C:\Users\Nicolas\.ivy2\cache\org.pegdown\pegdown\jars\pegdown-1.4.0.jar, C:\Users\Nicolas\.ivy2\cache\org.parboiled\parboiled-java\bundles\parboiled-java-1.1.5.jar, C:\Users\Nicolas\.ivy2\cache\org.parboiled\parboiled-core\bundles\parboiled-core-1.1.5.jar, C:\Users\Nicolas\.ivy2\cache\org.ow2.asm\asm\jars\asm-4.1.jar, C:\Users\Nicolas\.ivy2\cache\org.ow2.asm\asm-tree\jars\asm-tree-4.1.jar, C:\Users\Nicolas\.ivy2\cache\org.ow2.asm\asm-analysis\jars\asm-analysis-4.1.jar, C:\Users\Nicolas\.ivy2\cache\org.ow2.asm\asm-util\jars\asm-util-4.1.jar, C:\Users\Nicolas\Desktop\activator-dist-1.3.10\repository\commons-io\commons-io\2.4\jars\commons-io.jar),Some(C:\Users\Nicolas\.ivy2\cache\com.typesafe.play\play-omnidoc_2.11\jars\play-omnidoc_2.11-2.5.0.jar),List(),9000,0.0.0.0,DefaultWatchService,List(C:\Users\Nicolas\Documents\ScalaRamo\MarketSimulation\public, C:\Users\Nicolas\Documents\ScalaRamo\MarketSimulation\conf, C:\Users\Nicolas\Documents\ScalaRamo\MarketSimulation\app),C:\Users\Nicolas\Documents\ScalaRamo\MarketSimulation\target,500,root/playForkNotifyStart,root/playForkReload,300000,play.core.server.DevServerStart))))
Sending msg to client play-fork-run-3ba0f0c2-2e50-4c8d-b338-6c2f0c7b3c31: TaskStarted(19,2239,None)
Sending msg to client play-fork-run-3ba0f0c2-2e50-4c8d-b338-6c2f0c7b3c31: TaskFinished(19,2239,None,true,None)
Sending msg to client play-fork-run-3ba0f0c2-2e50-4c8d-b338-6c2f0c7b3c31: TaskStarted(19,2238,None)
Sending msg to client play-fork-run-3ba0f0c2-2e50-4c8d-b338-6c2f0c7b3c31: TaskFinished(19,2238,None,true,None)
Sending msg to client play-fork-run-3ba0f0c2-2e50-4c8d-b338-6c2f0c7b3c31: DetachedLogEvent(LogMessage(debug,cancel strategy finish enabled=false lastCommand=Some(LastCommand(CommandExecutionWork(ExecutionId(19),{file:/C:/Users/Nicolas/Documents/ScalaRamo/MarketSimulation/}root/*:playForkConfig,Set(LiveClient(play-fork-run 3ba0f0c2-2e50-4c8d-b338-6c2f0c7b3c31)),sbt.server.WorkCancellationStatus$$anon$1@3ae78c87)))))
Sending msg to client play-fork-run-3ba0f0c2-2e50-4c8d-b338-6c2f0c7b3c31: DetachedLogEvent(LogSuccess(Total time: 0 s, completed 03-08-2016 22:39:50))
Sending msg to client play-fork-run-3ba0f0c2-2e50-4c8d-b338-6c2f0c7b3c31: DetachedLogEvent(LogMessage(debug,> server-post-command-cleanup))
Sending msg to client play-fork-run-3ba0f0c2-2e50-4c8d-b338-6c2f0c7b3c31: ExecutionSuccess(19)
Sending msg to client play-fork-run-3ba0f0c2-2e50-4c8d-b338-6c2f0c7b3c31: DetachedLogEvent(LogMessage(debug,> server-handle-next-server-request))
Sending msg to client play-fork-run-3ba0f0c2-2e50-4c8d-b338-6c2f0c7b3c31: BackgroundJobLogEvent(2,LogMessage(info,))
Sending msg to client play-fork-run-3ba0f0c2-2e50-4c8d-b338-6c2f0c7b3c31: BackgroundJobLogEvent(2,LogMessage(info,--- (Running the application, auto-reloading is enabled) ---))
Sending msg to client play-fork-run-3ba0f0c2-2e50-4c8d-b338-6c2f0c7b3c31: BackgroundJobLogEvent(2,LogMessage(info,))
Sending msg to client play-fork-run-3ba0f0c2-2e50-4c8d-b338-6c2f0c7b3c31: BackgroundJobLogEvent(2,LogMessage(info,p.c.s.NettyServer - Listening for HTTP on /0:0:0:0:0:0:0:0:9000))
Sending msg to client play-fork-run-3ba0f0c2-2e50-4c8d-b338-6c2f0c7b3c31: BackgroundJobLogEvent(2,LogMessage(info,))
Sending msg to client play-fork-run-3ba0f0c2-2e50-4c8d-b338-6c2f0c7b3c31: BackgroundJobLogEvent(2,LogMessage(info,(Server started, use Ctrl+D to stop and go back to the console...)))
Sending msg to client play-fork-run-3ba0f0c2-2e50-4c8d-b338-6c2f0c7b3c31: BackgroundJobLogEvent(2,LogMessage(info,))
Got request: ExecutionRequest(root/playForkNotifyStart http://localhost:9000)
Reading next message from client.
Sending msg to client play-fork-run-3ba0f0c2-2e50-4c8d-b338-6c2f0c7b3c31: (8,ExecutionRequestReceived(20))
Sending msg to client play-fork-run-3ba0f0c2-2e50-4c8d-b338-6c2f0c7b3c31: ExecutionWaiting(20,root/playForkNotifyStart http://localhost:9000,ClientInfo(3ba0f0c2-2e50-4c8d-b338-6c2f0c7b3c31,play-fork-run,Play Fork Run,1,Vector()))
Sending msg to client play-fork-run-3ba0f0c2-2e50-4c8d-b338-6c2f0c7b3c31: ExecutionStarting(20)
Sending msg to client play-fork-run-3ba0f0c2-2e50-4c8d-b338-6c2f0c7b3c31: DetachedLogEvent(LogMessage(debug,> root/playForkNotifyStart http://localhost:9000))
Sending msg to client play-fork-run-3ba0f0c2-2e50-4c8d-b338-6c2f0c7b3c31: DetachedLogEvent(LogMessage(debug,Evaluating tasks: *:playForkNotifyStart))
Sending msg to client play-fork-run-3ba0f0c2-2e50-4c8d-b338-6c2f0c7b3c31: DetachedLogEvent(LogMessage(debug,Running task... Cancel: sbt.server.ServerTaskCancellation@6d68fc47, check cycles: false))
Sending msg to client play-fork-run-3ba0f0c2-2e50-4c8d-b338-6c2f0c7b3c31: DetachedLogEvent(LogMessage(debug,cancel strategy start enabled=true lastCommand=Some(LastCommand(CommandExecutionWork(ExecutionId(20),root/playForkNotifyStart http://localhost:9000,Set(LiveClient(play-fork-run 3ba0f0c2-2e50-4c8d-b338-6c2f0c7b3c31)),sbt.server.WorkCancellationStatus$$anon$1@60a25271)))))
Sending msg to client play-fork-run-3ba0f0c2-2e50-4c8d-b338-6c2f0c7b3c31: TaskStarted(20,2318,Some(AttributeKey[sbt.SendEventService]("sendEventService") in Scope(Global)))
Sending msg to client play-fork-run-3ba0f0c2-2e50-4c8d-b338-6c2f0c7b3c31: TaskFinished(20,2318,Some(AttributeKey[sbt.SendEventService]("sendEventService") in Scope(Global)),true,None)
Sending msg to client play-fork-run-3ba0f0c2-2e50-4c8d-b338-6c2f0c7b3c31: TaskStarted(20,2317,Some(AttributeKey[scala.Function1[java.lang.String,void]]("playForkStarted") in Scope(Build: file:/C:/Users/Nicolas/Documents/ScalaRamo/MarketSimulation/, , Project: ProjectReference(file:/C:/Users/Nicolas/Documents/ScalaRamo/MarketSimulation/,root))))
Sending msg to client play-fork-run-3ba0f0c2-2e50-4c8d-b338-6c2f0c7b3c31: TaskFinished(20,2317,Some(AttributeKey[scala.Function1[java.lang.String,void]]("playForkStarted") in Scope(Build: file:/C:/Users/Nicolas/Documents/ScalaRamo/MarketSimulation/, , Project: ProjectReference(file:/C:/Users/Nicolas/Documents/ScalaRamo/MarketSimulation/,root))),true,None)
Sending msg to client play-fork-run-3ba0f0c2-2e50-4c8d-b338-6c2f0c7b3c31: TaskStarted(20,2316,Some(AttributeKey[void]("playForkNotifyStart") in Scope(Build: file:/C:/Users/Nicolas/Documents/ScalaRamo/MarketSimulation/, , Project: ProjectReference(file:/C:/Users/Nicolas/Documents/ScalaRamo/MarketSimulation/,root))))
Sending msg to client play-fork-run-3ba0f0c2-2e50-4c8d-b338-6c2f0c7b3c31: TaskEvent(2316,LazyValue(PlayServerStarted(http://localhost:9000),play.forkrun.protocol.Serializers$PlayForkrunProtocolPlayServerStartedPickler1$2$@113a7d5d))
Sending msg to client play-fork-run-3ba0f0c2-2e50-4c8d-b338-6c2f0c7b3c31: TaskFinished(20,2316,Some(AttributeKey[void]("playForkNotifyStart") in Scope(Build: file:/C:/Users/Nicolas/Documents/ScalaRamo/MarketSimulation/, , Project: ProjectReference(file:/C:/Users/Nicolas/Documents/ScalaRamo/MarketSimulation/,root))),true,None)
Sending msg to client play-fork-run-3ba0f0c2-2e50-4c8d-b338-6c2f0c7b3c31: TaskStarted(20,2315,None)
Sending msg to client play-fork-run-3ba0f0c2-2e50-4c8d-b338-6c2f0c7b3c31: TaskFinished(20,2315,None,true,None)
Sending msg to client play-fork-run-3ba0f0c2-2e50-4c8d-b338-6c2f0c7b3c31: TaskStarted(20,2314,None)
Sending msg to client play-fork-run-3ba0f0c2-2e50-4c8d-b338-6c2f0c7b3c31: TaskFinished(20,2314,None,true,None)
Sending msg to client play-fork-run-3ba0f0c2-2e50-4c8d-b338-6c2f0c7b3c31: DetachedLogEvent(LogMessage(debug,cancel strategy finish enabled=false lastCommand=Some(LastCommand(CommandExecutionWork(ExecutionId(20),root/playForkNotifyStart http://localhost:9000,Set(LiveClient(play-fork-run 3ba0f0c2-2e50-4c8d-b338-6c2f0c7b3c31)),sbt.server.WorkCancellationStatus$$anon$1@60a25271)))))
Sending msg to client play-fork-run-3ba0f0c2-2e50-4c8d-b338-6c2f0c7b3c31: DetachedLogEvent(LogSuccess(Total time: 0 s, completed 03-08-2016 22:39:51))
Sending msg to client play-fork-run-3ba0f0c2-2e50-4c8d-b338-6c2f0c7b3c31: DetachedLogEvent(LogMessage(debug,> server-post-command-cleanup))
Sending msg to client play-fork-run-3ba0f0c2-2e50-4c8d-b338-6c2f0c7b3c31: ExecutionSuccess(20)
Sending msg to client play-fork-run-3ba0f0c2-2e50-4c8d-b338-6c2f0c7b3c31: DetachedLogEvent(LogMessage(debug,> server-handle-next-server-request))
