New log file opened at Fri Aug 05 17:42:38 CLT 2016 by 85564@DiBadas
jvm 85564@DiBadas
jvm vmName=Java HotSpot(TM) 64-Bit Server VM vmVendor=Oracle Corporation vmVersion=25.91-b14
jvm specName=Java Virtual Machine Specification specVendor=Oracle Corporation specVersion=1.8
jvm arguments: [-Xms256m, -Xmx1024m, -XX:MetaspaceSize=64m, -XX:MaxMetaspaceSize=256m]
Starting event engine
Starting sbt command engine
Waiting for sbt command engine
Command engine arguments=List()
Command engine baseDirectory=C:\Users\Nicolas\Documents\ScalaRamo\MarketSimulation
Command engine initial remaining commands List(--initialize, onFailure load-failed, boot, server-send-ready-for-request, server-handle-next-server-request)
> --initialize
> initialize
> onFailure load-failed
> boot
> reload
[Loading] Scanning directory C:\Users\Nicolas\Documents\ScalaRamo\MarketSimulation\project
[Loading] Found non-root projects 
[Loading] Done in C:\Users\Nicolas\Documents\ScalaRamo\MarketSimulation\project, returning: ()
deducing auto plugins based on known facts Set(Atom(sbt.plugins.CorePlugin)) and clauses Clauses(List(Clause(Atom(sbt.plugins.JvmPlugin),Set(Atom(sbt.plugins.IvyPlugin))), Clause(Atom(sbt.plugins.JUnitXmlReportPlugin),Set(Atom(sbt.plugins.JvmPlugin))), Clause(Atom(sbt.plugins.CorePlugin),Set(Atom(sbt.plugins.IvyPlugin))), Clause(Atom(sbt.plugins.IvyPlugin),Set(Atom(sbt.plugins.JvmPlugin))), Clause(Atom(sbt.plugins.JvmPlugin),Set(Atom(sbt.plugins.JUnitXmlReportPlugin)))))
  :: deduced result: Matched(sbt.plugins.CorePlugin,sbt.plugins.IvyPlugin,sbt.plugins.JvmPlugin,sbt.plugins.JUnitXmlReportPlugin)
sorting: ns: List(sbt.plugins.CorePlugin, sbt.plugins.IvyPlugin, sbt.plugins.JvmPlugin, sbt.plugins.JUnitXmlReportPlugin)
  :: sorting:: found: List(sbt.plugins.CorePlugin) not found List(sbt.plugins.IvyPlugin, sbt.plugins.JvmPlugin, sbt.plugins.JUnitXmlReportPlugin)
  :: sorting:: found: List(sbt.plugins.CorePlugin, sbt.plugins.IvyPlugin) not found List(sbt.plugins.JvmPlugin, sbt.plugins.JUnitXmlReportPlugin)
  :: sorting:: found: List(sbt.plugins.CorePlugin, sbt.plugins.IvyPlugin, sbt.plugins.JvmPlugin) not found List(sbt.plugins.JUnitXmlReportPlugin)
  :: sorting:: found: List(sbt.plugins.CorePlugin, sbt.plugins.IvyPlugin, sbt.plugins.JvmPlugin, sbt.plugins.JUnitXmlReportPlugin) not found List()
  :: sorted deduced result: List(sbt.plugins.CorePlugin, sbt.plugins.IvyPlugin, sbt.plugins.JvmPlugin, sbt.plugins.JUnitXmlReportPlugin)
[Loading] Done in C:\Users\Nicolas\Documents\ScalaRamo\MarketSimulation\project, returning: (marketsimulation-build)
Loading project definition from C:\Users\Nicolas\Documents\ScalaRamo\MarketSimulation\project
Running task... Cancel: sbt.TaskCancellationStrategy$Null$@4b9653db, check cycles: false

Initial source changes: 
	removed:Set()
	added: Set()
	modified: Set()
Removed products: Set()
External API changes: API Changes: Set()
Modified binary dependencies: Set()
Initial directly invalidated sources: Set()

Sources indirectly invalidated by:
	product: Set()
	binary dep: Set()
	external source: Set()
All initially invalidated sources: Set()

Copy resource mappings: 
	
[Loading] Scanning directory C:\Users\Nicolas\Documents\ScalaRamo\MarketSimulation
[Loading] Found root project root w/ remaining 
deducing auto plugins based on known facts Set(Atom(play.sbt.PlayScala), Atom(sbt.plugins.CorePlugin)) and clauses Clauses(List(Clause(Atom(sbt.plugins.JvmPlugin),Set(Atom(sbt.plugins.IvyPlugin))), Clause(Atom(sbt.plugins.JUnitXmlReportPlugin),Set(Atom(sbt.plugins.JvmPlugin))), Clause(Atom(play.sbt.forkrun.PlayForkRun),Set(Atom(sbt.plugins.BackgroundRunPlugin))), Clause(Atom(play.sbt.forkrun.PlayForkRun),Set(Atom(play.sbt.Play))), Clause(Atom(play.sbt.forkrun.PlayForkRun),Set(Atom(sbt.plugins.SerializersPlugin))), Clause(Atom(play.sbt.Play),Set(Atom(com.typesafe.sbt.packager.archetypes.JavaServerAppPackaging))), Clause(Atom(play.sbt.Play),Set(Atom(play.sbt.routes.RoutesCompiler))), Clause(Atom(play.sbt.Play),Set(Atom(play.twirl.sbt.SbtTwirl))), Clause(Atom(play.sbt.Play),Set(Atom(com.typesafe.sbt.jse.SbtJsTask))), Clause(Atom(play.sbt.PlayAkkaHttpServer),Set(Atom(play.sbt.Play))), Clause(Atom(play.sbt.PlayJava),Set(Atom(play.sbt.Play))), Clause(Atom(play.sbt.PlayLayoutPlugin),Set(Atom(play.sbt.Play))), Clause(Atom(play.sbt.PlayLogback),Set(Atom(play.sbt.Play))), Clause(Atom(play.sbt.PlayNettyServer),Set(Atom(play.sbt.Play))), Clause(Atom(play.sbt.PlayScala),Set(Atom(play.sbt.Play))), Clause(Atom(play.sbt.routes.RoutesCompiler),Set(Atom(sbt.plugins.JvmPlugin))), Clause(Atom(play.twirl.sbt.SbtTwirl),Set(Atom(sbt.plugins.JvmPlugin))), Clause(Atom(com.typesafe.sbt.packager.archetypes.AkkaAppPackaging),Set(Atom(com.typesafe.sbt.packager.archetypes.JavaAppPackaging))), Clause(Atom(com.typesafe.sbt.packager.archetypes.JavaAppPackaging),Set(Atom(com.typesafe.sbt.packager.windows.WindowsPlugin))), Clause(Atom(com.typesafe.sbt.packager.archetypes.JavaAppPackaging),Set(Atom(com.typesafe.sbt.packager.docker.DockerPlugin))), Clause(Atom(com.typesafe.sbt.packager.archetypes.JavaAppPackaging),Set(Atom(com.typesafe.sbt.packager.debian.DebianPlugin))), Clause(Atom(com.typesafe.sbt.packager.archetypes.JavaAppPackaging),Set(Atom(com.typesafe.sbt.packager.rpm.RpmPlugin))), Clause(Atom(com.typesafe.sbt.packager.archetypes.JavaServerAppPackaging),Set(Atom(com.typesafe.sbt.packager.archetypes.JavaAppPackaging))), Clause(Atom(com.typesafe.sbt.packager.archetypes.jar.ClasspathJarPlugin),Set(Atom(com.typesafe.sbt.packager.archetypes.JavaAppPackaging))), Clause(Atom(com.typesafe.sbt.packager.archetypes.jar.LauncherJarPlugin),Set(Atom(com.typesafe.sbt.packager.archetypes.JavaAppPackaging))), Clause(Atom(com.typesafe.sbt.packager.debian.DebianDeployPlugin),Set(Atom(com.typesafe.sbt.packager.debian.DebianPlugin))), Clause(Atom(com.typesafe.sbt.packager.debian.DebianPlugin),Set(Atom(com.typesafe.sbt.packager.linux.LinuxPlugin))), Clause(Atom(com.typesafe.sbt.packager.debian.JDebPackaging),Set(Atom(com.typesafe.sbt.packager.debian.DebianPlugin))), Clause(Atom(com.typesafe.sbt.packager.docker.DockerPlugin),Set(Atom(com.typesafe.sbt.packager.universal.UniversalPlugin))), Clause(Atom(com.typesafe.sbt.packager.jdkpackager.JDKPackagerDeployPlugin),Set(Atom(com.typesafe.sbt.packager.jdkpackager.JDKPackagerPlugin))), Clause(Atom(com.typesafe.sbt.packager.jdkpackager.JDKPackagerPlugin),Set(Atom(com.typesafe.sbt.packager.archetypes.JavaAppPackaging))), Clause(Atom(com.typesafe.sbt.packager.jdkpackager.JDKPackagerPlugin),Set(Atom(com.typesafe.sbt.packager.archetypes.jar.LauncherJarPlugin))), Clause(Atom(com.typesafe.sbt.packager.linux.LinuxPlugin),Set(Atom(com.typesafe.sbt.packager.universal.UniversalPlugin))), Clause(Atom(com.typesafe.sbt.packager.rpm.RpmDeployPlugin),Set(Atom(com.typesafe.sbt.packager.rpm.RpmPlugin))), Clause(Atom(com.typesafe.sbt.packager.rpm.RpmPlugin),Set(Atom(com.typesafe.sbt.packager.linux.LinuxPlugin))), Clause(Atom(com.typesafe.sbt.packager.universal.UniversalDeployPlugin),Set(Atom(com.typesafe.sbt.packager.universal.UniversalPlugin))), Clause(Atom(com.typesafe.sbt.packager.universal.UniversalPlugin),Set(Atom(com.typesafe.sbt.SbtNativePackager))), Clause(Atom(com.typesafe.sbt.packager.windows.WindowsDeployPlugin),Set(Atom(com.typesafe.sbt.packager.windows.WindowsPlugin))), Clause(Atom(com.typesafe.sbt.packager.windows.WindowsPlugin),Set(Atom(com.typesafe.sbt.packager.universal.UniversalPlugin))), Clause(Atom(com.typesafe.sbt.web.SbtWeb),Set(Atom(sbt.plugins.JvmPlugin))), Clause(Atom(com.typesafe.sbt.jse.SbtJsEngine),Set(Atom(com.typesafe.sbt.web.SbtWeb))), Clause(Atom(com.typesafe.sbt.jse.SbtJsTask),Set(Atom(com.typesafe.sbt.jse.SbtJsEngine))), Clause(Atom(sbt.plugins.BackgroundRunPlugin),Set(Atom(sbt.plugins.JvmPlugin))), Clause(Atom(com.typesafe.sbt.coffeescript.SbtCoffeeScript),Set(Atom(com.typesafe.sbt.jse.SbtJsTask))), Clause(Atom(com.typesafe.sbt.less.SbtLess),Set(Atom(com.typesafe.sbt.jse.SbtJsTask))), Clause(Atom(com.typesafe.sbt.jshint.SbtJSHint),Set(Atom(com.typesafe.sbt.jse.SbtJsTask))), Clause(Atom(com.typesafe.sbt.rjs.SbtRjs),Set(Atom(com.typesafe.sbt.jse.SbtJsTask))), Clause(Atom(com.typesafe.sbt.digest.SbtDigest),Set(Atom(com.typesafe.sbt.web.SbtWeb))), Clause(Atom(com.typesafe.sbt.mocha.SbtMocha),Set(Atom(com.typesafe.sbt.jse.SbtJsTask))), Clause(Atom(org.irundaia.sbt.sass.SbtSassify),Set(Atom(com.typesafe.sbt.web.SbtWeb))), Clause(Atom(sbt.plugins.CorePlugin),Set(Atom(sbt.plugins.IvyPlugin))), Clause(Atom(sbt.plugins.IvyPlugin),Set(Atom(sbt.plugins.JvmPlugin))), Clause(Atom(sbt.plugins.JvmPlugin),Set(Atom(sbt.plugins.JUnitXmlReportPlugin))), Clause(And(Set(Atom(sbt.plugins.BackgroundRunPlugin), Atom(play.sbt.Play), Atom(sbt.plugins.SerializersPlugin))),Set(Atom(play.sbt.forkrun.PlayForkRun))), Clause(Atom(play.sbt.Play),Set(Atom(play.sbt.PlayLayoutPlugin))), Clause(Atom(play.sbt.Play),Set(Atom(play.sbt.PlayLogback))), Clause(Atom(play.sbt.Play),Set(Atom(play.sbt.PlayNettyServer))), Clause(Atom(com.typesafe.sbt.web.SbtWeb),Set(Atom(com.typesafe.sbt.jse.SbtJsEngine))), Clause(Atom(com.typesafe.sbt.jse.SbtJsEngine),Set(Atom(com.typesafe.sbt.jse.SbtJsTask))), Clause(Atom(sbt.plugins.JvmPlugin),Set(Atom(sbt.plugins.BackgroundRunPlugin))), Clause(Atom(sbt.plugins.CorePlugin),Set(Atom(sbt.plugins.InteractionServicePlugin))), Clause(Atom(sbt.plugins.CorePlugin),Set(Atom(sbt.plugins.SendEventServicePlugin))), Clause(Atom(sbt.plugins.CorePlugin),Set(Atom(sbt.plugins.SerializersPlugin))), Clause(Atom(com.typesafe.sbt.jse.SbtJsTask),Set(Atom(com.typesafe.sbt.coffeescript.SbtCoffeeScript))), Clause(Atom(com.typesafe.sbt.jse.SbtJsTask),Set(Atom(com.typesafe.sbt.less.SbtLess))), Clause(Atom(com.typesafe.sbt.jse.SbtJsTask),Set(Atom(com.typesafe.sbt.jshint.SbtJSHint))), Clause(Atom(com.typesafe.sbt.jse.SbtJsTask),Set(Atom(com.typesafe.sbt.rjs.SbtRjs))), Clause(Atom(com.typesafe.sbt.web.SbtWeb),Set(Atom(com.typesafe.sbt.digest.SbtDigest))), Clause(Atom(com.typesafe.sbt.jse.SbtJsTask),Set(Atom(com.typesafe.sbt.mocha.SbtMocha))), Clause(Atom(com.typesafe.sbt.web.SbtWeb),Set(Atom(org.irundaia.sbt.sass.SbtSassify)))))
  :: deduced result: Matched(sbt.plugins.CorePlugin,play.sbt.PlayScala,sbt.plugins.InteractionServicePlugin,sbt.plugins.SendEventServicePlugin,play.sbt.Play,sbt.plugins.SerializersPlugin,sbt.plugins.IvyPlugin,com.typesafe.sbt.packager.archetypes.JavaServerAppPackaging,play.twirl.sbt.SbtTwirl,sbt.plugins.JvmPlugin,play.sbt.PlayNettyServer,play.sbt.PlayLayoutPlugin,play.sbt.routes.RoutesCompiler,play.sbt.PlayLogback,com.typesafe.sbt.jse.SbtJsTask,com.typesafe.sbt.jshint.SbtJSHint,com.typesafe.sbt.packager.archetypes.JavaAppPackaging,sbt.plugins.JUnitXmlReportPlugin,com.typesafe.sbt.mocha.SbtMocha,com.typesafe.sbt.less.SbtLess,com.typesafe.sbt.rjs.SbtRjs,com.typesafe.sbt.jse.SbtJsEngine,com.typesafe.sbt.coffeescript.SbtCoffeeScript,sbt.plugins.BackgroundRunPlugin,com.typesafe.sbt.packager.rpm.RpmPlugin,com.typesafe.sbt.packager.windows.WindowsPlugin,com.typesafe.sbt.web.SbtWeb,com.typesafe.sbt.packager.docker.DockerPlugin,play.sbt.forkrun.PlayForkRun,com.typesafe.sbt.packager.debian.DebianPlugin,org.irundaia.sbt.sass.SbtSassify,com.typesafe.sbt.digest.SbtDigest,com.typesafe.sbt.packager.universal.UniversalPlugin,com.typesafe.sbt.packager.linux.LinuxPlugin,com.typesafe.sbt.SbtNativePackager)
sorting: ns: List(sbt.plugins.CorePlugin, play.sbt.PlayScala, sbt.plugins.InteractionServicePlugin, sbt.plugins.SendEventServicePlugin, play.sbt.Play, sbt.plugins.SerializersPlugin, sbt.plugins.IvyPlugin, com.typesafe.sbt.packager.archetypes.JavaServerAppPackaging, play.twirl.sbt.SbtTwirl, sbt.plugins.JvmPlugin, play.sbt.PlayNettyServer, play.sbt.PlayLayoutPlugin, play.sbt.routes.RoutesCompiler, play.sbt.PlayLogback, com.typesafe.sbt.jse.SbtJsTask, com.typesafe.sbt.jshint.SbtJSHint, com.typesafe.sbt.packager.archetypes.JavaAppPackaging, sbt.plugins.JUnitXmlReportPlugin, com.typesafe.sbt.mocha.SbtMocha, com.typesafe.sbt.less.SbtLess, com.typesafe.sbt.rjs.SbtRjs, com.typesafe.sbt.jse.SbtJsEngine, com.typesafe.sbt.coffeescript.SbtCoffeeScript, sbt.plugins.BackgroundRunPlugin, com.typesafe.sbt.packager.rpm.RpmPlugin, com.typesafe.sbt.packager.windows.WindowsPlugin, com.typesafe.sbt.web.SbtWeb, com.typesafe.sbt.packager.docker.DockerPlugin, play.sbt.forkrun.PlayForkRun, com.typesafe.sbt.packager.debian.DebianPlugin, org.irundaia.sbt.sass.SbtSassify, com.typesafe.sbt.digest.SbtDigest, com.typesafe.sbt.packager.universal.UniversalPlugin, com.typesafe.sbt.packager.linux.LinuxPlugin, com.typesafe.sbt.SbtNativePackager)
  :: sorting:: found: List(sbt.plugins.CorePlugin, com.typesafe.sbt.SbtNativePackager) not found List(play.sbt.PlayScala, sbt.plugins.InteractionServicePlugin, sbt.plugins.SendEventServicePlugin, play.sbt.Play, sbt.plugins.SerializersPlugin, sbt.plugins.IvyPlugin, com.typesafe.sbt.packager.archetypes.JavaServerAppPackaging, play.twirl.sbt.SbtTwirl, sbt.plugins.JvmPlugin, play.sbt.PlayNettyServer, play.sbt.PlayLayoutPlugin, play.sbt.routes.RoutesCompiler, play.sbt.PlayLogback, com.typesafe.sbt.jse.SbtJsTask, com.typesafe.sbt.jshint.SbtJSHint, com.typesafe.sbt.packager.archetypes.JavaAppPackaging, sbt.plugins.JUnitXmlReportPlugin, com.typesafe.sbt.mocha.SbtMocha, com.typesafe.sbt.less.SbtLess, com.typesafe.sbt.rjs.SbtRjs, com.typesafe.sbt.jse.SbtJsEngine, com.typesafe.sbt.coffeescript.SbtCoffeeScript, sbt.plugins.BackgroundRunPlugin, com.typesafe.sbt.packager.rpm.RpmPlugin, com.typesafe.sbt.packager.windows.WindowsPlugin, com.typesafe.sbt.web.SbtWeb, com.typesafe.sbt.packager.docker.DockerPlugin, play.sbt.forkrun.PlayForkRun, com.typesafe.sbt.packager.debian.DebianPlugin, org.irundaia.sbt.sass.SbtSassify, com.typesafe.sbt.digest.SbtDigest, com.typesafe.sbt.packager.universal.UniversalPlugin, com.typesafe.sbt.packager.linux.LinuxPlugin)
  :: sorting:: found: List(sbt.plugins.CorePlugin, com.typesafe.sbt.SbtNativePackager, sbt.plugins.InteractionServicePlugin, sbt.plugins.SendEventServicePlugin, sbt.plugins.SerializersPlugin, sbt.plugins.IvyPlugin, com.typesafe.sbt.packager.universal.UniversalPlugin) not found List(play.sbt.PlayScala, play.sbt.Play, com.typesafe.sbt.packager.archetypes.JavaServerAppPackaging, play.twirl.sbt.SbtTwirl, sbt.plugins.JvmPlugin, play.sbt.PlayNettyServer, play.sbt.PlayLayoutPlugin, play.sbt.routes.RoutesCompiler, play.sbt.PlayLogback, com.typesafe.sbt.jse.SbtJsTask, com.typesafe.sbt.jshint.SbtJSHint, com.typesafe.sbt.packager.archetypes.JavaAppPackaging, sbt.plugins.JUnitXmlReportPlugin, com.typesafe.sbt.mocha.SbtMocha, com.typesafe.sbt.less.SbtLess, com.typesafe.sbt.rjs.SbtRjs, com.typesafe.sbt.jse.SbtJsEngine, com.typesafe.sbt.coffeescript.SbtCoffeeScript, sbt.plugins.BackgroundRunPlugin, com.typesafe.sbt.packager.rpm.RpmPlugin, com.typesafe.sbt.packager.windows.WindowsPlugin, com.typesafe.sbt.web.SbtWeb, com.typesafe.sbt.packager.docker.DockerPlugin, play.sbt.forkrun.PlayForkRun, com.typesafe.sbt.packager.debian.DebianPlugin, org.irundaia.sbt.sass.SbtSassify, com.typesafe.sbt.digest.SbtDigest, com.typesafe.sbt.packager.linux.LinuxPlugin)
  :: sorting:: found: List(sbt.plugins.CorePlugin, com.typesafe.sbt.SbtNativePackager, sbt.plugins.InteractionServicePlugin, sbt.plugins.SendEventServicePlugin, sbt.plugins.SerializersPlugin, sbt.plugins.IvyPlugin, com.typesafe.sbt.packager.universal.UniversalPlugin, sbt.plugins.JvmPlugin, com.typesafe.sbt.packager.windows.WindowsPlugin, com.typesafe.sbt.packager.docker.DockerPlugin, com.typesafe.sbt.packager.linux.LinuxPlugin) not found List(play.sbt.PlayScala, play.sbt.Play, com.typesafe.sbt.packager.archetypes.JavaServerAppPackaging, play.twirl.sbt.SbtTwirl, play.sbt.PlayNettyServer, play.sbt.PlayLayoutPlugin, play.sbt.routes.RoutesCompiler, play.sbt.PlayLogback, com.typesafe.sbt.jse.SbtJsTask, com.typesafe.sbt.jshint.SbtJSHint, com.typesafe.sbt.packager.archetypes.JavaAppPackaging, sbt.plugins.JUnitXmlReportPlugin, com.typesafe.sbt.mocha.SbtMocha, com.typesafe.sbt.less.SbtLess, com.typesafe.sbt.rjs.SbtRjs, com.typesafe.sbt.jse.SbtJsEngine, com.typesafe.sbt.coffeescript.SbtCoffeeScript, sbt.plugins.BackgroundRunPlugin, com.typesafe.sbt.packager.rpm.RpmPlugin, com.typesafe.sbt.web.SbtWeb, play.sbt.forkrun.PlayForkRun, com.typesafe.sbt.packager.debian.DebianPlugin, org.irundaia.sbt.sass.SbtSassify, com.typesafe.sbt.digest.SbtDigest)
  :: sorting:: found: List(sbt.plugins.CorePlugin, com.typesafe.sbt.SbtNativePackager, sbt.plugins.InteractionServicePlugin, sbt.plugins.SendEventServicePlugin, sbt.plugins.SerializersPlugin, sbt.plugins.IvyPlugin, com.typesafe.sbt.packager.universal.UniversalPlugin, sbt.plugins.JvmPlugin, com.typesafe.sbt.packager.windows.WindowsPlugin, com.typesafe.sbt.packager.docker.DockerPlugin, com.typesafe.sbt.packager.linux.LinuxPlugin, play.twirl.sbt.SbtTwirl, play.sbt.routes.RoutesCompiler, sbt.plugins.JUnitXmlReportPlugin, sbt.plugins.BackgroundRunPlugin, com.typesafe.sbt.packager.rpm.RpmPlugin, com.typesafe.sbt.web.SbtWeb, com.typesafe.sbt.packager.debian.DebianPlugin) not found List(play.sbt.PlayScala, play.sbt.Play, com.typesafe.sbt.packager.archetypes.JavaServerAppPackaging, play.sbt.PlayNettyServer, play.sbt.PlayLayoutPlugin, play.sbt.PlayLogback, com.typesafe.sbt.jse.SbtJsTask, com.typesafe.sbt.jshint.SbtJSHint, com.typesafe.sbt.packager.archetypes.JavaAppPackaging, com.typesafe.sbt.mocha.SbtMocha, com.typesafe.sbt.less.SbtLess, com.typesafe.sbt.rjs.SbtRjs, com.typesafe.sbt.jse.SbtJsEngine, com.typesafe.sbt.coffeescript.SbtCoffeeScript, play.sbt.forkrun.PlayForkRun, org.irundaia.sbt.sass.SbtSassify, com.typesafe.sbt.digest.SbtDigest)
  :: sorting:: found: List(sbt.plugins.CorePlugin, com.typesafe.sbt.SbtNativePackager, sbt.plugins.InteractionServicePlugin, sbt.plugins.SendEventServicePlugin, sbt.plugins.SerializersPlugin, sbt.plugins.IvyPlugin, com.typesafe.sbt.packager.universal.UniversalPlugin, sbt.plugins.JvmPlugin, com.typesafe.sbt.packager.windows.WindowsPlugin, com.typesafe.sbt.packager.docker.DockerPlugin, com.typesafe.sbt.packager.linux.LinuxPlugin, play.twirl.sbt.SbtTwirl, play.sbt.routes.RoutesCompiler, sbt.plugins.JUnitXmlReportPlugin, sbt.plugins.BackgroundRunPlugin, com.typesafe.sbt.packager.rpm.RpmPlugin, com.typesafe.sbt.web.SbtWeb, com.typesafe.sbt.packager.debian.DebianPlugin, com.typesafe.sbt.packager.archetypes.JavaAppPackaging, com.typesafe.sbt.jse.SbtJsEngine, org.irundaia.sbt.sass.SbtSassify, com.typesafe.sbt.digest.SbtDigest) not found List(play.sbt.PlayScala, play.sbt.Play, com.typesafe.sbt.packager.archetypes.JavaServerAppPackaging, play.sbt.PlayNettyServer, play.sbt.PlayLayoutPlugin, play.sbt.PlayLogback, com.typesafe.sbt.jse.SbtJsTask, com.typesafe.sbt.jshint.SbtJSHint, com.typesafe.sbt.mocha.SbtMocha, com.typesafe.sbt.less.SbtLess, com.typesafe.sbt.rjs.SbtRjs, com.typesafe.sbt.coffeescript.SbtCoffeeScript, play.sbt.forkrun.PlayForkRun)
  :: sorting:: found: List(sbt.plugins.CorePlugin, com.typesafe.sbt.SbtNativePackager, sbt.plugins.InteractionServicePlugin, sbt.plugins.SendEventServicePlugin, sbt.plugins.SerializersPlugin, sbt.plugins.IvyPlugin, com.typesafe.sbt.packager.universal.UniversalPlugin, sbt.plugins.JvmPlugin, com.typesafe.sbt.packager.windows.WindowsPlugin, com.typesafe.sbt.packager.docker.DockerPlugin, com.typesafe.sbt.packager.linux.LinuxPlugin, play.twirl.sbt.SbtTwirl, play.sbt.routes.RoutesCompiler, sbt.plugins.JUnitXmlReportPlugin, sbt.plugins.BackgroundRunPlugin, com.typesafe.sbt.packager.rpm.RpmPlugin, com.typesafe.sbt.web.SbtWeb, com.typesafe.sbt.packager.debian.DebianPlugin, com.typesafe.sbt.packager.archetypes.JavaAppPackaging, com.typesafe.sbt.jse.SbtJsEngine, org.irundaia.sbt.sass.SbtSassify, com.typesafe.sbt.digest.SbtDigest, com.typesafe.sbt.packager.archetypes.JavaServerAppPackaging, com.typesafe.sbt.jse.SbtJsTask) not found List(play.sbt.PlayScala, play.sbt.Play, play.sbt.PlayNettyServer, play.sbt.PlayLayoutPlugin, play.sbt.PlayLogback, com.typesafe.sbt.jshint.SbtJSHint, com.typesafe.sbt.mocha.SbtMocha, com.typesafe.sbt.less.SbtLess, com.typesafe.sbt.rjs.SbtRjs, com.typesafe.sbt.coffeescript.SbtCoffeeScript, play.sbt.forkrun.PlayForkRun)
  :: sorting:: found: List(sbt.plugins.CorePlugin, com.typesafe.sbt.SbtNativePackager, sbt.plugins.InteractionServicePlugin, sbt.plugins.SendEventServicePlugin, sbt.plugins.SerializersPlugin, sbt.plugins.IvyPlugin, com.typesafe.sbt.packager.universal.UniversalPlugin, sbt.plugins.JvmPlugin, com.typesafe.sbt.packager.windows.WindowsPlugin, com.typesafe.sbt.packager.docker.DockerPlugin, com.typesafe.sbt.packager.linux.LinuxPlugin, play.twirl.sbt.SbtTwirl, play.sbt.routes.RoutesCompiler, sbt.plugins.JUnitXmlReportPlugin, sbt.plugins.BackgroundRunPlugin, com.typesafe.sbt.packager.rpm.RpmPlugin, com.typesafe.sbt.web.SbtWeb, com.typesafe.sbt.packager.debian.DebianPlugin, com.typesafe.sbt.packager.archetypes.JavaAppPackaging, com.typesafe.sbt.jse.SbtJsEngine, org.irundaia.sbt.sass.SbtSassify, com.typesafe.sbt.digest.SbtDigest, com.typesafe.sbt.packager.archetypes.JavaServerAppPackaging, com.typesafe.sbt.jse.SbtJsTask, play.sbt.Play, com.typesafe.sbt.jshint.SbtJSHint, com.typesafe.sbt.mocha.SbtMocha, com.typesafe.sbt.less.SbtLess, com.typesafe.sbt.rjs.SbtRjs, com.typesafe.sbt.coffeescript.SbtCoffeeScript) not found List(play.sbt.PlayScala, play.sbt.PlayNettyServer, play.sbt.PlayLayoutPlugin, play.sbt.PlayLogback, play.sbt.forkrun.PlayForkRun)
  :: sorting:: found: List(sbt.plugins.CorePlugin, com.typesafe.sbt.SbtNativePackager, sbt.plugins.InteractionServicePlugin, sbt.plugins.SendEventServicePlugin, sbt.plugins.SerializersPlugin, sbt.plugins.IvyPlugin, com.typesafe.sbt.packager.universal.UniversalPlugin, sbt.plugins.JvmPlugin, com.typesafe.sbt.packager.windows.WindowsPlugin, com.typesafe.sbt.packager.docker.DockerPlugin, com.typesafe.sbt.packager.linux.LinuxPlugin, play.twirl.sbt.SbtTwirl, play.sbt.routes.RoutesCompiler, sbt.plugins.JUnitXmlReportPlugin, sbt.plugins.BackgroundRunPlugin, com.typesafe.sbt.packager.rpm.RpmPlugin, com.typesafe.sbt.web.SbtWeb, com.typesafe.sbt.packager.debian.DebianPlugin, com.typesafe.sbt.packager.archetypes.JavaAppPackaging, com.typesafe.sbt.jse.SbtJsEngine, org.irundaia.sbt.sass.SbtSassify, com.typesafe.sbt.digest.SbtDigest, com.typesafe.sbt.packager.archetypes.JavaServerAppPackaging, com.typesafe.sbt.jse.SbtJsTask, play.sbt.Play, com.typesafe.sbt.jshint.SbtJSHint, com.typesafe.sbt.mocha.SbtMocha, com.typesafe.sbt.less.SbtLess, com.typesafe.sbt.rjs.SbtRjs, com.typesafe.sbt.coffeescript.SbtCoffeeScript, play.sbt.PlayScala, play.sbt.PlayNettyServer, play.sbt.PlayLayoutPlugin, play.sbt.PlayLogback, play.sbt.forkrun.PlayForkRun) not found List()
  :: sorted deduced result: List(sbt.plugins.CorePlugin, com.typesafe.sbt.SbtNativePackager, sbt.plugins.InteractionServicePlugin, sbt.plugins.SendEventServicePlugin, sbt.plugins.SerializersPlugin, sbt.plugins.IvyPlugin, com.typesafe.sbt.packager.universal.UniversalPlugin, sbt.plugins.JvmPlugin, com.typesafe.sbt.packager.windows.WindowsPlugin, com.typesafe.sbt.packager.docker.DockerPlugin, com.typesafe.sbt.packager.linux.LinuxPlugin, play.twirl.sbt.SbtTwirl, play.sbt.routes.RoutesCompiler, sbt.plugins.JUnitXmlReportPlugin, sbt.plugins.BackgroundRunPlugin, com.typesafe.sbt.packager.rpm.RpmPlugin, com.typesafe.sbt.web.SbtWeb, com.typesafe.sbt.packager.debian.DebianPlugin, com.typesafe.sbt.packager.archetypes.JavaAppPackaging, com.typesafe.sbt.jse.SbtJsEngine, org.irundaia.sbt.sass.SbtSassify, com.typesafe.sbt.digest.SbtDigest, com.typesafe.sbt.packager.archetypes.JavaServerAppPackaging, com.typesafe.sbt.jse.SbtJsTask, play.sbt.Play, com.typesafe.sbt.jshint.SbtJSHint, com.typesafe.sbt.mocha.SbtMocha, com.typesafe.sbt.less.SbtLess, com.typesafe.sbt.rjs.SbtRjs, com.typesafe.sbt.coffeescript.SbtCoffeeScript, play.sbt.PlayScala, play.sbt.PlayNettyServer, play.sbt.PlayLayoutPlugin, play.sbt.PlayLogback, play.sbt.forkrun.PlayForkRun)
[Loading] Done in C:\Users\Nicolas\Documents\ScalaRamo\MarketSimulation, returning: (root)
Set current project to play-slick-rest (in build file:/C:/Users/Nicolas/Documents/ScalaRamo/MarketSimulation/)
Reapplying settings...
Set current project to play-slick-rest (in build file:/C:/Users/Nicolas/Documents/ScalaRamo/MarketSimulation/)
> iflast shell
> server-send-ready-for-request
> server-handle-next-server-request
> {file:/C:/Users/Nicolas/Documents/ScalaRamo/MarketSimulation/}root/compile:discoveredMainClasses
Evaluating tasks: compile:discoveredMainClasses
Running task... Cancel: sbt.server.ServerTaskCancellation@63bac646, check cycles: false

Initial source changes: 
	removed:Set()
	added: Set()
	modified: Set()
Removed products: Set()
External API changes: API Changes: Set()
Modified binary dependencies: Set()
Initial directly invalidated sources: Set()

Sources indirectly invalidated by:
	product: Set()
	binary dep: Set()
	external source: Set()
All initially invalidated sources: Set()

Total time: 1 s, completed 05-08-2016 17:42:43
> server-post-command-cleanup
> server-handle-next-server-request
> {file:/C:/Users/Nicolas/Documents/ScalaRamo/MarketSimulation/}root/compile:mainClass
Evaluating tasks: compile:mainClass
Running task... Cancel: sbt.server.ServerTaskCancellation@37d04f3b, check cycles: false
Total time: 0 s, completed 05-08-2016 17:42:43
> server-post-command-cleanup
> server-handle-next-server-request
> {file:/C:/Users/Nicolas/Documents/ScalaRamo/MarketSimulation/}root/compile:discoveredMainClasses
Evaluating tasks: compile:discoveredMainClasses
Running task... Cancel: sbt.server.ServerTaskCancellation@1a9e9355, check cycles: false

Initial source changes: 
	removed:Set()
	added: Set()
	modified: Set()
Removed products: Set()
External API changes: API Changes: Set()
Modified binary dependencies: Set()
Initial directly invalidated sources: Set()

Sources indirectly invalidated by:
	product: Set()
	binary dep: Set()
	external source: Set()
All initially invalidated sources: Set()

Total time: 0 s, completed 05-08-2016 17:42:43
> server-post-command-cleanup
> server-handle-next-server-request
> {file:/C:/Users/Nicolas/Documents/ScalaRamo/MarketSimulation/}root/compile:mainClass
Evaluating tasks: compile:mainClass
Running task... Cancel: sbt.server.ServerTaskCancellation@45995c91, check cycles: false
Total time: 0 s, completed 05-08-2016 17:42:43
> server-post-command-cleanup
> server-handle-next-server-request
> backgroundRun
Evaluating tasks: compile:backgroundRun
Running task... Cancel: sbt.server.ServerTaskCancellation@47d13432, check cycles: false
Total time: 0 s, completed 05-08-2016 17:45:35
> server-post-command-cleanup
> server-handle-next-server-request
> {file:/C:/Users/Nicolas/Documents/ScalaRamo/MarketSimulation/}root/*:playForkConfig
Evaluating tasks: *:playForkConfig
Running task... Cancel: sbt.server.ServerTaskCancellation@6b18bd2c, check cycles: false
Total time: 0 s, completed 05-08-2016 17:45:37
> server-post-command-cleanup
> server-handle-next-server-request
> root/playForkNotifyStart http://localhost:9000
Evaluating tasks: *:playForkNotifyStart
Running task... Cancel: sbt.server.ServerTaskCancellation@4af02415, check cycles: false
Total time: 0 s, completed 05-08-2016 17:45:38
> server-post-command-cleanup
> server-handle-next-server-request
> compile
Evaluating tasks: compile:compile
Running task... Cancel: sbt.server.ServerTaskCancellation@4aa084dc, check cycles: false

Initial source changes: 
	removed:Set()
	added: Set()
	modified: Set()
Removed products: Set()
External API changes: API Changes: Set()
Modified binary dependencies: Set()
Initial directly invalidated sources: Set()

Sources indirectly invalidated by:
	product: Set()
	binary dep: Set()
	external source: Set()
All initially invalidated sources: Set()

Total time: 0 s, completed 05-08-2016 17:45:43
> server-post-command-cleanup
> server-handle-next-server-request
> jobStop 1
Evaluating tasks: *:jobStop
Running task... Cancel: sbt.server.ServerTaskCancellation@7058f4ff, check cycles: false
Total time: 0 s, completed 05-08-2016 17:45:43
> server-post-command-cleanup
> server-handle-next-server-request
> backgroundRun
Evaluating tasks: compile:backgroundRun
Running task... Cancel: sbt.server.ServerTaskCancellation@4fc1ec7f, check cycles: false
Total time: 0 s, completed 05-08-2016 17:45:43
> server-post-command-cleanup
> server-handle-next-server-request
> test
Evaluating tasks: test:test
Running task... Cancel: sbt.server.ServerTaskCancellation@7ae4db54, check cycles: false

Initial source changes: 
	removed:Set()
	added: Set()
	modified: Set()
Removed products: Set()
External API changes: API Changes: Set()
Modified binary dependencies: Set()
Initial directly invalidated sources: Set()

Sources indirectly invalidated by:
	product: Set()
	binary dep: Set()
	external source: Set()
All initially invalidated sources: Set()

Copy resource mappings: 
	(C:\Users\Nicolas\Documents\ScalaRamo\MarketSimulation\conf\application.conf,C:\Users\Nicolas\Documents\ScalaRamo\MarketSimulation\target\scala-2.11\classes\application.conf)
	(C:\Users\Nicolas\Documents\ScalaRamo\MarketSimulation\conf\evolutions,C:\Users\Nicolas\Documents\ScalaRamo\MarketSimulation\target\scala-2.11\classes\evolutions)
	(C:\Users\Nicolas\Documents\ScalaRamo\MarketSimulation\conf\logback.xml,C:\Users\Nicolas\Documents\ScalaRamo\MarketSimulation\target\scala-2.11\classes\logback.xml)
	(C:\Users\Nicolas\Documents\ScalaRamo\MarketSimulation\conf\routes,C:\Users\Nicolas\Documents\ScalaRamo\MarketSimulation\target\scala-2.11\classes\routes)
	(C:\Users\Nicolas\Documents\ScalaRamo\MarketSimulation\conf\evolutions\default,C:\Users\Nicolas\Documents\ScalaRamo\MarketSimulation\target\scala-2.11\classes\evolutions\default)
	(C:\Users\Nicolas\Documents\ScalaRamo\MarketSimulation\conf\evolutions\default\1.sql,C:\Users\Nicolas\Documents\ScalaRamo\MarketSimulation\target\scala-2.11\classes\evolutions\default\1.sql)

Initial source changes: 
	removed:Set()
	added: Set()
	modified: Set()
Removed products: Set()
External API changes: API Changes: Set()
Modified binary dependencies: Set()
Initial directly invalidated sources: Set()

Sources indirectly invalidated by:
	product: Set()
	binary dep: Set()
	external source: Set()
All initially invalidated sources: Set()

Copy resource mappings: 
	
Framework implementation 'org.scalacheck.ScalaCheckFramework' not present.
Framework implementation 'org.specs2.runner.Specs2Framework' not present.
Framework implementation 'org.specs2.runner.SpecsFramework' not present.
Framework implementation 'org.specs.runner.SpecsFramework' not present.
Subclass fingerprints: List((org.scalatest.Suite,false,org.scalatest.tools.Framework$$anon$1@38e24e43), (junit.framework.TestCase,false,com.novocode.junit.JUnit3Fingerprint@20f40bed))
Annotation fingerprints: List((org.scalatest.WrapWith,false,org.scalatest.tools.Framework$$anon$2@3a068e78), (org.junit.runner.RunWith,false,com.novocode.junit.RunWithFingerprint@3a2d41b6), (org.junit.Test,false,com.novocode.junit.JUnitFingerprint@1fb10070))
Forking tests - parallelism = false
Create a single-thread test executor
Runner for org.scalatest.tools.Framework produced 1 initial tasks for 1 tests.
  Running TaskDef(ApplicationSpec, sbt.ForkMain$SubclassFingerscan@15ad4206, false, [SuiteSelector])
Read from stdout: ApplicationSpec:
ApplicationSpec:
Read from stdout: Routes
Routes
[error] p.a.d.e.DefaultEvolutionsApi - Syntax error in SQL statement "CREATE TABLE ""markets"" (""id"" BIGINT NOT NULL PRIMARY KEY,""name"" VARCHAR NOT NULL,""desc"" VARCHAR NOT NULL,""created"" TIMESTAMP NOT NULL DEFAULT NOW(),""updated"" TIMESTAMP NOT NULL DEFAULT NOW() ON[*] UPDATE CURRENT_TIMESTAMP NOT NULL) "; expected "[, ::, *, /, %, +, -, ||, ~, !~, NOT, LIKE, REGEXP, IS, IN, BETWEEN, AND, OR, NOT, NULL, AUTO_INCREMENT, BIGSERIAL, SERIAL, IDENTITY, NULL_TO_DEFAULT, SEQUENCE, SELECTIVITY, COMMENT, CONSTRAINT, PRIMARY, UNIQUE, NOT, NULL, CHECK, REFERENCES, ,, )"; SQL statement:
create table "markets" ("id" BIGINT NOT NULL PRIMARY KEY,"name" VARCHAR NOT NULL,"desc" VARCHAR NOT NULL,"created" TIMESTAMP NOT NULL default now(),"updated" TIMESTAMP NOT NULL default now() on update CURRENT_TIMESTAMP NOT NULL) [42001-191] [ERROR:42001, SQLSTATE:42001]
Read from stdout: - should send 404 on a bad request *** FAILED ***
- should send 404 on a bad request *** FAILED ***
Read from stdout: play.api.db.evolutions.InconsistentDatabase: Database 'default' is in an inconsistent state![An evolution has not been applied properly. Please check the problem and resolve it manually before marking it as resolved.]
  play.api.db.evolutions.InconsistentDatabase: Database 'default' is in an inconsistent state![An evolution has not been applied properly. Please check the problem and resolve it manually before marking it as resolved.]
Read from stdout: at play.api.db.evolutions.DatabaseEvolutions.checkEvolutionsState(EvolutionsApi.scala:276)
  at play.api.db.evolutions.DatabaseEvolutions.checkEvolutionsState(EvolutionsApi.scala:276)
Read from stdout: at play.api.db.evolutions.DatabaseEvolutions.evolve(EvolutionsApi.scala:231)
  at play.api.db.evolutions.DatabaseEvolutions.evolve(EvolutionsApi.scala:231)
Read from stdout: at play.api.db.evolutions.DefaultEvolutionsApi.evolve(EvolutionsApi.scala:86)
  at play.api.db.evolutions.DefaultEvolutionsApi.evolve(EvolutionsApi.scala:86)
Read from stdout: at play.api.db.evolutions.ApplicationEvolutions$$anonfun$play$api$db$evolutions$ApplicationEvolutions$$runEvolutions$1.apply$mcV$sp(ApplicationEvolutions.scala:61)
  at play.api.db.evolutions.ApplicationEvolutions$$anonfun$play$api$db$evolutions$ApplicationEvolutions$$runEvolutions$1.apply$mcV$sp(ApplicationEvolutions.scala:61)
Read from stdout: at play.api.db.evolutions.ApplicationEvolutions.withLock(ApplicationEvolutions.scala:99)
  at play.api.db.evolutions.ApplicationEvolutions.withLock(ApplicationEvolutions.scala:99)
Read from stdout: at play.api.db.evolutions.ApplicationEvolutions.play$api$db$evolutions$ApplicationEvolutions$$runEvolutions(ApplicationEvolutions.scala:49)
  at play.api.db.evolutions.ApplicationEvolutions.play$api$db$evolutions$ApplicationEvolutions$$runEvolutions(ApplicationEvolutions.scala:49)
Read from stdout: at play.api.db.evolutions.ApplicationEvolutions$$anonfun$start$1.apply(ApplicationEvolutions.scala:42)
  at play.api.db.evolutions.ApplicationEvolutions$$anonfun$start$1.apply(ApplicationEvolutions.scala:42)
Read from stdout: at play.api.db.evolutions.ApplicationEvolutions$$anonfun$start$1.apply(ApplicationEvolutions.scala:42)
  at play.api.db.evolutions.ApplicationEvolutions$$anonfun$start$1.apply(ApplicationEvolutions.scala:42)
Read from stdout: at scala.collection.immutable.Stream.foreach(Stream.scala:594)
  at scala.collection.immutable.Stream.foreach(Stream.scala:594)
Read from stdout: at play.api.db.evolutions.ApplicationEvolutions.start(ApplicationEvolutions.scala:42)
  at play.api.db.evolutions.ApplicationEvolutions.start(ApplicationEvolutions.scala:42)
Read from stdout: ...
  ...
    Produced 0 nested tasks and 1 events.
Runner for com.novocode.junit.JUnitFramework produced 0 initial tasks for 0 tests.
Read from stdout: ScalaTest
ScalaTest
Read from stdout: Run completed in 3 seconds, 449 milliseconds.
Read from stdout: Total number of tests run: 1
Read from stdout: Suites: completed 1, aborted 0
Read from stdout: Tests: succeeded 0, failed 1, canceled 0, ignored 0, pending 0
Read from stdout: *** 1 TEST FAILED ***
Run completed in 3 seconds, 449 milliseconds.
Total number of tests run: 1
Suites: completed 1, aborted 0
Tests: succeeded 0, failed 1, canceled 0, ignored 0, pending 0
*** 1 TEST FAILED ***
Summary for JUnit not available.
Read from stdout: Failed: Total 1, Failed 1, Errors 0, Passed 0
Failed: Total 1, Failed 1, Errors 0, Passed 0
Read from stdout: Failed tests:
Failed tests:
Read from stdout: 	ApplicationSpec
	ApplicationSpec
Read from stdout: (test:test) sbt.TestsFailedException: Tests unsuccessful
(test:test) sbt.TestsFailedException: Tests unsuccessful
Total time: 5 s, completed 05-08-2016 17:45:48
> server-post-command-error-handler
> server-post-command-cleanup
> server-handle-next-server-request
> {file:/C:/Users/Nicolas/Documents/ScalaRamo/MarketSimulation/}root/*:playForkConfig
Evaluating tasks: *:playForkConfig
Running task... Cancel: sbt.server.ServerTaskCancellation@6893a9a5, check cycles: false
Total time: 0 s, completed 05-08-2016 17:45:49
> server-post-command-cleanup
> server-handle-next-server-request
> root/playForkNotifyStart http://localhost:9000
Evaluating tasks: *:playForkNotifyStart
Running task... Cancel: sbt.server.ServerTaskCancellation@762408bd, check cycles: false
Total time: 0 s, completed 05-08-2016 17:45:50
> server-post-command-cleanup
> server-handle-next-server-request
> {file:/C:/Users/Nicolas/Documents/ScalaRamo/MarketSimulation/}root/*:playForkReload
Evaluating tasks: *:playForkReload
Running task... Cancel: sbt.server.ServerTaskCancellation@29ffd290, check cycles: false

Initial source changes: 
	removed:Set()
	added: Set()
	modified: Set()
Removed products: Set()
External API changes: API Changes: Set()
Modified binary dependencies: Set()
Initial directly invalidated sources: Set()

Sources indirectly invalidated by:
	product: Set()
	binary dep: Set()
	external source: Set()
All initially invalidated sources: Set()

Copy resource mappings: 
	(C:\Users\Nicolas\Documents\ScalaRamo\MarketSimulation\conf\application.conf,C:\Users\Nicolas\Documents\ScalaRamo\MarketSimulation\target\scala-2.11\classes\application.conf)
	(C:\Users\Nicolas\Documents\ScalaRamo\MarketSimulation\conf\evolutions,C:\Users\Nicolas\Documents\ScalaRamo\MarketSimulation\target\scala-2.11\classes\evolutions)
	(C:\Users\Nicolas\Documents\ScalaRamo\MarketSimulation\conf\logback.xml,C:\Users\Nicolas\Documents\ScalaRamo\MarketSimulation\target\scala-2.11\classes\logback.xml)
	(C:\Users\Nicolas\Documents\ScalaRamo\MarketSimulation\conf\routes,C:\Users\Nicolas\Documents\ScalaRamo\MarketSimulation\target\scala-2.11\classes\routes)
	(C:\Users\Nicolas\Documents\ScalaRamo\MarketSimulation\conf\evolutions\default,C:\Users\Nicolas\Documents\ScalaRamo\MarketSimulation\target\scala-2.11\classes\evolutions\default)
	(C:\Users\Nicolas\Documents\ScalaRamo\MarketSimulation\conf\evolutions\default\1.sql,C:\Users\Nicolas\Documents\ScalaRamo\MarketSimulation\target\scala-2.11\classes\evolutions\default\1.sql)
Total time: 1 s, completed 05-08-2016 17:45:59
> server-post-command-cleanup
> server-handle-next-server-request
> compile
Evaluating tasks: compile:compile
Running task... Cancel: sbt.server.ServerTaskCancellation@26238050, check cycles: false

Initial source changes: 
	removed:Set()
	added: Set()
	modified: Set()
Removed products: Set()
External API changes: API Changes: Set()
Modified binary dependencies: Set()
Initial directly invalidated sources: Set()

Sources indirectly invalidated by:
	product: Set()
	binary dep: Set()
	external source: Set()
All initially invalidated sources: Set()

Total time: 0 s, completed 05-08-2016 17:46:34
> server-post-command-cleanup
> server-handle-next-server-request
> jobStop 2
Evaluating tasks: *:jobStop
Running task... Cancel: sbt.server.ServerTaskCancellation@2b02a172, check cycles: false
Total time: 0 s, completed 05-08-2016 17:46:34
> server-post-command-cleanup
> server-handle-next-server-request
> backgroundRun
Evaluating tasks: compile:backgroundRun
Running task... Cancel: sbt.server.ServerTaskCancellation@11cd7617, check cycles: false
Total time: 0 s, completed 05-08-2016 17:46:34
> server-post-command-cleanup
> server-handle-next-server-request
> test
Evaluating tasks: test:test
Running task... Cancel: sbt.server.ServerTaskCancellation@643ef656, check cycles: false

Initial source changes: 
	removed:Set()
	added: Set()
	modified: Set()
Removed products: Set()
External API changes: API Changes: Set()
Modified binary dependencies: Set()
Initial directly invalidated sources: Set()

Sources indirectly invalidated by:
	product: Set()
	binary dep: Set()
	external source: Set()
All initially invalidated sources: Set()

Copy resource mappings: 
	(C:\Users\Nicolas\Documents\ScalaRamo\MarketSimulation\conf\application.conf,C:\Users\Nicolas\Documents\ScalaRamo\MarketSimulation\target\scala-2.11\classes\application.conf)
	(C:\Users\Nicolas\Documents\ScalaRamo\MarketSimulation\conf\evolutions,C:\Users\Nicolas\Documents\ScalaRamo\MarketSimulation\target\scala-2.11\classes\evolutions)
	(C:\Users\Nicolas\Documents\ScalaRamo\MarketSimulation\conf\logback.xml,C:\Users\Nicolas\Documents\ScalaRamo\MarketSimulation\target\scala-2.11\classes\logback.xml)
	(C:\Users\Nicolas\Documents\ScalaRamo\MarketSimulation\conf\routes,C:\Users\Nicolas\Documents\ScalaRamo\MarketSimulation\target\scala-2.11\classes\routes)
	(C:\Users\Nicolas\Documents\ScalaRamo\MarketSimulation\conf\evolutions\default,C:\Users\Nicolas\Documents\ScalaRamo\MarketSimulation\target\scala-2.11\classes\evolutions\default)
	(C:\Users\Nicolas\Documents\ScalaRamo\MarketSimulation\conf\evolutions\default\1.sql,C:\Users\Nicolas\Documents\ScalaRamo\MarketSimulation\target\scala-2.11\classes\evolutions\default\1.sql)

Initial source changes: 
	removed:Set()
	added: Set()
	modified: Set()
Removed products: Set()
External API changes: API Changes: Set()
Modified binary dependencies: Set()
Initial directly invalidated sources: Set()

Sources indirectly invalidated by:
	product: Set()
	binary dep: Set()
	external source: Set()
All initially invalidated sources: Set()

Copy resource mappings: 
	
Framework implementation 'org.scalacheck.ScalaCheckFramework' not present.
Framework implementation 'org.specs2.runner.Specs2Framework' not present.
Framework implementation 'org.specs2.runner.SpecsFramework' not present.
Framework implementation 'org.specs.runner.SpecsFramework' not present.
Subclass fingerprints: List((org.scalatest.Suite,false,org.scalatest.tools.Framework$$anon$1@f17d07d), (junit.framework.TestCase,false,com.novocode.junit.JUnit3Fingerprint@56cff090))
Annotation fingerprints: List((org.scalatest.WrapWith,false,org.scalatest.tools.Framework$$anon$2@4221292b), (org.junit.runner.RunWith,false,com.novocode.junit.RunWithFingerprint@61381c6d), (org.junit.Test,false,com.novocode.junit.JUnitFingerprint@509dac0f))
Forking tests - parallelism = false
Create a single-thread test executor
Runner for org.scalatest.tools.Framework produced 1 initial tasks for 1 tests.
  Running TaskDef(ApplicationSpec, sbt.ForkMain$SubclassFingerscan@412b5cb0, false, [SuiteSelector])
Read from stdout: ApplicationSpec:
ApplicationSpec:
Read from stdout: Routes
Routes
Read from stdout: - should send 404 on a bad request
- should send 404 on a bad request
    Produced 0 nested tasks and 1 events.
Runner for com.novocode.junit.JUnitFramework produced 0 initial tasks for 0 tests.
Read from stdout: ScalaTest
ScalaTest
Read from stdout: Run completed in 3 seconds, 623 milliseconds.
Read from stdout: Total number of tests run: 1
Read from stdout: Suites: completed 1, aborted 0
Read from stdout: Tests: succeeded 1, failed 0, canceled 0, ignored 0, pending 0
Read from stdout: All tests passed.
Run completed in 3 seconds, 623 milliseconds.
Total number of tests run: 1
Suites: completed 1, aborted 0
Tests: succeeded 1, failed 0, canceled 0, ignored 0, pending 0
All tests passed.
Summary for JUnit not available.
Read from stdout: Passed: Total 1, Failed 0, Errors 0, Passed 1
Passed: Total 1, Failed 0, Errors 0, Passed 1
Passed tests:
	ApplicationSpec
Total time: 5 s, completed 05-08-2016 17:46:38
> server-post-command-cleanup
> server-handle-next-server-request
> {file:/C:/Users/Nicolas/Documents/ScalaRamo/MarketSimulation/}root/*:playForkConfig
Evaluating tasks: *:playForkConfig
Running task... Cancel: sbt.server.ServerTaskCancellation@45aeed4d, check cycles: false
Total time: 0 s, completed 05-08-2016 17:46:38
> server-post-command-cleanup
> server-handle-next-server-request
> root/playForkNotifyStart http://localhost:9000
Evaluating tasks: *:playForkNotifyStart
Running task... Cancel: sbt.server.ServerTaskCancellation@412438b8, check cycles: false
Total time: 0 s, completed 05-08-2016 17:46:40
> server-post-command-cleanup
> server-handle-next-server-request
> compile
Evaluating tasks: compile:compile
Running task... Cancel: sbt.server.ServerTaskCancellation@7744085f, check cycles: false

Initial source changes: 
	removed:Set()
	added: Set()
	modified: Set()
Removed products: Set()
External API changes: API Changes: Set()
Modified binary dependencies: Set()
Initial directly invalidated sources: Set()

Sources indirectly invalidated by:
	product: Set()
	binary dep: Set()
	external source: Set()
All initially invalidated sources: Set()

Total time: 0 s, completed 05-08-2016 17:51:24
> server-post-command-cleanup
> server-handle-next-server-request
> jobStop 3
Evaluating tasks: *:jobStop
Running task... Cancel: sbt.server.ServerTaskCancellation@77268c3, check cycles: false
Total time: 0 s, completed 05-08-2016 17:51:24
> server-post-command-cleanup
> server-handle-next-server-request
> backgroundRun
Evaluating tasks: compile:backgroundRun
Running task... Cancel: sbt.server.ServerTaskCancellation@438efc7, check cycles: false
Total time: 0 s, completed 05-08-2016 17:51:24
> server-post-command-cleanup
> server-handle-next-server-request
> test
Evaluating tasks: test:test
Running task... Cancel: sbt.server.ServerTaskCancellation@448c9b81, check cycles: false

Initial source changes: 
	removed:Set()
	added: Set()
	modified: Set()
Removed products: Set()
External API changes: API Changes: Set()
Modified binary dependencies: Set()
Initial directly invalidated sources: Set()

Sources indirectly invalidated by:
	product: Set()
	binary dep: Set()
	external source: Set()
All initially invalidated sources: Set()

Copy resource mappings: 
	(C:\Users\Nicolas\Documents\ScalaRamo\MarketSimulation\conf\application.conf,C:\Users\Nicolas\Documents\ScalaRamo\MarketSimulation\target\scala-2.11\classes\application.conf)
	(C:\Users\Nicolas\Documents\ScalaRamo\MarketSimulation\conf\evolutions,C:\Users\Nicolas\Documents\ScalaRamo\MarketSimulation\target\scala-2.11\classes\evolutions)
	(C:\Users\Nicolas\Documents\ScalaRamo\MarketSimulation\conf\logback.xml,C:\Users\Nicolas\Documents\ScalaRamo\MarketSimulation\target\scala-2.11\classes\logback.xml)
	(C:\Users\Nicolas\Documents\ScalaRamo\MarketSimulation\conf\routes,C:\Users\Nicolas\Documents\ScalaRamo\MarketSimulation\target\scala-2.11\classes\routes)
	(C:\Users\Nicolas\Documents\ScalaRamo\MarketSimulation\conf\evolutions\default,C:\Users\Nicolas\Documents\ScalaRamo\MarketSimulation\target\scala-2.11\classes\evolutions\default)
	(C:\Users\Nicolas\Documents\ScalaRamo\MarketSimulation\conf\evolutions\default\1.sql,C:\Users\Nicolas\Documents\ScalaRamo\MarketSimulation\target\scala-2.11\classes\evolutions\default\1.sql)

Initial source changes: 
	removed:Set()
	added: Set()
	modified: Set()
Removed products: Set()
External API changes: API Changes: Set()
Modified binary dependencies: Set()
Initial directly invalidated sources: Set()

Sources indirectly invalidated by:
	product: Set()
	binary dep: Set()
	external source: Set()
All initially invalidated sources: Set()

Copy resource mappings: 
	
Framework implementation 'org.scalacheck.ScalaCheckFramework' not present.
Framework implementation 'org.specs2.runner.Specs2Framework' not present.
Framework implementation 'org.specs2.runner.SpecsFramework' not present.
Framework implementation 'org.specs.runner.SpecsFramework' not present.
Subclass fingerprints: List((org.scalatest.Suite,false,org.scalatest.tools.Framework$$anon$1@6a52b021), (junit.framework.TestCase,false,com.novocode.junit.JUnit3Fingerprint@4098d399))
Annotation fingerprints: List((org.scalatest.WrapWith,false,org.scalatest.tools.Framework$$anon$2@20d3a550), (org.junit.runner.RunWith,false,com.novocode.junit.RunWithFingerprint@5109ece3), (org.junit.Test,false,com.novocode.junit.JUnitFingerprint@2ea59d5b))
Forking tests - parallelism = false
Create a single-thread test executor
Runner for org.scalatest.tools.Framework produced 1 initial tasks for 1 tests.
  Running TaskDef(ApplicationSpec, sbt.ForkMain$SubclassFingerscan@15ad4206, false, [SuiteSelector])
Read from stdout: ApplicationSpec:
ApplicationSpec:
Read from stdout: Routes
Routes
Read from stdout: - should send 404 on a bad request
- should send 404 on a bad request
    Produced 0 nested tasks and 1 events.
Runner for com.novocode.junit.JUnitFramework produced 0 initial tasks for 0 tests.
Read from stdout: ScalaTest
ScalaTest
Read from stdout: Run completed in 4 seconds, 61 milliseconds.
Read from stdout: Total number of tests run: 1
Read from stdout: Suites: completed 1, aborted 0
Read from stdout: Tests: succeeded 1, failed 0, canceled 0, ignored 0, pending 0
Read from stdout: All tests passed.
Run completed in 4 seconds, 61 milliseconds.
Total number of tests run: 1
Suites: completed 1, aborted 0
Tests: succeeded 1, failed 0, canceled 0, ignored 0, pending 0
All tests passed.
Summary for JUnit not available.
Read from stdout: Passed: Total 1, Failed 0, Errors 0, Passed 1
Passed: Total 1, Failed 0, Errors 0, Passed 1
Passed tests:
	ApplicationSpec
Total time: 5 s, completed 05-08-2016 17:51:29
> server-post-command-cleanup
> server-handle-next-server-request
> {file:/C:/Users/Nicolas/Documents/ScalaRamo/MarketSimulation/}root/*:playForkConfig
Evaluating tasks: *:playForkConfig
Running task... Cancel: sbt.server.ServerTaskCancellation@44e613da, check cycles: false
Total time: 0 s, completed 05-08-2016 17:51:30
> server-post-command-cleanup
> server-handle-next-server-request
> root/playForkNotifyStart http://localhost:9000
Evaluating tasks: *:playForkNotifyStart
Running task... Cancel: sbt.server.ServerTaskCancellation@3481a407, check cycles: false
Total time: 0 s, completed 05-08-2016 17:51:31
> server-post-command-cleanup
> server-handle-next-server-request
> {file:/C:/Users/Nicolas/Documents/ScalaRamo/MarketSimulation/}root/*:playForkReload
Evaluating tasks: *:playForkReload
Running task... Cancel: sbt.server.ServerTaskCancellation@110ae3d1, check cycles: false

Initial source changes: 
	removed:Set()
	added: Set()
	modified: Set()
Removed products: Set()
External API changes: API Changes: Set()
Modified binary dependencies: Set()
Initial directly invalidated sources: Set()

Sources indirectly invalidated by:
	product: Set()
	binary dep: Set()
	external source: Set()
All initially invalidated sources: Set()

Copy resource mappings: 
	(C:\Users\Nicolas\Documents\ScalaRamo\MarketSimulation\conf\application.conf,C:\Users\Nicolas\Documents\ScalaRamo\MarketSimulation\target\scala-2.11\classes\application.conf)
	(C:\Users\Nicolas\Documents\ScalaRamo\MarketSimulation\conf\evolutions,C:\Users\Nicolas\Documents\ScalaRamo\MarketSimulation\target\scala-2.11\classes\evolutions)
	(C:\Users\Nicolas\Documents\ScalaRamo\MarketSimulation\conf\logback.xml,C:\Users\Nicolas\Documents\ScalaRamo\MarketSimulation\target\scala-2.11\classes\logback.xml)
	(C:\Users\Nicolas\Documents\ScalaRamo\MarketSimulation\conf\routes,C:\Users\Nicolas\Documents\ScalaRamo\MarketSimulation\target\scala-2.11\classes\routes)
	(C:\Users\Nicolas\Documents\ScalaRamo\MarketSimulation\conf\evolutions\default,C:\Users\Nicolas\Documents\ScalaRamo\MarketSimulation\target\scala-2.11\classes\evolutions\default)
	(C:\Users\Nicolas\Documents\ScalaRamo\MarketSimulation\conf\evolutions\default\1.sql,C:\Users\Nicolas\Documents\ScalaRamo\MarketSimulation\target\scala-2.11\classes\evolutions\default\1.sql)
Total time: 1 s, completed 05-08-2016 17:51:48
> server-post-command-cleanup
> server-handle-next-server-request
> {file:/C:/Users/Nicolas/Documents/ScalaRamo/MarketSimulation/}root/*:playForkReload
Evaluating tasks: *:playForkReload
Running task... Cancel: sbt.server.ServerTaskCancellation@1e3d8005, check cycles: false

Initial source changes: 
	removed:Set()
	added: Set()
	modified: Set()
Removed products: Set()
External API changes: API Changes: Set()
Modified binary dependencies: Set()
Initial directly invalidated sources: Set()

Sources indirectly invalidated by:
	product: Set()
	binary dep: Set()
	external source: Set()
All initially invalidated sources: Set()

Copy resource mappings: 
	(C:\Users\Nicolas\Documents\ScalaRamo\MarketSimulation\conf\application.conf,C:\Users\Nicolas\Documents\ScalaRamo\MarketSimulation\target\scala-2.11\classes\application.conf)
	(C:\Users\Nicolas\Documents\ScalaRamo\MarketSimulation\conf\evolutions,C:\Users\Nicolas\Documents\ScalaRamo\MarketSimulation\target\scala-2.11\classes\evolutions)
	(C:\Users\Nicolas\Documents\ScalaRamo\MarketSimulation\conf\logback.xml,C:\Users\Nicolas\Documents\ScalaRamo\MarketSimulation\target\scala-2.11\classes\logback.xml)
	(C:\Users\Nicolas\Documents\ScalaRamo\MarketSimulation\conf\routes,C:\Users\Nicolas\Documents\ScalaRamo\MarketSimulation\target\scala-2.11\classes\routes)
	(C:\Users\Nicolas\Documents\ScalaRamo\MarketSimulation\conf\evolutions\default,C:\Users\Nicolas\Documents\ScalaRamo\MarketSimulation\target\scala-2.11\classes\evolutions\default)
	(C:\Users\Nicolas\Documents\ScalaRamo\MarketSimulation\conf\evolutions\default\1.sql,C:\Users\Nicolas\Documents\ScalaRamo\MarketSimulation\target\scala-2.11\classes\evolutions\default\1.sql)
Total time: 1 s, completed 05-08-2016 17:51:51
> server-post-command-cleanup
> server-handle-next-server-request
